2022-11-06 09:44:09: -- 分析開始 User Command
2022-11-06 09:44:09: 變更：78， 衝突：0， 複製時間：0， 複製狀態：0， 錯誤： 0, All: 664
2022-11-06 09:44:09: Left to Right: Copy File: 77 Delete File: 1 
2022-11-06 09:44:09: == 同步開始由 User Command
2022-11-06 09:44:09: 刪除檔 P:/Obsidian/Hoonsor/004-●日常生活/●Youtube各類有趣、學習影片匯總.md
2022-11-06 09:44:09: 覆蓋複製 'D:/02-學習/03-Obsidian/Hoonsor/003-●專案管理/001-WordPress架設網站/1111012-WordPress架站心得.md' -> 'P:/Obsidian/Hoonsor/003-●專案管理/001-WordPress架設網站/1111012-WordPress架站心得.md' (1,063)
2022-11-06 09:44:09: 覆蓋複製 'D:/02-學習/03-Obsidian/Hoonsor/001-Template/Daily Note Template.md' -> 'P:/Obsidian/Hoonsor/001-Template/Daily Note Template.md' (2,156)
2022-11-06 09:44:09: 覆蓋複製 'D:/02-學習/03-Obsidian/Hoonsor/003-●專案管理/001-WordPress架設網站/CSS的概念及學習.md' -> 'P:/Obsidian/Hoonsor/003-●專案管理/001-WordPress架設網站/CSS的概念及學習.md' (7,527)
2022-11-06 09:44:09: 覆蓋複製 'D:/02-學習/03-Obsidian/Hoonsor/003-●專案管理/001-WordPress架設網站/1110721-MAMP教學（在電腦安裝離線版伺服器及WordPress）.md' -> 'P:/Obsidian/Hoonsor/003-●專案管理/001-WordPress架設網站/1110721-MAMP教學（在電腦安裝離線版伺服器及WordPress）.md' (10,660)
2022-11-06 09:44:09: 覆蓋複製 'D:/02-學習/03-Obsidian/Hoonsor/003-●專案管理/001-WordPress架設網站/HTML概念及學習.md' -> 'P:/Obsidian/Hoonsor/003-●專案管理/001-WordPress架設網站/HTML概念及學習.md' (6,783)
2022-11-06 09:44:09: 覆蓋複製 'D:/02-學習/03-Obsidian/Hoonsor/003-●專案管理/001-WordPress架設網站/好用網站或外掛推薦.md' -> 'P:/Obsidian/Hoonsor/003-●專案管理/001-WordPress架設網站/好用網站或外掛推薦.md' (1,184)
2022-11-06 09:44:09: 覆蓋複製 'D:/02-學習/03-Obsidian/Hoonsor/003-●專案管理/001-WordPress架設網站/WordPress學習及筆記.md' -> 'P:/Obsidian/Hoonsor/003-●專案管理/001-WordPress架設網站/WordPress學習及筆記.md' (14,423)
2022-11-06 09:44:09: 覆蓋複製 'D:/02-學習/03-Obsidian/Hoonsor/003-●專案管理/002-練習撰寫文章行銷課程/熟練行銷文章架構.md' -> 'P:/Obsidian/Hoonsor/003-●專案管理/002-練習撰寫文章行銷課程/熟練行銷文章架構.md' (289)
2022-11-06 09:44:10: 覆蓋複製 'D:/02-學習/03-Obsidian/Hoonsor/003-●專案管理/001-WordPress架設網站/安裝Astra及有關插件.md' -> 'P:/Obsidian/Hoonsor/003-●專案管理/001-WordPress架設網站/安裝Astra及有關插件.md' (1,888)
2022-11-06 09:44:10: 覆蓋複製 'D:/02-學習/03-Obsidian/Hoonsor/003-●專案管理/003-Obsidian學習筆記/1110806-Git及Obsidian同步至手機學習.md' -> 'P:/Obsidian/Hoonsor/003-●專案管理/003-Obsidian學習筆記/1110806-Git及Obsidian同步至手機學習.md' (13,447)
2022-11-06 09:44:10: 覆蓋複製 'D:/02-學習/03-Obsidian/Hoonsor/003-●專案管理/002-練習撰寫文章行銷課程/1110628-網站設計行銷相關.md' -> 'P:/Obsidian/Hoonsor/003-●專案管理/002-練習撰寫文章行銷課程/1110628-網站設計行銷相關.md' (3,121)
2022-11-06 09:44:10: 覆蓋複製 'D:/02-學習/03-Obsidian/Hoonsor/003-●專案管理/003-Obsidian學習筆記/1110731-DataView插件筆記.md' -> 'P:/Obsidian/Hoonsor/003-●專案管理/003-Obsidian學習筆記/1110731-DataView插件筆記.md' (7,810)
2022-11-06 09:44:10: 覆蓋複製 'D:/02-學習/03-Obsidian/Hoonsor/003-●專案管理/003-Obsidian學習筆記/1110906-Obsidian快捷鍵.md' -> 'P:/Obsidian/Hoonsor/003-●專案管理/003-Obsidian學習筆記/1110906-Obsidian快捷鍵.md' (5,125)
2022-11-06 09:44:10: 覆蓋複製 'D:/02-學習/03-Obsidian/Hoonsor/003-●專案管理/003-Obsidian學習筆記/Obsidian的任務管理技巧彙總.md' -> 'P:/Obsidian/Hoonsor/003-●專案管理/003-Obsidian學習筆記/Obsidian的任務管理技巧彙總.md' (3,569)
2022-11-06 09:44:10: 覆蓋複製 'D:/02-學習/03-Obsidian/Hoonsor/003-●專案管理/003-Obsidian學習筆記/Obsidian統整筆記.md' -> 'P:/Obsidian/Hoonsor/003-●專案管理/003-Obsidian學習筆記/Obsidian統整筆記.md' (10,978)
2022-11-06 09:44:10: 覆蓋複製 'D:/02-學習/03-Obsidian/Hoonsor/003-●專案管理/004-AHK學習筆記/AHK-GUI控件相關.md' -> 'P:/Obsidian/Hoonsor/003-●專案管理/004-AHK學習筆記/AHK-GUI控件相關.md' (608)
2022-11-06 09:44:10: 覆蓋複製 'D:/02-學習/03-Obsidian/Hoonsor/003-●專案管理/005-投資理財相關/1110813-Thinkorswim軟體介面大綱.md' -> 'P:/Obsidian/Hoonsor/003-●專案管理/005-投資理財相關/1110813-Thinkorswim軟體介面大綱.md' (10,459)
2022-11-06 09:44:10: 覆蓋複製 'D:/02-學習/03-Obsidian/Hoonsor/003-●專案管理/005-投資理財相關/●投資理財及創業待辦事項.md' -> 'P:/Obsidian/Hoonsor/003-●專案管理/005-投資理財相關/●投資理財及創業待辦事項.md' (4,381)
2022-11-06 09:44:10: 覆蓋複製 'D:/02-學習/03-Obsidian/Hoonsor/003-●專案管理/006-Excel學習相關/1110911-Excel VBA學習相關.md' -> 'P:/Obsidian/Hoonsor/003-●專案管理/006-Excel學習相關/1110911-Excel VBA學習相關.md' (13,125)
2022-11-06 09:44:10: 新建複製 'D:/02-學習/03-Obsidian/Hoonsor/003-●專案管理/004-AHK學習筆記/AHK雜程式碼暫存.md' -> 'P:/Obsidian/Hoonsor/003-●專案管理/004-AHK學習筆記/AHK雜程式碼暫存.md' (6,097)
2022-11-06 09:44:10: 覆蓋複製 'D:/02-學習/03-Obsidian/Hoonsor/003-●專案管理/006-Excel學習相關/1110911-Excel快速合併寄送郵件.md' -> 'P:/Obsidian/Hoonsor/003-●專案管理/006-Excel學習相關/1110911-Excel快速合併寄送郵件.md' (4,202)
2022-11-06 09:44:10: 覆蓋複製 'D:/02-學習/03-Obsidian/Hoonsor/003-●專案管理/005-投資理財相關/1110814-Thinkorswim軟體學習心得.md' -> 'P:/Obsidian/Hoonsor/003-●專案管理/005-投資理財相關/1110814-Thinkorswim軟體學習心得.md' (3,957)
2022-11-06 09:44:10: 覆蓋複製 'D:/02-學習/03-Obsidian/Hoonsor/004-●日常生活/001-多媒體知識/001-攝影、錄影/1110821-手機錄影技巧.md' -> 'P:/Obsidian/Hoonsor/004-●日常生活/001-多媒體知識/001-攝影、錄影/1110821-手機錄影技巧.md' (2,771)
2022-11-06 09:44:10: 覆蓋複製 'D:/02-學習/03-Obsidian/Hoonsor/004-●日常生活/001-多媒體知識/001-攝影、錄影/1110825-Disco Diffusion-AI運算繪圖工具.md' -> 'P:/Obsidian/Hoonsor/004-●日常生活/001-多媒體知識/001-攝影、錄影/1110825-Disco Diffusion-AI運算繪圖工具.md' (12,815)
2022-11-06 09:44:10: 覆蓋複製 'D:/02-學習/03-Obsidian/Hoonsor/003-●專案管理/006-Excel學習相關/1111024-Excel基本操作及函數學習相關.md' -> 'P:/Obsidian/Hoonsor/003-●專案管理/006-Excel學習相關/1111024-Excel基本操作及函數學習相關.md' (4,058)
2022-11-06 09:44:10: 覆蓋複製 'D:/02-學習/03-Obsidian/Hoonsor/004-●日常生活/002-隨手不錯的音樂紀錄/獨立樂團.md' -> 'P:/Obsidian/Hoonsor/004-●日常生活/002-隨手不錯的音樂紀錄/獨立樂團.md' (555)
2022-11-06 09:44:10: 覆蓋複製 'D:/02-學習/03-Obsidian/Hoonsor/004-●日常生活/002-隨手不錯的音樂紀錄/歌手.md' -> 'P:/Obsidian/Hoonsor/004-●日常生活/002-隨手不錯的音樂紀錄/歌手.md' (1,490)
2022-11-06 09:44:10: 覆蓋複製 'D:/02-學習/03-Obsidian/Hoonsor/004-●日常生活/003-電腦知識/Port（通訊埠）.md' -> 'P:/Obsidian/Hoonsor/004-●日常生活/003-電腦知識/Port（通訊埠）.md' (6,047)
2022-11-06 09:44:10: 覆蓋複製 'D:/02-學習/03-Obsidian/Hoonsor/004-●日常生活/003-電腦知識/VX3211-4k-mhd相關注意事項.md' -> 'P:/Obsidian/Hoonsor/004-●日常生活/003-電腦知識/VX3211-4k-mhd相關注意事項.md' (1,152)
2022-11-06 09:44:10: 新建複製 'D:/02-學習/03-Obsidian/Hoonsor/004-●日常生活/001-多媒體知識/1111029-運鏡技巧學習.md' -> 'P:/Obsidian/Hoonsor/004-●日常生活/001-多媒體知識/1111029-運鏡技巧學習.md' (2,564)
2022-11-06 09:44:10: 覆蓋複製 'D:/02-學習/03-Obsidian/Hoonsor/004-●日常生活/003-電腦知識/建構程式語言快捷查詢方式.md' -> 'P:/Obsidian/Hoonsor/004-●日常生活/003-電腦知識/建構程式語言快捷查詢方式.md' (844)
2022-11-06 09:44:10: 覆蓋複製 'D:/02-學習/03-Obsidian/Hoonsor/004-●日常生活/003-電腦知識/Secure Shell（SSH）.md' -> 'P:/Obsidian/Hoonsor/004-●日常生活/003-電腦知識/Secure Shell（SSH）.md' (16,505)
2022-11-06 09:44:10: 覆蓋複製 'D:/02-學習/03-Obsidian/Hoonsor/004-●日常生活/003-電腦知識/電腦疑難雜症.md' -> 'P:/Obsidian/Hoonsor/004-●日常生活/003-電腦知識/電腦疑難雜症.md' (461)
2022-11-06 09:44:10: 覆蓋複製 'D:/02-學習/03-Obsidian/Hoonsor/004-●日常生活/003-電腦知識/正則表達式.md' -> 'P:/Obsidian/Hoonsor/004-●日常生活/003-電腦知識/正則表達式.md' (3,294)
2022-11-06 09:44:10: 覆蓋複製 'D:/02-學習/03-Obsidian/Hoonsor/004-●日常生活/003-電腦知識/電腦知識.md' -> 'P:/Obsidian/Hoonsor/004-●日常生活/003-電腦知識/電腦知識.md' (917)
2022-11-06 09:44:10: 覆蓋複製 'D:/02-學習/03-Obsidian/Hoonsor/004-●日常生活/004-遊戲相關/XGPU遊戲下載.md' -> 'P:/Obsidian/Hoonsor/004-●日常生活/004-遊戲相關/XGPU遊戲下載.md' (655)
2022-11-06 09:44:10: 覆蓋複製 'D:/02-學習/03-Obsidian/Hoonsor/004-●日常生活/005-健康知識/1110716-甲狀腺失調調理及預防指南.md' -> 'P:/Obsidian/Hoonsor/004-●日常生活/005-健康知識/1110716-甲狀腺失調調理及預防指南.md' (3,974)
2022-11-06 09:44:10: 覆蓋複製 'D:/02-學習/03-Obsidian/Hoonsor/004-●日常生活/005-健康知識/1110716-認識內分泌與激素.md' -> 'P:/Obsidian/Hoonsor/004-●日常生活/005-健康知識/1110716-認識內分泌與激素.md' (2,245)
2022-11-06 09:44:10: 覆蓋複製 'D:/02-學習/03-Obsidian/Hoonsor/004-●日常生活/005-健康知識/1110716-腎上腺疲勞調理及預防指南.md' -> 'P:/Obsidian/Hoonsor/004-●日常生活/005-健康知識/1110716-腎上腺疲勞調理及預防指南.md' (2,462)
2022-11-06 09:44:10: 覆蓋複製 'D:/02-學習/03-Obsidian/Hoonsor/004-●日常生活/005-健康知識/1110903-青花椰苗種植及購買.md' -> 'P:/Obsidian/Hoonsor/004-●日常生活/005-健康知識/1110903-青花椰苗種植及購買.md' (510)
2022-11-06 09:44:10: 覆蓋複製 'D:/02-學習/03-Obsidian/Hoonsor/004-●日常生活/005-健康知識/1110717-告別讓人困擾的失眠問題.md' -> 'P:/Obsidian/Hoonsor/004-●日常生活/005-健康知識/1110717-告別讓人困擾的失眠問題.md' (6,217)
2022-11-06 09:44:10: 覆蓋複製 'D:/02-學習/03-Obsidian/Hoonsor/004-●日常生活/005-健康知識/1110717-能量運動指南.md' -> 'P:/Obsidian/Hoonsor/004-●日常生活/005-健康知識/1110717-能量運動指南.md' (23,033)
2022-11-06 09:44:10: 覆蓋複製 'D:/02-學習/03-Obsidian/Hoonsor/004-●日常生活/005-健康知識/1110930-種植青花椰苗相關.md' -> 'P:/Obsidian/Hoonsor/004-●日常生活/005-健康知識/1110930-種植青花椰苗相關.md' (554)
2022-11-06 09:44:10: 覆蓋複製 'D:/02-學習/03-Obsidian/Hoonsor/004-●日常生活/005-健康知識/現有症狀治療及緩解.md' -> 'P:/Obsidian/Hoonsor/004-●日常生活/005-健康知識/現有症狀治療及緩解.md' (2,098)
2022-11-06 09:44:10: 覆蓋複製 'D:/02-學習/03-Obsidian/Hoonsor/004-●日常生活/005-健康知識/預防及保養.md' -> 'P:/Obsidian/Hoonsor/004-●日常生活/005-健康知識/預防及保養.md' (239)
2022-11-06 09:44:10: 新建複製 'D:/02-學習/03-Obsidian/Hoonsor/004-●日常生活/005-健康知識/1111103-禪坐&氣功心得.md' -> 'P:/Obsidian/Hoonsor/004-●日常生活/005-健康知識/1111103-禪坐&氣功心得.md' (1,413)
2022-11-06 09:44:10: 覆蓋複製 'D:/02-學習/03-Obsidian/Hoonsor/004-●日常生活/006-婚紗相關/1110709-婚紗拍攝事前確認事項.md' -> 'P:/Obsidian/Hoonsor/004-●日常生活/006-婚紗相關/1110709-婚紗拍攝事前確認事項.md' (448)
2022-11-06 09:44:10: 覆蓋複製 'D:/02-學習/03-Obsidian/Hoonsor/004-●日常生活/005-健康知識/身體現況.md' -> 'P:/Obsidian/Hoonsor/004-●日常生活/005-健康知識/身體現況.md' (2,563)
2022-11-06 09:44:10: 覆蓋複製 'D:/02-學習/03-Obsidian/Hoonsor/004-●日常生活/007-修繕、工具知識/學會如何換電容.md' -> 'P:/Obsidian/Hoonsor/004-●日常生活/007-修繕、工具知識/學會如何換電容.md' (328)
2022-11-06 09:44:10: 覆蓋複製 'D:/02-學習/03-Obsidian/Hoonsor/004-●日常生活/007-修繕、工具知識/1110925-老屋翻修估價相關.md' -> 'P:/Obsidian/Hoonsor/004-●日常生活/007-修繕、工具知識/1110925-老屋翻修估價相關.md' (7,053)
2022-11-06 09:44:10: 覆蓋複製 'D:/02-學習/03-Obsidian/Hoonsor/004-●日常生活/007-修繕、工具知識/1111010-電路板維修（三用電表操作使用）新手教學.md' -> 'P:/Obsidian/Hoonsor/004-●日常生活/007-修繕、工具知識/1111010-電路板維修（三用電表操作使用）新手教學.md' (6,250)
2022-11-06 09:44:10: 覆蓋複製 'D:/02-學習/03-Obsidian/Hoonsor/004-●日常生活/●日常生活待辦事項.md' -> 'P:/Obsidian/Hoonsor/004-●日常生活/●日常生活待辦事項.md' (4,763)
2022-11-06 09:44:10: 覆蓋複製 'D:/02-學習/03-Obsidian/Hoonsor/004-●日常生活/●日常生活紀錄.md' -> 'P:/Obsidian/Hoonsor/004-●日常生活/●日常生活紀錄.md' (10,035)
2022-11-06 09:44:10: 覆蓋複製 'D:/02-學習/03-Obsidian/Hoonsor/004-●日常生活/●激勵影片.md' -> 'P:/Obsidian/Hoonsor/004-●日常生活/●激勵影片.md' (606)
2022-11-06 09:44:10: 覆蓋複製 'D:/02-學習/03-Obsidian/Hoonsor/004-●日常生活/●日記.md' -> 'P:/Obsidian/Hoonsor/004-●日常生活/●日記.md' (2,767)
2022-11-06 09:44:10: 新建複製 'D:/02-學習/03-Obsidian/Hoonsor/004-●日常生活/●購物清單.md' -> 'P:/Obsidian/Hoonsor/004-●日常生活/●購物清單.md' (452)
2022-11-06 09:44:10: 新建複製 'D:/02-學習/03-Obsidian/Hoonsor/006-DailyNote/2022-10-27_Thu.md' -> 'P:/Obsidian/Hoonsor/006-DailyNote/2022-10-27_Thu.md' (1,607)
2022-11-06 09:44:10: 新建複製 'D:/02-學習/03-Obsidian/Hoonsor/005-工作相關/1111028-處理性別工作平等法有關事件注意事項.md' -> 'P:/Obsidian/Hoonsor/005-工作相關/1111028-處理性別工作平等法有關事件注意事項.md' (1,591)
2022-11-06 09:44:10: 覆蓋複製 'D:/02-學習/03-Obsidian/Hoonsor/005-工作相關/●工作待辦事項.md' -> 'P:/Obsidian/Hoonsor/005-工作相關/●工作待辦事項.md' (8,235)
2022-11-06 09:44:10: 新建複製 'D:/02-學習/03-Obsidian/Hoonsor/006-DailyNote/2022-10-28_Fri.md' -> 'P:/Obsidian/Hoonsor/006-DailyNote/2022-10-28_Fri.md' (987)
2022-11-06 09:44:10: 新建複製 'D:/02-學習/03-Obsidian/Hoonsor/006-DailyNote/2022-10-29_Sat.md' -> 'P:/Obsidian/Hoonsor/006-DailyNote/2022-10-29_Sat.md' (629)
2022-11-06 09:44:10: 新建複製 'D:/02-學習/03-Obsidian/Hoonsor/006-DailyNote/2022-11-01_Tue.md' -> 'P:/Obsidian/Hoonsor/006-DailyNote/2022-11-01_Tue.md' (1,108)
2022-11-06 09:44:10: 新建複製 'D:/02-學習/03-Obsidian/Hoonsor/006-DailyNote/2022-10-30_Sun.md' -> 'P:/Obsidian/Hoonsor/006-DailyNote/2022-10-30_Sun.md' (1,024)
2022-11-06 09:44:10: 新建複製 'D:/02-學習/03-Obsidian/Hoonsor/006-DailyNote/2022-10-31_Mon.md' -> 'P:/Obsidian/Hoonsor/006-DailyNote/2022-10-31_Mon.md' (1,600)
2022-11-06 09:44:10: 新建複製 'D:/02-學習/03-Obsidian/Hoonsor/006-DailyNote/2022-11-03_Thu.md' -> 'P:/Obsidian/Hoonsor/006-DailyNote/2022-11-03_Thu.md' (885)
2022-11-06 09:44:10: 覆蓋複製 'D:/02-學習/03-Obsidian/Hoonsor/007-旅遊、景點、美食/1110813-九份行.md' -> 'P:/Obsidian/Hoonsor/007-旅遊、景點、美食/1110813-九份行.md' (4,291)
2022-11-06 09:44:10: 新建複製 'D:/02-學習/03-Obsidian/Hoonsor/006-DailyNote/2022-11-04_Fri.md' -> 'P:/Obsidian/Hoonsor/006-DailyNote/2022-11-04_Fri.md' (917)
2022-11-06 09:44:10: 新建複製 'D:/02-學習/03-Obsidian/Hoonsor/006-DailyNote/2022-11-05_Sat.md' -> 'P:/Obsidian/Hoonsor/006-DailyNote/2022-11-05_Sat.md' (1,386)
2022-11-06 09:44:10: 覆蓋複製 'D:/02-學習/03-Obsidian/Hoonsor/007-旅遊、景點、美食/●美食.md' -> 'P:/Obsidian/Hoonsor/007-旅遊、景點、美食/●美食.md' (321)
2022-11-06 09:44:10: > 新建複製 'D:/02-學習/03-Obsidian/Hoonsor/Unused_Attachments.zip' -> 'P:/Obsidian/Hoonsor/Unused_Attachments.zip' (4,619,002)
2022-11-06 09:44:10: 覆蓋複製 'D:/02-學習/03-Obsidian/Hoonsor/007-旅遊、景點、美食/1111119-高雄遊.md' -> 'P:/Obsidian/Hoonsor/007-旅遊、景點、美食/1111119-高雄遊.md' (1,158)
2022-11-06 09:44:10: 新建複製 'D:/02-學習/03-Obsidian/Hoonsor/1111029-運鏡技巧學習_image_1.gif' -> 'P:/Obsidian/Hoonsor/1111029-運鏡技巧學習_image_1.gif' (870,128)
2022-11-06 09:44:10: 新建複製 'D:/02-學習/03-Obsidian/Hoonsor/●圖片庫/Wow-gif.gif' -> 'P:/Obsidian/Hoonsor/●圖片庫/Wow-gif.gif' (870,128)
2022-11-06 09:44:10: 覆蓋複製 'D:/02-學習/03-Obsidian/Hoonsor/●日常生活.md' -> 'P:/Obsidian/Hoonsor/●日常生活.md' (649)
2022-11-06 09:44:10: < 新建複製 'D:/02-學習/03-Obsidian/Hoonsor/Unused_Attachments.zip' -> 'P:/Obsidian/Hoonsor/Unused_Attachments.zip' (4,619,002)
2022-11-06 09:44:10: 覆蓋複製 'D:/02-學習/03-Obsidian/Hoonsor/●首頁.md' -> 'P:/Obsidian/Hoonsor/●首頁.md' (2,887)
2022-11-06 09:44:10: 覆蓋複製 'D:/02-學習/03-Obsidian/Hoonsor/★測試各類功能.md' -> 'P:/Obsidian/Hoonsor/★測試各類功能.md' (2,991)
2022-11-06 09:44:10: 新建複製 'D:/02-學習/03-Obsidian/Hoonsor/★靈感筆記.md' -> 'P:/Obsidian/Hoonsor/★靈感筆記.md' (1,936)
2022-11-06 09:44:11: == 同步完成. 歷時: 00:00:02, 速度: 0.00/s, 完成: 78, 錯誤: 0
