2022-07-25 08:22:45: == 同步開始由 User Command
2022-07-25 08:22:45: 刪除檔 D:/Obsidian/Hoonsor/From Templates思考.md
2022-07-25 08:22:45: 刪除檔 D:/Obsidian/Hoonsor/Pasted image 20220717105013.png
2022-07-25 08:22:45: 刪除檔 D:/Obsidian/Hoonsor/Untitled image 1.png
2022-07-25 08:22:45: 刪除檔 D:/Obsidian/Hoonsor/功能練習及測試.md
2022-07-25 08:22:45: 創建資料夾 D:/Obsidian/Hoonsor/002-Inbox/001-SubItem
2022-07-25 08:22:46: 新建複製 'P:/Obsidian/Hoonsor/001-Template/Template-SubItem.md' -> 'D:/Obsidian/Hoonsor/001-Template/Template-SubItem.md' (62)
2022-07-25 08:22:46: 新建複製 'P:/Obsidian/Hoonsor/002-Inbox/001-SubItem/身體現況.md' -> 'D:/Obsidian/Hoonsor/002-Inbox/001-SubItem/身體現況.md' (2,544)
2022-07-25 08:22:46: 新建複製 'P:/Obsidian/Hoonsor/002-Inbox/001-SubItem/學會如何換電容.md' -> 'D:/Obsidian/Hoonsor/002-Inbox/001-SubItem/學會如何換電容.md' (328)
2022-07-25 08:22:46: 新建複製 'P:/Obsidian/Hoonsor/002-Inbox/001-SubItem/熟練行銷文章架構.md' -> 'D:/Obsidian/Hoonsor/002-Inbox/001-SubItem/熟練行銷文章架構.md' (260)
2022-07-25 08:22:46: 新建複製 'P:/Obsidian/Hoonsor/002-Inbox/1110709-婚紗拍攝事前確認事項.md' -> 'D:/Obsidian/Hoonsor/002-Inbox/1110709-婚紗拍攝事前確認事項.md' (279)
2022-07-25 08:22:46: 覆蓋複製 'P:/Obsidian/Hoonsor/002-Inbox/1110628-網站設計行銷相關.md' -> 'D:/Obsidian/Hoonsor/002-Inbox/1110628-網站設計行銷相關.md' (3,121)
2022-07-25 08:22:46: 覆蓋複製 'P:/Obsidian/Hoonsor/002-Inbox/1110716-甲狀腺失調調理及預防指南.md' -> 'D:/Obsidian/Hoonsor/002-Inbox/1110716-甲狀腺失調調理及預防指南.md' (3,102)
2022-07-25 08:22:46: 新建複製 'P:/Obsidian/Hoonsor/002-Inbox/1110717-能量運動指南.md' -> 'D:/Obsidian/Hoonsor/002-Inbox/1110717-能量運動指南.md' (23,026)
2022-07-25 08:22:46: 新建複製 'P:/Obsidian/Hoonsor/002-Inbox/1110721-MAMP教學（在電腦安裝離線版伺服器及WordPress））.md' -> 'D:/Obsidian/Hoonsor/002-Inbox/1110721-MAMP教學（在電腦安裝離線版伺服器及WordPress））.md' (10,445)
2022-07-25 08:22:47: 覆蓋複製 'P:/Obsidian/Hoonsor/002-Inbox/Astra Pro Theme 教學：WP Portfolio 作品集功能.md' -> 'D:/Obsidian/Hoonsor/002-Inbox/Astra Pro Theme 教學：WP Portfolio 作品集功能.md' (8,654)
2022-07-25 08:22:47: 新建複製 'P:/Obsidian/Hoonsor/002-Inbox/Obsidian的任務管理技巧彙總.md' -> 'D:/Obsidian/Hoonsor/002-Inbox/Obsidian的任務管理技巧彙總.md' (2,375)
2022-07-25 08:22:47: 覆蓋複製 'P:/Obsidian/Hoonsor/002-Inbox/WordPress是什麼 ？完整介紹評價＋教學範例（入門指南）.md' -> 'D:/Obsidian/Hoonsor/002-Inbox/WordPress是什麼 ？完整介紹評價＋教學範例（入門指南）.md' (45,164)
2022-07-25 08:22:47: 覆蓋複製 'P:/Obsidian/Hoonsor/003-遊戲相關/XGPU雙人遊戲下載.md' -> 'D:/Obsidian/Hoonsor/003-遊戲相關/XGPU雙人遊戲下載.md' (341)
2022-07-25 08:22:47: 新建複製 'P:/Obsidian/Hoonsor/daily/2022-07-19_Tue.md' -> 'D:/Obsidian/Hoonsor/daily/2022-07-19_Tue.md' (471)
2022-07-25 08:22:47: 新建複製 'P:/Obsidian/Hoonsor/daily/2022-07-20_Wed.md' -> 'D:/Obsidian/Hoonsor/daily/2022-07-20_Wed.md' (571)
2022-07-25 08:22:47: 新建複製 'P:/Obsidian/Hoonsor/daily/2022-07-21_Thu.md' -> 'D:/Obsidian/Hoonsor/daily/2022-07-21_Thu.md' (640)
2022-07-25 08:22:47: 新建複製 'P:/Obsidian/Hoonsor/daily/2022-07-24_Sun.md' -> 'D:/Obsidian/Hoonsor/daily/2022-07-24_Sun.md' (595)
2022-07-25 08:22:47: 覆蓋複製 'P:/Obsidian/Hoonsor/daily/template.md' -> 'D:/Obsidian/Hoonsor/daily/template.md' (412)
2022-07-25 08:22:47: 覆蓋複製 'P:/Obsidian/Hoonsor/Untitled.md' -> 'D:/Obsidian/Hoonsor/Untitled.md' (3,851)
2022-07-25 08:22:47: 覆蓋複製 'P:/Obsidian/Hoonsor/測試各類功能.md' -> 'D:/Obsidian/Hoonsor/測試各類功能.md' (1,883)
2022-07-25 08:22:47: 新建複製 'P:/Obsidian/Hoonsor/●子彈筆記.md' -> 'D:/Obsidian/Hoonsor/●子彈筆記.md' (188)
2022-07-25 08:22:48: 新建複製 'P:/Obsidian/Hoonsor/●專案管理.md' -> 'D:/Obsidian/Hoonsor/●專案管理.md' (474)
2022-07-25 08:22:48: == 同步完成. 歷時: 00:00:03, 速度: 0.00/s, 完成: 29, 錯誤: 0
