2022-08-09 09:00:02: == 同步開始由 User Command
2022-08-09 09:00:02: 刪除檔 D:/Obsidian/Hoonsor/002-Inbox/001-SubItem/AHK-GUI控件相關.md (User Action)
2022-08-09 09:00:02: 刪除檔 D:/Obsidian/Hoonsor/002-Inbox/001-SubItem/AHK-概述.md (User Action)
2022-08-09 09:00:02: 刪除檔 D:/Obsidian/Hoonsor/002-Inbox/001-SubItem/CSS的概念及學習.md (User Action)
2022-08-09 09:00:02: 刪除檔 D:/Obsidian/Hoonsor/002-Inbox/001-SubItem/HTML概念及學習.md (User Action)
2022-08-09 09:00:02: 刪除檔 D:/Obsidian/Hoonsor/002-Inbox/001-SubItem/Obsidian概述.md (User Action)
2022-08-09 09:00:02: 刪除檔 D:/Obsidian/Hoonsor/002-Inbox/001-SubItem/WordPress學習及筆記.md (User Action)
2022-08-09 09:00:02: 刪除檔 D:/Obsidian/Hoonsor/002-Inbox/001-SubItem/好用外掛推薦.md (User Action)
2022-08-09 09:00:02: 刪除檔 D:/Obsidian/Hoonsor/002-Inbox/001-SubItem/學會如何換電容.md (User Action)
2022-08-09 09:00:02: 刪除檔 D:/Obsidian/Hoonsor/002-Inbox/001-SubItem/安裝Astra及有關插件.md (User Action)
2022-08-09 09:00:02: 刪除檔 D:/Obsidian/Hoonsor/002-Inbox/001-SubItem/歌手.md (User Action)
2022-08-09 09:00:02: 刪除檔 D:/Obsidian/Hoonsor/002-Inbox/001-SubItem/熟練行銷文章架構.md (User Action)
2022-08-09 09:00:02: 刪除檔 D:/Obsidian/Hoonsor/002-Inbox/001-SubItem/獨立樂團.md (User Action)
2022-08-09 09:00:02: 刪除檔 D:/Obsidian/Hoonsor/002-Inbox/001-SubItem/現有症狀治療及緩解.md (User Action)
2022-08-09 09:00:02: 刪除檔 D:/Obsidian/Hoonsor/002-Inbox/001-SubItem/身體現況.md (User Action)
2022-08-09 09:00:02: 刪除檔 D:/Obsidian/Hoonsor/002-Inbox/001-SubItem/預防及保養.md (User Action)
2022-08-09 09:00:02: 刪除資料夾 D:/Obsidian/Hoonsor/002-Inbox/001-SubItem (User Action)
2022-08-09 09:00:02: 刪除檔 D:/Obsidian/Hoonsor/002-Inbox/1110628-網站設計行銷相關.md (User Action)
2022-08-09 09:00:02: 刪除檔 D:/Obsidian/Hoonsor/002-Inbox/1110709-婚紗拍攝事前確認事項.md (User Action)
2022-08-09 09:00:02: 刪除檔 D:/Obsidian/Hoonsor/002-Inbox/1110716-甲狀腺失調調理及預防指南.md (User Action)
2022-08-09 09:00:02: 刪除檔 D:/Obsidian/Hoonsor/002-Inbox/1110716-腎上腺疲勞調理及預防指南.md (User Action)
2022-08-09 09:00:02: 刪除檔 D:/Obsidian/Hoonsor/002-Inbox/1110716-認識內分泌與激素.md (User Action)
2022-08-09 09:00:02: 刪除檔 D:/Obsidian/Hoonsor/002-Inbox/1110717-告別讓人困擾的失眠問題.md (User Action)
2022-08-09 09:00:02: 刪除檔 D:/Obsidian/Hoonsor/002-Inbox/1110717-能量運動指南.md (User Action)
2022-08-09 09:00:02: 刪除檔 D:/Obsidian/Hoonsor/002-Inbox/1110721-MAMP教學（在電腦安裝離線版伺服器及WordPress））.md (User Action)
2022-08-09 09:00:02: 刪除檔 D:/Obsidian/Hoonsor/002-Inbox/1110731-DataView插件筆記.md (User Action)
2022-08-09 09:00:02: 刪除檔 D:/Obsidian/Hoonsor/002-Inbox/1110806-Git及Obsidian同步至手機學習.md (User Action)
2022-08-09 09:00:02: 刪除檔 D:/Obsidian/Hoonsor/002-Inbox/Astra Pro Theme 教學：WP Portfolio 作品集功能.md (User Action)
2022-08-09 09:00:02: 刪除檔 D:/Obsidian/Hoonsor/002-Inbox/Obsidian的任務管理技巧彙總.md (User Action)
2022-08-09 09:00:02: 刪除檔 D:/Obsidian/Hoonsor/002-Inbox/Port（通訊埠）.md (User Action)
2022-08-09 09:00:02: 刪除檔 D:/Obsidian/Hoonsor/002-Inbox/Secure Shell（SSH）.md (User Action)
2022-08-09 09:00:02: 刪除檔 D:/Obsidian/Hoonsor/002-Inbox/WordPress是什麼 ？完整介紹評價＋教學範例（入門指南）.md (User Action)
2022-08-09 09:00:02: 刪除檔 D:/Obsidian/Hoonsor/002-Inbox/★測試各類功能.md (User Action)
2022-08-09 09:00:02: 刪除檔 D:/Obsidian/Hoonsor/003-Temporary Mission/建構程式語言快捷查詢方式.md (User Action)
2022-08-09 09:00:02: 刪除資料夾 D:/Obsidian/Hoonsor/003-Temporary Mission (User Action)
2022-08-09 09:00:02: 刪除檔 D:/Obsidian/Hoonsor/004-電腦疑難雜症相關/VX3211-4k-mhd相關注意事項.md (User Action)
2022-08-09 09:00:02: 刪除檔 D:/Obsidian/Hoonsor/004-電腦疑難雜症相關/電腦疑難雜症.md (User Action)
2022-08-09 09:00:02: 刪除資料夾 D:/Obsidian/Hoonsor/004-電腦疑難雜症相關 (User Action)
2022-08-09 09:00:02: 刪除檔 D:/Obsidian/Hoonsor/006-遊戲相關/XGPU雙人遊戲下載.md (User Action)
2022-08-09 09:00:02: 刪除資料夾 D:/Obsidian/Hoonsor/006-遊戲相關 (User Action)
2022-08-09 09:00:02: 刪除檔 D:/Obsidian/Hoonsor/007-日常生活相關/2022黑色星期五購物清單.md (User Action)
2022-08-09 09:00:02: 刪除檔 D:/Obsidian/Hoonsor/007-日常生活相關/88節購物清單.md (User Action)
2022-08-09 09:00:02: 刪除檔 D:/Obsidian/Hoonsor/007-日常生活相關/●日常生活.md (User Action)
2022-08-09 09:00:02: 刪除資料夾 D:/Obsidian/Hoonsor/007-日常生活相關 (User Action)
2022-08-09 09:00:02: 刪除檔 D:/Obsidian/Hoonsor/Book.md (User Action)
2022-08-09 09:00:02: 刪除檔 D:/Obsidian/Hoonsor/Books/Book-1.md (User Action)
2022-08-09 09:00:02: 刪除檔 D:/Obsidian/Hoonsor/Books/Book-2.md (User Action)
2022-08-09 09:00:02: 刪除資料夾 D:/Obsidian/Hoonsor/Books (User Action)
2022-08-09 09:00:02: 刪除檔 D:/Obsidian/Hoonsor/daily/2022-05-22_Sun.md (User Action)
2022-08-09 09:00:02: 刪除檔 D:/Obsidian/Hoonsor/daily/2022-05-24_Tue.md (User Action)
2022-08-09 09:00:02: 刪除檔 D:/Obsidian/Hoonsor/daily/2022-05-25_Wed.md (User Action)
2022-08-09 09:00:02: 刪除檔 D:/Obsidian/Hoonsor/daily/2022-05-29_Sun.md (User Action)
2022-08-09 09:00:02: 刪除檔 D:/Obsidian/Hoonsor/daily/2022-05-30_Mon.md (User Action)
2022-08-09 09:00:02: 刪除檔 D:/Obsidian/Hoonsor/daily/2022-05-31_Tue.md (User Action)
2022-08-09 09:00:02: 刪除檔 D:/Obsidian/Hoonsor/daily/2022-06-06_Mon.md (User Action)
2022-08-09 09:00:02: 刪除檔 D:/Obsidian/Hoonsor/daily/2022-06-07_Tue.md (User Action)
2022-08-09 09:00:02: 刪除檔 D:/Obsidian/Hoonsor/daily/2022-06-14_Tue.md (User Action)
2022-08-09 09:00:02: 刪除檔 D:/Obsidian/Hoonsor/daily/2022-06-21_Tue.md (User Action)
2022-08-09 09:00:02: 刪除檔 D:/Obsidian/Hoonsor/daily/2022-07-19_Tue.md (User Action)
2022-08-09 09:00:02: 刪除檔 D:/Obsidian/Hoonsor/daily/2022-07-20_Wed.md (User Action)
2022-08-09 09:00:02: 刪除檔 D:/Obsidian/Hoonsor/daily/2022-07-21_Thu.md (User Action)
2022-08-09 09:00:02: 刪除檔 D:/Obsidian/Hoonsor/daily/2022-07-24_Sun.md (User Action)
2022-08-09 09:00:02: 刪除檔 D:/Obsidian/Hoonsor/daily/2022-07-25_Mon.md (User Action)
2022-08-09 09:00:02: 刪除檔 D:/Obsidian/Hoonsor/daily/template.md (User Action)
2022-08-09 09:00:02: 刪除資料夾 D:/Obsidian/Hoonsor/daily (User Action)
2022-08-09 09:00:02: 刪除檔 D:/Obsidian/Hoonsor/Untitled.md (User Action)
2022-08-09 09:00:02: 刪除檔 D:/Obsidian/Hoonsor/按鈕範例.md (User Action)
2022-08-09 09:00:02: 刪除檔 D:/Obsidian/Hoonsor/電腦相關/正則表達式.md (User Action)
2022-08-09 09:00:02: 刪除檔 D:/Obsidian/Hoonsor/電腦相關/電腦知識.md (User Action)
2022-08-09 09:00:02: 刪除資料夾 D:/Obsidian/Hoonsor/電腦相關 (User Action)
2022-08-09 09:00:02: 創建資料夾 D:/Obsidian/Hoonsor/003-●專案管理
2022-08-09 09:00:02: 創建資料夾 D:/Obsidian/Hoonsor/003-●專案管理/001-WordPress架設網站
2022-08-09 09:00:02: 創建資料夾 D:/Obsidian/Hoonsor/003-●專案管理/002-練習撰寫文章行銷課程
2022-08-09 09:00:02: 創建資料夾 D:/Obsidian/Hoonsor/003-●專案管理/003-Obsidian學習筆記
2022-08-09 09:00:02: 創建資料夾 D:/Obsidian/Hoonsor/003-●專案管理/004-AHK學習筆記
2022-08-09 09:00:02: 創建資料夾 D:/Obsidian/Hoonsor/004-●日常生活
2022-08-09 09:00:02: 創建資料夾 D:/Obsidian/Hoonsor/004-●日常生活/001-購物清單
2022-08-09 09:00:02: 創建資料夾 D:/Obsidian/Hoonsor/004-●日常生活/002-隨手不錯的音樂紀錄
2022-08-09 09:00:02: 創建資料夾 D:/Obsidian/Hoonsor/004-●日常生活/003-電腦知識
2022-08-09 09:00:02: 創建資料夾 D:/Obsidian/Hoonsor/004-●日常生活/004-遊戲相關
2022-08-09 09:00:02: 創建資料夾 D:/Obsidian/Hoonsor/004-●日常生活/005-健康知識
2022-08-09 09:00:02: 創建資料夾 D:/Obsidian/Hoonsor/004-●日常生活/006-婚紗相關
2022-08-09 09:00:02: 創建資料夾 D:/Obsidian/Hoonsor/004-●日常生活/007-修繕、工具知識
2022-08-09 09:00:02: 創建資料夾 D:/Obsidian/Hoonsor/006-DailyNote
2022-08-09 09:00:02: 新建複製 'P:/Obsidian/Hoonsor/003-●專案管理/001-WordPress架設網站/1110721-MAMP教學（在電腦安裝離線版伺服器及WordPress））.md' -> 'D:/Obsidian/Hoonsor/003-●專案管理/001-WordPress架設網站/1110721-MAMP教學（在電腦安裝離線版伺服器及WordPress））.md' (10,435)
2022-08-09 09:00:02: 新建複製 'P:/Obsidian/Hoonsor/003-●專案管理/001-WordPress架設網站/Astra Pro Theme 教學：WP Portfolio 作品集功能.md' -> 'D:/Obsidian/Hoonsor/003-●專案管理/001-WordPress架設網站/Astra Pro Theme 教學：WP Portfolio 作品集功能.md' (8,644)
2022-08-09 09:00:02: 新建複製 'P:/Obsidian/Hoonsor/003-●專案管理/001-WordPress架設網站/CSS的概念及學習.md' -> 'D:/Obsidian/Hoonsor/003-●專案管理/001-WordPress架設網站/CSS的概念及學習.md' (5,811)
2022-08-09 09:00:02: 新建複製 'P:/Obsidian/Hoonsor/003-●專案管理/001-WordPress架設網站/HTML概念及學習.md' -> 'D:/Obsidian/Hoonsor/003-●專案管理/001-WordPress架設網站/HTML概念及學習.md' (1,346)
2022-08-09 09:00:02: 新建複製 'P:/Obsidian/Hoonsor/003-●專案管理/001-WordPress架設網站/WordPress學習及筆記.md' -> 'D:/Obsidian/Hoonsor/003-●專案管理/001-WordPress架設網站/WordPress學習及筆記.md' (336)
2022-08-09 09:00:02: 新建複製 'P:/Obsidian/Hoonsor/003-●專案管理/001-WordPress架設網站/WordPress是什麼 ？完整介紹評價＋教學範例（入門指南）.md' -> 'D:/Obsidian/Hoonsor/003-●專案管理/001-WordPress架設網站/WordPress是什麼 ？完整介紹評價＋教學範例（入門指南）.md' (45,157)
2022-08-09 09:00:02: 新建複製 'P:/Obsidian/Hoonsor/003-●專案管理/001-WordPress架設網站/好用外掛推薦.md' -> 'D:/Obsidian/Hoonsor/003-●專案管理/001-WordPress架設網站/好用外掛推薦.md' (393)
2022-08-09 09:00:02: 新建複製 'P:/Obsidian/Hoonsor/003-●專案管理/001-WordPress架設網站/安裝Astra及有關插件.md' -> 'D:/Obsidian/Hoonsor/003-●專案管理/001-WordPress架設網站/安裝Astra及有關插件.md' (1,979)
2022-08-09 09:00:02: 新建複製 'P:/Obsidian/Hoonsor/003-●專案管理/002-練習撰寫文章行銷課程/1110628-網站設計行銷相關.md' -> 'D:/Obsidian/Hoonsor/003-●專案管理/002-練習撰寫文章行銷課程/1110628-網站設計行銷相關.md' (3,121)
2022-08-09 09:00:02: 新建複製 'P:/Obsidian/Hoonsor/003-●專案管理/002-練習撰寫文章行銷課程/熟練行銷文章架構.md' -> 'D:/Obsidian/Hoonsor/003-●專案管理/002-練習撰寫文章行銷課程/熟練行銷文章架構.md' (264)
2022-08-09 09:00:02: 新建複製 'P:/Obsidian/Hoonsor/003-●專案管理/003-Obsidian學習筆記/1110731-DataView插件筆記.md' -> 'D:/Obsidian/Hoonsor/003-●專案管理/003-Obsidian學習筆記/1110731-DataView插件筆記.md' (6,107)
2022-08-09 09:00:02: 新建複製 'P:/Obsidian/Hoonsor/003-●專案管理/003-Obsidian學習筆記/1110806-Git及Obsidian同步至手機學習.md' -> 'D:/Obsidian/Hoonsor/003-●專案管理/003-Obsidian學習筆記/1110806-Git及Obsidian同步至手機學習.md' (14,800)
2022-08-09 09:00:02: 新建複製 'P:/Obsidian/Hoonsor/003-●專案管理/003-Obsidian學習筆記/Obsidian概述.md' -> 'D:/Obsidian/Hoonsor/003-●專案管理/003-Obsidian學習筆記/Obsidian概述.md' (645)
2022-08-09 09:00:02: 新建複製 'P:/Obsidian/Hoonsor/003-●專案管理/004-AHK學習筆記/AHK-GUI控件相關.md' -> 'D:/Obsidian/Hoonsor/003-●專案管理/004-AHK學習筆記/AHK-GUI控件相關.md' (659)
2022-08-09 09:00:02: 新建複製 'P:/Obsidian/Hoonsor/003-●專案管理/003-Obsidian學習筆記/Obsidian的任務管理技巧彙總.md' -> 'D:/Obsidian/Hoonsor/003-●專案管理/003-Obsidian學習筆記/Obsidian的任務管理技巧彙總.md' (2,363)
2022-08-09 09:00:02: 新建複製 'P:/Obsidian/Hoonsor/003-●專案管理/004-AHK學習筆記/AHK-概述.md' -> 'D:/Obsidian/Hoonsor/003-●專案管理/004-AHK學習筆記/AHK-概述.md' (940)
2022-08-09 09:00:02: 新建複製 'P:/Obsidian/Hoonsor/004-●日常生活/001-購物清單/2022黑色星期五購物清單.md' -> 'D:/Obsidian/Hoonsor/004-●日常生活/001-購物清單/2022黑色星期五購物清單.md' (195)
2022-08-09 09:00:02: 新建複製 'P:/Obsidian/Hoonsor/004-●日常生活/001-購物清單/88節購物清單.md' -> 'D:/Obsidian/Hoonsor/004-●日常生活/001-購物清單/88節購物清單.md' (280)
2022-08-09 09:00:02: 新建複製 'P:/Obsidian/Hoonsor/004-●日常生活/002-隨手不錯的音樂紀錄/歌手.md' -> 'D:/Obsidian/Hoonsor/004-●日常生活/002-隨手不錯的音樂紀錄/歌手.md' (271)
2022-08-09 09:00:02: 新建複製 'P:/Obsidian/Hoonsor/004-●日常生活/002-隨手不錯的音樂紀錄/獨立樂團.md' -> 'D:/Obsidian/Hoonsor/004-●日常生活/002-隨手不錯的音樂紀錄/獨立樂團.md' (555)
2022-08-09 09:00:02: 新建複製 'P:/Obsidian/Hoonsor/004-●日常生活/003-電腦知識/Port（通訊埠）.md' -> 'D:/Obsidian/Hoonsor/004-●日常生活/003-電腦知識/Port（通訊埠）.md' (6,047)
2022-08-09 09:00:02: 新建複製 'P:/Obsidian/Hoonsor/004-●日常生活/003-電腦知識/Secure Shell（SSH）.md' -> 'D:/Obsidian/Hoonsor/004-●日常生活/003-電腦知識/Secure Shell（SSH）.md' (16,505)
2022-08-09 09:00:02: 新建複製 'P:/Obsidian/Hoonsor/004-●日常生活/003-電腦知識/VX3211-4k-mhd相關注意事項.md' -> 'D:/Obsidian/Hoonsor/004-●日常生活/003-電腦知識/VX3211-4k-mhd相關注意事項.md' (1,152)
2022-08-09 09:00:02: 新建複製 'P:/Obsidian/Hoonsor/004-●日常生活/003-電腦知識/正則表達式.md' -> 'D:/Obsidian/Hoonsor/004-●日常生活/003-電腦知識/正則表達式.md' (253)
2022-08-09 09:00:02: 新建複製 'P:/Obsidian/Hoonsor/004-●日常生活/003-電腦知識/建構程式語言快捷查詢方式.md' -> 'D:/Obsidian/Hoonsor/004-●日常生活/003-電腦知識/建構程式語言快捷查詢方式.md' (844)
2022-08-09 09:00:02: 新建複製 'P:/Obsidian/Hoonsor/004-●日常生活/003-電腦知識/電腦疑難雜症.md' -> 'D:/Obsidian/Hoonsor/004-●日常生活/003-電腦知識/電腦疑難雜症.md' (330)
2022-08-09 09:00:02: 新建複製 'P:/Obsidian/Hoonsor/004-●日常生活/003-電腦知識/電腦知識.md' -> 'D:/Obsidian/Hoonsor/004-●日常生活/003-電腦知識/電腦知識.md' (493)
2022-08-09 09:00:02: 新建複製 'P:/Obsidian/Hoonsor/004-●日常生活/004-遊戲相關/XGPU雙人遊戲下載.md' -> 'D:/Obsidian/Hoonsor/004-●日常生活/004-遊戲相關/XGPU雙人遊戲下載.md' (341)
2022-08-09 09:00:02: 新建複製 'P:/Obsidian/Hoonsor/004-●日常生活/005-健康知識/1110716-甲狀腺失調調理及預防指南.md' -> 'D:/Obsidian/Hoonsor/004-●日常生活/005-健康知識/1110716-甲狀腺失調調理及預防指南.md' (3,092)
2022-08-09 09:00:02: 新建複製 'P:/Obsidian/Hoonsor/004-●日常生活/005-健康知識/1110716-腎上腺疲勞調理及預防指南.md' -> 'D:/Obsidian/Hoonsor/004-●日常生活/005-健康知識/1110716-腎上腺疲勞調理及預防指南.md' (2,096)
2022-08-09 09:00:02: 新建複製 'P:/Obsidian/Hoonsor/004-●日常生活/005-健康知識/1110716-認識內分泌與激素.md' -> 'D:/Obsidian/Hoonsor/004-●日常生活/005-健康知識/1110716-認識內分泌與激素.md' (1,951)
2022-08-09 09:00:02: 新建複製 'P:/Obsidian/Hoonsor/004-●日常生活/005-健康知識/1110717-告別讓人困擾的失眠問題.md' -> 'D:/Obsidian/Hoonsor/004-●日常生活/005-健康知識/1110717-告別讓人困擾的失眠問題.md' (6,189)
2022-08-09 09:00:02: 新建複製 'P:/Obsidian/Hoonsor/004-●日常生活/005-健康知識/1110717-能量運動指南.md' -> 'D:/Obsidian/Hoonsor/004-●日常生活/005-健康知識/1110717-能量運動指南.md' (23,018)
2022-08-09 09:00:02: 新建複製 'P:/Obsidian/Hoonsor/004-●日常生活/005-健康知識/現有症狀治療及緩解.md' -> 'D:/Obsidian/Hoonsor/004-●日常生活/005-健康知識/現有症狀治療及緩解.md' (2,098)
2022-08-09 09:00:02: 新建複製 'P:/Obsidian/Hoonsor/004-●日常生活/005-健康知識/身體現況.md' -> 'D:/Obsidian/Hoonsor/004-●日常生活/005-健康知識/身體現況.md' (2,544)
2022-08-09 09:00:02: 新建複製 'P:/Obsidian/Hoonsor/004-●日常生活/005-健康知識/預防及保養.md' -> 'D:/Obsidian/Hoonsor/004-●日常生活/005-健康知識/預防及保養.md' (239)
2022-08-09 09:00:02: 新建複製 'P:/Obsidian/Hoonsor/004-●日常生活/006-婚紗相關/1110709-婚紗拍攝事前確認事項.md' -> 'D:/Obsidian/Hoonsor/004-●日常生活/006-婚紗相關/1110709-婚紗拍攝事前確認事項.md' (279)
2022-08-09 09:00:02: 新建複製 'P:/Obsidian/Hoonsor/004-●日常生活/007-修繕、工具知識/學會如何換電容.md' -> 'D:/Obsidian/Hoonsor/004-●日常生活/007-修繕、工具知識/學會如何換電容.md' (328)
2022-08-09 09:00:02: 新建複製 'P:/Obsidian/Hoonsor/006-DailyNote/2022-05-22_Sun.md' -> 'D:/Obsidian/Hoonsor/006-DailyNote/2022-05-22_Sun.md' (274)
2022-08-09 09:00:02: 新建複製 'P:/Obsidian/Hoonsor/006-DailyNote/2022-05-24_Tue.md' -> 'D:/Obsidian/Hoonsor/006-DailyNote/2022-05-24_Tue.md' (585)
2022-08-09 09:00:02: 新建複製 'P:/Obsidian/Hoonsor/006-DailyNote/2022-05-25_Wed.md' -> 'D:/Obsidian/Hoonsor/006-DailyNote/2022-05-25_Wed.md' (389)
2022-08-09 09:00:02: 新建複製 'P:/Obsidian/Hoonsor/006-DailyNote/2022-05-29_Sun.md' -> 'D:/Obsidian/Hoonsor/006-DailyNote/2022-05-29_Sun.md' (509)
2022-08-09 09:00:02: 新建複製 'P:/Obsidian/Hoonsor/006-DailyNote/2022-05-30_Mon.md' -> 'D:/Obsidian/Hoonsor/006-DailyNote/2022-05-30_Mon.md' (475)
2022-08-09 09:00:02: 新建複製 'P:/Obsidian/Hoonsor/006-DailyNote/2022-05-31_Tue.md' -> 'D:/Obsidian/Hoonsor/006-DailyNote/2022-05-31_Tue.md' (348)
2022-08-09 09:00:02: 新建複製 'P:/Obsidian/Hoonsor/006-DailyNote/2022-06-06_Mon.md' -> 'D:/Obsidian/Hoonsor/006-DailyNote/2022-06-06_Mon.md' (488)
2022-08-09 09:00:02: 新建複製 'P:/Obsidian/Hoonsor/006-DailyNote/2022-06-07_Tue.md' -> 'D:/Obsidian/Hoonsor/006-DailyNote/2022-06-07_Tue.md' (459)
2022-08-09 09:00:02: 新建複製 'P:/Obsidian/Hoonsor/006-DailyNote/2022-06-14_Tue.md' -> 'D:/Obsidian/Hoonsor/006-DailyNote/2022-06-14_Tue.md' (413)
2022-08-09 09:00:02: 新建複製 'P:/Obsidian/Hoonsor/006-DailyNote/2022-06-21_Tue.md' -> 'D:/Obsidian/Hoonsor/006-DailyNote/2022-06-21_Tue.md' (404)
2022-08-09 09:00:02: 新建複製 'P:/Obsidian/Hoonsor/006-DailyNote/2022-07-19_Tue.md' -> 'D:/Obsidian/Hoonsor/006-DailyNote/2022-07-19_Tue.md' (471)
2022-08-09 09:00:02: 新建複製 'P:/Obsidian/Hoonsor/006-DailyNote/2022-07-20_Wed.md' -> 'D:/Obsidian/Hoonsor/006-DailyNote/2022-07-20_Wed.md' (571)
2022-08-09 09:00:02: 新建複製 'P:/Obsidian/Hoonsor/006-DailyNote/2022-07-21_Thu.md' -> 'D:/Obsidian/Hoonsor/006-DailyNote/2022-07-21_Thu.md' (640)
2022-08-09 09:00:02: 新建複製 'P:/Obsidian/Hoonsor/006-DailyNote/2022-07-24_Sun.md' -> 'D:/Obsidian/Hoonsor/006-DailyNote/2022-07-24_Sun.md' (595)
2022-08-09 09:00:02: 新建複製 'P:/Obsidian/Hoonsor/006-DailyNote/2022-07-25_Mon.md' -> 'D:/Obsidian/Hoonsor/006-DailyNote/2022-07-25_Mon.md' (581)
2022-08-09 09:00:02: 新建複製 'P:/Obsidian/Hoonsor/006-DailyNote/template.md' -> 'D:/Obsidian/Hoonsor/006-DailyNote/template.md' (412)
2022-08-09 09:00:02: 新建複製 'P:/Obsidian/Hoonsor/DashBoard CSS-自行測試.md' -> 'D:/Obsidian/Hoonsor/DashBoard CSS-自行測試.md' (859)
2022-08-09 09:00:02: 新建複製 'P:/Obsidian/Hoonsor/●日常生活.md' -> 'D:/Obsidian/Hoonsor/●日常生活.md' (572)
2022-08-09 09:00:02: 覆蓋複製 'P:/Obsidian/Hoonsor/●專案管理.md' -> 'D:/Obsidian/Hoonsor/●專案管理.md' (832) (User Action)
2022-08-09 09:00:02: 新建複製 'P:/Obsidian/Hoonsor/●首頁.md' -> 'D:/Obsidian/Hoonsor/●首頁.md' (1,242)
2022-08-09 09:00:02: 新建複製 'P:/Obsidian/Hoonsor/★測試各類功能.md' -> 'D:/Obsidian/Hoonsor/★測試各類功能.md' (3,288)
2022-08-09 09:00:02: 新建複製 'P:/Obsidian/Hoonsor/★按鈕範例.md' -> 'D:/Obsidian/Hoonsor/★按鈕範例.md' (5,797)
2022-08-09 09:00:02: == 同步完成. 歷時: 00:00:00, 速度: 0.00/s, 完成: 146, 錯誤: 0
