2022-08-28 23:55:55: -- 分析開始 User Command
2022-08-28 23:55:55: /004-●日常生活/002-隨手不錯的音樂紀錄/歌手.md: L:TimeSize<>; R:TimeSize<>; 衝突：檔兩側都進行了改動
2022-08-28 23:55:55: /004-●日常生活/●激勵影片.md: L:TimeSize<>; R:TimeSize<>; 衝突：檔兩側都進行了改動
2022-08-28 23:55:55: /Untitled.md: L:TimeSize<>; 衝突：檔兩側都進行了改動
2022-08-28 23:55:55: /●首頁.md: L:TimeSize<>; R:TimeSize<>; 衝突：檔兩側都進行了改動
2022-08-28 23:55:55: /測試各類功能.md: L:TimeSize<>; 衝突：檔兩側都進行了改動
2022-08-28 23:55:55: 分析完畢並發現衝突情況。請選擇正確的同步方向解決衝突，然後按一下同步
2022-08-28 23:55:55: 變更：86， 衝突：2， 複製時間：0， 複製狀態：0， 錯誤： 0, All: 499
2022-08-28 23:55:55: Left to Right: Copy File: 83 Delete File: 1 
2022-08-28 23:55:55: == 同步開始由 User Command
2022-08-28 23:55:55: 刪除檔 P:/Obsidian/Hoonsor/conflict-files-obsidian-git.md
2022-08-28 23:55:55: 覆蓋複製 'D:/02-學習/03-Obsidian/Hoonsor/000-index/!dict.md' -> 'P:/Obsidian/Hoonsor/000-index/!dict.md' (2,652)
2022-08-28 23:55:55: 覆蓋複製 'D:/02-學習/03-Obsidian/Hoonsor/001-Template/Template-SubItem.md' -> 'P:/Obsidian/Hoonsor/001-Template/Template-SubItem.md' (70)
2022-08-28 23:55:55: 覆蓋複製 'D:/02-學習/03-Obsidian/Hoonsor/001-Template/Template-Temporary Mission.md' -> 'P:/Obsidian/Hoonsor/001-Template/Template-Temporary Mission.md' (154)
2022-08-28 23:55:55: 覆蓋複製 'D:/02-學習/03-Obsidian/Hoonsor/001-Template/UniversalNote.md' -> 'P:/Obsidian/Hoonsor/001-Template/UniversalNote.md' (1,052)
2022-08-28 23:55:55: 覆蓋複製 'D:/02-學習/03-Obsidian/Hoonsor/001-Template/Template-Travel.md' -> 'P:/Obsidian/Hoonsor/001-Template/Template-Travel.md' (344)
2022-08-28 23:55:55: 覆蓋複製 'D:/02-學習/03-Obsidian/Hoonsor/003-●專案管理/001-WordPress架設網站/1110721-MAMP教學（在電腦安裝離線版伺服器及WordPress））.md' -> 'P:/Obsidian/Hoonsor/003-●專案管理/001-WordPress架設網站/1110721-MAMP教學（在電腦安裝離線版伺服器及WordPress））.md' (10,640)
2022-08-28 23:55:55: 覆蓋複製 'D:/02-學習/03-Obsidian/Hoonsor/003-●專案管理/001-WordPress架設網站/Astra Pro Theme 教學：WP Portfolio 作品集功能.md' -> 'P:/Obsidian/Hoonsor/003-●專案管理/001-WordPress架設網站/Astra Pro Theme 教學：WP Portfolio 作品集功能.md' (8,752)
2022-08-28 23:55:55: 覆蓋複製 'D:/02-學習/03-Obsidian/Hoonsor/003-●專案管理/001-WordPress架設網站/CSS的概念及學習.md' -> 'P:/Obsidian/Hoonsor/003-●專案管理/001-WordPress架設網站/CSS的概念及學習.md' (5,923)
2022-08-28 23:55:55: 覆蓋複製 'D:/02-學習/03-Obsidian/Hoonsor/003-●專案管理/001-WordPress架設網站/HTML概念及學習.md' -> 'P:/Obsidian/Hoonsor/003-●專案管理/001-WordPress架設網站/HTML概念及學習.md' (1,369)
2022-08-28 23:55:55: 覆蓋複製 'D:/02-學習/03-Obsidian/Hoonsor/003-●專案管理/001-WordPress架設網站/WordPress學習及筆記.md' -> 'P:/Obsidian/Hoonsor/003-●專案管理/001-WordPress架設網站/WordPress學習及筆記.md' (961)
2022-08-28 23:55:55: 覆蓋複製 'D:/02-學習/03-Obsidian/Hoonsor/003-●專案管理/001-WordPress架設網站/WordPress是什麼 ？完整介紹評價＋教學範例（入門指南）.md' -> 'P:/Obsidian/Hoonsor/003-●專案管理/001-WordPress架設網站/WordPress是什麼 ？完整介紹評價＋教學範例（入門指南）.md' (45,525)
2022-08-28 23:55:55: 覆蓋複製 'D:/02-學習/03-Obsidian/Hoonsor/003-●專案管理/001-WordPress架設網站/好用網站或外掛推薦.md' -> 'P:/Obsidian/Hoonsor/003-●專案管理/001-WordPress架設網站/好用網站或外掛推薦.md' (1,209)
2022-08-28 23:55:55: 覆蓋複製 'D:/02-學習/03-Obsidian/Hoonsor/003-●專案管理/001-WordPress架設網站/安裝Astra及有關插件.md' -> 'P:/Obsidian/Hoonsor/003-●專案管理/001-WordPress架設網站/安裝Astra及有關插件.md' (2,035)
2022-08-28 23:55:55: 覆蓋複製 'D:/02-學習/03-Obsidian/Hoonsor/003-●專案管理/002-練習撰寫文章行銷課程/1110628-網站設計行銷相關.md' -> 'P:/Obsidian/Hoonsor/003-●專案管理/002-練習撰寫文章行銷課程/1110628-網站設計行銷相關.md' (3,164)
2022-08-28 23:55:55: 覆蓋複製 'D:/02-學習/03-Obsidian/Hoonsor/003-●專案管理/002-練習撰寫文章行銷課程/熟練行銷文章架構.md' -> 'P:/Obsidian/Hoonsor/003-●專案管理/002-練習撰寫文章行銷課程/熟練行銷文章架構.md' (274)
2022-08-28 23:55:55: 覆蓋複製 'D:/02-學習/03-Obsidian/Hoonsor/003-●專案管理/003-Obsidian學習筆記/1110731-DataView插件筆記.md' -> 'P:/Obsidian/Hoonsor/003-●專案管理/003-Obsidian學習筆記/1110731-DataView插件筆記.md' (6,238)
2022-08-28 23:55:55: 覆蓋複製 'D:/02-學習/03-Obsidian/Hoonsor/003-●專案管理/003-Obsidian學習筆記/1110806-Git及Obsidian同步至手機學習.md' -> 'P:/Obsidian/Hoonsor/003-●專案管理/003-Obsidian學習筆記/1110806-Git及Obsidian同步至手機學習.md' (15,067)
2022-08-28 23:55:55: 覆蓋複製 'D:/02-學習/03-Obsidian/Hoonsor/003-●專案管理/003-Obsidian學習筆記/Obsidian概述.md' -> 'P:/Obsidian/Hoonsor/003-●專案管理/003-Obsidian學習筆記/Obsidian概述.md' (673)
2022-08-28 23:55:55: 覆蓋複製 'D:/02-學習/03-Obsidian/Hoonsor/003-●專案管理/003-Obsidian學習筆記/Obsidian的任務管理技巧彙總.md' -> 'P:/Obsidian/Hoonsor/003-●專案管理/003-Obsidian學習筆記/Obsidian的任務管理技巧彙總.md' (2,431)
2022-08-28 23:55:55: 覆蓋複製 'D:/02-學習/03-Obsidian/Hoonsor/003-●專案管理/004-AHK學習筆記/AHK-概述.md' -> 'P:/Obsidian/Hoonsor/003-●專案管理/004-AHK學習筆記/AHK-概述.md' (1,344)
2022-08-28 23:55:55: 覆蓋複製 'D:/02-學習/03-Obsidian/Hoonsor/003-●專案管理/004-AHK學習筆記/AHK-GUI控件相關.md' -> 'P:/Obsidian/Hoonsor/003-●專案管理/004-AHK學習筆記/AHK-GUI控件相關.md' (683)
2022-08-28 23:55:55: 覆蓋複製 'D:/02-學習/03-Obsidian/Hoonsor/003-●專案管理/005-投資理財相關/1110814-Thinkorswim軟體學習心得.md' -> 'P:/Obsidian/Hoonsor/003-●專案管理/005-投資理財相關/1110814-Thinkorswim軟體學習心得.md' (3,757)
2022-08-28 23:55:55: 覆蓋複製 'D:/02-學習/03-Obsidian/Hoonsor/003-●專案管理/005-投資理財相關/1110813-Thinkorswim軟體介面大綱.md' -> 'P:/Obsidian/Hoonsor/003-●專案管理/005-投資理財相關/1110813-Thinkorswim軟體介面大綱.md' (10,739)
2022-08-28 23:55:55: 覆蓋複製 'D:/02-學習/03-Obsidian/Hoonsor/004-●日常生活/001-多媒體知識/001-攝影、錄影/1110821-手機錄影技巧.md' -> 'P:/Obsidian/Hoonsor/004-●日常生活/001-多媒體知識/001-攝影、錄影/1110821-手機錄影技巧.md' (2,854)
2022-08-28 23:55:55: 覆蓋複製 'D:/02-學習/03-Obsidian/Hoonsor/004-●日常生活/001-多媒體知識/001-攝影、錄影/1110825-Disco Diffusion-AI運算繪圖工具.md' -> 'P:/Obsidian/Hoonsor/004-●日常生活/001-多媒體知識/001-攝影、錄影/1110825-Disco Diffusion-AI運算繪圖工具.md' (12,801)
2022-08-28 23:55:55: 覆蓋複製 'D:/02-學習/03-Obsidian/Hoonsor/004-●日常生活/002-隨手不錯的音樂紀錄/歌手.md' -> 'P:/Obsidian/Hoonsor/004-●日常生活/002-隨手不錯的音樂紀錄/歌手.md' (500)
2022-08-28 23:55:55: 覆蓋複製 'D:/02-學習/03-Obsidian/Hoonsor/004-●日常生活/002-隨手不錯的音樂紀錄/獨立樂團.md' -> 'P:/Obsidian/Hoonsor/004-●日常生活/002-隨手不錯的音樂紀錄/獨立樂團.md' (566)
2022-08-28 23:55:55: 覆蓋複製 'D:/02-學習/03-Obsidian/Hoonsor/004-●日常生活/003-電腦知識/Secure Shell（SSH）.md' -> 'P:/Obsidian/Hoonsor/004-●日常生活/003-電腦知識/Secure Shell（SSH）.md' (16,602)
2022-08-28 23:55:55: 覆蓋複製 'D:/02-學習/03-Obsidian/Hoonsor/004-●日常生活/003-電腦知識/Port（通訊埠）.md' -> 'P:/Obsidian/Hoonsor/004-●日常生活/003-電腦知識/Port（通訊埠）.md' (6,096)
2022-08-28 23:55:55: 覆蓋複製 'D:/02-學習/03-Obsidian/Hoonsor/004-●日常生活/003-電腦知識/VX3211-4k-mhd相關注意事項.md' -> 'P:/Obsidian/Hoonsor/004-●日常生活/003-電腦知識/VX3211-4k-mhd相關注意事項.md' (1,181)
2022-08-28 23:55:55: 覆蓋複製 'D:/02-學習/03-Obsidian/Hoonsor/004-●日常生活/003-電腦知識/建構程式語言快捷查詢方式.md' -> 'P:/Obsidian/Hoonsor/004-●日常生活/003-電腦知識/建構程式語言快捷查詢方式.md' (874)
2022-08-28 23:55:55: 覆蓋複製 'D:/02-學習/03-Obsidian/Hoonsor/004-●日常生活/003-電腦知識/正則表達式.md' -> 'P:/Obsidian/Hoonsor/004-●日常生活/003-電腦知識/正則表達式.md' (256)
2022-08-28 23:55:55: 覆蓋複製 'D:/02-學習/03-Obsidian/Hoonsor/004-●日常生活/003-電腦知識/電腦疑難雜症.md' -> 'P:/Obsidian/Hoonsor/004-●日常生活/003-電腦知識/電腦疑難雜症.md' (332)
2022-08-28 23:55:55: 覆蓋複製 'D:/02-學習/03-Obsidian/Hoonsor/004-●日常生活/003-電腦知識/電腦知識.md' -> 'P:/Obsidian/Hoonsor/004-●日常生活/003-電腦知識/電腦知識.md' (663)
2022-08-28 23:55:55: 覆蓋複製 'D:/02-學習/03-Obsidian/Hoonsor/004-●日常生活/004-遊戲相關/XGPU雙人遊戲下載.md' -> 'P:/Obsidian/Hoonsor/004-●日常生活/004-遊戲相關/XGPU雙人遊戲下載.md' (570)
2022-08-28 23:55:55: 覆蓋複製 'D:/02-學習/03-Obsidian/Hoonsor/004-●日常生活/005-健康知識/1110716-甲狀腺失調調理及預防指南.md' -> 'P:/Obsidian/Hoonsor/004-●日常生活/005-健康知識/1110716-甲狀腺失調調理及預防指南.md' (3,908)
2022-08-28 23:55:55: 覆蓋複製 'D:/02-學習/03-Obsidian/Hoonsor/004-●日常生活/005-健康知識/1110716-腎上腺疲勞調理及預防指南.md' -> 'P:/Obsidian/Hoonsor/004-●日常生活/005-健康知識/1110716-腎上腺疲勞調理及預防指南.md' (2,547)
2022-08-28 23:55:55: 覆蓋複製 'D:/02-學習/03-Obsidian/Hoonsor/004-●日常生活/005-健康知識/1110716-認識內分泌與激素.md' -> 'P:/Obsidian/Hoonsor/004-●日常生活/005-健康知識/1110716-認識內分泌與激素.md' (2,310)
2022-08-28 23:55:55: 覆蓋複製 'D:/02-學習/03-Obsidian/Hoonsor/004-●日常生活/005-健康知識/1110717-告別讓人困擾的失眠問題.md' -> 'P:/Obsidian/Hoonsor/004-●日常生活/005-健康知識/1110717-告別讓人困擾的失眠問題.md' (6,334)
2022-08-28 23:55:55: 覆蓋複製 'D:/02-學習/03-Obsidian/Hoonsor/004-●日常生活/005-健康知識/1110717-能量運動指南.md' -> 'P:/Obsidian/Hoonsor/004-●日常生活/005-健康知識/1110717-能量運動指南.md' (23,449)
2022-08-28 23:55:55: 覆蓋複製 'D:/02-學習/03-Obsidian/Hoonsor/004-●日常生活/005-健康知識/現有症狀治療及緩解.md' -> 'P:/Obsidian/Hoonsor/004-●日常生活/005-健康知識/現有症狀治療及緩解.md' (2,202)
2022-08-28 23:55:55: 覆蓋複製 'D:/02-學習/03-Obsidian/Hoonsor/004-●日常生活/005-健康知識/身體現況.md' -> 'P:/Obsidian/Hoonsor/004-●日常生活/005-健康知識/身體現況.md' (2,674)
2022-08-28 23:55:55: 覆蓋複製 'D:/02-學習/03-Obsidian/Hoonsor/004-●日常生活/005-健康知識/預防及保養.md' -> 'P:/Obsidian/Hoonsor/004-●日常生活/005-健康知識/預防及保養.md' (254)
2022-08-28 23:55:55: 覆蓋複製 'D:/02-學習/03-Obsidian/Hoonsor/004-●日常生活/006-婚紗相關/1110709-婚紗拍攝事前確認事項.md' -> 'P:/Obsidian/Hoonsor/004-●日常生活/006-婚紗相關/1110709-婚紗拍攝事前確認事項.md' (290)
2022-08-28 23:55:55: 覆蓋複製 'D:/02-學習/03-Obsidian/Hoonsor/004-●日常生活/007-修繕、工具知識/學會如何換電容.md' -> 'P:/Obsidian/Hoonsor/004-●日常生活/007-修繕、工具知識/學會如何換電容.md' (346)
2022-08-28 23:55:56: 覆蓋複製 'D:/02-學習/03-Obsidian/Hoonsor/004-●日常生活/●日常生活待辦事項.md' -> 'P:/Obsidian/Hoonsor/004-●日常生活/●日常生活待辦事項.md' (953)
2022-08-28 23:55:56: 覆蓋複製 'D:/02-學習/03-Obsidian/Hoonsor/004-●日常生活/●激勵影片.md' -> 'P:/Obsidian/Hoonsor/004-●日常生活/●激勵影片.md' (630)
2022-08-28 23:55:56: 覆蓋複製 'D:/02-學習/03-Obsidian/Hoonsor/005-工作相關/1110803-待辦.md' -> 'P:/Obsidian/Hoonsor/005-工作相關/1110803-待辦.md' (913)
2022-08-28 23:55:56: 覆蓋複製 'D:/02-學習/03-Obsidian/Hoonsor/005-工作相關/1110804-提醒新進短期臨工注意事項.md' -> 'P:/Obsidian/Hoonsor/005-工作相關/1110804-提醒新進短期臨工注意事項.md' (668)
2022-08-28 23:55:56: 覆蓋複製 'D:/02-學習/03-Obsidian/Hoonsor/005-工作相關/1110810-新進教師研習.md' -> 'P:/Obsidian/Hoonsor/005-工作相關/1110810-新進教師研習.md' (12,897)
2022-08-28 23:55:56: 覆蓋複製 'D:/02-學習/03-Obsidian/Hoonsor/005-工作相關/●工作待辦事項.md' -> 'P:/Obsidian/Hoonsor/005-工作相關/●工作待辦事項.md' (3,023)
2022-08-28 23:55:56: 覆蓋複製 'D:/02-學習/03-Obsidian/Hoonsor/005-工作相關/●已完成/校長遴選座談會及後續工作.md' -> 'P:/Obsidian/Hoonsor/005-工作相關/●已完成/校長遴選座談會及後續工作.md' (8,803)
2022-08-28 23:55:56: 覆蓋複製 'D:/02-學習/03-Obsidian/Hoonsor/005-工作相關/法規紀錄測試.md' -> 'P:/Obsidian/Hoonsor/005-工作相關/法規紀錄測試.md' (22,014)
2022-08-28 23:55:56: 覆蓋複製 'D:/02-學習/03-Obsidian/Hoonsor/006-DailyNote/2022-05-22_Sun.md' -> 'P:/Obsidian/Hoonsor/006-DailyNote/2022-05-22_Sun.md' (287)
2022-08-28 23:55:56: 覆蓋複製 'D:/02-學習/03-Obsidian/Hoonsor/006-DailyNote/2022-05-24_Tue.md' -> 'P:/Obsidian/Hoonsor/006-DailyNote/2022-05-24_Tue.md' (604)
2022-08-28 23:55:56: 覆蓋複製 'D:/02-學習/03-Obsidian/Hoonsor/006-DailyNote/2022-05-25_Wed.md' -> 'P:/Obsidian/Hoonsor/006-DailyNote/2022-05-25_Wed.md' (409)
2022-08-28 23:55:56: 覆蓋複製 'D:/02-學習/03-Obsidian/Hoonsor/006-DailyNote/2022-05-29_Sun.md' -> 'P:/Obsidian/Hoonsor/006-DailyNote/2022-05-29_Sun.md' (532)
2022-08-28 23:55:56: 覆蓋複製 'D:/02-學習/03-Obsidian/Hoonsor/006-DailyNote/2022-05-30_Mon.md' -> 'P:/Obsidian/Hoonsor/006-DailyNote/2022-05-30_Mon.md' (499)
2022-08-28 23:55:56: 覆蓋複製 'D:/02-學習/03-Obsidian/Hoonsor/006-DailyNote/2022-05-31_Tue.md' -> 'P:/Obsidian/Hoonsor/006-DailyNote/2022-05-31_Tue.md' (370)
2022-08-28 23:55:56: 覆蓋複製 'D:/02-學習/03-Obsidian/Hoonsor/006-DailyNote/2022-06-06_Mon.md' -> 'P:/Obsidian/Hoonsor/006-DailyNote/2022-06-06_Mon.md' (512)
2022-08-28 23:55:56: 覆蓋複製 'D:/02-學習/03-Obsidian/Hoonsor/006-DailyNote/2022-06-07_Tue.md' -> 'P:/Obsidian/Hoonsor/006-DailyNote/2022-06-07_Tue.md' (481)
2022-08-28 23:55:56: 覆蓋複製 'D:/02-學習/03-Obsidian/Hoonsor/006-DailyNote/2022-06-14_Tue.md' -> 'P:/Obsidian/Hoonsor/006-DailyNote/2022-06-14_Tue.md' (436)
2022-08-28 23:55:56: 覆蓋複製 'D:/02-學習/03-Obsidian/Hoonsor/006-DailyNote/2022-06-21_Tue.md' -> 'P:/Obsidian/Hoonsor/006-DailyNote/2022-06-21_Tue.md' (427)
2022-08-28 23:55:56: 覆蓋複製 'D:/02-學習/03-Obsidian/Hoonsor/006-DailyNote/2022-07-19_Tue.md' -> 'P:/Obsidian/Hoonsor/006-DailyNote/2022-07-19_Tue.md' (497)
2022-08-28 23:55:56: 覆蓋複製 'D:/02-學習/03-Obsidian/Hoonsor/006-DailyNote/2022-07-20_Wed.md' -> 'P:/Obsidian/Hoonsor/006-DailyNote/2022-07-20_Wed.md' (597)
2022-08-28 23:55:56: 覆蓋複製 'D:/02-學習/03-Obsidian/Hoonsor/006-DailyNote/2022-07-21_Thu.md' -> 'P:/Obsidian/Hoonsor/006-DailyNote/2022-07-21_Thu.md' (672)
2022-08-28 23:55:56: 覆蓋複製 'D:/02-學習/03-Obsidian/Hoonsor/006-DailyNote/2022-07-24_Sun.md' -> 'P:/Obsidian/Hoonsor/006-DailyNote/2022-07-24_Sun.md' (626)
2022-08-28 23:55:56: 覆蓋複製 'D:/02-學習/03-Obsidian/Hoonsor/006-DailyNote/2022-07-25_Mon.md' -> 'P:/Obsidian/Hoonsor/006-DailyNote/2022-07-25_Mon.md' (611)
2022-08-28 23:55:56: 覆蓋複製 'D:/02-學習/03-Obsidian/Hoonsor/006-DailyNote/template.md' -> 'P:/Obsidian/Hoonsor/006-DailyNote/template.md' (437)
2022-08-28 23:55:56: 覆蓋複製 'D:/02-學習/03-Obsidian/Hoonsor/007-旅遊/1110813-九份行.md' -> 'P:/Obsidian/Hoonsor/007-旅遊/1110813-九份行.md' (4,310)
2022-08-28 23:55:56: 覆蓋複製 'D:/02-學習/03-Obsidian/Hoonsor/DashBoard CSS-自行測試.md' -> 'P:/Obsidian/Hoonsor/DashBoard CSS-自行測試.md' (895)
2022-08-28 23:55:56: /Untitled.md: unresolved conflict results in No Copy
2022-08-28 23:55:56: 覆蓋複製 'D:/02-學習/03-Obsidian/Hoonsor/JavaScripts腳本/advanced_uri.js' -> 'P:/Obsidian/Hoonsor/JavaScripts腳本/advanced_uri.js' (983)
2022-08-28 23:55:56: 覆蓋複製 'D:/02-學習/03-Obsidian/Hoonsor/README.md' -> 'P:/Obsidian/Hoonsor/README.md' (0)
2022-08-28 23:55:56: 覆蓋複製 'D:/02-學習/03-Obsidian/Hoonsor/●圖片庫/CSS-%定義.png' -> 'P:/Obsidian/Hoonsor/●圖片庫/CSS-%定義.png' (148,497)
2022-08-28 23:55:56: 覆蓋複製 'D:/02-學習/03-Obsidian/Hoonsor/●圖片庫/CSS-em定義.png' -> 'P:/Obsidian/Hoonsor/●圖片庫/CSS-em定義.png' (114,985)
2022-08-28 23:55:56: 覆蓋複製 'D:/02-學習/03-Obsidian/Hoonsor/●圖片庫/CSS-rem定義.png' -> 'P:/Obsidian/Hoonsor/●圖片庫/CSS-rem定義.png' (72,534)
2022-08-28 23:55:56: 覆蓋複製 'D:/02-學習/03-Obsidian/Hoonsor/●圖片庫/CSS-vw及vh定義.png' -> 'P:/Obsidian/Hoonsor/●圖片庫/CSS-vw及vh定義.png' (324,124)
2022-08-28 23:55:56: 覆蓋複製 'D:/02-學習/03-Obsidian/Hoonsor/●子彈筆記.md' -> 'P:/Obsidian/Hoonsor/●子彈筆記.md' (480)
2022-08-28 23:55:56: 覆蓋複製 'D:/02-學習/03-Obsidian/Hoonsor/●專案管理.md' -> 'P:/Obsidian/Hoonsor/●專案管理.md' (885)
2022-08-28 23:55:56: 覆蓋複製 'D:/02-學習/03-Obsidian/Hoonsor/●日常生活.md' -> 'P:/Obsidian/Hoonsor/●日常生活.md' (606)
2022-08-28 23:55:56: 覆蓋複製 'D:/02-學習/03-Obsidian/Hoonsor/●首頁.md' -> 'P:/Obsidian/Hoonsor/●首頁.md' (3,021)
2022-08-28 23:55:56: /測試各類功能.md: unresolved conflict results in No Copy
2022-08-28 23:55:56: 覆蓋複製 'D:/02-學習/03-Obsidian/Hoonsor/★按鈕範例.md' -> 'P:/Obsidian/Hoonsor/★按鈕範例.md' (6,016)
2022-08-28 23:55:56: 覆蓋複製 'D:/02-學習/03-Obsidian/Hoonsor/★測試各類功能.md' -> 'P:/Obsidian/Hoonsor/★測試各類功能.md' (4,099)
2022-08-28 23:55:56: == 同步完成. 歷時: 00:00:01, 速度: 0.00/s, 完成: 84, 錯誤: 0, Conflicts: 2
