2022-09-18 22:54:54: -- 分析開始 User Command
2022-09-18 22:54:54: /001-Template/Daily Note Tasks.md: L:TimeSize<>; 警告：較舊的檔將替換較新的檔
2022-09-18 22:54:54: /001-Template/Template-Excel.md: L:TimeSize<>; 警告：較舊的檔將替換較新的檔
2022-09-18 22:54:54: /001-Template/Template-SubItem.md: L:TimeSize<>; 警告：較舊的檔將替換較新的檔
2022-09-18 22:54:54: /001-Template/Template-Temporary Mission.md: L:TimeSize<>; 警告：較舊的檔將替換較新的檔
2022-09-18 22:54:54: /001-Template/Template-Travel.md: L:TimeSize<>; 警告：較舊的檔將替換較新的檔
2022-09-18 22:54:54: /001-Template/UniversalNote.md: L:TimeSize<>; 警告：較舊的檔將替換較新的檔
2022-09-18 22:54:54: /003-●專案管理/001-WordPress架設網站/Astra Pro Theme 教學：WP Portfolio 作品集功能.md: L:TimeSize<>; 警告：較舊的檔將替換較新的檔
2022-09-18 22:54:54: /003-●專案管理/001-WordPress架設網站/CSS的概念及學習.md: L:TimeSize<>; 警告：較舊的檔將替換較新的檔
2022-09-18 22:54:54: /003-●專案管理/001-WordPress架設網站/HTML概念及學習.md: L:TimeSize<>; 警告：較舊的檔將替換較新的檔
2022-09-18 22:54:54: /003-●專案管理/001-WordPress架設網站/WordPress是什麼 ？完整介紹評價＋教學範例（入門指南）.md: L:TimeSize<>; 警告：較舊的檔將替換較新的檔
2022-09-18 22:54:54: /003-●專案管理/001-WordPress架設網站/好用網站或外掛推薦.md: L:TimeSize<>; 警告：較舊的檔將替換較新的檔
2022-09-18 22:54:54: /003-●專案管理/001-WordPress架設網站/安裝Astra及有關插件.md: L:TimeSize<>; 警告：較舊的檔將替換較新的檔
2022-09-18 22:54:54: /003-●專案管理/002-練習撰寫文章行銷課程/1110628-網站設計行銷相關.md: L:TimeSize<>; 警告：較舊的檔將替換較新的檔
2022-09-18 22:54:54: /003-●專案管理/002-練習撰寫文章行銷課程/熟練行銷文章架構.md: L:TimeSize<>; 警告：較舊的檔將替換較新的檔
2022-09-18 22:54:54: /003-●專案管理/003-Obsidian學習筆記/1110806-Git及Obsidian同步至手機學習.md: L:TimeSize<>; 警告：較舊的檔將替換較新的檔
2022-09-18 22:54:54: /003-●專案管理/004-AHK學習筆記/AHK-GUI控件相關.md: L:TimeSize<>; 警告：較舊的檔將替換較新的檔
2022-09-18 22:54:54: /003-●專案管理/004-AHK學習筆記/AHK-概述.md: L:TimeSize<>; 警告：較舊的檔將替換較新的檔
2022-09-18 22:54:54: /003-●專案管理/005-投資理財相關/1110813-Thinkorswim軟體介面大綱.md: L:TimeSize<>; 警告：較舊的檔將替換較新的檔
2022-09-18 22:54:54: /003-●專案管理/005-投資理財相關/1110814-Thinkorswim軟體學習心得.md: L:TimeSize<>; 警告：較舊的檔將替換較新的檔
2022-09-18 22:54:54: /003-●專案管理/005-投資理財相關/★架構圖PDF檔/0.總架構.pdf: L:TimeSize<>; 警告：較舊的檔將替換較新的檔
2022-09-18 22:54:54: /003-●專案管理/005-投資理財相關/★架構圖PDF檔/1.凱瑞負責.pdf: L:TimeSize<>; 警告：較舊的檔將替換較新的檔
2022-09-18 22:54:54: /003-●專案管理/005-投資理財相關/★架構圖PDF檔/2.行政協助.pdf: L:TimeSize<>; 警告：較舊的檔將替換較新的檔
2022-09-18 22:54:54: /003-●專案管理/005-投資理財相關/★架構圖PDF檔/3.行銷協助.pdf: L:TimeSize<>; 警告：較舊的檔將替換較新的檔
2022-09-18 22:54:54: /003-●專案管理/005-投資理財相關/★架構圖PDF檔/4.軟硬體協助.pdf: L:TimeSize<>; 警告：較舊的檔將替換較新的檔
2022-09-18 22:54:54: /003-●專案管理/006-Excel學習相關/1110904-Excel比對找尋資料.md: L:TimeSize<>; 警告：較舊的檔將替換較新的檔
2022-09-18 22:54:54: /003-●專案管理/006-Excel學習相關/●練習範例檔/Excel 51.xlsx: L:TimeSize<>; 警告：較舊的檔將替換較新的檔
2022-09-18 22:54:54: /004-●日常生活/001-多媒體知識/001-攝影、錄影/1110821-手機錄影技巧.md: L:TimeSize<>; 警告：較舊的檔將替換較新的檔
2022-09-18 22:54:54: /004-●日常生活/001-多媒體知識/001-攝影、錄影/1110825-Disco Diffusion-AI運算繪圖工具.md: L:TimeSize<>; 警告：較舊的檔將替換較新的檔
2022-09-18 22:54:54: /004-●日常生活/002-隨手不錯的音樂紀錄/歌手.md: L:TimeSize<>; 警告：較舊的檔將替換較新的檔
2022-09-18 22:54:54: /004-●日常生活/002-隨手不錯的音樂紀錄/獨立樂團.md: L:TimeSize<>; 警告：較舊的檔將替換較新的檔
2022-09-18 22:54:54: /004-●日常生活/003-電腦知識/Port（通訊埠）.md: L:TimeSize<>; 警告：較舊的檔將替換較新的檔
2022-09-18 22:54:54: /004-●日常生活/003-電腦知識/Secure Shell（SSH）.md: L:TimeSize<>; 警告：較舊的檔將替換較新的檔
2022-09-18 22:54:54: /004-●日常生活/003-電腦知識/VX3211-4k-mhd相關注意事項.md: L:TimeSize<>; 警告：較舊的檔將替換較新的檔
2022-09-18 22:54:54: /004-●日常生活/003-電腦知識/建構程式語言快捷查詢方式.md: L:TimeSize<>; 警告：較舊的檔將替換較新的檔
2022-09-18 22:54:54: /004-●日常生活/003-電腦知識/正則表達式.md: L:TimeSize<>; 警告：較舊的檔將替換較新的檔
2022-09-18 22:54:54: /004-●日常生活/003-電腦知識/電腦疑難雜症.md: L:TimeSize<>; 警告：較舊的檔將替換較新的檔
2022-09-18 22:54:54: /004-●日常生活/003-電腦知識/電腦知識.md: L:TimeSize<>; 警告：較舊的檔將替換較新的檔
2022-09-18 22:54:54: /004-●日常生活/005-健康知識/1110716-甲狀腺失調調理及預防指南.md: L:TimeSize<>; 警告：較舊的檔將替換較新的檔
2022-09-18 22:54:54: /004-●日常生活/005-健康知識/1110716-腎上腺疲勞調理及預防指南.md: L:TimeSize<>; 警告：較舊的檔將替換較新的檔
2022-09-18 22:54:54: /004-●日常生活/005-健康知識/1110716-認識內分泌與激素.md: L:TimeSize<>; 警告：較舊的檔將替換較新的檔
2022-09-18 22:54:54: /004-●日常生活/005-健康知識/1110717-告別讓人困擾的失眠問題.md: L:TimeSize<>; 警告：較舊的檔將替換較新的檔
2022-09-18 22:54:54: /004-●日常生活/005-健康知識/1110903-青花椰苗種植及購買.md: L:TimeSize<>; 警告：較舊的檔將替換較新的檔
2022-09-18 22:54:54: /004-●日常生活/005-健康知識/現有症狀治療及緩解.md: L:TimeSize<>; 警告：較舊的檔將替換較新的檔
2022-09-18 22:54:54: /004-●日常生活/005-健康知識/身體現況.md: L:TimeSize<>; 警告：較舊的檔將替換較新的檔
2022-09-18 22:54:54: /004-●日常生活/005-健康知識/預防及保養.md: L:TimeSize<>; 警告：較舊的檔將替換較新的檔
2022-09-18 22:54:54: /004-●日常生活/006-婚紗相關/1110709-婚紗拍攝事前確認事項.md: L:TimeSize<>; 警告：較舊的檔將替換較新的檔
2022-09-18 22:54:54: /004-●日常生活/007-修繕、工具知識/學會如何換電容.md: L:TimeSize<>; 警告：較舊的檔將替換較新的檔
2022-09-18 22:54:54: /004-●日常生活/●激勵影片.md: L:TimeSize<>; 警告：較舊的檔將替換較新的檔
2022-09-18 22:54:54: /005-工作相關/1110803-待辦.md: L:TimeSize<>; 警告：較舊的檔將替換較新的檔
2022-09-18 22:54:54: /005-工作相關/1110804-提醒新進短期臨工注意事項.md: L:TimeSize<>; 警告：較舊的檔將替換較新的檔
2022-09-18 22:54:54: /005-工作相關/1110810-新進教師研習.md: L:TimeSize<>; 警告：較舊的檔將替換較新的檔
2022-09-18 22:54:54: /005-工作相關/●已完成/校長遴選座談會及後續工作.md: L:TimeSize<>; 警告：較舊的檔將替換較新的檔
2022-09-18 22:54:54: /005-工作相關/法規紀錄測試.md: L:TimeSize<>; 警告：較舊的檔將替換較新的檔
2022-09-18 22:54:54: /006-DailyNote/2022-05-22_Sun.md: L:TimeSize<>; 警告：較舊的檔將替換較新的檔
2022-09-18 22:54:54: /006-DailyNote/2022-05-24_Tue.md: L:TimeSize<>; 警告：較舊的檔將替換較新的檔
2022-09-18 22:54:54: /006-DailyNote/2022-05-25_Wed.md: L:TimeSize<>; 警告：較舊的檔將替換較新的檔
2022-09-18 22:54:54: /006-DailyNote/2022-05-29_Sun.md: L:TimeSize<>; 警告：較舊的檔將替換較新的檔
2022-09-18 22:54:54: /006-DailyNote/2022-05-30_Mon.md: L:TimeSize<>; 警告：較舊的檔將替換較新的檔
2022-09-18 22:54:54: /006-DailyNote/2022-05-31_Tue.md: L:TimeSize<>; 警告：較舊的檔將替換較新的檔
2022-09-18 22:54:54: /006-DailyNote/2022-06-06_Mon.md: L:TimeSize<>; 警告：較舊的檔將替換較新的檔
2022-09-18 22:54:54: /006-DailyNote/2022-06-07_Tue.md: L:TimeSize<>; 警告：較舊的檔將替換較新的檔
2022-09-18 22:54:54: /006-DailyNote/2022-06-14_Tue.md: L:TimeSize<>; 警告：較舊的檔將替換較新的檔
2022-09-18 22:54:54: /006-DailyNote/2022-06-21_Tue.md: L:TimeSize<>; 警告：較舊的檔將替換較新的檔
2022-09-18 22:54:54: /006-DailyNote/2022-07-19_Tue.md: L:TimeSize<>; 警告：較舊的檔將替換較新的檔
2022-09-18 22:54:54: /006-DailyNote/2022-07-20_Wed.md: L:TimeSize<>; 警告：較舊的檔將替換較新的檔
2022-09-18 22:54:54: /006-DailyNote/2022-07-21_Thu.md: L:TimeSize<>; 警告：較舊的檔將替換較新的檔
2022-09-18 22:54:54: /006-DailyNote/2022-07-24_Sun.md: L:TimeSize<>; 警告：較舊的檔將替換較新的檔
2022-09-18 22:54:54: /006-DailyNote/2022-07-25_Mon.md: L:TimeSize<>; 警告：較舊的檔將替換較新的檔
2022-09-18 22:54:54: /006-DailyNote/2022-08-30_Tue.md: L:TimeSize<>; 警告：較舊的檔將替換較新的檔
2022-09-18 22:54:54: /006-DailyNote/2022-09-01_Thu.md: L:TimeSize<>; 警告：較舊的檔將替換較新的檔
2022-09-18 22:54:54: /006-DailyNote/2022-09-04_Sun.md: L:TimeSize<>; 警告：較舊的檔將替換較新的檔
2022-09-18 22:54:54: /006-DailyNote/2022-09-05_Mon.md: L:TimeSize<>; 警告：較舊的檔將替換較新的檔
2022-09-18 22:54:54: /006-DailyNote/2022-09-06_Tue.md: L:TimeSize<>; 警告：較舊的檔將替換較新的檔
2022-09-18 22:54:54: /006-DailyNote/2022-09-07_Wed.md: L:TimeSize<>; 警告：較舊的檔將替換較新的檔
2022-09-18 22:54:54: /006-DailyNote/template.md: L:TimeSize<>; 警告：較舊的檔將替換較新的檔
2022-09-18 22:54:54: /007-旅遊/1110813-九份行.md: L:TimeSize<>; 警告：較舊的檔將替換較新的檔
2022-09-18 22:54:54: /DashBoard CSS-自行測試.md: L:TimeSize<>; 警告：較舊的檔將替換較新的檔
2022-09-18 22:54:54: /JavaScripts腳本/advanced_uri.js: L:TimeSize<>; 警告：較舊的檔將替換較新的檔
2022-09-18 22:54:54: /README.md: L:TimeSize<>; 警告：較舊的檔將替換較新的檔
2022-09-18 22:54:54: /●圖片庫/CSS-%定義.png: L:TimeSize<>; 警告：較舊的檔將替換較新的檔
2022-09-18 22:54:54: /●圖片庫/CSS-em定義.png: L:TimeSize<>; 警告：較舊的檔將替換較新的檔
2022-09-18 22:54:54: /●圖片庫/CSS-rem定義.png: L:TimeSize<>; 警告：較舊的檔將替換較新的檔
2022-09-18 22:54:54: /●圖片庫/CSS-vw及vh定義.png: L:TimeSize<>; 警告：較舊的檔將替換較新的檔
2022-09-18 22:54:54: /●子彈筆記.md: L:TimeSize<>; 警告：較舊的檔將替換較新的檔
2022-09-18 22:54:54: /●專案管理.md: L:TimeSize<>; 警告：較舊的檔將替換較新的檔
2022-09-18 22:54:54: /●日常生活.md: L:TimeSize<>; 警告：較舊的檔將替換較新的檔
2022-09-18 22:54:54: /●首頁.md: L:TimeSize<>; 警告：較舊的檔將替換較新的檔
2022-09-18 22:54:54: /★按鈕範例.md: L:TimeSize<>; 警告：較舊的檔將替換較新的檔
2022-09-18 22:54:54: 變更：133， 衝突：0， 複製時間：0， 複製狀態：0， 錯誤： 0, All: 566
2022-09-18 22:54:54: Left to Right: Copy File: 132 Delete File: 1 
2022-09-18 22:54:54: == 同步開始由 User Command
2022-09-18 22:54:54: 刪除檔 P:/Obsidian/Hoonsor/004-●日常生活/004-遊戲相關/XGPU雙人遊戲下載.md
2022-09-18 22:54:54: 創建資料夾 P:/Obsidian/Hoonsor/003-●專案管理/006-Excel學習相關/●巨集作品
2022-09-18 22:54:54: 創建資料夾 P:/Obsidian/Hoonsor/003-●專案管理/006-Excel學習相關/●巨集作品/Outlook郵件範本檔
2022-09-18 22:54:54: 創建資料夾 P:/Obsidian/Hoonsor/003-●專案管理/006-Excel學習相關/●練習範例檔/Excel 54
2022-09-18 22:54:54: 覆蓋複製 'D:/02-學習/03-Obsidian/Hoonsor/000-index/!dict.md' -> 'P:/Obsidian/Hoonsor/000-index/!dict.md' (3,409)
2022-09-18 22:54:54: 覆蓋複製 'D:/02-學習/03-Obsidian/Hoonsor/001-Template/Daily Note Template.md' -> 'P:/Obsidian/Hoonsor/001-Template/Daily Note Template.md' (2,783)
2022-09-18 22:54:54: 覆蓋複製 'D:/02-學習/03-Obsidian/Hoonsor/001-Template/Daily Note Tasks.md' -> 'P:/Obsidian/Hoonsor/001-Template/Daily Note Tasks.md' (1,002)
2022-09-18 22:54:55: 覆蓋複製 'D:/02-學習/03-Obsidian/Hoonsor/001-Template/Template-Excel.md' -> 'P:/Obsidian/Hoonsor/001-Template/Template-Excel.md' (71)
2022-09-18 22:54:55: 覆蓋複製 'D:/02-學習/03-Obsidian/Hoonsor/001-Template/Template-SubItem.md' -> 'P:/Obsidian/Hoonsor/001-Template/Template-SubItem.md' (62)
2022-09-18 22:54:55: 覆蓋複製 'D:/02-學習/03-Obsidian/Hoonsor/001-Template/Template-Temporary Mission.md' -> 'P:/Obsidian/Hoonsor/001-Template/Template-Temporary Mission.md' (139)
2022-09-18 22:54:55: 覆蓋複製 'D:/02-學習/03-Obsidian/Hoonsor/001-Template/Template-Travel.md' -> 'P:/Obsidian/Hoonsor/001-Template/Template-Travel.md' (326)
2022-09-18 22:54:55: 覆蓋複製 'D:/02-學習/03-Obsidian/Hoonsor/001-Template/UniversalNote.md' -> 'P:/Obsidian/Hoonsor/001-Template/UniversalNote.md' (1,020)
2022-09-18 22:54:55: 覆蓋複製 'D:/02-學習/03-Obsidian/Hoonsor/003-●專案管理/001-WordPress架設網站/1110721-MAMP教學（在電腦安裝離線版伺服器及WordPress））.md' -> 'P:/Obsidian/Hoonsor/003-●專案管理/001-WordPress架設網站/1110721-MAMP教學（在電腦安裝離線版伺服器及WordPress））.md' (10,484)
2022-09-18 22:54:55: 覆蓋複製 'D:/02-學習/03-Obsidian/Hoonsor/003-●專案管理/001-WordPress架設網站/Astra Pro Theme 教學：WP Portfolio 作品集功能.md' -> 'P:/Obsidian/Hoonsor/003-●專案管理/001-WordPress架設網站/Astra Pro Theme 教學：WP Portfolio 作品集功能.md' (8,752)
2022-09-18 22:54:55: 覆蓋複製 'D:/02-學習/03-Obsidian/Hoonsor/003-●專案管理/001-WordPress架設網站/CSS的概念及學習.md' -> 'P:/Obsidian/Hoonsor/003-●專案管理/001-WordPress架設網站/CSS的概念及學習.md' (5,923)
2022-09-18 22:54:55: 覆蓋複製 'D:/02-學習/03-Obsidian/Hoonsor/003-●專案管理/001-WordPress架設網站/HTML概念及學習.md' -> 'P:/Obsidian/Hoonsor/003-●專案管理/001-WordPress架設網站/HTML概念及學習.md' (1,369)
2022-09-18 22:54:55: 覆蓋複製 'D:/02-學習/03-Obsidian/Hoonsor/003-●專案管理/001-WordPress架設網站/WordPress學習及筆記.md' -> 'P:/Obsidian/Hoonsor/003-●專案管理/001-WordPress架設網站/WordPress學習及筆記.md' (6,301)
2022-09-18 22:54:55: 覆蓋複製 'D:/02-學習/03-Obsidian/Hoonsor/003-●專案管理/001-WordPress架設網站/WordPress是什麼 ？完整介紹評價＋教學範例（入門指南）.md' -> 'P:/Obsidian/Hoonsor/003-●專案管理/001-WordPress架設網站/WordPress是什麼 ？完整介紹評價＋教學範例（入門指南）.md' (45,157)
2022-09-18 22:54:55: 覆蓋複製 'D:/02-學習/03-Obsidian/Hoonsor/003-●專案管理/001-WordPress架設網站/安裝Astra及有關插件.md' -> 'P:/Obsidian/Hoonsor/003-●專案管理/001-WordPress架設網站/安裝Astra及有關插件.md' (1,979)
2022-09-18 22:54:55: 覆蓋複製 'D:/02-學習/03-Obsidian/Hoonsor/003-●專案管理/002-練習撰寫文章行銷課程/1110628-網站設計行銷相關.md' -> 'P:/Obsidian/Hoonsor/003-●專案管理/002-練習撰寫文章行銷課程/1110628-網站設計行銷相關.md' (3,164)
2022-09-18 22:54:55: 覆蓋複製 'D:/02-學習/03-Obsidian/Hoonsor/003-●專案管理/002-練習撰寫文章行銷課程/熟練行銷文章架構.md' -> 'P:/Obsidian/Hoonsor/003-●專案管理/002-練習撰寫文章行銷課程/熟練行銷文章架構.md' (264)
2022-09-18 22:54:55: 覆蓋複製 'D:/02-學習/03-Obsidian/Hoonsor/003-●專案管理/003-Obsidian學習筆記/1110731-DataView插件筆記.md' -> 'P:/Obsidian/Hoonsor/003-●專案管理/003-Obsidian學習筆記/1110731-DataView插件筆記.md' (7,889)
2022-09-18 22:54:55: 覆蓋複製 'D:/02-學習/03-Obsidian/Hoonsor/003-●專案管理/003-Obsidian學習筆記/1110806-Git及Obsidian同步至手機學習.md' -> 'P:/Obsidian/Hoonsor/003-●專案管理/003-Obsidian學習筆記/1110806-Git及Obsidian同步至手機學習.md' (14,800)
2022-09-18 22:54:55: 覆蓋複製 'D:/02-學習/03-Obsidian/Hoonsor/003-●專案管理/003-Obsidian學習筆記/1110906-Obsidian快捷鍵.md' -> 'P:/Obsidian/Hoonsor/003-●專案管理/003-Obsidian學習筆記/1110906-Obsidian快捷鍵.md' (5,383)
2022-09-18 22:54:55: 覆蓋複製 'D:/02-學習/03-Obsidian/Hoonsor/003-●專案管理/003-Obsidian學習筆記/Obsidian概述.md' -> 'P:/Obsidian/Hoonsor/003-●專案管理/003-Obsidian學習筆記/Obsidian概述.md' (1,500)
2022-09-18 22:54:55: 覆蓋複製 'D:/02-學習/03-Obsidian/Hoonsor/003-●專案管理/003-Obsidian學習筆記/Obsidian的任務管理技巧彙總.md' -> 'P:/Obsidian/Hoonsor/003-●專案管理/003-Obsidian學習筆記/Obsidian的任務管理技巧彙總.md' (3,594)
2022-09-18 22:54:55: 覆蓋複製 'D:/02-學習/03-Obsidian/Hoonsor/003-●專案管理/004-AHK學習筆記/AHK-GUI控件相關.md' -> 'P:/Obsidian/Hoonsor/003-●專案管理/004-AHK學習筆記/AHK-GUI控件相關.md' (685)
2022-09-18 22:54:55: 覆蓋複製 'D:/02-學習/03-Obsidian/Hoonsor/003-●專案管理/004-AHK學習筆記/AHK-概述.md' -> 'P:/Obsidian/Hoonsor/003-●專案管理/004-AHK學習筆記/AHK-概述.md' (1,299)
2022-09-18 22:54:55: 覆蓋複製 'D:/02-學習/03-Obsidian/Hoonsor/003-●專案管理/005-投資理財相關/1110813-Thinkorswim軟體介面大綱.md' -> 'P:/Obsidian/Hoonsor/003-●專案管理/005-投資理財相關/1110813-Thinkorswim軟體介面大綱.md' (10,465)
2022-09-18 22:54:55: 覆蓋複製 'D:/02-學習/03-Obsidian/Hoonsor/003-●專案管理/005-投資理財相關/1110814-Thinkorswim軟體學習心得.md' -> 'P:/Obsidian/Hoonsor/003-●專案管理/005-投資理財相關/1110814-Thinkorswim軟體學習心得.md' (3,851)
2022-09-18 22:54:55: 覆蓋複製 'D:/02-學習/03-Obsidian/Hoonsor/003-●專案管理/005-投資理財相關/●投資理財及創業待辦事項.md' -> 'P:/Obsidian/Hoonsor/003-●專案管理/005-投資理財相關/●投資理財及創業待辦事項.md' (3,886)
2022-09-18 22:54:55: 覆蓋複製 'D:/02-學習/03-Obsidian/Hoonsor/003-●專案管理/001-WordPress架設網站/好用網站或外掛推薦.md' -> 'P:/Obsidian/Hoonsor/003-●專案管理/001-WordPress架設網站/好用網站或外掛推薦.md' (1,209)
2022-09-18 22:54:55: 覆蓋複製 'D:/02-學習/03-Obsidian/Hoonsor/003-●專案管理/005-投資理財相關/★架構圖PDF檔/2.行政協助.pdf' -> 'P:/Obsidian/Hoonsor/003-●專案管理/005-投資理財相關/★架構圖PDF檔/2.行政協助.pdf' (93,679)
2022-09-18 22:54:55: 覆蓋複製 'D:/02-學習/03-Obsidian/Hoonsor/003-●專案管理/005-投資理財相關/★架構圖PDF檔/0.總架構.pdf' -> 'P:/Obsidian/Hoonsor/003-●專案管理/005-投資理財相關/★架構圖PDF檔/0.總架構.pdf' (163,919)
2022-09-18 22:54:55: 覆蓋複製 'D:/02-學習/03-Obsidian/Hoonsor/003-●專案管理/005-投資理財相關/★架構圖PDF檔/1.凱瑞負責.pdf' -> 'P:/Obsidian/Hoonsor/003-●專案管理/005-投資理財相關/★架構圖PDF檔/1.凱瑞負責.pdf' (98,330)
2022-09-18 22:54:55: 覆蓋複製 'D:/02-學習/03-Obsidian/Hoonsor/003-●專案管理/006-Excel學習相關/1110904-Excel比對找尋資料.md' -> 'P:/Obsidian/Hoonsor/003-●專案管理/006-Excel學習相關/1110904-Excel比對找尋資料.md' (3,268)
2022-09-18 22:54:55: 新建複製 'D:/02-學習/03-Obsidian/Hoonsor/003-●專案管理/006-Excel學習相關/1110911-Excel VBA學習相關.md' -> 'P:/Obsidian/Hoonsor/003-●專案管理/006-Excel學習相關/1110911-Excel VBA學習相關.md' (7,062)
2022-09-18 22:54:55: 新建複製 'D:/02-學習/03-Obsidian/Hoonsor/003-●專案管理/006-Excel學習相關/1110911-Excel快速合併寄送郵件.md' -> 'P:/Obsidian/Hoonsor/003-●專案管理/006-Excel學習相關/1110911-Excel快速合併寄送郵件.md' (4,177)
2022-09-18 22:54:55: 覆蓋複製 'D:/02-學習/03-Obsidian/Hoonsor/003-●專案管理/005-投資理財相關/★架構圖PDF檔/4.軟硬體協助.pdf' -> 'P:/Obsidian/Hoonsor/003-●專案管理/005-投資理財相關/★架構圖PDF檔/4.軟硬體協助.pdf' (55,646)
2022-09-18 22:54:55: 覆蓋複製 'D:/02-學習/03-Obsidian/Hoonsor/003-●專案管理/005-投資理財相關/★架構圖PDF檔/3.行銷協助.pdf' -> 'P:/Obsidian/Hoonsor/003-●專案管理/005-投資理財相關/★架構圖PDF檔/3.行銷協助.pdf' (66,181)
2022-09-18 22:54:55: 新建複製 'D:/02-學習/03-Obsidian/Hoonsor/003-●專案管理/006-Excel學習相關/●巨集作品/Outlook郵件範本檔/1110911-範本.oft' -> 'P:/Obsidian/Hoonsor/003-●專案管理/006-Excel學習相關/●巨集作品/Outlook郵件範本檔/1110911-範本.oft' (138,752)
2022-09-18 22:54:55: 新建複製 'D:/02-學習/03-Obsidian/Hoonsor/003-●專案管理/006-Excel學習相關/●巨集作品/個別化寄送郵件.xlsm' -> 'P:/Obsidian/Hoonsor/003-●專案管理/006-Excel學習相關/●巨集作品/個別化寄送郵件.xlsm' (20,744)
2022-09-18 22:54:55: 覆蓋複製 'D:/02-學習/03-Obsidian/Hoonsor/003-●專案管理/006-Excel學習相關/●練習範例檔/Excel 51.xlsx' -> 'P:/Obsidian/Hoonsor/003-●專案管理/006-Excel學習相關/●練習範例檔/Excel 51.xlsx' (15,148)
2022-09-18 22:54:55: 新建複製 'D:/02-學習/03-Obsidian/Hoonsor/003-●專案管理/006-Excel學習相關/●練習範例檔/Excel 54/名單.xlsm' -> 'P:/Obsidian/Hoonsor/003-●專案管理/006-Excel學習相關/●練習範例檔/Excel 54/名單.xlsm' (20,745)
2022-09-18 22:54:55: 新建複製 'D:/02-學習/03-Obsidian/Hoonsor/003-●專案管理/006-Excel學習相關/●練習範例檔/Excel 54/Logo.png' -> 'P:/Obsidian/Hoonsor/003-●專案管理/006-Excel學習相關/●練習範例檔/Excel 54/Logo.png' (47,502)
2022-09-18 22:54:55: 新建複製 'D:/02-學習/03-Obsidian/Hoonsor/003-●專案管理/006-Excel學習相關/●練習範例檔/Excel 54/文字檔.txt' -> 'P:/Obsidian/Hoonsor/003-●專案管理/006-Excel學習相關/●練習範例檔/Excel 54/文字檔.txt' (435)
2022-09-18 22:54:55: 新建複製 'D:/02-學習/03-Obsidian/Hoonsor/003-●專案管理/006-Excel學習相關/●練習範例檔/Excel 54/Logo.svg' -> 'P:/Obsidian/Hoonsor/003-●專案管理/006-Excel學習相關/●練習範例檔/Excel 54/Logo.svg' (873)
2022-09-18 22:54:55: 新建複製 'D:/02-學習/03-Obsidian/Hoonsor/003-●專案管理/006-Excel學習相關/●練習範例檔/Excel 54/名單.xlsx' -> 'P:/Obsidian/Hoonsor/003-●專案管理/006-Excel學習相關/●練習範例檔/Excel 54/名單.xlsx' (12,246)
2022-09-18 22:54:55: 新建複製 'D:/02-學習/03-Obsidian/Hoonsor/003-●專案管理/006-Excel學習相關/●練習範例檔/Excel 54/林小玉.pdf' -> 'P:/Obsidian/Hoonsor/003-●專案管理/006-Excel學習相關/●練習範例檔/Excel 54/林小玉.pdf' (281,546)
2022-09-18 22:54:55: 新建複製 'D:/02-學習/03-Obsidian/Hoonsor/003-●專案管理/006-Excel學習相關/●練習範例檔/Excel 54/林阿杰.pdf' -> 'P:/Obsidian/Hoonsor/003-●專案管理/006-Excel學習相關/●練習範例檔/Excel 54/林阿杰.pdf' (281,546)
2022-09-18 22:54:55: 新建複製 'D:/02-學習/03-Obsidian/Hoonsor/003-●專案管理/006-Excel學習相關/●練習範例檔/Excel 54/楊小杉.pdf' -> 'P:/Obsidian/Hoonsor/003-●專案管理/006-Excel學習相關/●練習範例檔/Excel 54/楊小杉.pdf' (281,546)
2022-09-18 22:54:55: 新建複製 'D:/02-學習/03-Obsidian/Hoonsor/003-●專案管理/006-Excel學習相關/●練習範例檔/Excel 54/王小明.pdf' -> 'P:/Obsidian/Hoonsor/003-●專案管理/006-Excel學習相關/●練習範例檔/Excel 54/王小明.pdf' (281,546)
2022-09-18 22:54:55: 覆蓋複製 'D:/02-學習/03-Obsidian/Hoonsor/004-●日常生活/001-多媒體知識/001-攝影、錄影/1110821-手機錄影技巧.md' -> 'P:/Obsidian/Hoonsor/004-●日常生活/001-多媒體知識/001-攝影、錄影/1110821-手機錄影技巧.md' (2,796)
2022-09-18 22:54:55: 新建複製 'D:/02-學習/03-Obsidian/Hoonsor/003-●專案管理/006-Excel學習相關/●練習範例檔/Excel 54/葉小美.pdf' -> 'P:/Obsidian/Hoonsor/003-●專案管理/006-Excel學習相關/●練習範例檔/Excel 54/葉小美.pdf' (281,546)
2022-09-18 22:54:55: 覆蓋複製 'D:/02-學習/03-Obsidian/Hoonsor/004-●日常生活/001-多媒體知識/001-攝影、錄影/1110825-Disco Diffusion-AI運算繪圖工具.md' -> 'P:/Obsidian/Hoonsor/004-●日常生活/001-多媒體知識/001-攝影、錄影/1110825-Disco Diffusion-AI運算繪圖工具.md' (12,737)
2022-09-18 22:54:55: 覆蓋複製 'D:/02-學習/03-Obsidian/Hoonsor/004-●日常生活/002-隨手不錯的音樂紀錄/歌手.md' -> 'P:/Obsidian/Hoonsor/004-●日常生活/002-隨手不錯的音樂紀錄/歌手.md' (483)
2022-09-18 22:54:55: 覆蓋複製 'D:/02-學習/03-Obsidian/Hoonsor/004-●日常生活/002-隨手不錯的音樂紀錄/獨立樂團.md' -> 'P:/Obsidian/Hoonsor/004-●日常生活/002-隨手不錯的音樂紀錄/獨立樂團.md' (555)
2022-09-18 22:54:55: 覆蓋複製 'D:/02-學習/03-Obsidian/Hoonsor/004-●日常生活/003-電腦知識/Port（通訊埠）.md' -> 'P:/Obsidian/Hoonsor/004-●日常生活/003-電腦知識/Port（通訊埠）.md' (6,047)
2022-09-18 22:54:55: 覆蓋複製 'D:/02-學習/03-Obsidian/Hoonsor/004-●日常生活/003-電腦知識/Secure Shell（SSH）.md' -> 'P:/Obsidian/Hoonsor/004-●日常生活/003-電腦知識/Secure Shell（SSH）.md' (16,505)
2022-09-18 22:54:55: 覆蓋複製 'D:/02-學習/03-Obsidian/Hoonsor/004-●日常生活/003-電腦知識/VX3211-4k-mhd相關注意事項.md' -> 'P:/Obsidian/Hoonsor/004-●日常生活/003-電腦知識/VX3211-4k-mhd相關注意事項.md' (1,152)
2022-09-18 22:54:55: 覆蓋複製 'D:/02-學習/03-Obsidian/Hoonsor/004-●日常生活/003-電腦知識/建構程式語言快捷查詢方式.md' -> 'P:/Obsidian/Hoonsor/004-●日常生活/003-電腦知識/建構程式語言快捷查詢方式.md' (844)
2022-09-18 22:54:55: 覆蓋複製 'D:/02-學習/03-Obsidian/Hoonsor/004-●日常生活/003-電腦知識/正則表達式.md' -> 'P:/Obsidian/Hoonsor/004-●日常生活/003-電腦知識/正則表達式.md' (253)
2022-09-18 22:54:55: 覆蓋複製 'D:/02-學習/03-Obsidian/Hoonsor/004-●日常生活/003-電腦知識/電腦疑難雜症.md' -> 'P:/Obsidian/Hoonsor/004-●日常生活/003-電腦知識/電腦疑難雜症.md' (330)
2022-09-18 22:54:55: 新建複製 'D:/02-學習/03-Obsidian/Hoonsor/004-●日常生活/004-遊戲相關/XGPU遊戲下載.md' -> 'P:/Obsidian/Hoonsor/004-●日常生活/004-遊戲相關/XGPU遊戲下載.md' (663)
2022-09-18 22:54:55: 覆蓋複製 'D:/02-學習/03-Obsidian/Hoonsor/004-●日常生活/005-健康知識/1110716-甲狀腺失調調理及預防指南.md' -> 'P:/Obsidian/Hoonsor/004-●日常生活/005-健康知識/1110716-甲狀腺失調調理及預防指南.md' (3,854)
2022-09-18 22:54:55: 覆蓋複製 'D:/02-學習/03-Obsidian/Hoonsor/004-●日常生活/005-健康知識/1110716-腎上腺疲勞調理及預防指南.md' -> 'P:/Obsidian/Hoonsor/004-●日常生活/005-健康知識/1110716-腎上腺疲勞調理及預防指南.md' (2,470)
2022-09-18 22:54:55: 覆蓋複製 'D:/02-學習/03-Obsidian/Hoonsor/004-●日常生活/005-健康知識/1110716-認識內分泌與激素.md' -> 'P:/Obsidian/Hoonsor/004-●日常生活/005-健康知識/1110716-認識內分泌與激素.md' (2,252)
2022-09-18 22:54:55: 新建複製 'D:/02-學習/03-Obsidian/Hoonsor/003-●專案管理/006-Excel學習相關/●練習範例檔/Excel 54/測試.pdf' -> 'P:/Obsidian/Hoonsor/003-●專案管理/006-Excel學習相關/●練習範例檔/Excel 54/測試.pdf' (281,546)
2022-09-18 22:54:55: 覆蓋複製 'D:/02-學習/03-Obsidian/Hoonsor/004-●日常生活/005-健康知識/1110717-告別讓人困擾的失眠問題.md' -> 'P:/Obsidian/Hoonsor/004-●日常生活/005-健康知識/1110717-告別讓人困擾的失眠問題.md' (6,242)
2022-09-18 22:54:55: 覆蓋複製 'D:/02-學習/03-Obsidian/Hoonsor/004-●日常生活/005-健康知識/1110717-能量運動指南.md' -> 'P:/Obsidian/Hoonsor/004-●日常生活/005-健康知識/1110717-能量運動指南.md' (23,059)
2022-09-18 22:54:55: 覆蓋複製 'D:/02-學習/03-Obsidian/Hoonsor/004-●日常生活/003-電腦知識/電腦知識.md' -> 'P:/Obsidian/Hoonsor/004-●日常生活/003-電腦知識/電腦知識.md' (649)
2022-09-18 22:54:55: 覆蓋複製 'D:/02-學習/03-Obsidian/Hoonsor/004-●日常生活/005-健康知識/1110903-青花椰苗種植及購買.md' -> 'P:/Obsidian/Hoonsor/004-●日常生活/005-健康知識/1110903-青花椰苗種植及購買.md' (521)
2022-09-18 22:54:55: 覆蓋複製 'D:/02-學習/03-Obsidian/Hoonsor/004-●日常生活/005-健康知識/現有症狀治療及緩解.md' -> 'P:/Obsidian/Hoonsor/004-●日常生活/005-健康知識/現有症狀治療及緩解.md' (2,202)
2022-09-18 22:54:55: 覆蓋複製 'D:/02-學習/03-Obsidian/Hoonsor/004-●日常生活/005-健康知識/身體現況.md' -> 'P:/Obsidian/Hoonsor/004-●日常生活/005-健康知識/身體現況.md' (2,572)
2022-09-18 22:54:55: 覆蓋複製 'D:/02-學習/03-Obsidian/Hoonsor/004-●日常生活/005-健康知識/預防及保養.md' -> 'P:/Obsidian/Hoonsor/004-●日常生活/005-健康知識/預防及保養.md' (239)
2022-09-18 22:54:55: 覆蓋複製 'D:/02-學習/03-Obsidian/Hoonsor/004-●日常生活/006-婚紗相關/1110709-婚紗拍攝事前確認事項.md' -> 'P:/Obsidian/Hoonsor/004-●日常生活/006-婚紗相關/1110709-婚紗拍攝事前確認事項.md' (290)
2022-09-18 22:54:55: 覆蓋複製 'D:/02-學習/03-Obsidian/Hoonsor/004-●日常生活/007-修繕、工具知識/學會如何換電容.md' -> 'P:/Obsidian/Hoonsor/004-●日常生活/007-修繕、工具知識/學會如何換電容.md' (328)
2022-09-18 22:54:55: 覆蓋複製 'D:/02-學習/03-Obsidian/Hoonsor/004-●日常生活/●日常生活待辦事項.md' -> 'P:/Obsidian/Hoonsor/004-●日常生活/●日常生活待辦事項.md' (1,599)
2022-09-18 22:54:55: 新建複製 'D:/02-學習/03-Obsidian/Hoonsor/004-●日常生活/●日常生活紀錄.md' -> 'P:/Obsidian/Hoonsor/004-●日常生活/●日常生活紀錄.md' (3,193)
2022-09-18 22:54:55: 覆蓋複製 'D:/02-學習/03-Obsidian/Hoonsor/004-●日常生活/●激勵影片.md' -> 'P:/Obsidian/Hoonsor/004-●日常生活/●激勵影片.md' (614)
2022-09-18 22:54:55: 覆蓋複製 'D:/02-學習/03-Obsidian/Hoonsor/005-工作相關/1110803-待辦.md' -> 'P:/Obsidian/Hoonsor/005-工作相關/1110803-待辦.md' (897)
2022-09-18 22:54:55: 覆蓋複製 'D:/02-學習/03-Obsidian/Hoonsor/005-工作相關/1110804-提醒新進短期臨工注意事項.md' -> 'P:/Obsidian/Hoonsor/005-工作相關/1110804-提醒新進短期臨工注意事項.md' (813)
2022-09-18 22:54:55: 覆蓋複製 'D:/02-學習/03-Obsidian/Hoonsor/005-工作相關/1110810-新進教師研習.md' -> 'P:/Obsidian/Hoonsor/005-工作相關/1110810-新進教師研習.md' (12,740)
2022-09-18 22:54:55: 覆蓋複製 'D:/02-學習/03-Obsidian/Hoonsor/005-工作相關/●工作待辦事項.md' -> 'P:/Obsidian/Hoonsor/005-工作相關/●工作待辦事項.md' (20,723)
2022-09-18 22:54:55: 覆蓋複製 'D:/02-學習/03-Obsidian/Hoonsor/005-工作相關/●已完成/校長遴選座談會及後續工作.md' -> 'P:/Obsidian/Hoonsor/005-工作相關/●已完成/校長遴選座談會及後續工作.md' (8,803)
2022-09-18 22:54:55: 覆蓋複製 'D:/02-學習/03-Obsidian/Hoonsor/005-工作相關/法規紀錄測試.md' -> 'P:/Obsidian/Hoonsor/005-工作相關/法規紀錄測試.md' (22,014)
2022-09-18 22:54:55: 覆蓋複製 'D:/02-學習/03-Obsidian/Hoonsor/006-DailyNote/2022-05-22_Sun.md' -> 'P:/Obsidian/Hoonsor/006-DailyNote/2022-05-22_Sun.md' (287)
2022-09-18 22:54:55: 覆蓋複製 'D:/02-學習/03-Obsidian/Hoonsor/006-DailyNote/2022-05-24_Tue.md' -> 'P:/Obsidian/Hoonsor/006-DailyNote/2022-05-24_Tue.md' (604)
2022-09-18 22:54:55: 覆蓋複製 'D:/02-學習/03-Obsidian/Hoonsor/006-DailyNote/2022-05-25_Wed.md' -> 'P:/Obsidian/Hoonsor/006-DailyNote/2022-05-25_Wed.md' (409)
2022-09-18 22:54:55: 覆蓋複製 'D:/02-學習/03-Obsidian/Hoonsor/006-DailyNote/2022-05-29_Sun.md' -> 'P:/Obsidian/Hoonsor/006-DailyNote/2022-05-29_Sun.md' (532)
2022-09-18 22:54:55: 覆蓋複製 'D:/02-學習/03-Obsidian/Hoonsor/006-DailyNote/2022-05-30_Mon.md' -> 'P:/Obsidian/Hoonsor/006-DailyNote/2022-05-30_Mon.md' (475)
2022-09-18 22:54:55: 覆蓋複製 'D:/02-學習/03-Obsidian/Hoonsor/006-DailyNote/2022-05-31_Tue.md' -> 'P:/Obsidian/Hoonsor/006-DailyNote/2022-05-31_Tue.md' (348)
2022-09-18 22:54:55: 覆蓋複製 'D:/02-學習/03-Obsidian/Hoonsor/006-DailyNote/2022-06-06_Mon.md' -> 'P:/Obsidian/Hoonsor/006-DailyNote/2022-06-06_Mon.md' (512)
2022-09-18 22:54:55: 覆蓋複製 'D:/02-學習/03-Obsidian/Hoonsor/006-DailyNote/2022-06-07_Tue.md' -> 'P:/Obsidian/Hoonsor/006-DailyNote/2022-06-07_Tue.md' (459)
2022-09-18 22:54:55: 覆蓋複製 'D:/02-學習/03-Obsidian/Hoonsor/006-DailyNote/2022-06-14_Tue.md' -> 'P:/Obsidian/Hoonsor/006-DailyNote/2022-06-14_Tue.md' (413)
2022-09-18 22:54:55: 覆蓋複製 'D:/02-學習/03-Obsidian/Hoonsor/006-DailyNote/2022-06-21_Tue.md' -> 'P:/Obsidian/Hoonsor/006-DailyNote/2022-06-21_Tue.md' (427)
2022-09-18 22:54:55: 覆蓋複製 'D:/02-學習/03-Obsidian/Hoonsor/006-DailyNote/2022-07-19_Tue.md' -> 'P:/Obsidian/Hoonsor/006-DailyNote/2022-07-19_Tue.md' (471)
2022-09-18 22:54:55: 覆蓋複製 'D:/02-學習/03-Obsidian/Hoonsor/006-DailyNote/2022-07-21_Thu.md' -> 'P:/Obsidian/Hoonsor/006-DailyNote/2022-07-21_Thu.md' (672)
2022-09-18 22:54:55: 覆蓋複製 'D:/02-學習/03-Obsidian/Hoonsor/006-DailyNote/2022-07-20_Wed.md' -> 'P:/Obsidian/Hoonsor/006-DailyNote/2022-07-20_Wed.md' (597)
2022-09-18 22:54:55: 覆蓋複製 'D:/02-學習/03-Obsidian/Hoonsor/006-DailyNote/2022-07-24_Sun.md' -> 'P:/Obsidian/Hoonsor/006-DailyNote/2022-07-24_Sun.md' (626)
2022-09-18 22:54:55: 覆蓋複製 'D:/02-學習/03-Obsidian/Hoonsor/006-DailyNote/2022-07-25_Mon.md' -> 'P:/Obsidian/Hoonsor/006-DailyNote/2022-07-25_Mon.md' (581)
2022-09-18 22:54:55: 覆蓋複製 'D:/02-學習/03-Obsidian/Hoonsor/006-DailyNote/2022-08-30_Tue.md' -> 'P:/Obsidian/Hoonsor/006-DailyNote/2022-08-30_Tue.md' (413)
2022-09-18 22:54:55: 覆蓋複製 'D:/02-學習/03-Obsidian/Hoonsor/006-DailyNote/2022-09-01_Thu.md' -> 'P:/Obsidian/Hoonsor/006-DailyNote/2022-09-01_Thu.md' (413)
2022-09-18 22:54:55: 覆蓋複製 'D:/02-學習/03-Obsidian/Hoonsor/006-DailyNote/2022-09-04_Sun.md' -> 'P:/Obsidian/Hoonsor/006-DailyNote/2022-09-04_Sun.md' (2,109)
2022-09-18 22:54:55: 覆蓋複製 'D:/02-學習/03-Obsidian/Hoonsor/006-DailyNote/2022-09-05_Mon.md' -> 'P:/Obsidian/Hoonsor/006-DailyNote/2022-09-05_Mon.md' (2,238)
2022-09-18 22:54:55: 覆蓋複製 'D:/02-學習/03-Obsidian/Hoonsor/006-DailyNote/2022-09-06_Tue.md' -> 'P:/Obsidian/Hoonsor/006-DailyNote/2022-09-06_Tue.md' (2,216)
2022-09-18 22:54:55: 新建複製 'D:/02-學習/03-Obsidian/Hoonsor/006-DailyNote/2022-09-08_Thu.md' -> 'P:/Obsidian/Hoonsor/006-DailyNote/2022-09-08_Thu.md' (599)
2022-09-18 22:54:55: 覆蓋複製 'D:/02-學習/03-Obsidian/Hoonsor/006-DailyNote/2022-09-07_Wed.md' -> 'P:/Obsidian/Hoonsor/006-DailyNote/2022-09-07_Wed.md' (1,773)
2022-09-18 22:54:55: 新建複製 'D:/02-學習/03-Obsidian/Hoonsor/006-DailyNote/2022-09-09_Fri.md' -> 'P:/Obsidian/Hoonsor/006-DailyNote/2022-09-09_Fri.md' (1,845)
2022-09-18 22:54:55: 新建複製 'D:/02-學習/03-Obsidian/Hoonsor/006-DailyNote/2022-09-10_Sat.md' -> 'P:/Obsidian/Hoonsor/006-DailyNote/2022-09-10_Sat.md' (777)
2022-09-18 22:54:55: 新建複製 'D:/02-學習/03-Obsidian/Hoonsor/006-DailyNote/2022-09-11_Sun.md' -> 'P:/Obsidian/Hoonsor/006-DailyNote/2022-09-11_Sun.md' (2,493)
2022-09-18 22:54:55: 新建複製 'D:/02-學習/03-Obsidian/Hoonsor/006-DailyNote/2022-09-12_Mon.md' -> 'P:/Obsidian/Hoonsor/006-DailyNote/2022-09-12_Mon.md' (2,305)
2022-09-18 22:54:55: 新建複製 'D:/02-學習/03-Obsidian/Hoonsor/006-DailyNote/2022-09-13_Tue.md' -> 'P:/Obsidian/Hoonsor/006-DailyNote/2022-09-13_Tue.md' (827)
2022-09-18 22:54:55: 新建複製 'D:/02-學習/03-Obsidian/Hoonsor/006-DailyNote/2022-09-14_Wed.md' -> 'P:/Obsidian/Hoonsor/006-DailyNote/2022-09-14_Wed.md' (2,597)
2022-09-18 22:54:55: 新建複製 'D:/02-學習/03-Obsidian/Hoonsor/006-DailyNote/2022-09-15_Thu.md' -> 'P:/Obsidian/Hoonsor/006-DailyNote/2022-09-15_Thu.md' (2,449)
2022-09-18 22:54:55: 新建複製 'D:/02-學習/03-Obsidian/Hoonsor/006-DailyNote/2022-09-16_Fri.md' -> 'P:/Obsidian/Hoonsor/006-DailyNote/2022-09-16_Fri.md' (867)
2022-09-18 22:54:55: 新建複製 'D:/02-學習/03-Obsidian/Hoonsor/006-DailyNote/2022-09-17_Sat.md' -> 'P:/Obsidian/Hoonsor/006-DailyNote/2022-09-17_Sat.md' (591)
2022-09-18 22:54:55: 新建複製 'D:/02-學習/03-Obsidian/Hoonsor/006-DailyNote/2022-09-18_Sun.md' -> 'P:/Obsidian/Hoonsor/006-DailyNote/2022-09-18_Sun.md' (2,286)
2022-09-18 22:54:55: 覆蓋複製 'D:/02-學習/03-Obsidian/Hoonsor/006-DailyNote/template.md' -> 'P:/Obsidian/Hoonsor/006-DailyNote/template.md' (412)
2022-09-18 22:54:55: 覆蓋複製 'D:/02-學習/03-Obsidian/Hoonsor/007-旅遊/1110813-九份行.md' -> 'P:/Obsidian/Hoonsor/007-旅遊/1110813-九份行.md' (4,249)
2022-09-18 22:54:55: 覆蓋複製 'D:/02-學習/03-Obsidian/Hoonsor/README.md' -> 'P:/Obsidian/Hoonsor/README.md' (0)
2022-09-18 22:54:55: 覆蓋複製 'D:/02-學習/03-Obsidian/Hoonsor/DashBoard CSS-自行測試.md' -> 'P:/Obsidian/Hoonsor/DashBoard CSS-自行測試.md' (859)
2022-09-18 22:54:55: 覆蓋複製 'D:/02-學習/03-Obsidian/Hoonsor/JavaScripts腳本/advanced_uri.js' -> 'P:/Obsidian/Hoonsor/JavaScripts腳本/advanced_uri.js' (1,113)
2022-09-18 22:54:55: 覆蓋複製 'D:/02-學習/03-Obsidian/Hoonsor/●圖片庫/CSS-em定義.png' -> 'P:/Obsidian/Hoonsor/●圖片庫/CSS-em定義.png' (114,985)
2022-09-18 22:54:55: 覆蓋複製 'D:/02-學習/03-Obsidian/Hoonsor/●圖片庫/CSS-%定義.png' -> 'P:/Obsidian/Hoonsor/●圖片庫/CSS-%定義.png' (148,497)
2022-09-18 22:54:55: 覆蓋複製 'D:/02-學習/03-Obsidian/Hoonsor/●圖片庫/CSS-rem定義.png' -> 'P:/Obsidian/Hoonsor/●圖片庫/CSS-rem定義.png' (72,534)
2022-09-18 22:54:55: 覆蓋複製 'D:/02-學習/03-Obsidian/Hoonsor/●子彈筆記.md' -> 'P:/Obsidian/Hoonsor/●子彈筆記.md' (480)
2022-09-18 22:54:55: 覆蓋複製 'D:/02-學習/03-Obsidian/Hoonsor/●專案管理.md' -> 'P:/Obsidian/Hoonsor/●專案管理.md' (885)
2022-09-18 22:54:55: 覆蓋複製 'D:/02-學習/03-Obsidian/Hoonsor/●日常生活.md' -> 'P:/Obsidian/Hoonsor/●日常生活.md' (606)
2022-09-18 22:54:55: 覆蓋複製 'D:/02-學習/03-Obsidian/Hoonsor/●首頁.md' -> 'P:/Obsidian/Hoonsor/●首頁.md' (3,021)
2022-09-18 22:54:55: 覆蓋複製 'D:/02-學習/03-Obsidian/Hoonsor/★測試各類功能.md' -> 'P:/Obsidian/Hoonsor/★測試各類功能.md' (1,593)
2022-09-18 22:54:55: 覆蓋複製 'D:/02-學習/03-Obsidian/Hoonsor/★按鈕範例.md' -> 'P:/Obsidian/Hoonsor/★按鈕範例.md' (5,797)
2022-09-18 22:54:55: 覆蓋複製 'D:/02-學習/03-Obsidian/Hoonsor/●圖片庫/CSS-vw及vh定義.png' -> 'P:/Obsidian/Hoonsor/●圖片庫/CSS-vw及vh定義.png' (324,124)
2022-09-18 22:54:55: Deleted Recycled: P:/Obsidian/Hoonsor/_gsdata_/_saved_/002-Inbox/1110813-Thinkorswim軟體使用方式.md
2022-09-18 22:54:55: Deleted Recycled: P:/Obsidian/Hoonsor/_gsdata_/_saved_/003-●專案管理/001-WordPress架設網站/好用外掛推薦.md
2022-09-18 22:54:55: Deleted Recycled: P:/Obsidian/Hoonsor/_gsdata_/_saved_/004-●日常生活/001-購物清單/88節購物清單.md
2022-09-18 22:54:55: GsDeleteEmptyFoldersFS: /_gsdata_/_saved_/002-Inbox
2022-09-18 22:54:55: == 同步完成. 歷時: 00:00:01, 速度: 0.00/s, 完成: 133, 錯誤: 0
