2022-12-22 22:03:02: -- 分析開始 Periodic Timer
2022-12-22 22:03:02: /003-●專案管理/001-WordPress架設網站/1110721-MAMP教學（在電腦安裝離線版伺服器及WordPress）.md: 警告：較舊的檔將替換較新的檔
2022-12-22 22:03:02: /003-●專案管理/003-Obsidian學習筆記/1110906-Obsidian快捷鍵.md: 警告：較舊的檔將替換較新的檔
2022-12-22 22:03:02: /004-●日常生活/007-修繕、工具知識/1110925-老屋翻修估價相關.md: 警告：較舊的檔將替換較新的檔
2022-12-22 22:03:02: /004-●日常生活/●購物清單及國外購物注意事項.md: 警告：較舊的檔將替換較新的檔
2022-12-22 22:03:02: /005-工作相關/●工作待辦事項.md: 警告：較舊的檔將替換較新的檔
2022-12-22 22:03:02: /006-DailyNote/2022-12-13_Tue.md: 警告：較舊的檔將替換較新的檔
2022-12-22 22:03:02: /★測試各類功能.md: 警告：較舊的檔將替換較新的檔
2022-12-22 22:03:02: 變更：238， 衝突：0， 複製時間：0， 複製狀態：0， 錯誤： 0, All: 746
2022-12-22 22:03:02: Left to Right: Copy File: 238 
2022-12-22 22:03:02: == 同步開始由 Periodic Timer
2022-12-22 22:03:02: 創建資料夾 P:/Obsidian/Hoonsor/007-旅遊、景點、美食/001-國外旅遊/001-亞洲-日本
2022-12-22 22:03:02: 創建資料夾 P:/Obsidian/Hoonsor/007-旅遊、景點、美食/001-國外旅遊/002-歐洲
2022-12-22 22:03:03: 覆蓋複製 'D:/Obsidian/Hoonsor/001-Template/Daily Note Tasks.md' -> 'P:/Obsidian/Hoonsor/001-Template/Daily Note Tasks.md' (975)
2022-12-22 22:03:03: 覆蓋複製 'D:/Obsidian/Hoonsor/000-index/!dict.md' -> 'P:/Obsidian/Hoonsor/000-index/!dict.md' (3,859)
2022-12-22 22:03:03: 覆蓋複製 'D:/Obsidian/Hoonsor/001-Template/Daily Note Template.md' -> 'P:/Obsidian/Hoonsor/001-Template/Daily Note Template.md' (1,971)
2022-12-22 22:03:03: 覆蓋複製 'D:/Obsidian/Hoonsor/001-Template/Template-Excel.md' -> 'P:/Obsidian/Hoonsor/001-Template/Template-Excel.md' (79)
2022-12-22 22:03:03: 覆蓋複製 'D:/Obsidian/Hoonsor/001-Template/Template-Law.md' -> 'P:/Obsidian/Hoonsor/001-Template/Template-Law.md' (891)
2022-12-22 22:03:03: 覆蓋複製 'D:/Obsidian/Hoonsor/001-Template/Template-SubItem.md' -> 'P:/Obsidian/Hoonsor/001-Template/Template-SubItem.md' (70)
2022-12-22 22:03:03: 覆蓋複製 'D:/Obsidian/Hoonsor/001-Template/Template-Temporary Mission.md' -> 'P:/Obsidian/Hoonsor/001-Template/Template-Temporary Mission.md' (154)
2022-12-22 22:03:03: 覆蓋複製 'D:/Obsidian/Hoonsor/001-Template/Template-Travel.md' -> 'P:/Obsidian/Hoonsor/001-Template/Template-Travel.md' (344)
2022-12-22 22:03:03: 覆蓋複製 'D:/Obsidian/Hoonsor/001-Template/Template-YoutubeMusic.md' -> 'P:/Obsidian/Hoonsor/001-Template/Template-YoutubeMusic.md' (1,673)
2022-12-22 22:03:03: 覆蓋複製 'D:/Obsidian/Hoonsor/001-Template/UniversalNote.md' -> 'P:/Obsidian/Hoonsor/001-Template/UniversalNote.md' (1,052)
2022-12-22 22:03:03: 覆蓋複製 'D:/Obsidian/Hoonsor/003-●專案管理/001-WordPress架設網站/1110721-MAMP教學（在電腦安裝離線版伺服器及WordPress）.md' -> 'P:/Obsidian/Hoonsor/003-●專案管理/001-WordPress架設網站/1110721-MAMP教學（在電腦安裝離線版伺服器及WordPress）.md' (10,925)
2022-12-22 22:03:03: 覆蓋複製 'D:/Obsidian/Hoonsor/003-●專案管理/001-WordPress架設網站/1111012-WordPress架站心得.md' -> 'P:/Obsidian/Hoonsor/003-●專案管理/001-WordPress架設網站/1111012-WordPress架站心得.md' (1,085)
2022-12-22 22:03:03: 覆蓋複製 'D:/Obsidian/Hoonsor/003-●專案管理/001-WordPress架設網站/Astra Pro Theme 教學：WP Portfolio 作品集功能.md' -> 'P:/Obsidian/Hoonsor/003-●專案管理/001-WordPress架設網站/Astra Pro Theme 教學：WP Portfolio 作品集功能.md' (8,752)
2022-12-22 22:03:03: 覆蓋複製 'D:/Obsidian/Hoonsor/003-●專案管理/001-WordPress架設網站/CSS的概念及學習.md' -> 'P:/Obsidian/Hoonsor/003-●專案管理/001-WordPress架設網站/CSS的概念及學習.md' (16,782)
2022-12-22 22:03:03: 覆蓋複製 'D:/Obsidian/Hoonsor/003-●專案管理/001-WordPress架設網站/HTML概念及學習.md' -> 'P:/Obsidian/Hoonsor/003-●專案管理/001-WordPress架設網站/HTML概念及學習.md' (6,923)
2022-12-22 22:03:03: 覆蓋複製 'D:/Obsidian/Hoonsor/003-●專案管理/001-WordPress架設網站/WordPress學習及筆記.md' -> 'P:/Obsidian/Hoonsor/003-●專案管理/001-WordPress架設網站/WordPress學習及筆記.md' (14,889)
2022-12-22 22:03:03: 覆蓋複製 'D:/Obsidian/Hoonsor/003-●專案管理/001-WordPress架設網站/WordPress是什麼 ？完整介紹評價＋教學範例（入門指南）.md' -> 'P:/Obsidian/Hoonsor/003-●專案管理/001-WordPress架設網站/WordPress是什麼 ？完整介紹評價＋教學範例（入門指南）.md' (45,525)
2022-12-22 22:03:03: 覆蓋複製 'D:/Obsidian/Hoonsor/003-●專案管理/001-WordPress架設網站/好用網站或外掛推薦.md' -> 'P:/Obsidian/Hoonsor/003-●專案管理/001-WordPress架設網站/好用網站或外掛推薦.md' (1,212)
2022-12-22 22:03:03: 覆蓋複製 'D:/Obsidian/Hoonsor/003-●專案管理/001-WordPress架設網站/安裝Astra及有關插件.md' -> 'P:/Obsidian/Hoonsor/003-●專案管理/001-WordPress架設網站/安裝Astra及有關插件.md' (1,942)
2022-12-22 22:03:03: 覆蓋複製 'D:/Obsidian/Hoonsor/003-●專案管理/002-練習撰寫文章行銷課程/1110628-網站設計行銷相關.md' -> 'P:/Obsidian/Hoonsor/003-●專案管理/002-練習撰寫文章行銷課程/1110628-網站設計行銷相關.md' (3,164)
2022-12-22 22:03:03: 覆蓋複製 'D:/Obsidian/Hoonsor/003-●專案管理/002-練習撰寫文章行銷課程/1111123-日式創業學.md' -> 'P:/Obsidian/Hoonsor/003-●專案管理/002-練習撰寫文章行銷課程/1111123-日式創業學.md' (4,814)
2022-12-22 22:03:03: 覆蓋複製 'D:/Obsidian/Hoonsor/003-●專案管理/002-練習撰寫文章行銷課程/熟練行銷文章架構.md' -> 'P:/Obsidian/Hoonsor/003-●專案管理/002-練習撰寫文章行銷課程/熟練行銷文章架構.md' (299)
2022-12-22 22:03:03: 覆蓋複製 'D:/Obsidian/Hoonsor/003-●專案管理/003-Obsidian學習筆記/1110731-DataView插件筆記.md' -> 'P:/Obsidian/Hoonsor/003-●專案管理/003-Obsidian學習筆記/1110731-DataView插件筆記.md' (8,357)
2022-12-22 22:03:03: 覆蓋複製 'D:/Obsidian/Hoonsor/003-●專案管理/003-Obsidian學習筆記/1110806-Git及Obsidian同步至手機學習.md' -> 'P:/Obsidian/Hoonsor/003-●專案管理/003-Obsidian學習筆記/1110806-Git及Obsidian同步至手機學習.md' (13,690)
2022-12-22 22:03:03: 覆蓋複製 'D:/Obsidian/Hoonsor/003-●專案管理/003-Obsidian學習筆記/1110906-Obsidian快捷鍵.md' -> 'P:/Obsidian/Hoonsor/003-●專案管理/003-Obsidian學習筆記/1110906-Obsidian快捷鍵.md' (5,988)
2022-12-22 22:03:03: 覆蓋複製 'D:/Obsidian/Hoonsor/003-●專案管理/003-Obsidian學習筆記/Obsidian的任務管理技巧彙總.md' -> 'P:/Obsidian/Hoonsor/003-●專案管理/003-Obsidian學習筆記/Obsidian的任務管理技巧彙總.md' (3,661)
2022-12-22 22:03:03: 覆蓋複製 'D:/Obsidian/Hoonsor/003-●專案管理/003-Obsidian學習筆記/Obsidian統整筆記.md' -> 'P:/Obsidian/Hoonsor/003-●專案管理/003-Obsidian學習筆記/Obsidian統整筆記.md' (15,578)
2022-12-22 22:03:03: 覆蓋複製 'D:/Obsidian/Hoonsor/003-●專案管理/004-AHK學習筆記/AHK-GUI控件相關.md' -> 'P:/Obsidian/Hoonsor/003-●專案管理/004-AHK學習筆記/AHK-GUI控件相關.md' (632)
2022-12-22 22:03:03: 覆蓋複製 'D:/Obsidian/Hoonsor/003-●專案管理/004-AHK學習筆記/AHK-概述.md' -> 'P:/Obsidian/Hoonsor/003-●專案管理/004-AHK學習筆記/AHK-概述.md' (1,279)
2022-12-22 22:03:03: 覆蓋複製 'D:/Obsidian/Hoonsor/003-●專案管理/004-AHK學習筆記/AHK雜程式碼暫存.md' -> 'P:/Obsidian/Hoonsor/003-●專案管理/004-AHK學習筆記/AHK雜程式碼暫存.md' (6,267)
2022-12-22 22:03:03: 覆蓋複製 'D:/Obsidian/Hoonsor/003-●專案管理/005-投資理財相關/1110813-Thinkorswim軟體介面大綱.md' -> 'P:/Obsidian/Hoonsor/003-●專案管理/005-投資理財相關/1110813-Thinkorswim軟體介面大綱.md' (10,731)
2022-12-22 22:03:03: 覆蓋複製 'D:/Obsidian/Hoonsor/003-●專案管理/005-投資理財相關/1110814-Thinkorswim軟體學習心得.md' -> 'P:/Obsidian/Hoonsor/003-●專案管理/005-投資理財相關/1110814-Thinkorswim軟體學習心得.md' (4,042)
2022-12-22 22:03:03: 覆蓋複製 'D:/Obsidian/Hoonsor/003-●專案管理/005-投資理財相關/●投資理財及創業待辦事項.md' -> 'P:/Obsidian/Hoonsor/003-●專案管理/005-投資理財相關/●投資理財及創業待辦事項.md' (4,481)
2022-12-22 22:03:03: 覆蓋複製 'D:/Obsidian/Hoonsor/003-●專案管理/005-投資理財相關/★架構圖PDF檔/0.總架構.pdf' -> 'P:/Obsidian/Hoonsor/003-●專案管理/005-投資理財相關/★架構圖PDF檔/0.總架構.pdf' (163,919)
2022-12-22 22:03:03: 覆蓋複製 'D:/Obsidian/Hoonsor/003-●專案管理/005-投資理財相關/★架構圖PDF檔/2.行政協助.pdf' -> 'P:/Obsidian/Hoonsor/003-●專案管理/005-投資理財相關/★架構圖PDF檔/2.行政協助.pdf' (93,679)
2022-12-22 22:03:03: 覆蓋複製 'D:/Obsidian/Hoonsor/003-●專案管理/005-投資理財相關/★架構圖PDF檔/1.凱瑞負責.pdf' -> 'P:/Obsidian/Hoonsor/003-●專案管理/005-投資理財相關/★架構圖PDF檔/1.凱瑞負責.pdf' (98,330)
2022-12-22 22:03:03: 覆蓋複製 'D:/Obsidian/Hoonsor/003-●專案管理/005-投資理財相關/★架構圖PDF檔/3.行銷協助.pdf' -> 'P:/Obsidian/Hoonsor/003-●專案管理/005-投資理財相關/★架構圖PDF檔/3.行銷協助.pdf' (66,181)
2022-12-22 22:03:03: 覆蓋複製 'D:/Obsidian/Hoonsor/003-●專案管理/005-投資理財相關/★架構圖PDF檔/4.軟硬體協助.pdf' -> 'P:/Obsidian/Hoonsor/003-●專案管理/005-投資理財相關/★架構圖PDF檔/4.軟硬體協助.pdf' (55,646)
2022-12-22 22:03:03: 覆蓋複製 'D:/Obsidian/Hoonsor/003-●專案管理/006-Excel學習相關/1110904-Excel比對找尋資料.md' -> 'P:/Obsidian/Hoonsor/003-●專案管理/006-Excel學習相關/1110904-Excel比對找尋資料.md' (3,731)
2022-12-22 22:03:03: 覆蓋複製 'D:/Obsidian/Hoonsor/003-●專案管理/006-Excel學習相關/1111024-Excel基本操作及函數學習相關.md' -> 'P:/Obsidian/Hoonsor/003-●專案管理/006-Excel學習相關/1111024-Excel基本操作及函數學習相關.md' (4,230)
2022-12-22 22:03:03: 覆蓋複製 'D:/Obsidian/Hoonsor/003-●專案管理/006-Excel學習相關/1110911-Excel快速合併寄送郵件.md' -> 'P:/Obsidian/Hoonsor/003-●專案管理/006-Excel學習相關/1110911-Excel快速合併寄送郵件.md' (4,310)
2022-12-22 22:03:03: 覆蓋複製 'D:/Obsidian/Hoonsor/003-●專案管理/006-Excel學習相關/1110911-Excel VBA學習相關.md' -> 'P:/Obsidian/Hoonsor/003-●專案管理/006-Excel學習相關/1110911-Excel VBA學習相關.md' (22,397)
2022-12-22 22:03:03: 覆蓋複製 'D:/Obsidian/Hoonsor/003-●專案管理/006-Excel學習相關/●巨集作品/Outlook郵件範本檔/1110911-範本.oft' -> 'P:/Obsidian/Hoonsor/003-●專案管理/006-Excel學習相關/●巨集作品/Outlook郵件範本檔/1110911-範本.oft' (138,752)
2022-12-22 22:03:03: 覆蓋複製 'D:/Obsidian/Hoonsor/003-●專案管理/006-Excel學習相關/●巨集作品/個別化寄送郵件.xlsm' -> 'P:/Obsidian/Hoonsor/003-●專案管理/006-Excel學習相關/●巨集作品/個別化寄送郵件.xlsm' (20,744)
2022-12-22 22:03:03: 覆蓋複製 'D:/Obsidian/Hoonsor/003-●專案管理/006-Excel學習相關/●練習範例檔/Excel 51.xlsx' -> 'P:/Obsidian/Hoonsor/003-●專案管理/006-Excel學習相關/●練習範例檔/Excel 51.xlsx' (15,148)
2022-12-22 22:03:03: 覆蓋複製 'D:/Obsidian/Hoonsor/003-●專案管理/006-Excel學習相關/●練習範例檔/Excel 54/Logo.png' -> 'P:/Obsidian/Hoonsor/003-●專案管理/006-Excel學習相關/●練習範例檔/Excel 54/Logo.png' (47,502)
2022-12-22 22:03:03: 覆蓋複製 'D:/Obsidian/Hoonsor/003-●專案管理/006-Excel學習相關/●練習範例檔/Excel 54/Logo.svg' -> 'P:/Obsidian/Hoonsor/003-●專案管理/006-Excel學習相關/●練習範例檔/Excel 54/Logo.svg' (873)
2022-12-22 22:03:03: 覆蓋複製 'D:/Obsidian/Hoonsor/003-●專案管理/006-Excel學習相關/●練習範例檔/Excel 54/名單.xlsm' -> 'P:/Obsidian/Hoonsor/003-●專案管理/006-Excel學習相關/●練習範例檔/Excel 54/名單.xlsm' (20,745)
2022-12-22 22:03:03: 覆蓋複製 'D:/Obsidian/Hoonsor/003-●專案管理/006-Excel學習相關/●練習範例檔/Excel 54/名單.xlsx' -> 'P:/Obsidian/Hoonsor/003-●專案管理/006-Excel學習相關/●練習範例檔/Excel 54/名單.xlsx' (12,246)
2022-12-22 22:03:03: 覆蓋複製 'D:/Obsidian/Hoonsor/003-●專案管理/006-Excel學習相關/●練習範例檔/Excel 54/文字檔.txt' -> 'P:/Obsidian/Hoonsor/003-●專案管理/006-Excel學習相關/●練習範例檔/Excel 54/文字檔.txt' (448)
2022-12-22 22:03:03: 覆蓋複製 'D:/Obsidian/Hoonsor/003-●專案管理/006-Excel學習相關/●練習範例檔/Excel 54/林小玉.pdf' -> 'P:/Obsidian/Hoonsor/003-●專案管理/006-Excel學習相關/●練習範例檔/Excel 54/林小玉.pdf' (281,546)
2022-12-22 22:03:03: 覆蓋複製 'D:/Obsidian/Hoonsor/003-●專案管理/006-Excel學習相關/●練習範例檔/Excel 54/林阿杰.pdf' -> 'P:/Obsidian/Hoonsor/003-●專案管理/006-Excel學習相關/●練習範例檔/Excel 54/林阿杰.pdf' (281,546)
2022-12-22 22:03:03: 覆蓋複製 'D:/Obsidian/Hoonsor/003-●專案管理/006-Excel學習相關/●練習範例檔/Excel 54/楊小杉.pdf' -> 'P:/Obsidian/Hoonsor/003-●專案管理/006-Excel學習相關/●練習範例檔/Excel 54/楊小杉.pdf' (281,546)
2022-12-22 22:03:03: 覆蓋複製 'D:/Obsidian/Hoonsor/003-●專案管理/006-Excel學習相關/●練習範例檔/Excel 54/測試.pdf' -> 'P:/Obsidian/Hoonsor/003-●專案管理/006-Excel學習相關/●練習範例檔/Excel 54/測試.pdf' (281,546)
2022-12-22 22:03:03: 覆蓋複製 'D:/Obsidian/Hoonsor/003-●專案管理/006-Excel學習相關/●練習範例檔/Excel 54/王小明.pdf' -> 'P:/Obsidian/Hoonsor/003-●專案管理/006-Excel學習相關/●練習範例檔/Excel 54/王小明.pdf' (281,546)
2022-12-22 22:03:03: 覆蓋複製 'D:/Obsidian/Hoonsor/003-●專案管理/006-Excel學習相關/●練習範例檔/Excel 54/葉小美.pdf' -> 'P:/Obsidian/Hoonsor/003-●專案管理/006-Excel學習相關/●練習範例檔/Excel 54/葉小美.pdf' (281,546)
2022-12-22 22:03:03: 覆蓋複製 'D:/Obsidian/Hoonsor/003-●專案管理/007-JavaScript學習相關/●Javascript語法學習.md' -> 'P:/Obsidian/Hoonsor/003-●專案管理/007-JavaScript學習相關/●Javascript語法學習.md' (2,553)
2022-12-22 22:03:03: 覆蓋複製 'D:/Obsidian/Hoonsor/004-●日常生活/001-多媒體知識/001-攝影、錄影/1110821-人物攝影構圖標竿學習.md' -> 'P:/Obsidian/Hoonsor/004-●日常生活/001-多媒體知識/001-攝影、錄影/1110821-人物攝影構圖標竿學習.md' (2,522)
2022-12-22 22:03:03: 覆蓋複製 'D:/Obsidian/Hoonsor/004-●日常生活/001-多媒體知識/001-攝影、錄影/1110825-Disco Diffusion-AI運算繪圖工具.md' -> 'P:/Obsidian/Hoonsor/004-●日常生活/001-多媒體知識/001-攝影、錄影/1110825-Disco Diffusion-AI運算繪圖工具.md' (12,996)
2022-12-22 22:03:03: 覆蓋複製 'D:/Obsidian/Hoonsor/004-●日常生活/001-多媒體知識/001-攝影、錄影/1111029-運鏡、手機錄影技巧學習.md' -> 'P:/Obsidian/Hoonsor/004-●日常生活/001-多媒體知識/001-攝影、錄影/1111029-運鏡、手機錄影技巧學習.md' (6,486)
2022-12-22 22:03:03: 覆蓋複製 'D:/Obsidian/Hoonsor/004-●日常生活/002-音樂庫/●歌手.md' -> 'P:/Obsidian/Hoonsor/004-●日常生活/002-音樂庫/●歌手.md' (1,518)
2022-12-22 22:03:03: 覆蓋複製 'D:/Obsidian/Hoonsor/004-●日常生活/002-音樂庫/●獨立樂團.md' -> 'P:/Obsidian/Hoonsor/004-●日常生活/002-音樂庫/●獨立樂團.md' (568)
2022-12-22 22:03:03: 覆蓋複製 'D:/Obsidian/Hoonsor/004-●日常生活/002-音樂庫/滅火器-1945.md' -> 'P:/Obsidian/Hoonsor/004-●日常生活/002-音樂庫/滅火器-1945.md' (474)
2022-12-22 22:03:03: 覆蓋複製 'D:/Obsidian/Hoonsor/004-●日常生活/003-電腦知識/1111210-手機刷機基本教學.md' -> 'P:/Obsidian/Hoonsor/004-●日常生活/003-電腦知識/1111210-手機刷機基本教學.md' (18,657)
2022-12-22 22:03:03: 覆蓋複製 'D:/Obsidian/Hoonsor/004-●日常生活/003-電腦知識/Port（通訊埠）.md' -> 'P:/Obsidian/Hoonsor/004-●日常生活/003-電腦知識/Port（通訊埠）.md' (6,096)
2022-12-22 22:03:03: 覆蓋複製 'D:/Obsidian/Hoonsor/004-●日常生活/003-電腦知識/VX3211-4k-mhd相關注意事項.md' -> 'P:/Obsidian/Hoonsor/004-●日常生活/003-電腦知識/VX3211-4k-mhd相關注意事項.md' (1,181)
2022-12-22 22:03:03: 覆蓋複製 'D:/Obsidian/Hoonsor/004-●日常生活/003-電腦知識/Secure Shell（SSH）.md' -> 'P:/Obsidian/Hoonsor/004-●日常生活/003-電腦知識/Secure Shell（SSH）.md' (16,602)
2022-12-22 22:03:03: 覆蓋複製 'D:/Obsidian/Hoonsor/004-●日常生活/003-電腦知識/建構程式語言快捷查詢方式.md' -> 'P:/Obsidian/Hoonsor/004-●日常生活/003-電腦知識/建構程式語言快捷查詢方式.md' (874)
2022-12-22 22:03:03: 覆蓋複製 'D:/Obsidian/Hoonsor/004-●日常生活/003-電腦知識/正則表達式.md' -> 'P:/Obsidian/Hoonsor/004-●日常生活/003-電腦知識/正則表達式.md' (3,369)
2022-12-22 22:03:03: 覆蓋複製 'D:/Obsidian/Hoonsor/004-●日常生活/003-電腦知識/電腦疑難雜症.md' -> 'P:/Obsidian/Hoonsor/004-●日常生活/003-電腦知識/電腦疑難雜症.md' (468)
2022-12-22 22:03:03: 覆蓋複製 'D:/Obsidian/Hoonsor/004-●日常生活/003-電腦知識/電腦知識.md' -> 'P:/Obsidian/Hoonsor/004-●日常生活/003-電腦知識/電腦知識.md' (931)
2022-12-22 22:03:03: 覆蓋複製 'D:/Obsidian/Hoonsor/004-●日常生活/004-遊戲相關/XGPU遊戲下載.md' -> 'P:/Obsidian/Hoonsor/004-●日常生活/004-遊戲相關/XGPU遊戲下載.md' (678)
2022-12-22 22:03:03: 覆蓋複製 'D:/Obsidian/Hoonsor/004-●日常生活/005-健康知識/1110716-甲狀腺失調調理及預防指南.md' -> 'P:/Obsidian/Hoonsor/004-●日常生活/005-健康知識/1110716-甲狀腺失調調理及預防指南.md' (4,053)
2022-12-22 22:03:03: 覆蓋複製 'D:/Obsidian/Hoonsor/004-●日常生活/005-健康知識/1110716-認識內分泌與激素.md' -> 'P:/Obsidian/Hoonsor/004-●日常生活/005-健康知識/1110716-認識內分泌與激素.md' (2,302)
2022-12-22 22:03:03: 覆蓋複製 'D:/Obsidian/Hoonsor/004-●日常生活/005-健康知識/1110716-腎上腺疲勞調理及預防指南.md' -> 'P:/Obsidian/Hoonsor/004-●日常生活/005-健康知識/1110716-腎上腺疲勞調理及預防指南.md' (2,537)
2022-12-22 22:03:03: 覆蓋複製 'D:/Obsidian/Hoonsor/004-●日常生活/005-健康知識/1110717-告別讓人困擾的失眠問題.md' -> 'P:/Obsidian/Hoonsor/004-●日常生活/005-健康知識/1110717-告別讓人困擾的失眠問題.md' (6,331)
2022-12-22 22:03:03: 覆蓋複製 'D:/Obsidian/Hoonsor/004-●日常生活/005-健康知識/1110717-能量運動指南.md' -> 'P:/Obsidian/Hoonsor/004-●日常生活/005-健康知識/1110717-能量運動指南.md' (23,431)
2022-12-22 22:03:03: 覆蓋複製 'D:/Obsidian/Hoonsor/004-●日常生活/005-健康知識/1110903-青花椰苗種植及購買.md' -> 'P:/Obsidian/Hoonsor/004-●日常生活/005-健康知識/1110903-青花椰苗種植及購買.md' (527)
2022-12-22 22:03:03: 覆蓋複製 'D:/Obsidian/Hoonsor/004-●日常生活/005-健康知識/1110930-種植青花椰苗相關.md' -> 'P:/Obsidian/Hoonsor/004-●日常生活/005-健康知識/1110930-種植青花椰苗相關.md' (576)
2022-12-22 22:03:03: 覆蓋複製 'D:/Obsidian/Hoonsor/004-●日常生活/005-健康知識/1111103-禪坐&氣功心得.md' -> 'P:/Obsidian/Hoonsor/004-●日常生活/005-健康知識/1111103-禪坐&氣功心得.md' (1,453)
2022-12-22 22:03:03: 覆蓋複製 'D:/Obsidian/Hoonsor/004-●日常生活/005-健康知識/現有症狀治療及緩解.md' -> 'P:/Obsidian/Hoonsor/004-●日常生活/005-健康知識/現有症狀治療及緩解.md' (2,202)
2022-12-22 22:03:03: 覆蓋複製 'D:/Obsidian/Hoonsor/004-●日常生活/005-健康知識/身體現況.md' -> 'P:/Obsidian/Hoonsor/004-●日常生活/005-健康知識/身體現況.md' (2,694)
2022-12-22 22:03:03: 覆蓋複製 'D:/Obsidian/Hoonsor/004-●日常生活/005-健康知識/預防及保養.md' -> 'P:/Obsidian/Hoonsor/004-●日常生活/005-健康知識/預防及保養.md' (254)
2022-12-22 22:03:03: 覆蓋複製 'D:/Obsidian/Hoonsor/004-●日常生活/006-婚紗相關/1110709-婚紗拍攝事前確認事項.md' -> 'P:/Obsidian/Hoonsor/004-●日常生活/006-婚紗相關/1110709-婚紗拍攝事前確認事項.md' (465)
2022-12-22 22:03:03: 覆蓋複製 'D:/Obsidian/Hoonsor/004-●日常生活/007-修繕、工具知識/1110925-老屋翻修估價相關.md' -> 'P:/Obsidian/Hoonsor/004-●日常生活/007-修繕、工具知識/1110925-老屋翻修估價相關.md' (7,184)
2022-12-22 22:03:03: 覆蓋複製 'D:/Obsidian/Hoonsor/004-●日常生活/007-修繕、工具知識/1111010-電路板維修（三用電表操作使用）新手教學.md' -> 'P:/Obsidian/Hoonsor/004-●日常生活/007-修繕、工具知識/1111010-電路板維修（三用電表操作使用）新手教學.md' (6,370)
2022-12-22 22:03:03: 覆蓋複製 'D:/Obsidian/Hoonsor/004-●日常生活/007-修繕、工具知識/學會如何換電容.md' -> 'P:/Obsidian/Hoonsor/004-●日常生活/007-修繕、工具知識/學會如何換電容.md' (346)
2022-12-22 22:03:03: 覆蓋複製 'D:/Obsidian/Hoonsor/004-●日常生活/008-雜資料/1111207-買房殺價萬用句.md' -> 'P:/Obsidian/Hoonsor/004-●日常生活/008-雜資料/1111207-買房殺價萬用句.md' (4,764)
2022-12-22 22:03:03: 覆蓋複製 'D:/Obsidian/Hoonsor/004-●日常生活/●日常生活待辦事項.md' -> 'P:/Obsidian/Hoonsor/004-●日常生活/●日常生活待辦事項.md' (3,561)
2022-12-22 22:03:03: 覆蓋複製 'D:/Obsidian/Hoonsor/004-●日常生活/●日常生活紀錄.md' -> 'P:/Obsidian/Hoonsor/004-●日常生活/●日常生活紀錄.md' (11,146)
2022-12-22 22:03:03: 覆蓋複製 'D:/Obsidian/Hoonsor/004-●日常生活/●日記.md' -> 'P:/Obsidian/Hoonsor/004-●日常生活/●日記.md' (2,802)
2022-12-22 22:03:03: 覆蓋複製 'D:/Obsidian/Hoonsor/004-●日常生活/●激勵影片.md' -> 'P:/Obsidian/Hoonsor/004-●日常生活/●激勵影片.md' (621)
2022-12-22 22:03:03: 覆蓋複製 'D:/Obsidian/Hoonsor/004-●日常生活/●購物清單及國外購物注意事項.md' -> 'P:/Obsidian/Hoonsor/004-●日常生活/●購物清單及國外購物注意事項.md' (1,515)
2022-12-22 22:03:03: 覆蓋複製 'D:/Obsidian/Hoonsor/005-工作相關/001-人事法規/●高中以下人事法規彙整.md' -> 'P:/Obsidian/Hoonsor/005-工作相關/001-人事法規/●高中以下人事法規彙整.md' (1,485)
2022-12-22 22:03:03: 覆蓋複製 'D:/Obsidian/Hoonsor/005-工作相關/1110803-待辦.md' -> 'P:/Obsidian/Hoonsor/005-工作相關/1110803-待辦.md' (913)
2022-12-22 22:03:03: 覆蓋複製 'D:/Obsidian/Hoonsor/005-工作相關/001-人事法規/1080605-教師法.md' -> 'P:/Obsidian/Hoonsor/005-工作相關/001-人事法規/1080605-教師法.md' (33,976)
2022-12-22 22:03:03: 覆蓋複製 'D:/Obsidian/Hoonsor/005-工作相關/1110804-提醒新進短期臨工注意事項.md' -> 'P:/Obsidian/Hoonsor/005-工作相關/1110804-提醒新進短期臨工注意事項.md' (813)
2022-12-22 22:03:03: 覆蓋複製 'D:/Obsidian/Hoonsor/005-工作相關/1110810-新進教師研習.md' -> 'P:/Obsidian/Hoonsor/005-工作相關/1110810-新進教師研習.md' (12,897)
2022-12-22 22:03:03: 覆蓋複製 'D:/Obsidian/Hoonsor/005-工作相關/1111028-處理性別工作平等法有關事件注意事項.md' -> 'P:/Obsidian/Hoonsor/005-工作相關/1111028-處理性別工作平等法有關事件注意事項.md' (1,637)
2022-12-22 22:03:03: 覆蓋複製 'D:/Obsidian/Hoonsor/005-工作相關/●工作待辦事項.md' -> 'P:/Obsidian/Hoonsor/005-工作相關/●工作待辦事項.md' (12,909)
2022-12-22 22:03:03: 覆蓋複製 'D:/Obsidian/Hoonsor/005-工作相關/●已完成/校長遴選座談會及後續工作.md' -> 'P:/Obsidian/Hoonsor/005-工作相關/●已完成/校長遴選座談會及後續工作.md' (8,803)
2022-12-22 22:03:03: 覆蓋複製 'D:/Obsidian/Hoonsor/005-工作相關/法規紀錄測試.md' -> 'P:/Obsidian/Hoonsor/005-工作相關/法規紀錄測試.md' (22,034)
2022-12-22 22:03:03: 覆蓋複製 'D:/Obsidian/Hoonsor/006-DailyNote/2022-05-22_Sun.md' -> 'P:/Obsidian/Hoonsor/006-DailyNote/2022-05-22_Sun.md' (287)
2022-12-22 22:03:03: 覆蓋複製 'D:/Obsidian/Hoonsor/006-DailyNote/2022-05-24_Tue.md' -> 'P:/Obsidian/Hoonsor/006-DailyNote/2022-05-24_Tue.md' (604)
2022-12-22 22:03:03: 覆蓋複製 'D:/Obsidian/Hoonsor/006-DailyNote/2022-05-25_Wed.md' -> 'P:/Obsidian/Hoonsor/006-DailyNote/2022-05-25_Wed.md' (409)
2022-12-22 22:03:03: 覆蓋複製 'D:/Obsidian/Hoonsor/006-DailyNote/2022-05-29_Sun.md' -> 'P:/Obsidian/Hoonsor/006-DailyNote/2022-05-29_Sun.md' (532)
2022-12-22 22:03:03: 覆蓋複製 'D:/Obsidian/Hoonsor/006-DailyNote/2022-05-30_Mon.md' -> 'P:/Obsidian/Hoonsor/006-DailyNote/2022-05-30_Mon.md' (499)
2022-12-22 22:03:03: 覆蓋複製 'D:/Obsidian/Hoonsor/006-DailyNote/2022-05-31_Tue.md' -> 'P:/Obsidian/Hoonsor/006-DailyNote/2022-05-31_Tue.md' (370)
2022-12-22 22:03:03: 覆蓋複製 'D:/Obsidian/Hoonsor/006-DailyNote/2022-06-06_Mon.md' -> 'P:/Obsidian/Hoonsor/006-DailyNote/2022-06-06_Mon.md' (512)
2022-12-22 22:03:03: 覆蓋複製 'D:/Obsidian/Hoonsor/006-DailyNote/2022-06-07_Tue.md' -> 'P:/Obsidian/Hoonsor/006-DailyNote/2022-06-07_Tue.md' (481)
2022-12-22 22:03:03: 覆蓋複製 'D:/Obsidian/Hoonsor/006-DailyNote/2022-06-14_Tue.md' -> 'P:/Obsidian/Hoonsor/006-DailyNote/2022-06-14_Tue.md' (436)
2022-12-22 22:03:03: 覆蓋複製 'D:/Obsidian/Hoonsor/006-DailyNote/2022-06-21_Tue.md' -> 'P:/Obsidian/Hoonsor/006-DailyNote/2022-06-21_Tue.md' (427)
2022-12-22 22:03:03: 覆蓋複製 'D:/Obsidian/Hoonsor/006-DailyNote/2022-07-19_Tue.md' -> 'P:/Obsidian/Hoonsor/006-DailyNote/2022-07-19_Tue.md' (497)
2022-12-22 22:03:03: 覆蓋複製 'D:/Obsidian/Hoonsor/006-DailyNote/2022-07-20_Wed.md' -> 'P:/Obsidian/Hoonsor/006-DailyNote/2022-07-20_Wed.md' (597)
2022-12-22 22:03:03: 覆蓋複製 'D:/Obsidian/Hoonsor/006-DailyNote/2022-07-21_Thu.md' -> 'P:/Obsidian/Hoonsor/006-DailyNote/2022-07-21_Thu.md' (672)
2022-12-22 22:03:03: 覆蓋複製 'D:/Obsidian/Hoonsor/006-DailyNote/2022-07-24_Sun.md' -> 'P:/Obsidian/Hoonsor/006-DailyNote/2022-07-24_Sun.md' (626)
2022-12-22 22:03:03: 覆蓋複製 'D:/Obsidian/Hoonsor/006-DailyNote/2022-07-25_Mon.md' -> 'P:/Obsidian/Hoonsor/006-DailyNote/2022-07-25_Mon.md' (611)
2022-12-22 22:03:03: 覆蓋複製 'D:/Obsidian/Hoonsor/006-DailyNote/2022-08-30_Tue.md' -> 'P:/Obsidian/Hoonsor/006-DailyNote/2022-08-30_Tue.md' (439)
2022-12-22 22:03:03: 覆蓋複製 'D:/Obsidian/Hoonsor/006-DailyNote/2022-09-01_Thu.md' -> 'P:/Obsidian/Hoonsor/006-DailyNote/2022-09-01_Thu.md' (439)
2022-12-22 22:03:03: 覆蓋複製 'D:/Obsidian/Hoonsor/006-DailyNote/2022-09-04_Sun.md' -> 'P:/Obsidian/Hoonsor/006-DailyNote/2022-09-04_Sun.md' (2,114)
2022-12-22 22:03:03: 覆蓋複製 'D:/Obsidian/Hoonsor/006-DailyNote/2022-09-05_Mon.md' -> 'P:/Obsidian/Hoonsor/006-DailyNote/2022-09-05_Mon.md' (2,246)
2022-12-22 22:03:03: 覆蓋複製 'D:/Obsidian/Hoonsor/006-DailyNote/2022-09-06_Tue.md' -> 'P:/Obsidian/Hoonsor/006-DailyNote/2022-09-06_Tue.md' (2,223)
2022-12-22 22:03:03: 覆蓋複製 'D:/Obsidian/Hoonsor/006-DailyNote/2022-09-07_Wed.md' -> 'P:/Obsidian/Hoonsor/006-DailyNote/2022-09-07_Wed.md' (1,776)
2022-12-22 22:03:03: 覆蓋複製 'D:/Obsidian/Hoonsor/006-DailyNote/2022-09-08_Thu.md' -> 'P:/Obsidian/Hoonsor/006-DailyNote/2022-09-08_Thu.md' (636)
2022-12-22 22:03:03: 覆蓋複製 'D:/Obsidian/Hoonsor/006-DailyNote/2022-09-09_Fri.md' -> 'P:/Obsidian/Hoonsor/006-DailyNote/2022-09-09_Fri.md' (1,844)
2022-12-22 22:03:03: 覆蓋複製 'D:/Obsidian/Hoonsor/006-DailyNote/2022-09-10_Sat.md' -> 'P:/Obsidian/Hoonsor/006-DailyNote/2022-09-10_Sat.md' (820)
2022-12-22 22:03:03: 覆蓋複製 'D:/Obsidian/Hoonsor/006-DailyNote/2022-09-11_Sun.md' -> 'P:/Obsidian/Hoonsor/006-DailyNote/2022-09-11_Sun.md' (2,506)
2022-12-22 22:03:03: 覆蓋複製 'D:/Obsidian/Hoonsor/006-DailyNote/2022-09-12_Mon.md' -> 'P:/Obsidian/Hoonsor/006-DailyNote/2022-09-12_Mon.md' (2,314)
2022-12-22 22:03:03: 覆蓋複製 'D:/Obsidian/Hoonsor/006-DailyNote/2022-09-13_Tue.md' -> 'P:/Obsidian/Hoonsor/006-DailyNote/2022-09-13_Tue.md' (870)
2022-12-22 22:03:04: 覆蓋複製 'D:/Obsidian/Hoonsor/006-DailyNote/2022-09-16_Fri.md' -> 'P:/Obsidian/Hoonsor/006-DailyNote/2022-09-16_Fri.md' (911)
2022-12-22 22:03:04: 覆蓋複製 'D:/Obsidian/Hoonsor/006-DailyNote/2022-09-15_Thu.md' -> 'P:/Obsidian/Hoonsor/006-DailyNote/2022-09-15_Thu.md' (2,463)
2022-12-22 22:03:04: 覆蓋複製 'D:/Obsidian/Hoonsor/006-DailyNote/2022-09-14_Wed.md' -> 'P:/Obsidian/Hoonsor/006-DailyNote/2022-09-14_Wed.md' (2,611)
2022-12-22 22:03:04: 覆蓋複製 'D:/Obsidian/Hoonsor/006-DailyNote/2022-09-17_Sat.md' -> 'P:/Obsidian/Hoonsor/006-DailyNote/2022-09-17_Sat.md' (629)
2022-12-22 22:03:04: 覆蓋複製 'D:/Obsidian/Hoonsor/006-DailyNote/2022-09-18_Sun.md' -> 'P:/Obsidian/Hoonsor/006-DailyNote/2022-09-18_Sun.md' (2,295)
2022-12-22 22:03:04: 覆蓋複製 'D:/Obsidian/Hoonsor/006-DailyNote/2022-09-19_Mon.md' -> 'P:/Obsidian/Hoonsor/006-DailyNote/2022-09-19_Mon.md' (2,019)
2022-12-22 22:03:04: 覆蓋複製 'D:/Obsidian/Hoonsor/006-DailyNote/2022-09-20_Tue.md' -> 'P:/Obsidian/Hoonsor/006-DailyNote/2022-09-20_Tue.md' (1,896)
2022-12-22 22:03:04: 覆蓋複製 'D:/Obsidian/Hoonsor/006-DailyNote/2022-09-21_Wed.md' -> 'P:/Obsidian/Hoonsor/006-DailyNote/2022-09-21_Wed.md' (1,786)
2022-12-22 22:03:04: 覆蓋複製 'D:/Obsidian/Hoonsor/006-DailyNote/2022-09-22_Thu.md' -> 'P:/Obsidian/Hoonsor/006-DailyNote/2022-09-22_Thu.md' (1,931)
2022-12-22 22:03:04: 覆蓋複製 'D:/Obsidian/Hoonsor/006-DailyNote/2022-09-23_Fri.md' -> 'P:/Obsidian/Hoonsor/006-DailyNote/2022-09-23_Fri.md' (853)
2022-12-22 22:03:04: 覆蓋複製 'D:/Obsidian/Hoonsor/006-DailyNote/2022-09-24_Sat.md' -> 'P:/Obsidian/Hoonsor/006-DailyNote/2022-09-24_Sat.md' (663)
2022-12-22 22:03:04: 覆蓋複製 'D:/Obsidian/Hoonsor/006-DailyNote/2022-09-25_Sun.md' -> 'P:/Obsidian/Hoonsor/006-DailyNote/2022-09-25_Sun.md' (1,442)
2022-12-22 22:03:04: 覆蓋複製 'D:/Obsidian/Hoonsor/006-DailyNote/2022-09-26_Mon.md' -> 'P:/Obsidian/Hoonsor/006-DailyNote/2022-09-26_Mon.md' (1,663)
2022-12-22 22:03:04: 覆蓋複製 'D:/Obsidian/Hoonsor/006-DailyNote/2022-09-27_Tue.md' -> 'P:/Obsidian/Hoonsor/006-DailyNote/2022-09-27_Tue.md' (1,587)
2022-12-22 22:03:04: 覆蓋複製 'D:/Obsidian/Hoonsor/006-DailyNote/2022-09-28_Wed.md' -> 'P:/Obsidian/Hoonsor/006-DailyNote/2022-09-28_Wed.md' (841)
2022-12-22 22:03:04: 覆蓋複製 'D:/Obsidian/Hoonsor/006-DailyNote/2022-09-29_Thu.md' -> 'P:/Obsidian/Hoonsor/006-DailyNote/2022-09-29_Thu.md' (650)
2022-12-22 22:03:04: 覆蓋複製 'D:/Obsidian/Hoonsor/006-DailyNote/2022-09-30_Fri.md' -> 'P:/Obsidian/Hoonsor/006-DailyNote/2022-09-30_Fri.md' (894)
2022-12-22 22:03:04: 覆蓋複製 'D:/Obsidian/Hoonsor/006-DailyNote/2022-10-02_Sun.md' -> 'P:/Obsidian/Hoonsor/006-DailyNote/2022-10-02_Sun.md' (1,353)
2022-12-22 22:03:04: 覆蓋複製 'D:/Obsidian/Hoonsor/006-DailyNote/2022-10-03_Mon.md' -> 'P:/Obsidian/Hoonsor/006-DailyNote/2022-10-03_Mon.md' (1,527)
2022-12-22 22:03:04: 覆蓋複製 'D:/Obsidian/Hoonsor/006-DailyNote/2022-10-04_Tue.md' -> 'P:/Obsidian/Hoonsor/006-DailyNote/2022-10-04_Tue.md' (639)
2022-12-22 22:03:04: 覆蓋複製 'D:/Obsidian/Hoonsor/006-DailyNote/2022-10-05_Wed.md' -> 'P:/Obsidian/Hoonsor/006-DailyNote/2022-10-05_Wed.md' (1,131)
2022-12-22 22:03:04: 覆蓋複製 'D:/Obsidian/Hoonsor/006-DailyNote/2022-10-06_Thu.md' -> 'P:/Obsidian/Hoonsor/006-DailyNote/2022-10-06_Thu.md' (1,087)
2022-12-22 22:03:04: 覆蓋複製 'D:/Obsidian/Hoonsor/006-DailyNote/2022-10-07_Fri.md' -> 'P:/Obsidian/Hoonsor/006-DailyNote/2022-10-07_Fri.md' (823)
2022-12-22 22:03:04: 覆蓋複製 'D:/Obsidian/Hoonsor/006-DailyNote/2022-10-08_Sat.md' -> 'P:/Obsidian/Hoonsor/006-DailyNote/2022-10-08_Sat.md' (829)
2022-12-22 22:03:04: 覆蓋複製 'D:/Obsidian/Hoonsor/006-DailyNote/2022-10-09_Sun.md' -> 'P:/Obsidian/Hoonsor/006-DailyNote/2022-10-09_Sun.md' (835)
2022-12-22 22:03:04: 覆蓋複製 'D:/Obsidian/Hoonsor/006-DailyNote/2022-10-10_Mon.md' -> 'P:/Obsidian/Hoonsor/006-DailyNote/2022-10-10_Mon.md' (1,238)
2022-12-22 22:03:04: 覆蓋複製 'D:/Obsidian/Hoonsor/006-DailyNote/2022-10-11_Tue.md' -> 'P:/Obsidian/Hoonsor/006-DailyNote/2022-10-11_Tue.md' (1,103)
2022-12-22 22:03:04: 覆蓋複製 'D:/Obsidian/Hoonsor/006-DailyNote/2022-10-12_Wed.md' -> 'P:/Obsidian/Hoonsor/006-DailyNote/2022-10-12_Wed.md' (2,039)
2022-12-22 22:03:04: 覆蓋複製 'D:/Obsidian/Hoonsor/006-DailyNote/2022-10-13_Thu.md' -> 'P:/Obsidian/Hoonsor/006-DailyNote/2022-10-13_Thu.md' (816)
2022-12-22 22:03:04: 覆蓋複製 'D:/Obsidian/Hoonsor/006-DailyNote/2022-10-14_Fri.md' -> 'P:/Obsidian/Hoonsor/006-DailyNote/2022-10-14_Fri.md' (1,013)
2022-12-22 22:03:04: 覆蓋複製 'D:/Obsidian/Hoonsor/006-DailyNote/2022-10-16_Sun.md' -> 'P:/Obsidian/Hoonsor/006-DailyNote/2022-10-16_Sun.md' (1,356)
2022-12-22 22:03:04: 覆蓋複製 'D:/Obsidian/Hoonsor/006-DailyNote/2022-10-17_Mon.md' -> 'P:/Obsidian/Hoonsor/006-DailyNote/2022-10-17_Mon.md' (1,695)
2022-12-22 22:03:04: 覆蓋複製 'D:/Obsidian/Hoonsor/006-DailyNote/2022-10-18_Tue.md' -> 'P:/Obsidian/Hoonsor/006-DailyNote/2022-10-18_Tue.md' (1,482)
2022-12-22 22:03:04: 覆蓋複製 'D:/Obsidian/Hoonsor/006-DailyNote/2022-10-22_Sat.md' -> 'P:/Obsidian/Hoonsor/006-DailyNote/2022-10-22_Sat.md' (1,239)
2022-12-22 22:03:04: 覆蓋複製 'D:/Obsidian/Hoonsor/006-DailyNote/2022-10-21_Fri.md' -> 'P:/Obsidian/Hoonsor/006-DailyNote/2022-10-21_Fri.md' (1,156)
2022-12-22 22:03:04: 覆蓋複製 'D:/Obsidian/Hoonsor/006-DailyNote/2022-10-23_Sun.md' -> 'P:/Obsidian/Hoonsor/006-DailyNote/2022-10-23_Sun.md' (976)
2022-12-22 22:03:04: 覆蓋複製 'D:/Obsidian/Hoonsor/006-DailyNote/2022-10-24_Mon.md' -> 'P:/Obsidian/Hoonsor/006-DailyNote/2022-10-24_Mon.md' (1,363)
2022-12-22 22:03:04: 覆蓋複製 'D:/Obsidian/Hoonsor/006-DailyNote/2022-10-26_Wed.md' -> 'P:/Obsidian/Hoonsor/006-DailyNote/2022-10-26_Wed.md' (922)
2022-12-22 22:03:04: 覆蓋複製 'D:/Obsidian/Hoonsor/006-DailyNote/2022-10-25_Tue.md' -> 'P:/Obsidian/Hoonsor/006-DailyNote/2022-10-25_Tue.md' (980)
2022-12-22 22:03:04: 覆蓋複製 'D:/Obsidian/Hoonsor/006-DailyNote/2022-10-27_Thu.md' -> 'P:/Obsidian/Hoonsor/006-DailyNote/2022-10-27_Thu.md' (1,663)
2022-12-22 22:03:04: 覆蓋複製 'D:/Obsidian/Hoonsor/006-DailyNote/2022-10-28_Fri.md' -> 'P:/Obsidian/Hoonsor/006-DailyNote/2022-10-28_Fri.md' (1,034)
2022-12-22 22:03:04: 覆蓋複製 'D:/Obsidian/Hoonsor/006-DailyNote/2022-10-29_Sat.md' -> 'P:/Obsidian/Hoonsor/006-DailyNote/2022-10-29_Sat.md' (669)
2022-12-22 22:03:04: 覆蓋複製 'D:/Obsidian/Hoonsor/006-DailyNote/2022-10-30_Sun.md' -> 'P:/Obsidian/Hoonsor/006-DailyNote/2022-10-30_Sun.md' (1,072)
2022-12-22 22:03:04: 覆蓋複製 'D:/Obsidian/Hoonsor/006-DailyNote/2022-10-31_Mon.md' -> 'P:/Obsidian/Hoonsor/006-DailyNote/2022-10-31_Mon.md' (1,672)
2022-12-22 22:03:04: 覆蓋複製 'D:/Obsidian/Hoonsor/006-DailyNote/2022-11-01_Tue.md' -> 'P:/Obsidian/Hoonsor/006-DailyNote/2022-11-01_Tue.md' (1,172)
2022-12-22 22:03:04: 覆蓋複製 'D:/Obsidian/Hoonsor/006-DailyNote/2022-11-03_Thu.md' -> 'P:/Obsidian/Hoonsor/006-DailyNote/2022-11-03_Thu.md' (930)
2022-12-22 22:03:04: 覆蓋複製 'D:/Obsidian/Hoonsor/006-DailyNote/2022-11-05_Sat.md' -> 'P:/Obsidian/Hoonsor/006-DailyNote/2022-11-05_Sat.md' (1,453)
2022-12-22 22:03:04: 覆蓋複製 'D:/Obsidian/Hoonsor/006-DailyNote/2022-11-04_Fri.md' -> 'P:/Obsidian/Hoonsor/006-DailyNote/2022-11-04_Fri.md' (963)
2022-12-22 22:03:04: 覆蓋複製 'D:/Obsidian/Hoonsor/006-DailyNote/2022-11-06_Sun.md' -> 'P:/Obsidian/Hoonsor/006-DailyNote/2022-11-06_Sun.md' (1,153)
2022-12-22 22:03:04: 覆蓋複製 'D:/Obsidian/Hoonsor/006-DailyNote/2022-11-08_Tue.md' -> 'P:/Obsidian/Hoonsor/006-DailyNote/2022-11-08_Tue.md' (931)
2022-12-22 22:03:04: 覆蓋複製 'D:/Obsidian/Hoonsor/006-DailyNote/2022-11-07_Mon.md' -> 'P:/Obsidian/Hoonsor/006-DailyNote/2022-11-07_Mon.md' (1,113)
2022-12-22 22:03:04: 覆蓋複製 'D:/Obsidian/Hoonsor/006-DailyNote/2022-11-09_Wed.md' -> 'P:/Obsidian/Hoonsor/006-DailyNote/2022-11-09_Wed.md' (937)
2022-12-22 22:03:04: 覆蓋複製 'D:/Obsidian/Hoonsor/006-DailyNote/2022-11-12_Sat.md' -> 'P:/Obsidian/Hoonsor/006-DailyNote/2022-11-12_Sat.md' (950)
2022-12-22 22:03:04: 覆蓋複製 'D:/Obsidian/Hoonsor/006-DailyNote/2022-11-13_Sun.md' -> 'P:/Obsidian/Hoonsor/006-DailyNote/2022-11-13_Sun.md' (973)
2022-12-22 22:03:04: 覆蓋複製 'D:/Obsidian/Hoonsor/006-DailyNote/2022-11-14_Mon.md' -> 'P:/Obsidian/Hoonsor/006-DailyNote/2022-11-14_Mon.md' (949)
2022-12-22 22:03:04: 覆蓋複製 'D:/Obsidian/Hoonsor/006-DailyNote/2022-11-15_Tue.md' -> 'P:/Obsidian/Hoonsor/006-DailyNote/2022-11-15_Tue.md' (913)
2022-12-22 22:03:04: 覆蓋複製 'D:/Obsidian/Hoonsor/006-DailyNote/2022-11-22_Tue.md' -> 'P:/Obsidian/Hoonsor/006-DailyNote/2022-11-22_Tue.md' (847)
2022-12-22 22:03:04: 覆蓋複製 'D:/Obsidian/Hoonsor/006-DailyNote/2022-11-23_Wed.md' -> 'P:/Obsidian/Hoonsor/006-DailyNote/2022-11-23_Wed.md' (972)
2022-12-22 22:03:04: 覆蓋複製 'D:/Obsidian/Hoonsor/006-DailyNote/2022-11-24_Thu.md' -> 'P:/Obsidian/Hoonsor/006-DailyNote/2022-11-24_Thu.md' (969)
2022-12-22 22:03:04: 覆蓋複製 'D:/Obsidian/Hoonsor/006-DailyNote/2022-11-25_Fri.md' -> 'P:/Obsidian/Hoonsor/006-DailyNote/2022-11-25_Fri.md' (716)
2022-12-22 22:03:04: 覆蓋複製 'D:/Obsidian/Hoonsor/006-DailyNote/2022-11-27_Sun.md' -> 'P:/Obsidian/Hoonsor/006-DailyNote/2022-11-27_Sun.md' (1,055)
2022-12-22 22:03:04: 覆蓋複製 'D:/Obsidian/Hoonsor/006-DailyNote/2022-11-28_Mon.md' -> 'P:/Obsidian/Hoonsor/006-DailyNote/2022-11-28_Mon.md' (1,245)
2022-12-22 22:03:04: 覆蓋複製 'D:/Obsidian/Hoonsor/006-DailyNote/2022-11-29_Tue.md' -> 'P:/Obsidian/Hoonsor/006-DailyNote/2022-11-29_Tue.md' (1,346)
2022-12-22 22:03:04: 覆蓋複製 'D:/Obsidian/Hoonsor/006-DailyNote/2022-11-30_Wed.md' -> 'P:/Obsidian/Hoonsor/006-DailyNote/2022-11-30_Wed.md' (808)
2022-12-22 22:03:04: 覆蓋複製 'D:/Obsidian/Hoonsor/006-DailyNote/2022-12-01_Thu.md' -> 'P:/Obsidian/Hoonsor/006-DailyNote/2022-12-01_Thu.md' (933)
2022-12-22 22:03:04: 覆蓋複製 'D:/Obsidian/Hoonsor/006-DailyNote/2022-12-02_Fri.md' -> 'P:/Obsidian/Hoonsor/006-DailyNote/2022-12-02_Fri.md' (1,265)
2022-12-22 22:03:04: 覆蓋複製 'D:/Obsidian/Hoonsor/006-DailyNote/2022-12-04_Sun.md' -> 'P:/Obsidian/Hoonsor/006-DailyNote/2022-12-04_Sun.md' (1,058)
2022-12-22 22:03:04: 覆蓋複製 'D:/Obsidian/Hoonsor/006-DailyNote/2022-12-05_Mon.md' -> 'P:/Obsidian/Hoonsor/006-DailyNote/2022-12-05_Mon.md' (1,002)
2022-12-22 22:03:04: 覆蓋複製 'D:/Obsidian/Hoonsor/006-DailyNote/2022-12-06_Tue.md' -> 'P:/Obsidian/Hoonsor/006-DailyNote/2022-12-06_Tue.md' (1,000)
2022-12-22 22:03:04: 覆蓋複製 'D:/Obsidian/Hoonsor/006-DailyNote/2022-12-07_Wed.md' -> 'P:/Obsidian/Hoonsor/006-DailyNote/2022-12-07_Wed.md' (906)
2022-12-22 22:03:04: 覆蓋複製 'D:/Obsidian/Hoonsor/006-DailyNote/2022-12-08_Thu.md' -> 'P:/Obsidian/Hoonsor/006-DailyNote/2022-12-08_Thu.md' (1,047)
2022-12-22 22:03:04: 覆蓋複製 'D:/Obsidian/Hoonsor/006-DailyNote/2022-12-09_Fri.md' -> 'P:/Obsidian/Hoonsor/006-DailyNote/2022-12-09_Fri.md' (850)
2022-12-22 22:03:04: 覆蓋複製 'D:/Obsidian/Hoonsor/006-DailyNote/2022-12-10_Sat.md' -> 'P:/Obsidian/Hoonsor/006-DailyNote/2022-12-10_Sat.md' (954)
2022-12-22 22:03:04: 覆蓋複製 'D:/Obsidian/Hoonsor/006-DailyNote/2022-12-13_Tue.md' -> 'P:/Obsidian/Hoonsor/006-DailyNote/2022-12-13_Tue.md' (983)
2022-12-22 22:03:04: 覆蓋複製 'D:/Obsidian/Hoonsor/006-DailyNote/2022-12-14_Wed.md' -> 'P:/Obsidian/Hoonsor/006-DailyNote/2022-12-14_Wed.md' (1,027)
2022-12-22 22:03:04: 覆蓋複製 'D:/Obsidian/Hoonsor/006-DailyNote/2022-12-15_Thu.md' -> 'P:/Obsidian/Hoonsor/006-DailyNote/2022-12-15_Thu.md' (806)
2022-12-22 22:03:04: 覆蓋複製 'D:/Obsidian/Hoonsor/006-DailyNote/2022-12-17_Sat.md' -> 'P:/Obsidian/Hoonsor/006-DailyNote/2022-12-17_Sat.md' (747)
2022-12-22 22:03:04: 覆蓋複製 'D:/Obsidian/Hoonsor/006-DailyNote/2022-12-20_Tue.md' -> 'P:/Obsidian/Hoonsor/006-DailyNote/2022-12-20_Tue.md' (1,040)
2022-12-22 22:03:04: 覆蓋複製 'D:/Obsidian/Hoonsor/006-DailyNote/2022-12-21_Wed.md' -> 'P:/Obsidian/Hoonsor/006-DailyNote/2022-12-21_Wed.md' (1,011)
2022-12-22 22:03:04: 覆蓋複製 'D:/Obsidian/Hoonsor/006-DailyNote/template.md' -> 'P:/Obsidian/Hoonsor/006-DailyNote/template.md' (437)
2022-12-22 22:03:04: 覆蓋複製 'D:/Obsidian/Hoonsor/007-旅遊、景點、美食/001-國外旅遊/1111215-蜜月旅行規劃暫存.md' -> 'P:/Obsidian/Hoonsor/007-旅遊、景點、美食/001-國外旅遊/1111215-蜜月旅行規劃暫存.md' (6,101)
2022-12-22 22:03:04: 覆蓋複製 'D:/Obsidian/Hoonsor/007-旅遊、景點、美食/1110813-九份行.md' -> 'P:/Obsidian/Hoonsor/007-旅遊、景點、美食/1110813-九份行.md' (4,353)
2022-12-22 22:03:04: 覆蓋複製 'D:/Obsidian/Hoonsor/007-旅遊、景點、美食/1111119-高雄遊.md' -> 'P:/Obsidian/Hoonsor/007-旅遊、景點、美食/1111119-高雄遊.md' (1,194)
2022-12-22 22:03:04: 覆蓋複製 'D:/Obsidian/Hoonsor/007-旅遊、景點、美食/●美食.md' -> 'P:/Obsidian/Hoonsor/007-旅遊、景點、美食/●美食.md' (331)
2022-12-22 22:03:04: 覆蓋複製 'D:/Obsidian/Hoonsor/1110925-老屋翻修估價相關_image_1.png' -> 'P:/Obsidian/Hoonsor/1110925-老屋翻修估價相關_image_1.png' (1,002,873)
2022-12-22 22:03:04: > 覆蓋複製 'D:/Obsidian/Hoonsor/1111029-運鏡、手機錄影技巧學習_image_1.gif' -> 'P:/Obsidian/Hoonsor/1111029-運鏡、手機錄影技巧學習_image_1.gif' (1,920,101)
2022-12-22 22:03:04: 覆蓋複製 'D:/Obsidian/Hoonsor/1110925-老屋翻修估價相關_image_2.png' -> 'P:/Obsidian/Hoonsor/1110925-老屋翻修估價相關_image_2.png' (886,602)
2022-12-22 22:03:04: 覆蓋複製 'D:/Obsidian/Hoonsor/1111004-性騷擾防治三法講座.md' -> 'P:/Obsidian/Hoonsor/1111004-性騷擾防治三法講座.md' (5,635)
2022-12-22 22:03:04: < 覆蓋複製 'D:/Obsidian/Hoonsor/1111029-運鏡、手機錄影技巧學習_image_1.gif' -> 'P:/Obsidian/Hoonsor/1111029-運鏡、手機錄影技巧學習_image_1.gif' (1,920,101)
2022-12-22 22:03:04: 覆蓋複製 'D:/Obsidian/Hoonsor/1111201.md' -> 'P:/Obsidian/Hoonsor/1111201.md' (51)
2022-12-22 22:03:04: 覆蓋複製 'D:/Obsidian/Hoonsor/DashBoard CSS-自行測試.md' -> 'P:/Obsidian/Hoonsor/DashBoard CSS-自行測試.md' (895)
2022-12-22 22:03:04: 覆蓋複製 'D:/Obsidian/Hoonsor/JavaScripts腳本/advanced_uri.js' -> 'P:/Obsidian/Hoonsor/JavaScripts腳本/advanced_uri.js' (1,113)
2022-12-22 22:03:04: > 覆蓋複製 'D:/Obsidian/Hoonsor/Unused_Attachments.zip' -> 'P:/Obsidian/Hoonsor/Unused_Attachments.zip' (4,619,002)
2022-12-22 22:03:04: 覆蓋複製 'D:/Obsidian/Hoonsor/read.md' -> 'P:/Obsidian/Hoonsor/read.md' (860)
2022-12-22 22:03:04: 覆蓋複製 'D:/Obsidian/Hoonsor/README.md' -> 'P:/Obsidian/Hoonsor/README.md' (0)
2022-12-22 22:03:04: 覆蓋複製 'D:/Obsidian/Hoonsor/●圖片庫/CSS-%定義.png' -> 'P:/Obsidian/Hoonsor/●圖片庫/CSS-%定義.png' (148,497)
2022-12-22 22:03:04: < 覆蓋複製 'D:/Obsidian/Hoonsor/Unused_Attachments.zip' -> 'P:/Obsidian/Hoonsor/Unused_Attachments.zip' (4,619,002)
2022-12-22 22:03:04: 覆蓋複製 'D:/Obsidian/Hoonsor/●圖片庫/CSS-em定義.png' -> 'P:/Obsidian/Hoonsor/●圖片庫/CSS-em定義.png' (114,985)
2022-12-22 22:03:04: 覆蓋複製 'D:/Obsidian/Hoonsor/●圖片庫/CSS-rem定義.png' -> 'P:/Obsidian/Hoonsor/●圖片庫/CSS-rem定義.png' (72,534)
2022-12-22 22:03:04: 覆蓋複製 'D:/Obsidian/Hoonsor/●圖片庫/CSS-vw及vh定義.png' -> 'P:/Obsidian/Hoonsor/●圖片庫/CSS-vw及vh定義.png' (324,124)
2022-12-22 22:03:04: 覆蓋複製 'D:/Obsidian/Hoonsor/●圖片庫/Wow-gif.gif' -> 'P:/Obsidian/Hoonsor/●圖片庫/Wow-gif.gif' (870,128)
2022-12-22 22:03:04: 覆蓋複製 'D:/Obsidian/Hoonsor/●子彈筆記.md' -> 'P:/Obsidian/Hoonsor/●子彈筆記.md' (480)
2022-12-22 22:03:04: 覆蓋複製 'D:/Obsidian/Hoonsor/●專案管理.md' -> 'P:/Obsidian/Hoonsor/●專案管理.md' (891)
2022-12-22 22:03:04: 覆蓋複製 'D:/Obsidian/Hoonsor/●日常生活.md' -> 'P:/Obsidian/Hoonsor/●日常生活.md' (697)
2022-12-22 22:03:04: 覆蓋複製 'D:/Obsidian/Hoonsor/●首頁.md' -> 'P:/Obsidian/Hoonsor/●首頁.md' (3,033)
2022-12-22 22:03:04: 覆蓋複製 'D:/Obsidian/Hoonsor/★按鈕範例.md' -> 'P:/Obsidian/Hoonsor/★按鈕範例.md' (6,016)
2022-12-22 22:03:04: 覆蓋複製 'D:/Obsidian/Hoonsor/★測試各類功能.md' -> 'P:/Obsidian/Hoonsor/★測試各類功能.md' (3,767)
2022-12-22 22:03:04: 覆蓋複製 'D:/Obsidian/Hoonsor/★靈感筆記.md' -> 'P:/Obsidian/Hoonsor/★靈感筆記.md' (1,957)
2022-12-22 22:03:04: 覆蓋複製 'D:/Obsidian/Hoonsor/教師法.md' -> 'P:/Obsidian/Hoonsor/教師法.md' (92,664)
2022-12-22 22:03:04: == 同步完成. 歷時: 00:00:02, 速度: 0.00/s, 完成: 238, 錯誤: 0
