2022-08-01 08:10:04: -- 分析開始 User Command
2022-08-01 08:10:04: 變更：25， 衝突：0， 複製時間：0， 複製狀態：0， 錯誤： 0, All: 292
2022-08-01 08:10:04: Right to Left: Copy File: 24 Delete File: 1 
2022-08-01 08:10:04: == 同步開始由 User Command
2022-08-01 08:10:04: 刪除檔 D:/Obsidian/Hoonsor/測試各類功能.md
2022-08-01 08:10:05: 新建複製 'P:/Obsidian/Hoonsor/002-Inbox/001-SubItem/CSS的概念及學習.md' -> 'D:/Obsidian/Hoonsor/002-Inbox/001-SubItem/CSS的概念及學習.md' (4,301)
2022-08-01 08:10:05: 覆蓋複製 'P:/Obsidian/Hoonsor/000-index/!dict.md' -> 'D:/Obsidian/Hoonsor/000-index/!dict.md' (2,437)
2022-08-01 08:10:05: 新建複製 'P:/Obsidian/Hoonsor/002-Inbox/001-SubItem/HTML概念及學習.md' -> 'D:/Obsidian/Hoonsor/002-Inbox/001-SubItem/HTML概念及學習.md' (1,346)
2022-08-01 08:10:05: 覆蓋複製 'P:/Obsidian/Hoonsor/001-Template/UniversalNote.md' -> 'D:/Obsidian/Hoonsor/001-Template/UniversalNote.md' (1,020)
2022-08-01 08:10:06: 新建複製 'P:/Obsidian/Hoonsor/002-Inbox/001-SubItem/WordPress學習及筆記.md' -> 'D:/Obsidian/Hoonsor/002-Inbox/001-SubItem/WordPress學習及筆記.md' (336)
2022-08-01 08:10:06: 覆蓋複製 'P:/Obsidian/Hoonsor/002-Inbox/001-SubItem/獨立樂團.md' -> 'D:/Obsidian/Hoonsor/002-Inbox/001-SubItem/獨立樂團.md' (305)
2022-08-01 08:10:06: 新建複製 'P:/Obsidian/Hoonsor/002-Inbox/001-SubItem/好用外掛推薦.md' -> 'D:/Obsidian/Hoonsor/002-Inbox/001-SubItem/好用外掛推薦.md' (347)
2022-08-01 08:10:06: 覆蓋複製 'P:/Obsidian/Hoonsor/002-Inbox/1110628-網站設計行銷相關.md' -> 'D:/Obsidian/Hoonsor/002-Inbox/1110628-網站設計行銷相關.md' (3,123)
2022-08-01 08:10:06: 覆蓋複製 'P:/Obsidian/Hoonsor/002-Inbox/1110716-甲狀腺失調調理及預防指南.md' -> 'D:/Obsidian/Hoonsor/002-Inbox/1110716-甲狀腺失調調理及預防指南.md' (3,092)
2022-08-01 08:10:06: 覆蓋複製 'P:/Obsidian/Hoonsor/002-Inbox/1110716-腎上腺疲勞調理及預防指南.md' -> 'D:/Obsidian/Hoonsor/002-Inbox/1110716-腎上腺疲勞調理及預防指南.md' (2,096)
2022-08-01 08:10:06: 覆蓋複製 'P:/Obsidian/Hoonsor/002-Inbox/1110716-認識內分泌與激素.md' -> 'D:/Obsidian/Hoonsor/002-Inbox/1110716-認識內分泌與激素.md' (1,951)
2022-08-01 08:10:06: 覆蓋複製 'P:/Obsidian/Hoonsor/002-Inbox/1110717-告別讓人困擾的失眠問題.md' -> 'D:/Obsidian/Hoonsor/002-Inbox/1110717-告別讓人困擾的失眠問題.md' (6,190)
2022-08-01 08:10:06: 覆蓋複製 'P:/Obsidian/Hoonsor/002-Inbox/1110717-能量運動指南.md' -> 'D:/Obsidian/Hoonsor/002-Inbox/1110717-能量運動指南.md' (23,018)
2022-08-01 08:10:06: 覆蓋複製 'P:/Obsidian/Hoonsor/002-Inbox/1110721-MAMP教學（在電腦安裝離線版伺服器及WordPress））.md' -> 'D:/Obsidian/Hoonsor/002-Inbox/1110721-MAMP教學（在電腦安裝離線版伺服器及WordPress））.md' (10,435)
2022-08-01 08:10:07: 覆蓋複製 'P:/Obsidian/Hoonsor/002-Inbox/Astra Pro Theme 教學：WP Portfolio 作品集功能.md' -> 'D:/Obsidian/Hoonsor/002-Inbox/Astra Pro Theme 教學：WP Portfolio 作品集功能.md' (8,644)
2022-08-01 08:10:07: 覆蓋複製 'P:/Obsidian/Hoonsor/002-Inbox/Obsidian的任務管理技巧彙總.md' -> 'D:/Obsidian/Hoonsor/002-Inbox/Obsidian的任務管理技巧彙總.md' (2,363)
2022-08-01 08:10:07: 新建複製 'P:/Obsidian/Hoonsor/002-Inbox/1110731-DataView插件筆記.md' -> 'D:/Obsidian/Hoonsor/002-Inbox/1110731-DataView插件筆記.md' (5,607)
2022-08-01 08:10:07: 覆蓋複製 'P:/Obsidian/Hoonsor/002-Inbox/Port（通訊埠）.md' -> 'D:/Obsidian/Hoonsor/002-Inbox/Port（通訊埠）.md' (6,047)
2022-08-01 08:10:07: 覆蓋複製 'P:/Obsidian/Hoonsor/002-Inbox/Secure Shell（SSH）.md' -> 'D:/Obsidian/Hoonsor/002-Inbox/Secure Shell（SSH）.md' (16,505)
2022-08-01 08:10:07: 新建複製 'P:/Obsidian/Hoonsor/002-Inbox/★測試各類功能.md' -> 'D:/Obsidian/Hoonsor/002-Inbox/★測試各類功能.md' (2,287)
2022-08-01 08:10:07: 覆蓋複製 'P:/Obsidian/Hoonsor/Untitled.md' -> 'D:/Obsidian/Hoonsor/Untitled.md' (3,893)
2022-08-01 08:10:08: 覆蓋複製 'P:/Obsidian/Hoonsor/●子彈筆記.md' -> 'D:/Obsidian/Hoonsor/●子彈筆記.md' (345)
2022-08-01 08:10:08: 覆蓋複製 'P:/Obsidian/Hoonsor/●專案管理.md' -> 'D:/Obsidian/Hoonsor/●專案管理.md' (699)
2022-08-01 08:10:08: 覆蓋複製 'P:/Obsidian/Hoonsor/002-Inbox/WordPress是什麼 ？完整介紹評價＋教學範例（入門指南）.md' -> 'D:/Obsidian/Hoonsor/002-Inbox/WordPress是什麼 ？完整介紹評價＋教學範例（入門指南）.md' (45,157)
2022-08-01 08:10:08: Deleted Recycled: D:/Obsidian/Hoonsor/_gsdata_/_saved_/ImagineDragons - Nothing left to say.md
2022-08-01 08:10:08: Deleted Recycled: D:/Obsidian/Hoonsor/_gsdata_/_saved_/Markdown Tutorial.md
2022-08-01 08:10:08: Deleted Recycled: D:/Obsidian/Hoonsor/_gsdata_/_saved_/OneRepublic - Counting Stars.md
2022-08-01 08:10:08: Deleted Recycled: D:/Obsidian/Hoonsor/_gsdata_/_saved_/OneRepublic.md
2022-08-01 08:10:08: Deleted Recycled: D:/Obsidian/Hoonsor/_gsdata_/_saved_/Untitled mindmap.md
2022-08-01 08:10:08: Deleted Recycled: D:/Obsidian/Hoonsor/_gsdata_/_saved_/dict test image 1.svg
2022-08-01 08:10:08: Deleted Recycled: D:/Obsidian/Hoonsor/_gsdata_/_saved_/dict test image 2.png
2022-08-01 08:10:08: Deleted Recycled: D:/Obsidian/Hoonsor/_gsdata_/_saved_/dict test.md
2022-08-01 08:10:08: Deleted Recycled: D:/Obsidian/Hoonsor/_gsdata_/_saved_/www.google.com.md
2022-08-01 08:10:08: Deleted Recycled: D:/Obsidian/Hoonsor/_gsdata_/_saved_/中打英打練習.md
2022-08-01 08:10:08: Deleted Recycled: D:/Obsidian/Hoonsor/_gsdata_/_saved_/原聲帶.md
2022-08-01 08:10:08: Deleted Recycled: D:/Obsidian/Hoonsor/_gsdata_/_saved_/悲壯.md
2022-08-01 08:10:08: Deleted Recycled: D:/Obsidian/Hoonsor/_gsdata_/_saved_/情緒抒發.md
2022-08-01 08:10:08: Deleted Recycled: D:/Obsidian/Hoonsor/_gsdata_/_saved_/按鈕範例.md
2022-08-01 08:10:08: Deleted Recycled: D:/Obsidian/Hoonsor/_gsdata_/_saved_/洗腦.md
2022-08-01 08:10:08: Deleted Recycled: D:/Obsidian/Hoonsor/_gsdata_/_saved_/活力.md
2022-08-01 08:10:08: Deleted Recycled: D:/Obsidian/Hoonsor/_gsdata_/_saved_/浪漫.md
2022-08-01 08:10:08: Deleted Recycled: D:/Obsidian/Hoonsor/_gsdata_/_saved_/激勵人心.md
2022-08-01 08:10:08: Deleted Recycled: D:/Obsidian/Hoonsor/_gsdata_/_saved_/英文歌.md
2022-08-01 08:10:08: Deleted Recycled: D:/Obsidian/Hoonsor/_gsdata_/_saved_/華語歌.md
2022-08-01 08:10:08: == 同步完成. 歷時: 00:00:04, 速度: 410.39 KB/s, 完成: 25, 錯誤: 0
