2022-09-01 19:23:26: -- 分析開始 User Command
2022-09-01 19:23:26: /003-●專案管理/005-投資理財相關/●投資理財及創業待辦事項.md: 衝突: 新檔有變化
2022-09-01 19:23:26: /003-●專案管理/005-投資理財相關/★架構圖PDF檔/0.總架構.pdf: 衝突: 新檔有變化
2022-09-01 19:23:26: /003-●專案管理/005-投資理財相關/★架構圖PDF檔/1.凱瑞負責.pdf: 衝突: 新檔有變化
2022-09-01 19:23:26: /003-●專案管理/005-投資理財相關/★架構圖PDF檔/2.行政協助.pdf: 衝突: 新檔有變化
2022-09-01 19:23:26: /003-●專案管理/005-投資理財相關/★架構圖PDF檔/3.行銷協助.pdf: 衝突: 新檔有變化
2022-09-01 19:23:26: /003-●專案管理/005-投資理財相關/★架構圖PDF檔/4.軟硬體協助.pdf: 衝突: 新檔有變化
2022-09-01 19:23:26: /004-●日常生活/●日常生活待辦事項.md: L:TimeSize<>; 衝突：檔兩側都進行了改動
2022-09-01 19:23:26: /005-工作相關/●工作待辦事項.md: L:TimeSize<>; 衝突：檔兩側都進行了改動
2022-09-01 19:23:26: /006-DailyNote/2022-07-25_Mon.md: L:TimeSize<>; 衝突：檔兩側都進行了改動
2022-09-01 19:23:26: /006-DailyNote/2022-08-30_Tue.md: 衝突: 新檔有變化
2022-09-01 19:23:26: /006-DailyNote/template.md: L:TimeSize<>; 衝突：檔兩側都進行了改動
2022-09-01 19:23:26: /DashBoard CSS-自行測試.md: L:TimeSize<>; 衝突：檔兩側都進行了改動
2022-09-01 19:23:26: /000-index/!dict.md: 警告：較舊的檔將替換較新的檔
2022-09-01 19:23:26: /001-Template/Template-SubItem.md: 警告：較舊的檔將替換較新的檔
2022-09-01 19:23:26: /001-Template/Template-Temporary Mission.md: 警告：較舊的檔將替換較新的檔
2022-09-01 19:23:26: /001-Template/Template-Travel.md: 警告：較舊的檔將替換較新的檔
2022-09-01 19:23:26: /001-Template/UniversalNote.md: 警告：較舊的檔將替換較新的檔
2022-09-01 19:23:26: /003-●專案管理/001-WordPress架設網站/1110721-MAMP教學（在電腦安裝離線版伺服器及WordPress））.md: 警告：較舊的檔將替換較新的檔
2022-09-01 19:23:26: /003-●專案管理/001-WordPress架設網站/Astra Pro Theme 教學：WP Portfolio 作品集功能.md: 警告：較舊的檔將替換較新的檔
2022-09-01 19:23:26: /003-●專案管理/001-WordPress架設網站/CSS的概念及學習.md: 警告：較舊的檔將替換較新的檔
2022-09-01 19:23:26: /003-●專案管理/001-WordPress架設網站/HTML概念及學習.md: 警告：較舊的檔將替換較新的檔
2022-09-01 19:23:26: /003-●專案管理/001-WordPress架設網站/WordPress學習及筆記.md: 警告：較舊的檔將替換較新的檔
2022-09-01 19:23:26: /003-●專案管理/001-WordPress架設網站/WordPress是什麼 ？完整介紹評價＋教學範例（入門指南）.md: 警告：較舊的檔將替換較新的檔
2022-09-01 19:23:26: /003-●專案管理/001-WordPress架設網站/安裝Astra及有關插件.md: 警告：較舊的檔將替換較新的檔
2022-09-01 19:23:26: /003-●專案管理/002-練習撰寫文章行銷課程/1110628-網站設計行銷相關.md: 警告：較舊的檔將替換較新的檔
2022-09-01 19:23:26: /003-●專案管理/002-練習撰寫文章行銷課程/熟練行銷文章架構.md: 警告：較舊的檔將替換較新的檔
2022-09-01 19:23:26: /003-●專案管理/003-Obsidian學習筆記/1110731-DataView插件筆記.md: 警告：較舊的檔將替換較新的檔
2022-09-01 19:23:26: /003-●專案管理/003-Obsidian學習筆記/1110806-Git及Obsidian同步至手機學習.md: 警告：較舊的檔將替換較新的檔
2022-09-01 19:23:26: /003-●專案管理/003-Obsidian學習筆記/Obsidian概述.md: 警告：較舊的檔將替換較新的檔
2022-09-01 19:23:26: /003-●專案管理/003-Obsidian學習筆記/Obsidian的任務管理技巧彙總.md: 警告：較舊的檔將替換較新的檔
2022-09-01 19:23:26: /003-●專案管理/004-AHK學習筆記/AHK-GUI控件相關.md: 警告：較舊的檔將替換較新的檔
2022-09-01 19:23:26: /003-●專案管理/004-AHK學習筆記/AHK-概述.md: 警告：較舊的檔將替換較新的檔
2022-09-01 19:23:26: /003-●專案管理/005-投資理財相關/1110813-Thinkorswim軟體介面大綱.md: 警告：較舊的檔將替換較新的檔
2022-09-01 19:23:26: /003-●專案管理/005-投資理財相關/1110814-Thinkorswim軟體學習心得.md: 警告：較舊的檔將替換較新的檔
2022-09-01 19:23:26: /004-●日常生活/001-多媒體知識/001-攝影、錄影/1110821-手機錄影技巧.md: 警告：較舊的檔將替換較新的檔
2022-09-01 19:23:26: /004-●日常生活/001-多媒體知識/001-攝影、錄影/1110825-Disco Diffusion-AI運算繪圖工具.md: 警告：較舊的檔將替換較新的檔
2022-09-01 19:23:26: /004-●日常生活/002-隨手不錯的音樂紀錄/歌手.md: 警告：較舊的檔將替換較新的檔
2022-09-01 19:23:26: /004-●日常生活/002-隨手不錯的音樂紀錄/獨立樂團.md: 警告：較舊的檔將替換較新的檔
2022-09-01 19:23:26: /004-●日常生活/003-電腦知識/Port（通訊埠）.md: 警告：較舊的檔將替換較新的檔
2022-09-01 19:23:26: /004-●日常生活/003-電腦知識/Secure Shell（SSH）.md: 警告：較舊的檔將替換較新的檔
2022-09-01 19:23:26: /004-●日常生活/003-電腦知識/VX3211-4k-mhd相關注意事項.md: 警告：較舊的檔將替換較新的檔
2022-09-01 19:23:26: /004-●日常生活/003-電腦知識/建構程式語言快捷查詢方式.md: 警告：較舊的檔將替換較新的檔
2022-09-01 19:23:26: /004-●日常生活/003-電腦知識/正則表達式.md: 警告：較舊的檔將替換較新的檔
2022-09-01 19:23:26: /004-●日常生活/003-電腦知識/電腦疑難雜症.md: 警告：較舊的檔將替換較新的檔
2022-09-01 19:23:26: /004-●日常生活/003-電腦知識/電腦知識.md: 警告：較舊的檔將替換較新的檔
2022-09-01 19:23:26: /004-●日常生活/004-遊戲相關/XGPU雙人遊戲下載.md: 警告：較舊的檔將替換較新的檔
2022-09-01 19:23:26: /004-●日常生活/005-健康知識/1110716-甲狀腺失調調理及預防指南.md: 警告：較舊的檔將替換較新的檔
2022-09-01 19:23:26: /004-●日常生活/005-健康知識/1110716-腎上腺疲勞調理及預防指南.md: 警告：較舊的檔將替換較新的檔
2022-09-01 19:23:26: /004-●日常生活/005-健康知識/1110716-認識內分泌與激素.md: 警告：較舊的檔將替換較新的檔
2022-09-01 19:23:26: /004-●日常生活/005-健康知識/1110717-告別讓人困擾的失眠問題.md: 警告：較舊的檔將替換較新的檔
2022-09-01 19:23:26: /004-●日常生活/005-健康知識/1110717-能量運動指南.md: 警告：較舊的檔將替換較新的檔
2022-09-01 19:23:26: /004-●日常生活/005-健康知識/現有症狀治療及緩解.md: 警告：較舊的檔將替換較新的檔
2022-09-01 19:23:26: /004-●日常生活/005-健康知識/身體現況.md: 警告：較舊的檔將替換較新的檔
2022-09-01 19:23:26: /004-●日常生活/005-健康知識/預防及保養.md: 警告：較舊的檔將替換較新的檔
2022-09-01 19:23:26: /004-●日常生活/006-婚紗相關/1110709-婚紗拍攝事前確認事項.md: 警告：較舊的檔將替換較新的檔
2022-09-01 19:23:26: /004-●日常生活/007-修繕、工具知識/學會如何換電容.md: 警告：較舊的檔將替換較新的檔
2022-09-01 19:23:26: /004-●日常生活/●激勵影片.md: 警告：較舊的檔將替換較新的檔
2022-09-01 19:23:26: /005-工作相關/1110803-待辦.md: 警告：較舊的檔將替換較新的檔
2022-09-01 19:23:26: /005-工作相關/1110804-提醒新進短期臨工注意事項.md: 警告：較舊的檔將替換較新的檔
2022-09-01 19:23:26: /005-工作相關/1110810-新進教師研習.md: 警告：較舊的檔將替換較新的檔
2022-09-01 19:23:26: /005-工作相關/●已完成/校長遴選座談會及後續工作.md: 警告：較舊的檔將替換較新的檔
2022-09-01 19:23:26: /005-工作相關/法規紀錄測試.md: 警告：較舊的檔將替換較新的檔
2022-09-01 19:23:26: /006-DailyNote/2022-05-22_Sun.md: 警告：較舊的檔將替換較新的檔
2022-09-01 19:23:26: /006-DailyNote/2022-05-24_Tue.md: 警告：較舊的檔將替換較新的檔
2022-09-01 19:23:26: /006-DailyNote/2022-05-25_Wed.md: 警告：較舊的檔將替換較新的檔
2022-09-01 19:23:26: /006-DailyNote/2022-05-29_Sun.md: 警告：較舊的檔將替換較新的檔
2022-09-01 19:23:26: /006-DailyNote/2022-05-30_Mon.md: 警告：較舊的檔將替換較新的檔
2022-09-01 19:23:26: /006-DailyNote/2022-05-31_Tue.md: 警告：較舊的檔將替換較新的檔
2022-09-01 19:23:26: /006-DailyNote/2022-06-06_Mon.md: 警告：較舊的檔將替換較新的檔
2022-09-01 19:23:26: /006-DailyNote/2022-06-07_Tue.md: 警告：較舊的檔將替換較新的檔
2022-09-01 19:23:26: /006-DailyNote/2022-06-14_Tue.md: 警告：較舊的檔將替換較新的檔
2022-09-01 19:23:26: /006-DailyNote/2022-06-21_Tue.md: 警告：較舊的檔將替換較新的檔
2022-09-01 19:23:26: /006-DailyNote/2022-07-19_Tue.md: 警告：較舊的檔將替換較新的檔
2022-09-01 19:23:26: /006-DailyNote/2022-07-20_Wed.md: 警告：較舊的檔將替換較新的檔
2022-09-01 19:23:26: /006-DailyNote/2022-07-21_Thu.md: 警告：較舊的檔將替換較新的檔
2022-09-01 19:23:26: /006-DailyNote/2022-07-24_Sun.md: 警告：較舊的檔將替換較新的檔
2022-09-01 19:23:26: /007-旅遊/1110813-九份行.md: 警告：較舊的檔將替換較新的檔
2022-09-01 19:23:26: /JavaScripts腳本/advanced_uri.js: 警告：較舊的檔將替換較新的檔
2022-09-01 19:23:26: /README.md: 警告：較舊的檔將替換較新的檔
2022-09-01 19:23:26: /●圖片庫/CSS-%定義.png: 警告：較舊的檔將替換較新的檔
2022-09-01 19:23:26: /●圖片庫/CSS-em定義.png: 警告：較舊的檔將替換較新的檔
2022-09-01 19:23:26: /●圖片庫/CSS-rem定義.png: 警告：較舊的檔將替換較新的檔
2022-09-01 19:23:26: /●圖片庫/CSS-vw及vh定義.png: 警告：較舊的檔將替換較新的檔
2022-09-01 19:23:26: /●子彈筆記.md: 警告：較舊的檔將替換較新的檔
2022-09-01 19:23:26: /●專案管理.md: 警告：較舊的檔將替換較新的檔
2022-09-01 19:23:26: /●日常生活.md: 警告：較舊的檔將替換較新的檔
2022-09-01 19:23:26: /★按鈕範例.md: 警告：較舊的檔將替換較新的檔
2022-09-01 19:23:26: /★測試各類功能.md: 警告：較舊的檔將替換較新的檔
2022-09-01 19:23:26: 變更：90， 衝突：0， 複製時間：0， 複製狀態：1， 錯誤： 0, All: 514
2022-09-01 19:23:26: Left to Right: Copy File: 3 
2022-09-01 19:23:26: Right to Left: Copy File: 87 
2022-09-01 19:23:26: == 同步開始由 User Command
2022-09-01 19:23:26: 覆蓋複製 'P:/Obsidian/Hoonsor/001-Template/Template-Temporary Mission.md' -> 'D:/02-學習/03-Obsidian/Hoonsor/001-Template/Template-Temporary Mission.md' (139)
2022-09-01 19:23:26: 覆蓋複製 'P:/Obsidian/Hoonsor/001-Template/Template-SubItem.md' -> 'D:/02-學習/03-Obsidian/Hoonsor/001-Template/Template-SubItem.md' (62)
2022-09-01 19:23:26: 覆蓋複製 'P:/Obsidian/Hoonsor/000-index/!dict.md' -> 'D:/02-學習/03-Obsidian/Hoonsor/000-index/!dict.md' (2,567)
2022-09-01 19:23:26: 覆蓋複製 'P:/Obsidian/Hoonsor/001-Template/Template-Travel.md' -> 'D:/02-學習/03-Obsidian/Hoonsor/001-Template/Template-Travel.md' (344)
2022-09-01 19:23:26: 覆蓋複製 'P:/Obsidian/Hoonsor/001-Template/UniversalNote.md' -> 'D:/02-學習/03-Obsidian/Hoonsor/001-Template/UniversalNote.md' (1,020)
2022-09-01 19:23:26: 覆蓋複製 'P:/Obsidian/Hoonsor/003-●專案管理/001-WordPress架設網站/Astra Pro Theme 教學：WP Portfolio 作品集功能.md' -> 'D:/02-學習/03-Obsidian/Hoonsor/003-●專案管理/001-WordPress架設網站/Astra Pro Theme 教學：WP Portfolio 作品集功能.md' (8,752)
2022-09-01 19:23:26: 覆蓋複製 'P:/Obsidian/Hoonsor/003-●專案管理/001-WordPress架設網站/CSS的概念及學習.md' -> 'D:/02-學習/03-Obsidian/Hoonsor/003-●專案管理/001-WordPress架設網站/CSS的概念及學習.md' (5,923)
2022-09-01 19:23:26: 覆蓋複製 'P:/Obsidian/Hoonsor/003-●專案管理/001-WordPress架設網站/1110721-MAMP教學（在電腦安裝離線版伺服器及WordPress））.md' -> 'D:/02-學習/03-Obsidian/Hoonsor/003-●專案管理/001-WordPress架設網站/1110721-MAMP教學（在電腦安裝離線版伺服器及WordPress））.md' (10,435)
2022-09-01 19:23:26: 覆蓋複製 'P:/Obsidian/Hoonsor/003-●專案管理/001-WordPress架設網站/HTML概念及學習.md' -> 'D:/02-學習/03-Obsidian/Hoonsor/003-●專案管理/001-WordPress架設網站/HTML概念及學習.md' (1,369)
2022-09-01 19:23:26: 覆蓋複製 'P:/Obsidian/Hoonsor/003-●專案管理/001-WordPress架設網站/WordPress學習及筆記.md' -> 'D:/02-學習/03-Obsidian/Hoonsor/003-●專案管理/001-WordPress架設網站/WordPress學習及筆記.md' (961)
2022-09-01 19:23:26: 覆蓋複製 'P:/Obsidian/Hoonsor/003-●專案管理/001-WordPress架設網站/WordPress是什麼 ？完整介紹評價＋教學範例（入門指南）.md' -> 'D:/02-學習/03-Obsidian/Hoonsor/003-●專案管理/001-WordPress架設網站/WordPress是什麼 ？完整介紹評價＋教學範例（入門指南）.md' (45,157)
2022-09-01 19:23:26: 覆蓋複製 'P:/Obsidian/Hoonsor/003-●專案管理/001-WordPress架設網站/好用網站或外掛推薦.md' -> 'D:/02-學習/03-Obsidian/Hoonsor/003-●專案管理/001-WordPress架設網站/好用網站或外掛推薦.md' (1,209)
2022-09-01 19:23:26: 覆蓋複製 'P:/Obsidian/Hoonsor/003-●專案管理/001-WordPress架設網站/安裝Astra及有關插件.md' -> 'D:/02-學習/03-Obsidian/Hoonsor/003-●專案管理/001-WordPress架設網站/安裝Astra及有關插件.md' (1,979)
2022-09-01 19:23:26: 覆蓋複製 'P:/Obsidian/Hoonsor/003-●專案管理/003-Obsidian學習筆記/1110731-DataView插件筆記.md' -> 'D:/02-學習/03-Obsidian/Hoonsor/003-●專案管理/003-Obsidian學習筆記/1110731-DataView插件筆記.md' (6,107)
2022-09-01 19:23:26: 覆蓋複製 'P:/Obsidian/Hoonsor/003-●專案管理/003-Obsidian學習筆記/1110806-Git及Obsidian同步至手機學習.md' -> 'D:/02-學習/03-Obsidian/Hoonsor/003-●專案管理/003-Obsidian學習筆記/1110806-Git及Obsidian同步至手機學習.md' (14,800)
2022-09-01 19:23:26: 覆蓋複製 'P:/Obsidian/Hoonsor/003-●專案管理/003-Obsidian學習筆記/Obsidian概述.md' -> 'D:/02-學習/03-Obsidian/Hoonsor/003-●專案管理/003-Obsidian學習筆記/Obsidian概述.md' (645)
2022-09-01 19:23:26: 覆蓋複製 'P:/Obsidian/Hoonsor/003-●專案管理/002-練習撰寫文章行銷課程/熟練行銷文章架構.md' -> 'D:/02-學習/03-Obsidian/Hoonsor/003-●專案管理/002-練習撰寫文章行銷課程/熟練行銷文章架構.md' (264)
2022-09-01 19:23:26: 覆蓋複製 'P:/Obsidian/Hoonsor/003-●專案管理/002-練習撰寫文章行銷課程/1110628-網站設計行銷相關.md' -> 'D:/02-學習/03-Obsidian/Hoonsor/003-●專案管理/002-練習撰寫文章行銷課程/1110628-網站設計行銷相關.md' (3,164)
2022-09-01 19:23:26: 覆蓋複製 'P:/Obsidian/Hoonsor/003-●專案管理/003-Obsidian學習筆記/Obsidian的任務管理技巧彙總.md' -> 'D:/02-學習/03-Obsidian/Hoonsor/003-●專案管理/003-Obsidian學習筆記/Obsidian的任務管理技巧彙總.md' (2,363)
2022-09-01 19:23:26: 覆蓋複製 'P:/Obsidian/Hoonsor/003-●專案管理/004-AHK學習筆記/AHK-概述.md' -> 'D:/02-學習/03-Obsidian/Hoonsor/003-●專案管理/004-AHK學習筆記/AHK-概述.md' (1,344)
2022-09-01 19:23:26: 覆蓋複製 'P:/Obsidian/Hoonsor/003-●專案管理/004-AHK學習筆記/AHK-GUI控件相關.md' -> 'D:/02-學習/03-Obsidian/Hoonsor/003-●專案管理/004-AHK學習筆記/AHK-GUI控件相關.md' (659)
2022-09-01 19:23:26: 覆蓋複製 'P:/Obsidian/Hoonsor/003-●專案管理/005-投資理財相關/1110813-Thinkorswim軟體介面大綱.md' -> 'D:/02-學習/03-Obsidian/Hoonsor/003-●專案管理/005-投資理財相關/1110813-Thinkorswim軟體介面大綱.md' (10,739)
2022-09-01 19:23:26: 覆蓋複製 'P:/Obsidian/Hoonsor/003-●專案管理/005-投資理財相關/1110814-Thinkorswim軟體學習心得.md' -> 'D:/02-學習/03-Obsidian/Hoonsor/003-●專案管理/005-投資理財相關/1110814-Thinkorswim軟體學習心得.md' (3,757)
2022-09-01 19:23:27: 覆蓋複製 'P:/Obsidian/Hoonsor/003-●專案管理/005-投資理財相關/★架構圖PDF檔/0.總架構.pdf' -> 'D:/02-學習/03-Obsidian/Hoonsor/003-●專案管理/005-投資理財相關/★架構圖PDF檔/0.總架構.pdf' (163,919)
2022-09-01 19:23:27: 覆蓋複製 'P:/Obsidian/Hoonsor/003-●專案管理/005-投資理財相關/★架構圖PDF檔/1.凱瑞負責.pdf' -> 'D:/02-學習/03-Obsidian/Hoonsor/003-●專案管理/005-投資理財相關/★架構圖PDF檔/1.凱瑞負責.pdf' (98,330)
2022-09-01 19:23:27: 覆蓋複製 'P:/Obsidian/Hoonsor/003-●專案管理/005-投資理財相關/★架構圖PDF檔/2.行政協助.pdf' -> 'D:/02-學習/03-Obsidian/Hoonsor/003-●專案管理/005-投資理財相關/★架構圖PDF檔/2.行政協助.pdf' (93,679)
2022-09-01 19:23:27: 覆蓋複製 'P:/Obsidian/Hoonsor/003-●專案管理/005-投資理財相關/★架構圖PDF檔/3.行銷協助.pdf' -> 'D:/02-學習/03-Obsidian/Hoonsor/003-●專案管理/005-投資理財相關/★架構圖PDF檔/3.行銷協助.pdf' (66,181)
2022-09-01 19:23:27: 覆蓋複製 'P:/Obsidian/Hoonsor/003-●專案管理/005-投資理財相關/★架構圖PDF檔/4.軟硬體協助.pdf' -> 'D:/02-學習/03-Obsidian/Hoonsor/003-●專案管理/005-投資理財相關/★架構圖PDF檔/4.軟硬體協助.pdf' (55,646)
2022-09-01 19:23:27: 覆蓋複製 'P:/Obsidian/Hoonsor/004-●日常生活/001-多媒體知識/001-攝影、錄影/1110821-手機錄影技巧.md' -> 'D:/02-學習/03-Obsidian/Hoonsor/004-●日常生活/001-多媒體知識/001-攝影、錄影/1110821-手機錄影技巧.md' (2,854)
2022-09-01 19:23:27: 覆蓋複製 'P:/Obsidian/Hoonsor/004-●日常生活/001-多媒體知識/001-攝影、錄影/1110825-Disco Diffusion-AI運算繪圖工具.md' -> 'D:/02-學習/03-Obsidian/Hoonsor/004-●日常生活/001-多媒體知識/001-攝影、錄影/1110825-Disco Diffusion-AI運算繪圖工具.md' (12,801)
2022-09-01 19:23:27: P:/Obsidian/Hoonsor/004-●日常生活/002-隨手不錯的音樂紀錄/歌手.md: Source file has changed between Analyze and Sync from '[file] size=500 accu-time=2022-08-18 08:27:59 attr= cktype=0' to 'size=483 time=2022-08-17 21:06:58', noted in source file state
2022-09-01 19:23:27: 覆蓋複製 'P:/Obsidian/Hoonsor/004-●日常生活/002-隨手不錯的音樂紀錄/歌手.md' -> 'D:/02-學習/03-Obsidian/Hoonsor/004-●日常生活/002-隨手不錯的音樂紀錄/歌手.md' (500)
2022-09-01 19:23:27: 覆蓋複製 'P:/Obsidian/Hoonsor/004-●日常生活/002-隨手不錯的音樂紀錄/獨立樂團.md' -> 'D:/02-學習/03-Obsidian/Hoonsor/004-●日常生活/002-隨手不錯的音樂紀錄/獨立樂團.md' (555)
2022-09-01 19:23:27: 覆蓋複製 'P:/Obsidian/Hoonsor/004-●日常生活/003-電腦知識/Port（通訊埠）.md' -> 'D:/02-學習/03-Obsidian/Hoonsor/004-●日常生活/003-電腦知識/Port（通訊埠）.md' (6,096)
2022-09-01 19:23:27: 覆蓋複製 'P:/Obsidian/Hoonsor/004-●日常生活/003-電腦知識/Secure Shell（SSH）.md' -> 'D:/02-學習/03-Obsidian/Hoonsor/004-●日常生活/003-電腦知識/Secure Shell（SSH）.md' (16,602)
2022-09-01 19:23:27: 覆蓋複製 'P:/Obsidian/Hoonsor/004-●日常生活/003-電腦知識/VX3211-4k-mhd相關注意事項.md' -> 'D:/02-學習/03-Obsidian/Hoonsor/004-●日常生活/003-電腦知識/VX3211-4k-mhd相關注意事項.md' (1,181)
2022-09-01 19:23:27: 覆蓋複製 'P:/Obsidian/Hoonsor/004-●日常生活/003-電腦知識/建構程式語言快捷查詢方式.md' -> 'D:/02-學習/03-Obsidian/Hoonsor/004-●日常生活/003-電腦知識/建構程式語言快捷查詢方式.md' (874)
2022-09-01 19:23:27: 覆蓋複製 'P:/Obsidian/Hoonsor/004-●日常生活/003-電腦知識/正則表達式.md' -> 'D:/02-學習/03-Obsidian/Hoonsor/004-●日常生活/003-電腦知識/正則表達式.md' (253)
2022-09-01 19:23:27: 覆蓋複製 'P:/Obsidian/Hoonsor/004-●日常生活/003-電腦知識/電腦疑難雜症.md' -> 'D:/02-學習/03-Obsidian/Hoonsor/004-●日常生活/003-電腦知識/電腦疑難雜症.md' (332)
2022-09-01 19:23:27: 覆蓋複製 'P:/Obsidian/Hoonsor/004-●日常生活/003-電腦知識/電腦知識.md' -> 'D:/02-學習/03-Obsidian/Hoonsor/004-●日常生活/003-電腦知識/電腦知識.md' (663)
2022-09-01 19:23:27: 覆蓋複製 'P:/Obsidian/Hoonsor/004-●日常生活/004-遊戲相關/XGPU雙人遊戲下載.md' -> 'D:/02-學習/03-Obsidian/Hoonsor/004-●日常生活/004-遊戲相關/XGPU雙人遊戲下載.md' (570)
2022-09-01 19:23:27: 覆蓋複製 'P:/Obsidian/Hoonsor/004-●日常生活/005-健康知識/1110716-腎上腺疲勞調理及預防指南.md' -> 'D:/02-學習/03-Obsidian/Hoonsor/004-●日常生活/005-健康知識/1110716-腎上腺疲勞調理及預防指南.md' (2,547)
2022-09-01 19:23:27: 覆蓋複製 'P:/Obsidian/Hoonsor/004-●日常生活/005-健康知識/1110716-甲狀腺失調調理及預防指南.md' -> 'D:/02-學習/03-Obsidian/Hoonsor/004-●日常生活/005-健康知識/1110716-甲狀腺失調調理及預防指南.md' (3,908)
2022-09-01 19:23:27: 覆蓋複製 'P:/Obsidian/Hoonsor/004-●日常生活/005-健康知識/1110716-認識內分泌與激素.md' -> 'D:/02-學習/03-Obsidian/Hoonsor/004-●日常生活/005-健康知識/1110716-認識內分泌與激素.md' (2,252)
2022-09-01 19:23:27: 覆蓋複製 'P:/Obsidian/Hoonsor/004-●日常生活/005-健康知識/1110717-告別讓人困擾的失眠問題.md' -> 'D:/02-學習/03-Obsidian/Hoonsor/004-●日常生活/005-健康知識/1110717-告別讓人困擾的失眠問題.md' (6,334)
2022-09-01 19:23:27: 覆蓋複製 'P:/Obsidian/Hoonsor/004-●日常生活/005-健康知識/現有症狀治療及緩解.md' -> 'D:/02-學習/03-Obsidian/Hoonsor/004-●日常生活/005-健康知識/現有症狀治療及緩解.md' (2,202)
2022-09-01 19:23:27: 覆蓋複製 'P:/Obsidian/Hoonsor/004-●日常生活/005-健康知識/1110717-能量運動指南.md' -> 'D:/02-學習/03-Obsidian/Hoonsor/004-●日常生活/005-健康知識/1110717-能量運動指南.md' (23,449)
2022-09-01 19:23:27: 覆蓋複製 'P:/Obsidian/Hoonsor/004-●日常生活/005-健康知識/身體現況.md' -> 'D:/02-學習/03-Obsidian/Hoonsor/004-●日常生活/005-健康知識/身體現況.md' (2,674)
2022-09-01 19:23:27: 覆蓋複製 'P:/Obsidian/Hoonsor/004-●日常生活/005-健康知識/預防及保養.md' -> 'D:/02-學習/03-Obsidian/Hoonsor/004-●日常生活/005-健康知識/預防及保養.md' (254)
2022-09-01 19:23:27: 覆蓋複製 'P:/Obsidian/Hoonsor/004-●日常生活/006-婚紗相關/1110709-婚紗拍攝事前確認事項.md' -> 'D:/02-學習/03-Obsidian/Hoonsor/004-●日常生活/006-婚紗相關/1110709-婚紗拍攝事前確認事項.md' (290)
2022-09-01 19:23:27: 覆蓋複製 'P:/Obsidian/Hoonsor/004-●日常生活/007-修繕、工具知識/學會如何換電容.md' -> 'D:/02-學習/03-Obsidian/Hoonsor/004-●日常生活/007-修繕、工具知識/學會如何換電容.md' (346)
2022-09-01 19:23:27: P:/Obsidian/Hoonsor/004-●日常生活/●激勵影片.md: Source file has changed between Analyze and Sync from '[file] size=614 accu-time=2022-08-25 12:43:30 attr= cktype=0' to 'size=614 time=2022-08-17 20:15:14', noted in source file state
2022-09-01 19:23:27: 覆蓋複製 'P:/Obsidian/Hoonsor/004-●日常生活/●激勵影片.md' -> 'D:/02-學習/03-Obsidian/Hoonsor/004-●日常生活/●激勵影片.md' (614)
2022-09-01 19:23:27: 覆蓋複製 'P:/Obsidian/Hoonsor/005-工作相關/1110803-待辦.md' -> 'D:/02-學習/03-Obsidian/Hoonsor/005-工作相關/1110803-待辦.md' (897)
2022-09-01 19:23:27: 覆蓋複製 'P:/Obsidian/Hoonsor/005-工作相關/1110804-提醒新進短期臨工注意事項.md' -> 'D:/02-學習/03-Obsidian/Hoonsor/005-工作相關/1110804-提醒新進短期臨工注意事項.md' (643)
2022-09-01 19:23:27: 覆蓋複製 'P:/Obsidian/Hoonsor/003-●專案管理/005-投資理財相關/●投資理財及創業待辦事項.md' -> 'D:/02-學習/03-Obsidian/Hoonsor/003-●專案管理/005-投資理財相關/●投資理財及創業待辦事項.md' (3,043)
2022-09-01 19:23:27: 覆蓋複製 'P:/Obsidian/Hoonsor/004-●日常生活/●日常生活待辦事項.md' -> 'D:/02-學習/03-Obsidian/Hoonsor/004-●日常生活/●日常生活待辦事項.md' (616)
2022-09-01 19:23:27: 覆蓋複製 'P:/Obsidian/Hoonsor/005-工作相關/●已完成/校長遴選座談會及後續工作.md' -> 'D:/02-學習/03-Obsidian/Hoonsor/005-工作相關/●已完成/校長遴選座談會及後續工作.md' (8,803)
2022-09-01 19:23:27: 覆蓋複製 'P:/Obsidian/Hoonsor/005-工作相關/法規紀錄測試.md' -> 'D:/02-學習/03-Obsidian/Hoonsor/005-工作相關/法規紀錄測試.md' (22,014)
2022-09-01 19:23:27: 覆蓋複製 'P:/Obsidian/Hoonsor/006-DailyNote/2022-05-22_Sun.md' -> 'D:/02-學習/03-Obsidian/Hoonsor/006-DailyNote/2022-05-22_Sun.md' (287)
2022-09-01 19:23:27: 覆蓋複製 'P:/Obsidian/Hoonsor/006-DailyNote/2022-05-24_Tue.md' -> 'D:/02-學習/03-Obsidian/Hoonsor/006-DailyNote/2022-05-24_Tue.md' (604)
2022-09-01 19:23:27: 覆蓋複製 'P:/Obsidian/Hoonsor/005-工作相關/1110810-新進教師研習.md' -> 'D:/02-學習/03-Obsidian/Hoonsor/005-工作相關/1110810-新進教師研習.md' (12,740)
2022-09-01 19:23:27: 覆蓋複製 'P:/Obsidian/Hoonsor/006-DailyNote/2022-05-25_Wed.md' -> 'D:/02-學習/03-Obsidian/Hoonsor/006-DailyNote/2022-05-25_Wed.md' (409)
2022-09-01 19:23:27: 覆蓋複製 'P:/Obsidian/Hoonsor/006-DailyNote/2022-05-29_Sun.md' -> 'D:/02-學習/03-Obsidian/Hoonsor/006-DailyNote/2022-05-29_Sun.md' (532)
2022-09-01 19:23:27: 覆蓋複製 'P:/Obsidian/Hoonsor/006-DailyNote/2022-05-30_Mon.md' -> 'D:/02-學習/03-Obsidian/Hoonsor/006-DailyNote/2022-05-30_Mon.md' (499)
2022-09-01 19:23:27: 覆蓋複製 'P:/Obsidian/Hoonsor/006-DailyNote/2022-05-31_Tue.md' -> 'D:/02-學習/03-Obsidian/Hoonsor/006-DailyNote/2022-05-31_Tue.md' (370)
2022-09-01 19:23:27: 覆蓋複製 'P:/Obsidian/Hoonsor/006-DailyNote/2022-06-06_Mon.md' -> 'D:/02-學習/03-Obsidian/Hoonsor/006-DailyNote/2022-06-06_Mon.md' (512)
2022-09-01 19:23:27: 覆蓋複製 'P:/Obsidian/Hoonsor/006-DailyNote/2022-06-07_Tue.md' -> 'D:/02-學習/03-Obsidian/Hoonsor/006-DailyNote/2022-06-07_Tue.md' (459)
2022-09-01 19:23:27: 覆蓋複製 'P:/Obsidian/Hoonsor/006-DailyNote/2022-06-14_Tue.md' -> 'D:/02-學習/03-Obsidian/Hoonsor/006-DailyNote/2022-06-14_Tue.md' (436)
2022-09-01 19:23:27: 覆蓋複製 'P:/Obsidian/Hoonsor/006-DailyNote/2022-06-21_Tue.md' -> 'D:/02-學習/03-Obsidian/Hoonsor/006-DailyNote/2022-06-21_Tue.md' (427)
2022-09-01 19:23:27: 覆蓋複製 'P:/Obsidian/Hoonsor/006-DailyNote/2022-07-20_Wed.md' -> 'D:/02-學習/03-Obsidian/Hoonsor/006-DailyNote/2022-07-20_Wed.md' (597)
2022-09-01 19:23:27: 覆蓋複製 'P:/Obsidian/Hoonsor/006-DailyNote/2022-07-19_Tue.md' -> 'D:/02-學習/03-Obsidian/Hoonsor/006-DailyNote/2022-07-19_Tue.md' (497)
2022-09-01 19:23:27: 覆蓋複製 'P:/Obsidian/Hoonsor/006-DailyNote/2022-07-24_Sun.md' -> 'D:/02-學習/03-Obsidian/Hoonsor/006-DailyNote/2022-07-24_Sun.md' (626)
2022-09-01 19:23:27: 覆蓋複製 'P:/Obsidian/Hoonsor/006-DailyNote/2022-07-21_Thu.md' -> 'D:/02-學習/03-Obsidian/Hoonsor/006-DailyNote/2022-07-21_Thu.md' (672)
2022-09-01 19:23:27: 覆蓋複製 'D:/02-學習/03-Obsidian/Hoonsor/006-DailyNote/2022-07-25_Mon.md' -> 'P:/Obsidian/Hoonsor/006-DailyNote/2022-07-25_Mon.md' (581)
2022-09-01 19:23:27: 覆蓋複製 'D:/02-學習/03-Obsidian/Hoonsor/006-DailyNote/template.md' -> 'P:/Obsidian/Hoonsor/006-DailyNote/template.md' (412)
2022-09-01 19:23:27: 覆蓋複製 'P:/Obsidian/Hoonsor/007-旅遊/1110813-九份行.md' -> 'D:/02-學習/03-Obsidian/Hoonsor/007-旅遊/1110813-九份行.md' (4,310)
2022-09-01 19:23:27: 覆蓋複製 'D:/02-學習/03-Obsidian/Hoonsor/DashBoard CSS-自行測試.md' -> 'P:/Obsidian/Hoonsor/DashBoard CSS-自行測試.md' (859)
2022-09-01 19:23:27: 覆蓋複製 'P:/Obsidian/Hoonsor/JavaScripts腳本/advanced_uri.js' -> 'D:/02-學習/03-Obsidian/Hoonsor/JavaScripts腳本/advanced_uri.js' (983)
2022-09-01 19:23:27: 覆蓋複製 'P:/Obsidian/Hoonsor/README.md' -> 'D:/02-學習/03-Obsidian/Hoonsor/README.md' (0)
2022-09-01 19:23:27: 覆蓋複製 'P:/Obsidian/Hoonsor/●圖片庫/CSS-%定義.png' -> 'D:/02-學習/03-Obsidian/Hoonsor/●圖片庫/CSS-%定義.png' (148,497)
2022-09-01 19:23:27: 覆蓋複製 'P:/Obsidian/Hoonsor/●圖片庫/CSS-em定義.png' -> 'D:/02-學習/03-Obsidian/Hoonsor/●圖片庫/CSS-em定義.png' (114,985)
2022-09-01 19:23:27: 覆蓋複製 'P:/Obsidian/Hoonsor/●圖片庫/CSS-rem定義.png' -> 'D:/02-學習/03-Obsidian/Hoonsor/●圖片庫/CSS-rem定義.png' (72,534)
2022-09-01 19:23:27: 覆蓋複製 'P:/Obsidian/Hoonsor/●圖片庫/CSS-vw及vh定義.png' -> 'D:/02-學習/03-Obsidian/Hoonsor/●圖片庫/CSS-vw及vh定義.png' (324,124)
2022-09-01 19:23:27: 覆蓋複製 'P:/Obsidian/Hoonsor/●子彈筆記.md' -> 'D:/02-學習/03-Obsidian/Hoonsor/●子彈筆記.md' (480)
2022-09-01 19:23:27: 覆蓋複製 'P:/Obsidian/Hoonsor/●專案管理.md' -> 'D:/02-學習/03-Obsidian/Hoonsor/●專案管理.md' (885)
2022-09-01 19:23:27: 覆蓋複製 'P:/Obsidian/Hoonsor/●日常生活.md' -> 'D:/02-學習/03-Obsidian/Hoonsor/●日常生活.md' (606)
2022-09-01 19:23:27: P:/Obsidian/Hoonsor/●首頁.md: Source file has changed between Analyze and Sync from '[file] size=3,021 accu-time=2022-08-29 08:57:18 attr= cktype=0' to 'size=3,021 time=2022-08-23 23:08:41', noted in source file state
2022-09-01 19:23:27: 覆蓋複製 'P:/Obsidian/Hoonsor/●首頁.md' -> 'D:/02-學習/03-Obsidian/Hoonsor/●首頁.md' (3,021)
2022-09-01 19:23:27: 覆蓋複製 'P:/Obsidian/Hoonsor/★按鈕範例.md' -> 'D:/02-學習/03-Obsidian/Hoonsor/★按鈕範例.md' (5,797)
2022-09-01 19:23:27: 覆蓋複製 'P:/Obsidian/Hoonsor/006-DailyNote/2022-08-30_Tue.md' -> 'D:/02-學習/03-Obsidian/Hoonsor/006-DailyNote/2022-08-30_Tue.md' (490)
2022-09-01 19:23:27: 覆蓋複製 'P:/Obsidian/Hoonsor/005-工作相關/●工作待辦事項.md' -> 'D:/02-學習/03-Obsidian/Hoonsor/005-工作相關/●工作待辦事項.md' (5,448)
2022-09-01 19:23:28: 覆蓋複製 'P:/Obsidian/Hoonsor/★測試各類功能.md' -> 'D:/02-學習/03-Obsidian/Hoonsor/★測試各類功能.md' (3,987)
2022-09-01 19:23:28: Deleted Recycled: D:/02-學習/03-Obsidian/Hoonsor/_gsdata_/_saved_/測試各類功能.md
2022-09-01 19:23:28: == 同步完成. 歷時: 00:00:02, 速度: 0.00/s, 完成: 91, 錯誤: 0
