2022-09-21 16:36:35: -- 分析開始 User Command
2022-09-21 16:36:35: /001-Template/Daily Note Template.md: L:TimeSize<>; 衝突：檔兩側都進行了改動
2022-09-21 16:36:35: /003-●專案管理/001-WordPress架設網站/1110721-MAMP教學（在電腦安裝離線版伺服器及WordPress））.md: 衝突：檔兩側都進行了改動
2022-09-21 16:36:35: /003-●專案管理/001-WordPress架設網站/WordPress學習及筆記.md: L:TimeSize<>; 衝突：檔兩側都進行了改動
2022-09-21 16:36:35: /003-●專案管理/006-Excel學習相關/1110911-Excel快速合併寄送郵件.md: L:TimeSize<>; 衝突：檔兩側都進行了改動
2022-09-21 16:36:35: /004-●日常生活/●日常生活待辦事項.md: L:TimeSize<>; 衝突：檔兩側都進行了改動
2022-09-21 16:36:35: /005-工作相關/●工作待辦事項.md: L:TimeSize<>; 衝突：檔兩側都進行了改動
2022-09-21 16:36:35: 分析完畢並發現衝突情況。請選擇正確的同步方向解決衝突，然後按一下同步
2022-09-21 16:36:35: 變更：10， 衝突：1， 複製時間：0， 複製狀態：124， 錯誤： 0, All: 570
2022-09-21 16:36:35: Left to Right: Copy File: 9 
2022-09-21 16:36:35: == 同步開始由 User Command
2022-09-21 16:36:35: /003-●專案管理/001-WordPress架設網站/1110721-MAMP教學（在電腦安裝離線版伺服器及WordPress））.md: unresolved conflict results in No Copy
2022-09-21 16:36:35: 新建複製 'D:/Obsidian/Hoonsor/003-●專案管理/001-WordPress架設網站/1110721-MAMP教學（在電腦安裝離線版伺服器及WordPress）.md' -> 'P:/Obsidian/Hoonsor/003-●專案管理/001-WordPress架設網站/1110721-MAMP教學（在電腦安裝離線版伺服器及WordPress）.md' (10,484)
2022-09-21 16:36:35: 覆蓋複製 'D:/Obsidian/Hoonsor/001-Template/Daily Note Template.md' -> 'P:/Obsidian/Hoonsor/001-Template/Daily Note Template.md' (2,162)
2022-09-21 16:36:35: 覆蓋複製 'D:/Obsidian/Hoonsor/003-●專案管理/001-WordPress架設網站/WordPress學習及筆記.md' -> 'P:/Obsidian/Hoonsor/003-●專案管理/001-WordPress架設網站/WordPress學習及筆記.md' (16,896)
2022-09-21 16:36:35: 覆蓋複製 'D:/Obsidian/Hoonsor/003-●專案管理/006-Excel學習相關/1110911-Excel快速合併寄送郵件.md' -> 'P:/Obsidian/Hoonsor/003-●專案管理/006-Excel學習相關/1110911-Excel快速合併寄送郵件.md' (4,315)
2022-09-21 16:36:35: 覆蓋複製 'D:/Obsidian/Hoonsor/004-●日常生活/●日常生活待辦事項.md' -> 'P:/Obsidian/Hoonsor/004-●日常生活/●日常生活待辦事項.md' (1,599)
2022-09-21 16:36:35: 覆蓋複製 'D:/Obsidian/Hoonsor/005-工作相關/●工作待辦事項.md' -> 'P:/Obsidian/Hoonsor/005-工作相關/●工作待辦事項.md' (21,777)
2022-09-21 16:36:35: 新建複製 'D:/Obsidian/Hoonsor/006-DailyNote/2022-09-19_Mon.md' -> 'P:/Obsidian/Hoonsor/006-DailyNote/2022-09-19_Mon.md' (2,013)
2022-09-21 16:36:35: 新建複製 'D:/Obsidian/Hoonsor/006-DailyNote/2022-09-20_Tue.md' -> 'P:/Obsidian/Hoonsor/006-DailyNote/2022-09-20_Tue.md' (1,896)
2022-09-21 16:36:35: 新建複製 'D:/Obsidian/Hoonsor/006-DailyNote/2022-09-21_Wed.md' -> 'P:/Obsidian/Hoonsor/006-DailyNote/2022-09-21_Wed.md' (1,591)
2022-09-21 16:36:35: == 同步完成. 歷時: 00:00:00, 速度: 0.00/s, 完成: 133, 錯誤: 0, Conflicts: 1
