2022-09-19 08:42:46: -- 分析開始 User Command
2022-09-19 08:42:48: /000-index/!dict.md: L:TimeSize<>; 衝突：檔兩側都進行了改動
2022-09-19 08:42:48: /001-Template/Daily Note Tasks.md: L:TimeSize<>; 衝突：檔兩側都進行了改動
2022-09-19 08:42:48: /001-Template/Daily Note Template.md: L:TimeSize<>; 衝突：檔兩側都進行了改動
2022-09-19 08:42:48: /001-Template/Template-Excel.md: L:TimeSize<>; 衝突：檔兩側都進行了改動
2022-09-19 08:42:48: /001-Template/Template-SubItem.md: L:TimeSize<>; 衝突：檔兩側都進行了改動
2022-09-19 08:42:48: /001-Template/Template-Temporary Mission.md: L:TimeSize<>; 衝突：檔兩側都進行了改動
2022-09-19 08:42:48: /001-Template/Template-Travel.md: L:TimeSize<>; 衝突：檔兩側都進行了改動
2022-09-19 08:42:48: /001-Template/UniversalNote.md: L:TimeSize<>; 衝突：檔兩側都進行了改動
2022-09-19 08:42:48: /003-●專案管理/001-WordPress架設網站/1110721-MAMP教學（在電腦安裝離線版伺服器及WordPress））.md: L:TimeSize<>; 衝突：檔兩側都進行了改動
2022-09-19 08:42:48: /003-●專案管理/001-WordPress架設網站/Astra Pro Theme 教學：WP Portfolio 作品集功能.md: L:TimeSize<>; 衝突：檔兩側都進行了改動
2022-09-19 08:42:48: /003-●專案管理/001-WordPress架設網站/CSS的概念及學習.md: L:TimeSize<>; 衝突：檔兩側都進行了改動
2022-09-19 08:42:48: /003-●專案管理/001-WordPress架設網站/HTML概念及學習.md: L:TimeSize<>; 衝突：檔兩側都進行了改動
2022-09-19 08:42:48: /003-●專案管理/001-WordPress架設網站/WordPress學習及筆記.md: L:TimeSize<>; 衝突：檔兩側都進行了改動
2022-09-19 08:42:48: /003-●專案管理/001-WordPress架設網站/WordPress是什麼 ？完整介紹評價＋教學範例（入門指南）.md: L:TimeSize<>; 衝突：檔兩側都進行了改動
2022-09-19 08:42:48: /003-●專案管理/001-WordPress架設網站/好用網站或外掛推薦.md: L:TimeSize<>; 衝突：檔兩側都進行了改動
2022-09-19 08:42:48: /003-●專案管理/001-WordPress架設網站/安裝Astra及有關插件.md: L:TimeSize<>; 衝突：檔兩側都進行了改動
2022-09-19 08:42:48: /003-●專案管理/002-練習撰寫文章行銷課程/1110628-網站設計行銷相關.md: L:TimeSize<>; 衝突：檔兩側都進行了改動
2022-09-19 08:42:48: /003-●專案管理/002-練習撰寫文章行銷課程/熟練行銷文章架構.md: L:TimeSize<>; 衝突：檔兩側都進行了改動
2022-09-19 08:42:48: /003-●專案管理/003-Obsidian學習筆記/1110731-DataView插件筆記.md: L:TimeSize<>; 衝突：檔兩側都進行了改動
2022-09-19 08:42:48: /003-●專案管理/003-Obsidian學習筆記/1110806-Git及Obsidian同步至手機學習.md: L:TimeSize<>; 衝突：檔兩側都進行了改動
2022-09-19 08:42:48: /003-●專案管理/003-Obsidian學習筆記/1110906-Obsidian快捷鍵.md: L:TimeSize<>; 衝突：檔兩側都進行了改動
2022-09-19 08:42:48: /003-●專案管理/003-Obsidian學習筆記/Obsidian概述.md: L:TimeSize<>; 衝突：檔兩側都進行了改動
2022-09-19 08:42:48: /003-●專案管理/003-Obsidian學習筆記/Obsidian的任務管理技巧彙總.md: L:TimeSize<>; 衝突：檔兩側都進行了改動
2022-09-19 08:42:48: /003-●專案管理/004-AHK學習筆記/AHK-GUI控件相關.md: L:TimeSize<>; 衝突：檔兩側都進行了改動
2022-09-19 08:42:48: /003-●專案管理/004-AHK學習筆記/AHK-概述.md: L:TimeSize<>; 衝突：檔兩側都進行了改動
2022-09-19 08:42:48: /003-●專案管理/005-投資理財相關/1110813-Thinkorswim軟體介面大綱.md: L:TimeSize<>; 衝突：檔兩側都進行了改動
2022-09-19 08:42:48: /003-●專案管理/005-投資理財相關/1110814-Thinkorswim軟體學習心得.md: L:TimeSize<>; 衝突：檔兩側都進行了改動
2022-09-19 08:42:48: /003-●專案管理/005-投資理財相關/●投資理財及創業待辦事項.md: L:TimeSize<>; 衝突：檔兩側都進行了改動
2022-09-19 08:42:48: /003-●專案管理/005-投資理財相關/★架構圖PDF檔/0.總架構.pdf: L:TimeSize<>; 衝突：檔兩側都進行了改動
2022-09-19 08:42:48: /003-●專案管理/005-投資理財相關/★架構圖PDF檔/1.凱瑞負責.pdf: L:TimeSize<>; 衝突：檔兩側都進行了改動
2022-09-19 08:42:48: /003-●專案管理/005-投資理財相關/★架構圖PDF檔/2.行政協助.pdf: L:TimeSize<>; 衝突：檔兩側都進行了改動
2022-09-19 08:42:48: /003-●專案管理/005-投資理財相關/★架構圖PDF檔/3.行銷協助.pdf: L:TimeSize<>; 衝突：檔兩側都進行了改動
2022-09-19 08:42:48: /003-●專案管理/005-投資理財相關/★架構圖PDF檔/4.軟硬體協助.pdf: L:TimeSize<>; 衝突：檔兩側都進行了改動
2022-09-19 08:42:48: /003-●專案管理/006-Excel學習相關/1110904-Excel比對找尋資料.md: L:TimeSize<>; 衝突：檔兩側都進行了改動
2022-09-19 08:42:48: /003-●專案管理/006-Excel學習相關/1110911-Excel VBA學習相關.md: 衝突: 新檔有變化
2022-09-19 08:42:48: /003-●專案管理/006-Excel學習相關/1110911-Excel快速合併寄送郵件.md: 衝突: 新檔有變化
2022-09-19 08:42:48: /003-●專案管理/006-Excel學習相關/●巨集作品/Outlook郵件範本檔/1110911-範本.oft: 衝突: 新檔有變化
2022-09-19 08:42:48: /003-●專案管理/006-Excel學習相關/●巨集作品/個別化寄送郵件.xlsm: 衝突: 新檔有變化
2022-09-19 08:42:48: /003-●專案管理/006-Excel學習相關/●練習範例檔/Excel 51.xlsx: L:TimeSize<>; 衝突：檔兩側都進行了改動
2022-09-19 08:42:48: /003-●專案管理/006-Excel學習相關/●練習範例檔/Excel 54/Logo.png: 衝突: 新檔有變化
2022-09-19 08:42:48: /003-●專案管理/006-Excel學習相關/●練習範例檔/Excel 54/Logo.svg: 衝突: 新檔有變化
2022-09-19 08:42:48: /003-●專案管理/006-Excel學習相關/●練習範例檔/Excel 54/名單.xlsm: 衝突: 新檔有變化
2022-09-19 08:42:48: /003-●專案管理/006-Excel學習相關/●練習範例檔/Excel 54/名單.xlsx: 衝突: 新檔有變化
2022-09-19 08:42:48: /003-●專案管理/006-Excel學習相關/●練習範例檔/Excel 54/文字檔.txt: 衝突: 新檔有變化
2022-09-19 08:42:48: /003-●專案管理/006-Excel學習相關/●練習範例檔/Excel 54/林小玉.pdf: 衝突: 新檔有變化
2022-09-19 08:42:48: /003-●專案管理/006-Excel學習相關/●練習範例檔/Excel 54/林阿杰.pdf: 衝突: 新檔有變化
2022-09-19 08:42:48: /003-●專案管理/006-Excel學習相關/●練習範例檔/Excel 54/楊小杉.pdf: 衝突: 新檔有變化
2022-09-19 08:42:48: /003-●專案管理/006-Excel學習相關/●練習範例檔/Excel 54/測試.pdf: 衝突: 新檔有變化
2022-09-19 08:42:48: /003-●專案管理/006-Excel學習相關/●練習範例檔/Excel 54/王小明.pdf: 衝突: 新檔有變化
2022-09-19 08:42:48: /003-●專案管理/006-Excel學習相關/●練習範例檔/Excel 54/葉小美.pdf: 衝突: 新檔有變化
2022-09-19 08:42:48: /004-●日常生活/001-多媒體知識/001-攝影、錄影/1110821-手機錄影技巧.md: L:TimeSize<>; 衝突：檔兩側都進行了改動
2022-09-19 08:42:48: /004-●日常生活/001-多媒體知識/001-攝影、錄影/1110825-Disco Diffusion-AI運算繪圖工具.md: L:TimeSize<>; 衝突：檔兩側都進行了改動
2022-09-19 08:42:48: /004-●日常生活/002-隨手不錯的音樂紀錄/歌手.md: L:TimeSize<>; 衝突：檔兩側都進行了改動
2022-09-19 08:42:48: /004-●日常生活/002-隨手不錯的音樂紀錄/獨立樂團.md: L:TimeSize<>; 衝突：檔兩側都進行了改動
2022-09-19 08:42:48: /004-●日常生活/003-電腦知識/Port（通訊埠）.md: L:TimeSize<>; 衝突：檔兩側都進行了改動
2022-09-19 08:42:48: /004-●日常生活/003-電腦知識/Secure Shell（SSH）.md: L:TimeSize<>; 衝突：檔兩側都進行了改動
2022-09-19 08:42:48: /004-●日常生活/003-電腦知識/VX3211-4k-mhd相關注意事項.md: L:TimeSize<>; 衝突：檔兩側都進行了改動
2022-09-19 08:42:48: /004-●日常生活/003-電腦知識/建構程式語言快捷查詢方式.md: L:TimeSize<>; 衝突：檔兩側都進行了改動
2022-09-19 08:42:48: /004-●日常生活/003-電腦知識/正則表達式.md: L:TimeSize<>; 衝突：檔兩側都進行了改動
2022-09-19 08:42:48: /004-●日常生活/003-電腦知識/電腦疑難雜症.md: L:TimeSize<>; 衝突：檔兩側都進行了改動
2022-09-19 08:42:48: /004-●日常生活/003-電腦知識/電腦知識.md: L:TimeSize<>; 衝突：檔兩側都進行了改動
2022-09-19 08:42:48: /004-●日常生活/004-遊戲相關/XGPU遊戲下載.md: 衝突: 新檔有變化
2022-09-19 08:42:48: /004-●日常生活/005-健康知識/1110716-甲狀腺失調調理及預防指南.md: L:TimeSize<>; 衝突：檔兩側都進行了改動
2022-09-19 08:42:48: /004-●日常生活/005-健康知識/1110716-腎上腺疲勞調理及預防指南.md: L:TimeSize<>; 衝突：檔兩側都進行了改動
2022-09-19 08:42:48: /004-●日常生活/005-健康知識/1110716-認識內分泌與激素.md: L:TimeSize<>; 衝突：檔兩側都進行了改動
2022-09-19 08:42:48: /004-●日常生活/005-健康知識/1110717-告別讓人困擾的失眠問題.md: L:TimeSize<>; 衝突：檔兩側都進行了改動
2022-09-19 08:42:48: /004-●日常生活/005-健康知識/1110717-能量運動指南.md: L:TimeSize<>; 衝突：檔兩側都進行了改動
2022-09-19 08:42:48: /004-●日常生活/005-健康知識/1110903-青花椰苗種植及購買.md: L:TimeSize<>; 衝突：檔兩側都進行了改動
2022-09-19 08:42:48: /004-●日常生活/005-健康知識/現有症狀治療及緩解.md: L:TimeSize<>; 衝突：檔兩側都進行了改動
2022-09-19 08:42:48: /004-●日常生活/005-健康知識/身體現況.md: L:TimeSize<>; 衝突：檔兩側都進行了改動
2022-09-19 08:42:48: /004-●日常生活/005-健康知識/預防及保養.md: L:TimeSize<>; 衝突：檔兩側都進行了改動
2022-09-19 08:42:48: /004-●日常生活/006-婚紗相關/1110709-婚紗拍攝事前確認事項.md: L:TimeSize<>; 衝突：檔兩側都進行了改動
2022-09-19 08:42:48: /004-●日常生活/007-修繕、工具知識/學會如何換電容.md: L:TimeSize<>; 衝突：檔兩側都進行了改動
2022-09-19 08:42:48: /004-●日常生活/●日常生活待辦事項.md: L:TimeSize<>; 衝突：檔兩側都進行了改動
2022-09-19 08:42:48: /004-●日常生活/●日常生活紀錄.md: 衝突: 新檔有變化
2022-09-19 08:42:48: /004-●日常生活/●激勵影片.md: L:TimeSize<>; 衝突：檔兩側都進行了改動
2022-09-19 08:42:48: /005-工作相關/1110803-待辦.md: L:TimeSize<>; 衝突：檔兩側都進行了改動
2022-09-19 08:42:48: /005-工作相關/1110804-提醒新進短期臨工注意事項.md: L:TimeSize<>; 衝突：檔兩側都進行了改動
2022-09-19 08:42:48: /005-工作相關/1110810-新進教師研習.md: L:TimeSize<>; 衝突：檔兩側都進行了改動
2022-09-19 08:42:48: /005-工作相關/●工作待辦事項.md: L:TimeSize<>; 衝突：檔兩側都進行了改動
2022-09-19 08:42:48: /005-工作相關/●已完成/校長遴選座談會及後續工作.md: L:TimeSize<>; 衝突：檔兩側都進行了改動
2022-09-19 08:42:48: /005-工作相關/法規紀錄測試.md: L:TimeSize<>; 衝突：檔兩側都進行了改動
2022-09-19 08:42:48: /006-DailyNote/2022-05-22_Sun.md: L:TimeSize<>; 衝突：檔兩側都進行了改動
2022-09-19 08:42:48: /006-DailyNote/2022-05-24_Tue.md: L:TimeSize<>; 衝突：檔兩側都進行了改動
2022-09-19 08:42:48: /006-DailyNote/2022-05-25_Wed.md: L:TimeSize<>; 衝突：檔兩側都進行了改動
2022-09-19 08:42:48: /006-DailyNote/2022-05-29_Sun.md: L:TimeSize<>; 衝突：檔兩側都進行了改動
2022-09-19 08:42:48: /006-DailyNote/2022-05-30_Mon.md: L:TimeSize<>; 衝突：檔兩側都進行了改動
2022-09-19 08:42:48: /006-DailyNote/2022-05-31_Tue.md: L:TimeSize<>; 衝突：檔兩側都進行了改動
2022-09-19 08:42:48: /006-DailyNote/2022-06-06_Mon.md: L:TimeSize<>; 衝突：檔兩側都進行了改動
2022-09-19 08:42:48: /006-DailyNote/2022-06-07_Tue.md: L:TimeSize<>; 衝突：檔兩側都進行了改動
2022-09-19 08:42:48: /006-DailyNote/2022-06-14_Tue.md: L:TimeSize<>; 衝突：檔兩側都進行了改動
2022-09-19 08:42:48: /006-DailyNote/2022-06-21_Tue.md: L:TimeSize<>; 衝突：檔兩側都進行了改動
2022-09-19 08:42:48: /006-DailyNote/2022-07-19_Tue.md: L:TimeSize<>; 衝突：檔兩側都進行了改動
2022-09-19 08:42:48: /006-DailyNote/2022-07-20_Wed.md: L:TimeSize<>; 衝突：檔兩側都進行了改動
2022-09-19 08:42:48: /006-DailyNote/2022-07-21_Thu.md: L:TimeSize<>; 衝突：檔兩側都進行了改動
2022-09-19 08:42:48: /006-DailyNote/2022-07-24_Sun.md: L:TimeSize<>; 衝突：檔兩側都進行了改動
2022-09-19 08:42:48: /006-DailyNote/2022-07-25_Mon.md: L:TimeSize<>; 衝突：檔兩側都進行了改動
2022-09-19 08:42:48: /006-DailyNote/2022-08-30_Tue.md: L:TimeSize<>; 衝突：檔兩側都進行了改動
2022-09-19 08:42:48: /006-DailyNote/2022-09-01_Thu.md: L:TimeSize<>; 衝突：檔兩側都進行了改動
2022-09-19 08:42:48: /006-DailyNote/2022-09-04_Sun.md: L:TimeSize<>; 衝突：檔兩側都進行了改動
2022-09-19 08:42:48: /006-DailyNote/2022-09-05_Mon.md: L:TimeSize<>; 衝突：檔兩側都進行了改動
2022-09-19 08:42:48: /006-DailyNote/2022-09-06_Tue.md: L:TimeSize<>; 衝突：檔兩側都進行了改動
2022-09-19 08:42:48: /006-DailyNote/2022-09-07_Wed.md: L:TimeSize<>; 衝突：檔兩側都進行了改動
2022-09-19 08:42:48: /006-DailyNote/2022-09-08_Thu.md: 衝突: 新檔有變化
2022-09-19 08:42:48: /006-DailyNote/2022-09-09_Fri.md: 衝突: 新檔有變化
2022-09-19 08:42:48: /006-DailyNote/2022-09-10_Sat.md: 衝突: 新檔有變化
2022-09-19 08:42:48: /006-DailyNote/2022-09-11_Sun.md: 衝突: 新檔有變化
2022-09-19 08:42:48: /006-DailyNote/2022-09-12_Mon.md: 衝突: 新檔有變化
2022-09-19 08:42:48: /006-DailyNote/2022-09-13_Tue.md: 衝突: 新檔有變化
2022-09-19 08:42:48: /006-DailyNote/2022-09-14_Wed.md: 衝突: 新檔有變化
2022-09-19 08:42:48: /006-DailyNote/2022-09-15_Thu.md: 衝突: 新檔有變化
2022-09-19 08:42:48: /006-DailyNote/2022-09-16_Fri.md: 衝突: 新檔有變化
2022-09-19 08:42:48: /006-DailyNote/2022-09-17_Sat.md: 衝突: 新檔有變化
2022-09-19 08:42:48: /006-DailyNote/2022-09-18_Sun.md: 衝突: 新檔有變化
2022-09-19 08:42:48: /006-DailyNote/template.md: L:TimeSize<>; 衝突：檔兩側都進行了改動
2022-09-19 08:42:48: /007-旅遊/1110813-九份行.md: L:TimeSize<>; 衝突：檔兩側都進行了改動
2022-09-19 08:42:48: /DashBoard CSS-自行測試.md: L:TimeSize<>; 衝突：檔兩側都進行了改動
2022-09-19 08:42:48: /JavaScripts腳本/advanced_uri.js: L:TimeSize<>; 衝突：檔兩側都進行了改動
2022-09-19 08:42:48: /README.md: L:TimeSize<>; 衝突：檔兩側都進行了改動
2022-09-19 08:42:48: /●圖片庫/CSS-%定義.png: L:TimeSize<>; 衝突：檔兩側都進行了改動
2022-09-19 08:42:48: /●圖片庫/CSS-em定義.png: L:TimeSize<>; 衝突：檔兩側都進行了改動
2022-09-19 08:42:48: /●圖片庫/CSS-rem定義.png: L:TimeSize<>; 衝突：檔兩側都進行了改動
2022-09-19 08:42:48: /●圖片庫/CSS-vw及vh定義.png: L:TimeSize<>; 衝突：檔兩側都進行了改動
2022-09-19 08:42:48: /●子彈筆記.md: L:TimeSize<>; 衝突：檔兩側都進行了改動
2022-09-19 08:42:48: /●專案管理.md: L:TimeSize<>; 衝突：檔兩側都進行了改動
2022-09-19 08:42:48: /●日常生活.md: L:TimeSize<>; 衝突：檔兩側都進行了改動
2022-09-19 08:42:48: /●首頁.md: L:TimeSize<>; 衝突：檔兩側都進行了改動
2022-09-19 08:42:48: /★按鈕範例.md: L:TimeSize<>; 衝突：檔兩側都進行了改動
2022-09-19 08:42:48: /★測試各類功能.md: L:TimeSize<>; 衝突：檔兩側都進行了改動
2022-09-19 08:42:48: 變更：129， 衝突：0， 複製時間：0， 複製狀態：4， 錯誤： 0, All: 566
2022-09-19 08:42:48: Left to Right: Copy File: 129 
2022-09-19 08:42:48: == 同步開始由 User Command
2022-09-19 08:42:48: 覆蓋複製 'D:/Obsidian/Hoonsor/001-Template/Daily Note Tasks.md' -> 'P:/Obsidian/Hoonsor/001-Template/Daily Note Tasks.md' (1,023)
2022-09-19 08:42:48: 覆蓋複製 'D:/Obsidian/Hoonsor/000-index/!dict.md' -> 'P:/Obsidian/Hoonsor/000-index/!dict.md' (3,511)
2022-09-19 08:42:48: 覆蓋複製 'D:/Obsidian/Hoonsor/001-Template/Daily Note Template.md' -> 'P:/Obsidian/Hoonsor/001-Template/Daily Note Template.md' (2,862)
2022-09-19 08:42:48: 覆蓋複製 'D:/Obsidian/Hoonsor/001-Template/Template-Excel.md' -> 'P:/Obsidian/Hoonsor/001-Template/Template-Excel.md' (79)
2022-09-19 08:42:48: 覆蓋複製 'D:/Obsidian/Hoonsor/001-Template/Template-SubItem.md' -> 'P:/Obsidian/Hoonsor/001-Template/Template-SubItem.md' (70)
2022-09-19 08:42:48: 覆蓋複製 'D:/Obsidian/Hoonsor/001-Template/Template-Temporary Mission.md' -> 'P:/Obsidian/Hoonsor/001-Template/Template-Temporary Mission.md' (154)
2022-09-19 08:42:48: 覆蓋複製 'D:/Obsidian/Hoonsor/001-Template/Template-Travel.md' -> 'P:/Obsidian/Hoonsor/001-Template/Template-Travel.md' (344)
2022-09-19 08:42:48: 覆蓋複製 'D:/Obsidian/Hoonsor/001-Template/UniversalNote.md' -> 'P:/Obsidian/Hoonsor/001-Template/UniversalNote.md' (1,052)
2022-09-19 08:42:48: 覆蓋複製 'D:/Obsidian/Hoonsor/003-●專案管理/001-WordPress架設網站/1110721-MAMP教學（在電腦安裝離線版伺服器及WordPress））.md' -> 'P:/Obsidian/Hoonsor/003-●專案管理/001-WordPress架設網站/1110721-MAMP教學（在電腦安裝離線版伺服器及WordPress））.md' (10,689)
2022-09-19 08:42:48: 覆蓋複製 'D:/Obsidian/Hoonsor/003-●專案管理/001-WordPress架設網站/Astra Pro Theme 教學：WP Portfolio 作品集功能.md' -> 'P:/Obsidian/Hoonsor/003-●專案管理/001-WordPress架設網站/Astra Pro Theme 教學：WP Portfolio 作品集功能.md' (8,752)
2022-09-19 08:42:48: 覆蓋複製 'D:/Obsidian/Hoonsor/003-●專案管理/001-WordPress架設網站/CSS的概念及學習.md' -> 'P:/Obsidian/Hoonsor/003-●專案管理/001-WordPress架設網站/CSS的概念及學習.md' (5,923)
2022-09-19 08:42:48: 覆蓋複製 'D:/Obsidian/Hoonsor/003-●專案管理/001-WordPress架設網站/HTML概念及學習.md' -> 'P:/Obsidian/Hoonsor/003-●專案管理/001-WordPress架設網站/HTML概念及學習.md' (1,369)
2022-09-19 08:42:48: 覆蓋複製 'D:/Obsidian/Hoonsor/003-●專案管理/001-WordPress架設網站/WordPress學習及筆記.md' -> 'P:/Obsidian/Hoonsor/003-●專案管理/001-WordPress架設網站/WordPress學習及筆記.md' (6,301)
2022-09-19 08:42:48: 覆蓋複製 'D:/Obsidian/Hoonsor/003-●專案管理/001-WordPress架設網站/WordPress是什麼 ？完整介紹評價＋教學範例（入門指南）.md' -> 'P:/Obsidian/Hoonsor/003-●專案管理/001-WordPress架設網站/WordPress是什麼 ？完整介紹評價＋教學範例（入門指南）.md' (45,525)
2022-09-19 08:42:48: 覆蓋複製 'D:/Obsidian/Hoonsor/003-●專案管理/001-WordPress架設網站/安裝Astra及有關插件.md' -> 'P:/Obsidian/Hoonsor/003-●專案管理/001-WordPress架設網站/安裝Astra及有關插件.md' (2,035)
2022-09-19 08:42:48: 覆蓋複製 'D:/Obsidian/Hoonsor/003-●專案管理/001-WordPress架設網站/好用網站或外掛推薦.md' -> 'P:/Obsidian/Hoonsor/003-●專案管理/001-WordPress架設網站/好用網站或外掛推薦.md' (1,239)
2022-09-19 08:42:48: 覆蓋複製 'D:/Obsidian/Hoonsor/003-●專案管理/002-練習撰寫文章行銷課程/1110628-網站設計行銷相關.md' -> 'P:/Obsidian/Hoonsor/003-●專案管理/002-練習撰寫文章行銷課程/1110628-網站設計行銷相關.md' (3,164)
2022-09-19 08:42:48: 覆蓋複製 'D:/Obsidian/Hoonsor/003-●專案管理/002-練習撰寫文章行銷課程/熟練行銷文章架構.md' -> 'P:/Obsidian/Hoonsor/003-●專案管理/002-練習撰寫文章行銷課程/熟練行銷文章架構.md' (274)
2022-09-19 08:42:48: 覆蓋複製 'D:/Obsidian/Hoonsor/003-●專案管理/003-Obsidian學習筆記/1110731-DataView插件筆記.md' -> 'P:/Obsidian/Hoonsor/003-●專案管理/003-Obsidian學習筆記/1110731-DataView插件筆記.md' (8,068)
2022-09-19 08:42:48: 覆蓋複製 'D:/Obsidian/Hoonsor/003-●專案管理/003-Obsidian學習筆記/1110806-Git及Obsidian同步至手機學習.md' -> 'P:/Obsidian/Hoonsor/003-●專案管理/003-Obsidian學習筆記/1110806-Git及Obsidian同步至手機學習.md' (15,067)
2022-09-19 08:42:48: 覆蓋複製 'D:/Obsidian/Hoonsor/003-●專案管理/003-Obsidian學習筆記/Obsidian概述.md' -> 'P:/Obsidian/Hoonsor/003-●專案管理/003-Obsidian學習筆記/Obsidian概述.md' (1,553)
2022-09-19 08:42:48: 覆蓋複製 'D:/Obsidian/Hoonsor/003-●專案管理/003-Obsidian學習筆記/1110906-Obsidian快捷鍵.md' -> 'P:/Obsidian/Hoonsor/003-●專案管理/003-Obsidian學習筆記/1110906-Obsidian快捷鍵.md' (5,488)
2022-09-19 08:42:48: 覆蓋複製 'D:/Obsidian/Hoonsor/003-●專案管理/003-Obsidian學習筆記/Obsidian的任務管理技巧彙總.md' -> 'P:/Obsidian/Hoonsor/003-●專案管理/003-Obsidian學習筆記/Obsidian的任務管理技巧彙總.md' (3,689)
2022-09-19 08:42:48: 覆蓋複製 'D:/Obsidian/Hoonsor/003-●專案管理/004-AHK學習筆記/AHK-GUI控件相關.md' -> 'P:/Obsidian/Hoonsor/003-●專案管理/004-AHK學習筆記/AHK-GUI控件相關.md' (712)
2022-09-19 08:42:48: 覆蓋複製 'D:/Obsidian/Hoonsor/003-●專案管理/004-AHK學習筆記/AHK-概述.md' -> 'P:/Obsidian/Hoonsor/003-●專案管理/004-AHK學習筆記/AHK-概述.md' (1,352)
2022-09-19 08:42:48: 覆蓋複製 'D:/Obsidian/Hoonsor/003-●專案管理/005-投資理財相關/1110813-Thinkorswim軟體介面大綱.md' -> 'P:/Obsidian/Hoonsor/003-●專案管理/005-投資理財相關/1110813-Thinkorswim軟體介面大綱.md' (10,739)
2022-09-19 08:42:48: 覆蓋複製 'D:/Obsidian/Hoonsor/003-●專案管理/005-投資理財相關/1110814-Thinkorswim軟體學習心得.md' -> 'P:/Obsidian/Hoonsor/003-●專案管理/005-投資理財相關/1110814-Thinkorswim軟體學習心得.md' (3,936)
2022-09-19 08:42:48: 覆蓋複製 'D:/Obsidian/Hoonsor/003-●專案管理/005-投資理財相關/●投資理財及創業待辦事項.md' -> 'P:/Obsidian/Hoonsor/003-●專案管理/005-投資理財相關/●投資理財及創業待辦事項.md' (3,977)
2022-09-19 08:42:48: 覆蓋複製 'D:/Obsidian/Hoonsor/003-●專案管理/005-投資理財相關/★架構圖PDF檔/2.行政協助.pdf' -> 'P:/Obsidian/Hoonsor/003-●專案管理/005-投資理財相關/★架構圖PDF檔/2.行政協助.pdf' (93,679)
2022-09-19 08:42:48: 覆蓋複製 'D:/Obsidian/Hoonsor/003-●專案管理/005-投資理財相關/★架構圖PDF檔/0.總架構.pdf' -> 'P:/Obsidian/Hoonsor/003-●專案管理/005-投資理財相關/★架構圖PDF檔/0.總架構.pdf' (163,919)
2022-09-19 08:42:48: 覆蓋複製 'D:/Obsidian/Hoonsor/003-●專案管理/005-投資理財相關/★架構圖PDF檔/1.凱瑞負責.pdf' -> 'P:/Obsidian/Hoonsor/003-●專案管理/005-投資理財相關/★架構圖PDF檔/1.凱瑞負責.pdf' (98,330)
2022-09-19 08:42:48: 覆蓋複製 'D:/Obsidian/Hoonsor/003-●專案管理/005-投資理財相關/★架構圖PDF檔/3.行銷協助.pdf' -> 'P:/Obsidian/Hoonsor/003-●專案管理/005-投資理財相關/★架構圖PDF檔/3.行銷協助.pdf' (66,181)
2022-09-19 08:42:48: 覆蓋複製 'D:/Obsidian/Hoonsor/003-●專案管理/006-Excel學習相關/1110904-Excel比對找尋資料.md' -> 'P:/Obsidian/Hoonsor/003-●專案管理/006-Excel學習相關/1110904-Excel比對找尋資料.md' (3,335)
2022-09-19 08:42:48: 覆蓋複製 'D:/Obsidian/Hoonsor/003-●專案管理/005-投資理財相關/★架構圖PDF檔/4.軟硬體協助.pdf' -> 'P:/Obsidian/Hoonsor/003-●專案管理/005-投資理財相關/★架構圖PDF檔/4.軟硬體協助.pdf' (55,646)
2022-09-19 08:42:48: 覆蓋複製 'D:/Obsidian/Hoonsor/003-●專案管理/006-Excel學習相關/1110911-Excel VBA學習相關.md' -> 'P:/Obsidian/Hoonsor/003-●專案管理/006-Excel學習相關/1110911-Excel VBA學習相關.md' (7,221)
2022-09-19 08:42:48: 覆蓋複製 'D:/Obsidian/Hoonsor/003-●專案管理/006-Excel學習相關/1110911-Excel快速合併寄送郵件.md' -> 'P:/Obsidian/Hoonsor/003-●專案管理/006-Excel學習相關/1110911-Excel快速合併寄送郵件.md' (4,287)
2022-09-19 08:42:48: 覆蓋複製 'D:/Obsidian/Hoonsor/003-●專案管理/006-Excel學習相關/●巨集作品/Outlook郵件範本檔/1110911-範本.oft' -> 'P:/Obsidian/Hoonsor/003-●專案管理/006-Excel學習相關/●巨集作品/Outlook郵件範本檔/1110911-範本.oft' (138,752)
2022-09-19 08:42:48: 覆蓋複製 'D:/Obsidian/Hoonsor/003-●專案管理/006-Excel學習相關/●巨集作品/個別化寄送郵件.xlsm' -> 'P:/Obsidian/Hoonsor/003-●專案管理/006-Excel學習相關/●巨集作品/個別化寄送郵件.xlsm' (20,744)
2022-09-19 08:42:48: 覆蓋複製 'D:/Obsidian/Hoonsor/003-●專案管理/006-Excel學習相關/●練習範例檔/Excel 51.xlsx' -> 'P:/Obsidian/Hoonsor/003-●專案管理/006-Excel學習相關/●練習範例檔/Excel 51.xlsx' (15,148)
2022-09-19 08:42:48: 覆蓋複製 'D:/Obsidian/Hoonsor/003-●專案管理/006-Excel學習相關/●練習範例檔/Excel 54/Logo.png' -> 'P:/Obsidian/Hoonsor/003-●專案管理/006-Excel學習相關/●練習範例檔/Excel 54/Logo.png' (47,502)
2022-09-19 08:42:48: 覆蓋複製 'D:/Obsidian/Hoonsor/003-●專案管理/006-Excel學習相關/●練習範例檔/Excel 54/Logo.svg' -> 'P:/Obsidian/Hoonsor/003-●專案管理/006-Excel學習相關/●練習範例檔/Excel 54/Logo.svg' (873)
2022-09-19 08:42:48: 覆蓋複製 'D:/Obsidian/Hoonsor/003-●專案管理/006-Excel學習相關/●練習範例檔/Excel 54/名單.xlsm' -> 'P:/Obsidian/Hoonsor/003-●專案管理/006-Excel學習相關/●練習範例檔/Excel 54/名單.xlsm' (20,745)
2022-09-19 08:42:48: 覆蓋複製 'D:/Obsidian/Hoonsor/003-●專案管理/006-Excel學習相關/●練習範例檔/Excel 54/名單.xlsx' -> 'P:/Obsidian/Hoonsor/003-●專案管理/006-Excel學習相關/●練習範例檔/Excel 54/名單.xlsx' (12,246)
2022-09-19 08:42:48: 覆蓋複製 'D:/Obsidian/Hoonsor/003-●專案管理/006-Excel學習相關/●練習範例檔/Excel 54/文字檔.txt' -> 'P:/Obsidian/Hoonsor/003-●專案管理/006-Excel學習相關/●練習範例檔/Excel 54/文字檔.txt' (448)
2022-09-19 08:42:48: 覆蓋複製 'D:/Obsidian/Hoonsor/003-●專案管理/006-Excel學習相關/●練習範例檔/Excel 54/林小玉.pdf' -> 'P:/Obsidian/Hoonsor/003-●專案管理/006-Excel學習相關/●練習範例檔/Excel 54/林小玉.pdf' (281,546)
2022-09-19 08:42:48: 覆蓋複製 'D:/Obsidian/Hoonsor/003-●專案管理/006-Excel學習相關/●練習範例檔/Excel 54/林阿杰.pdf' -> 'P:/Obsidian/Hoonsor/003-●專案管理/006-Excel學習相關/●練習範例檔/Excel 54/林阿杰.pdf' (281,546)
2022-09-19 08:42:48: 覆蓋複製 'D:/Obsidian/Hoonsor/003-●專案管理/006-Excel學習相關/●練習範例檔/Excel 54/楊小杉.pdf' -> 'P:/Obsidian/Hoonsor/003-●專案管理/006-Excel學習相關/●練習範例檔/Excel 54/楊小杉.pdf' (281,546)
2022-09-19 08:42:48: 覆蓋複製 'D:/Obsidian/Hoonsor/003-●專案管理/006-Excel學習相關/●練習範例檔/Excel 54/測試.pdf' -> 'P:/Obsidian/Hoonsor/003-●專案管理/006-Excel學習相關/●練習範例檔/Excel 54/測試.pdf' (281,546)
2022-09-19 08:42:48: 覆蓋複製 'D:/Obsidian/Hoonsor/004-●日常生活/001-多媒體知識/001-攝影、錄影/1110821-手機錄影技巧.md' -> 'P:/Obsidian/Hoonsor/004-●日常生活/001-多媒體知識/001-攝影、錄影/1110821-手機錄影技巧.md' (2,879)
2022-09-19 08:42:48: 覆蓋複製 'D:/Obsidian/Hoonsor/003-●專案管理/006-Excel學習相關/●練習範例檔/Excel 54/王小明.pdf' -> 'P:/Obsidian/Hoonsor/003-●專案管理/006-Excel學習相關/●練習範例檔/Excel 54/王小明.pdf' (281,546)
2022-09-19 08:42:48: 覆蓋複製 'D:/Obsidian/Hoonsor/003-●專案管理/006-Excel學習相關/●練習範例檔/Excel 54/葉小美.pdf' -> 'P:/Obsidian/Hoonsor/003-●專案管理/006-Excel學習相關/●練習範例檔/Excel 54/葉小美.pdf' (281,546)
2022-09-19 08:42:48: 覆蓋複製 'D:/Obsidian/Hoonsor/004-●日常生活/001-多媒體知識/001-攝影、錄影/1110825-Disco Diffusion-AI運算繪圖工具.md' -> 'P:/Obsidian/Hoonsor/004-●日常生活/001-多媒體知識/001-攝影、錄影/1110825-Disco Diffusion-AI運算繪圖工具.md' (12,920)
2022-09-19 08:42:48: 覆蓋複製 'D:/Obsidian/Hoonsor/004-●日常生活/002-隨手不錯的音樂紀錄/歌手.md' -> 'P:/Obsidian/Hoonsor/004-●日常生活/002-隨手不錯的音樂紀錄/歌手.md' (500)
2022-09-19 08:42:48: 覆蓋複製 'D:/Obsidian/Hoonsor/004-●日常生活/002-隨手不錯的音樂紀錄/獨立樂團.md' -> 'P:/Obsidian/Hoonsor/004-●日常生活/002-隨手不錯的音樂紀錄/獨立樂團.md' (566)
2022-09-19 08:42:48: 覆蓋複製 'D:/Obsidian/Hoonsor/004-●日常生活/003-電腦知識/Port（通訊埠）.md' -> 'P:/Obsidian/Hoonsor/004-●日常生活/003-電腦知識/Port（通訊埠）.md' (6,096)
2022-09-19 08:42:48: 覆蓋複製 'D:/Obsidian/Hoonsor/004-●日常生活/003-電腦知識/Secure Shell（SSH）.md' -> 'P:/Obsidian/Hoonsor/004-●日常生活/003-電腦知識/Secure Shell（SSH）.md' (16,602)
2022-09-19 08:42:48: 覆蓋複製 'D:/Obsidian/Hoonsor/004-●日常生活/003-電腦知識/VX3211-4k-mhd相關注意事項.md' -> 'P:/Obsidian/Hoonsor/004-●日常生活/003-電腦知識/VX3211-4k-mhd相關注意事項.md' (1,181)
2022-09-19 08:42:48: 覆蓋複製 'D:/Obsidian/Hoonsor/004-●日常生活/003-電腦知識/建構程式語言快捷查詢方式.md' -> 'P:/Obsidian/Hoonsor/004-●日常生活/003-電腦知識/建構程式語言快捷查詢方式.md' (874)
2022-09-19 08:42:48: 覆蓋複製 'D:/Obsidian/Hoonsor/004-●日常生活/003-電腦知識/正則表達式.md' -> 'P:/Obsidian/Hoonsor/004-●日常生活/003-電腦知識/正則表達式.md' (256)
2022-09-19 08:42:48: 覆蓋複製 'D:/Obsidian/Hoonsor/004-●日常生活/003-電腦知識/電腦疑難雜症.md' -> 'P:/Obsidian/Hoonsor/004-●日常生活/003-電腦知識/電腦疑難雜症.md' (332)
2022-09-19 08:42:48: 覆蓋複製 'D:/Obsidian/Hoonsor/004-●日常生活/003-電腦知識/電腦知識.md' -> 'P:/Obsidian/Hoonsor/004-●日常生活/003-電腦知識/電腦知識.md' (663)
2022-09-19 08:42:48: 覆蓋複製 'D:/Obsidian/Hoonsor/004-●日常生活/004-遊戲相關/XGPU遊戲下載.md' -> 'P:/Obsidian/Hoonsor/004-●日常生活/004-遊戲相關/XGPU遊戲下載.md' (688)
2022-09-19 08:42:48: 覆蓋複製 'D:/Obsidian/Hoonsor/004-●日常生活/005-健康知識/1110716-甲狀腺失調調理及預防指南.md' -> 'P:/Obsidian/Hoonsor/004-●日常生活/005-健康知識/1110716-甲狀腺失調調理及預防指南.md' (3,933)
2022-09-19 08:42:48: 覆蓋複製 'D:/Obsidian/Hoonsor/004-●日常生活/005-健康知識/1110716-腎上腺疲勞調理及預防指南.md' -> 'P:/Obsidian/Hoonsor/004-●日常生活/005-健康知識/1110716-腎上腺疲勞調理及預防指南.md' (2,547)
2022-09-19 08:42:48: 覆蓋複製 'D:/Obsidian/Hoonsor/004-●日常生活/005-健康知識/1110716-認識內分泌與激素.md' -> 'P:/Obsidian/Hoonsor/004-●日常生活/005-健康知識/1110716-認識內分泌與激素.md' (2,310)
2022-09-19 08:42:48: 覆蓋複製 'D:/Obsidian/Hoonsor/004-●日常生活/005-健康知識/1110903-青花椰苗種植及購買.md' -> 'P:/Obsidian/Hoonsor/004-●日常生活/005-健康知識/1110903-青花椰苗種植及購買.md' (540)
2022-09-19 08:42:48: 覆蓋複製 'D:/Obsidian/Hoonsor/004-●日常生活/005-健康知識/1110717-告別讓人困擾的失眠問題.md' -> 'P:/Obsidian/Hoonsor/004-●日常生活/005-健康知識/1110717-告別讓人困擾的失眠問題.md' (6,359)
2022-09-19 08:42:48: 覆蓋複製 'D:/Obsidian/Hoonsor/004-●日常生活/005-健康知識/1110717-能量運動指南.md' -> 'P:/Obsidian/Hoonsor/004-●日常生活/005-健康知識/1110717-能量運動指南.md' (23,460)
2022-09-19 08:42:48: 覆蓋複製 'D:/Obsidian/Hoonsor/004-●日常生活/005-健康知識/現有症狀治療及緩解.md' -> 'P:/Obsidian/Hoonsor/004-●日常生活/005-健康知識/現有症狀治療及緩解.md' (2,202)
2022-09-19 08:42:48: 覆蓋複製 'D:/Obsidian/Hoonsor/004-●日常生活/005-健康知識/身體現況.md' -> 'P:/Obsidian/Hoonsor/004-●日常生活/005-健康知識/身體現況.md' (2,705)
2022-09-19 08:42:48: 覆蓋複製 'D:/Obsidian/Hoonsor/004-●日常生活/005-健康知識/預防及保養.md' -> 'P:/Obsidian/Hoonsor/004-●日常生活/005-健康知識/預防及保養.md' (254)
2022-09-19 08:42:48: 覆蓋複製 'D:/Obsidian/Hoonsor/004-●日常生活/006-婚紗相關/1110709-婚紗拍攝事前確認事項.md' -> 'P:/Obsidian/Hoonsor/004-●日常生活/006-婚紗相關/1110709-婚紗拍攝事前確認事項.md' (290)
2022-09-19 08:42:48: 覆蓋複製 'D:/Obsidian/Hoonsor/004-●日常生活/007-修繕、工具知識/學會如何換電容.md' -> 'P:/Obsidian/Hoonsor/004-●日常生活/007-修繕、工具知識/學會如何換電容.md' (346)
2022-09-19 08:42:48: 覆蓋複製 'D:/Obsidian/Hoonsor/004-●日常生活/●日常生活待辦事項.md' -> 'P:/Obsidian/Hoonsor/004-●日常生活/●日常生活待辦事項.md' (1,658)
2022-09-19 08:42:48: 覆蓋複製 'D:/Obsidian/Hoonsor/004-●日常生活/●激勵影片.md' -> 'P:/Obsidian/Hoonsor/004-●日常生活/●激勵影片.md' (630)
2022-09-19 08:42:48: 覆蓋複製 'D:/Obsidian/Hoonsor/004-●日常生活/●日常生活紀錄.md' -> 'P:/Obsidian/Hoonsor/004-●日常生活/●日常生活紀錄.md' (3,193)
2022-09-19 08:42:48: 覆蓋複製 'D:/Obsidian/Hoonsor/005-工作相關/1110803-待辦.md' -> 'P:/Obsidian/Hoonsor/005-工作相關/1110803-待辦.md' (913)
2022-09-19 08:42:48: 覆蓋複製 'D:/Obsidian/Hoonsor/005-工作相關/1110804-提醒新進短期臨工注意事項.md' -> 'P:/Obsidian/Hoonsor/005-工作相關/1110804-提醒新進短期臨工注意事項.md' (813)
2022-09-19 08:42:48: 覆蓋複製 'D:/Obsidian/Hoonsor/005-工作相關/1110810-新進教師研習.md' -> 'P:/Obsidian/Hoonsor/005-工作相關/1110810-新進教師研習.md' (12,897)
2022-09-19 08:42:48: 覆蓋複製 'D:/Obsidian/Hoonsor/005-工作相關/●工作待辦事項.md' -> 'P:/Obsidian/Hoonsor/005-工作相關/●工作待辦事項.md' (20,808)
2022-09-19 08:42:48: 覆蓋複製 'D:/Obsidian/Hoonsor/005-工作相關/●已完成/校長遴選座談會及後續工作.md' -> 'P:/Obsidian/Hoonsor/005-工作相關/●已完成/校長遴選座談會及後續工作.md' (8,803)
2022-09-19 08:42:48: 覆蓋複製 'D:/Obsidian/Hoonsor/005-工作相關/法規紀錄測試.md' -> 'P:/Obsidian/Hoonsor/005-工作相關/法規紀錄測試.md' (22,014)
2022-09-19 08:42:48: 覆蓋複製 'D:/Obsidian/Hoonsor/006-DailyNote/2022-05-22_Sun.md' -> 'P:/Obsidian/Hoonsor/006-DailyNote/2022-05-22_Sun.md' (287)
2022-09-19 08:42:48: 覆蓋複製 'D:/Obsidian/Hoonsor/006-DailyNote/2022-05-24_Tue.md' -> 'P:/Obsidian/Hoonsor/006-DailyNote/2022-05-24_Tue.md' (604)
2022-09-19 08:42:48: 覆蓋複製 'D:/Obsidian/Hoonsor/006-DailyNote/2022-05-25_Wed.md' -> 'P:/Obsidian/Hoonsor/006-DailyNote/2022-05-25_Wed.md' (409)
2022-09-19 08:42:48: 覆蓋複製 'D:/Obsidian/Hoonsor/006-DailyNote/2022-05-29_Sun.md' -> 'P:/Obsidian/Hoonsor/006-DailyNote/2022-05-29_Sun.md' (532)
2022-09-19 08:42:48: 覆蓋複製 'D:/Obsidian/Hoonsor/006-DailyNote/2022-05-30_Mon.md' -> 'P:/Obsidian/Hoonsor/006-DailyNote/2022-05-30_Mon.md' (499)
2022-09-19 08:42:48: 覆蓋複製 'D:/Obsidian/Hoonsor/006-DailyNote/2022-05-31_Tue.md' -> 'P:/Obsidian/Hoonsor/006-DailyNote/2022-05-31_Tue.md' (370)
2022-09-19 08:42:48: 覆蓋複製 'D:/Obsidian/Hoonsor/006-DailyNote/2022-06-06_Mon.md' -> 'P:/Obsidian/Hoonsor/006-DailyNote/2022-06-06_Mon.md' (512)
2022-09-19 08:42:48: 覆蓋複製 'D:/Obsidian/Hoonsor/006-DailyNote/2022-06-07_Tue.md' -> 'P:/Obsidian/Hoonsor/006-DailyNote/2022-06-07_Tue.md' (481)
2022-09-19 08:42:48: 覆蓋複製 'D:/Obsidian/Hoonsor/006-DailyNote/2022-06-14_Tue.md' -> 'P:/Obsidian/Hoonsor/006-DailyNote/2022-06-14_Tue.md' (436)
2022-09-19 08:42:48: 覆蓋複製 'D:/Obsidian/Hoonsor/006-DailyNote/2022-06-21_Tue.md' -> 'P:/Obsidian/Hoonsor/006-DailyNote/2022-06-21_Tue.md' (427)
2022-09-19 08:42:48: 覆蓋複製 'D:/Obsidian/Hoonsor/006-DailyNote/2022-07-19_Tue.md' -> 'P:/Obsidian/Hoonsor/006-DailyNote/2022-07-19_Tue.md' (497)
2022-09-19 08:42:48: 覆蓋複製 'D:/Obsidian/Hoonsor/006-DailyNote/2022-07-20_Wed.md' -> 'P:/Obsidian/Hoonsor/006-DailyNote/2022-07-20_Wed.md' (597)
2022-09-19 08:42:48: 覆蓋複製 'D:/Obsidian/Hoonsor/006-DailyNote/2022-07-21_Thu.md' -> 'P:/Obsidian/Hoonsor/006-DailyNote/2022-07-21_Thu.md' (672)
2022-09-19 08:42:48: 覆蓋複製 'D:/Obsidian/Hoonsor/006-DailyNote/2022-07-24_Sun.md' -> 'P:/Obsidian/Hoonsor/006-DailyNote/2022-07-24_Sun.md' (626)
2022-09-19 08:42:48: 覆蓋複製 'D:/Obsidian/Hoonsor/006-DailyNote/2022-07-25_Mon.md' -> 'P:/Obsidian/Hoonsor/006-DailyNote/2022-07-25_Mon.md' (611)
2022-09-19 08:42:48: 覆蓋複製 'D:/Obsidian/Hoonsor/006-DailyNote/2022-08-30_Tue.md' -> 'P:/Obsidian/Hoonsor/006-DailyNote/2022-08-30_Tue.md' (439)
2022-09-19 08:42:48: 覆蓋複製 'D:/Obsidian/Hoonsor/006-DailyNote/2022-09-01_Thu.md' -> 'P:/Obsidian/Hoonsor/006-DailyNote/2022-09-01_Thu.md' (439)
2022-09-19 08:42:48: 覆蓋複製 'D:/Obsidian/Hoonsor/006-DailyNote/2022-09-04_Sun.md' -> 'P:/Obsidian/Hoonsor/006-DailyNote/2022-09-04_Sun.md' (2,162)
2022-09-19 08:42:48: 覆蓋複製 'D:/Obsidian/Hoonsor/006-DailyNote/2022-09-05_Mon.md' -> 'P:/Obsidian/Hoonsor/006-DailyNote/2022-09-05_Mon.md' (2,294)
2022-09-19 08:42:48: 覆蓋複製 'D:/Obsidian/Hoonsor/006-DailyNote/2022-09-06_Tue.md' -> 'P:/Obsidian/Hoonsor/006-DailyNote/2022-09-06_Tue.md' (2,271)
2022-09-19 08:42:48: 覆蓋複製 'D:/Obsidian/Hoonsor/006-DailyNote/2022-09-07_Wed.md' -> 'P:/Obsidian/Hoonsor/006-DailyNote/2022-09-07_Wed.md' (1,824)
2022-09-19 08:42:48: 覆蓋複製 'D:/Obsidian/Hoonsor/006-DailyNote/2022-09-08_Thu.md' -> 'P:/Obsidian/Hoonsor/006-DailyNote/2022-09-08_Thu.md' (636)
2022-09-19 08:42:48: 覆蓋複製 'D:/Obsidian/Hoonsor/006-DailyNote/2022-09-09_Fri.md' -> 'P:/Obsidian/Hoonsor/006-DailyNote/2022-09-09_Fri.md' (1,892)
2022-09-19 08:42:48: 覆蓋複製 'D:/Obsidian/Hoonsor/006-DailyNote/2022-09-10_Sat.md' -> 'P:/Obsidian/Hoonsor/006-DailyNote/2022-09-10_Sat.md' (820)
2022-09-19 08:42:48: 覆蓋複製 'D:/Obsidian/Hoonsor/006-DailyNote/2022-09-11_Sun.md' -> 'P:/Obsidian/Hoonsor/006-DailyNote/2022-09-11_Sun.md' (2,554)
2022-09-19 08:42:48: 覆蓋複製 'D:/Obsidian/Hoonsor/006-DailyNote/2022-09-12_Mon.md' -> 'P:/Obsidian/Hoonsor/006-DailyNote/2022-09-12_Mon.md' (2,362)
2022-09-19 08:42:48: 覆蓋複製 'D:/Obsidian/Hoonsor/006-DailyNote/2022-09-13_Tue.md' -> 'P:/Obsidian/Hoonsor/006-DailyNote/2022-09-13_Tue.md' (870)
2022-09-19 08:42:48: 覆蓋複製 'D:/Obsidian/Hoonsor/006-DailyNote/2022-09-14_Wed.md' -> 'P:/Obsidian/Hoonsor/006-DailyNote/2022-09-14_Wed.md' (2,659)
2022-09-19 08:42:48: 覆蓋複製 'D:/Obsidian/Hoonsor/006-DailyNote/2022-09-15_Thu.md' -> 'P:/Obsidian/Hoonsor/006-DailyNote/2022-09-15_Thu.md' (2,511)
2022-09-19 08:42:48: 覆蓋複製 'D:/Obsidian/Hoonsor/006-DailyNote/2022-09-17_Sat.md' -> 'P:/Obsidian/Hoonsor/006-DailyNote/2022-09-17_Sat.md' (591)
2022-09-19 08:42:48: 覆蓋複製 'D:/Obsidian/Hoonsor/006-DailyNote/2022-09-16_Fri.md' -> 'P:/Obsidian/Hoonsor/006-DailyNote/2022-09-16_Fri.md' (867)
2022-09-19 08:42:48: 覆蓋複製 'D:/Obsidian/Hoonsor/006-DailyNote/template.md' -> 'P:/Obsidian/Hoonsor/006-DailyNote/template.md' (437)
2022-09-19 08:42:48: 覆蓋複製 'D:/Obsidian/Hoonsor/006-DailyNote/2022-09-18_Sun.md' -> 'P:/Obsidian/Hoonsor/006-DailyNote/2022-09-18_Sun.md' (2,286)
2022-09-19 08:42:48: 覆蓋複製 'D:/Obsidian/Hoonsor/007-旅遊/1110813-九份行.md' -> 'P:/Obsidian/Hoonsor/007-旅遊/1110813-九份行.md' (4,311)
2022-09-19 08:42:48: 覆蓋複製 'D:/Obsidian/Hoonsor/DashBoard CSS-自行測試.md' -> 'P:/Obsidian/Hoonsor/DashBoard CSS-自行測試.md' (895)
2022-09-19 08:42:48: 覆蓋複製 'D:/Obsidian/Hoonsor/JavaScripts腳本/advanced_uri.js' -> 'P:/Obsidian/Hoonsor/JavaScripts腳本/advanced_uri.js' (1,113)
2022-09-19 08:42:48: 覆蓋複製 'D:/Obsidian/Hoonsor/README.md' -> 'P:/Obsidian/Hoonsor/README.md' (0)
2022-09-19 08:42:48: 覆蓋複製 'D:/Obsidian/Hoonsor/●圖片庫/CSS-rem定義.png' -> 'P:/Obsidian/Hoonsor/●圖片庫/CSS-rem定義.png' (72,534)
2022-09-19 08:42:48: 覆蓋複製 'D:/Obsidian/Hoonsor/●圖片庫/CSS-%定義.png' -> 'P:/Obsidian/Hoonsor/●圖片庫/CSS-%定義.png' (148,497)
2022-09-19 08:42:48: 覆蓋複製 'D:/Obsidian/Hoonsor/●圖片庫/CSS-em定義.png' -> 'P:/Obsidian/Hoonsor/●圖片庫/CSS-em定義.png' (114,985)
2022-09-19 08:42:48: 覆蓋複製 'D:/Obsidian/Hoonsor/●子彈筆記.md' -> 'P:/Obsidian/Hoonsor/●子彈筆記.md' (480)
2022-09-19 08:42:49: 覆蓋複製 'D:/Obsidian/Hoonsor/●專案管理.md' -> 'P:/Obsidian/Hoonsor/●專案管理.md' (885)
2022-09-19 08:42:49: 覆蓋複製 'D:/Obsidian/Hoonsor/●圖片庫/CSS-vw及vh定義.png' -> 'P:/Obsidian/Hoonsor/●圖片庫/CSS-vw及vh定義.png' (324,124)
2022-09-19 08:42:49: 覆蓋複製 'D:/Obsidian/Hoonsor/●日常生活.md' -> 'P:/Obsidian/Hoonsor/●日常生活.md' (606)
2022-09-19 08:42:49: 覆蓋複製 'D:/Obsidian/Hoonsor/●首頁.md' -> 'P:/Obsidian/Hoonsor/●首頁.md' (3,122)
2022-09-19 08:42:49: 覆蓋複製 'D:/Obsidian/Hoonsor/★按鈕範例.md' -> 'P:/Obsidian/Hoonsor/★按鈕範例.md' (6,016)
2022-09-19 08:42:49: 覆蓋複製 'D:/Obsidian/Hoonsor/★測試各類功能.md' -> 'P:/Obsidian/Hoonsor/★測試各類功能.md' (1,659)
2022-09-19 08:42:49: == 同步完成. 歷時: 00:00:03, 速度: 0.00/s, 完成: 133, 錯誤: 0
