2022-12-05 09:58:55: -- 分析開始 Periodic Timer
2022-12-05 09:58:55: 變更：16， 衝突：0， 複製時間：0， 複製狀態：0， 錯誤： 0, All: 716
2022-12-05 09:58:55: Left to Right: Copy File: 16 
2022-12-05 09:58:55: == 同步開始由 Periodic Timer
2022-12-05 09:58:55: 新建複製 'D:/Obsidian/Hoonsor/001-Template/Template-Law.md' -> 'P:/Obsidian/Hoonsor/001-Template/Template-Law.md' (1,129)
2022-12-05 09:58:55: 覆蓋複製 'D:/Obsidian/Hoonsor/001-Template/Daily Note Tasks.md' -> 'P:/Obsidian/Hoonsor/001-Template/Daily Note Tasks.md' (954)
2022-12-05 09:58:55: 覆蓋複製 'D:/Obsidian/Hoonsor/001-Template/Daily Note Template.md' -> 'P:/Obsidian/Hoonsor/001-Template/Daily Note Template.md' (1,848)
2022-12-05 09:58:55: 覆蓋複製 'D:/Obsidian/Hoonsor/001-Template/Template-YoutubeMusic.md' -> 'P:/Obsidian/Hoonsor/001-Template/Template-YoutubeMusic.md' (1,647)
2022-12-05 09:58:55: 覆蓋複製 'D:/Obsidian/Hoonsor/004-●日常生活/●日常生活待辦事項.md' -> 'P:/Obsidian/Hoonsor/004-●日常生活/●日常生活待辦事項.md' (3,474)
2022-12-05 09:58:55: 覆蓋複製 'D:/Obsidian/Hoonsor/003-●專案管理/003-Obsidian學習筆記/1110906-Obsidian快捷鍵.md' -> 'P:/Obsidian/Hoonsor/003-●專案管理/003-Obsidian學習筆記/1110906-Obsidian快捷鍵.md' (5,914)
2022-12-05 09:58:55: 覆蓋複製 'D:/Obsidian/Hoonsor/003-●專案管理/005-投資理財相關/●投資理財及創業待辦事項.md' -> 'P:/Obsidian/Hoonsor/003-●專案管理/005-投資理財相關/●投資理財及創業待辦事項.md' (4,381)
2022-12-05 09:58:55: 覆蓋複製 'D:/Obsidian/Hoonsor/004-●日常生活/●日常生活紀錄.md' -> 'P:/Obsidian/Hoonsor/004-●日常生活/●日常生活紀錄.md' (10,930)
2022-12-05 09:58:55: 覆蓋複製 'D:/Obsidian/Hoonsor/004-●日常生活/●日記.md' -> 'P:/Obsidian/Hoonsor/004-●日常生活/●日記.md' (2,767)
2022-12-05 09:58:55: 覆蓋複製 'D:/Obsidian/Hoonsor/004-●日常生活/●購物清單及國外購物注意事項.md' -> 'P:/Obsidian/Hoonsor/004-●日常生活/●購物清單及國外購物注意事項.md' (1,647)
2022-12-05 09:58:55: 新建複製 'D:/Obsidian/Hoonsor/006-DailyNote/2022-12-05_Mon.md' -> 'P:/Obsidian/Hoonsor/006-DailyNote/2022-12-05_Mon.md' (1,611)
2022-12-05 09:58:55: 覆蓋複製 'D:/Obsidian/Hoonsor/005-工作相關/001-人事法規/●高中以下人事法規彙整.md' -> 'P:/Obsidian/Hoonsor/005-工作相關/001-人事法規/●高中以下人事法規彙整.md' (1,367)
2022-12-05 09:58:55: 覆蓋複製 'D:/Obsidian/Hoonsor/005-工作相關/●工作待辦事項.md' -> 'P:/Obsidian/Hoonsor/005-工作相關/●工作待辦事項.md' (7,810)
2022-12-05 09:58:55: 覆蓋複製 'D:/Obsidian/Hoonsor/●首頁.md' -> 'P:/Obsidian/Hoonsor/●首頁.md' (2,859)
2022-12-05 09:58:55: 覆蓋複製 'D:/Obsidian/Hoonsor/★靈感筆記.md' -> 'P:/Obsidian/Hoonsor/★靈感筆記.md' (1,907)
2022-12-05 09:58:55: 覆蓋複製 'D:/Obsidian/Hoonsor/★測試各類功能.md' -> 'P:/Obsidian/Hoonsor/★測試各類功能.md' (3,135)
2022-12-05 09:58:55: == 同步完成. 歷時: 00:00:00, 速度: 0.00/s, 完成: 16, 錯誤: 0
