2022-08-17 23:32:32: -- 分析開始 User Command
2022-08-17 23:32:32: 變更：7， 衝突：0， 複製時間：0， 複製狀態：0， 錯誤： 0, All: 489
2022-08-17 23:32:32: Left to Right: Copy File: 7 
2022-08-17 23:32:32: == 同步開始由 User Command
2022-08-17 23:32:32: 覆蓋複製 'D:/02-學習/03-Obsidian/Hoonsor/004-●日常生活/002-隨手不錯的音樂紀錄/獨立樂團.md' -> 'P:/Obsidian/Hoonsor/004-●日常生活/002-隨手不錯的音樂紀錄/獨立樂團.md' (555)
2022-08-17 23:32:32: 覆蓋複製 'D:/02-學習/03-Obsidian/Hoonsor/004-●日常生活/003-電腦知識/正則表達式.md' -> 'P:/Obsidian/Hoonsor/004-●日常生活/003-電腦知識/正則表達式.md' (253)
2022-08-17 23:32:32: 覆蓋複製 'D:/02-學習/03-Obsidian/Hoonsor/004-●日常生活/002-隨手不錯的音樂紀錄/歌手.md' -> 'P:/Obsidian/Hoonsor/004-●日常生活/002-隨手不錯的音樂紀錄/歌手.md' (483)
2022-08-17 23:32:32: 覆蓋複製 'D:/02-學習/03-Obsidian/Hoonsor/004-●日常生活/●激勵影片.md' -> 'P:/Obsidian/Hoonsor/004-●日常生活/●激勵影片.md' (614)
2022-08-17 23:32:32: 覆蓋複製 'D:/02-學習/03-Obsidian/Hoonsor/005-工作相關/1110810-新進教師研習.md' -> 'P:/Obsidian/Hoonsor/005-工作相關/1110810-新進教師研習.md' (12,857)
2022-08-17 23:32:32: 覆蓋複製 'D:/02-學習/03-Obsidian/Hoonsor/004-●日常生活/005-健康知識/1110716-認識內分泌與激素.md' -> 'P:/Obsidian/Hoonsor/004-●日常生活/005-健康知識/1110716-認識內分泌與激素.md' (2,252)
2022-08-17 23:32:32: 新建複製 'D:/02-學習/03-Obsidian/Hoonsor/005-工作相關/法規紀錄測試.md' -> 'P:/Obsidian/Hoonsor/005-工作相關/法規紀錄測試.md' (21,643)
2022-08-17 23:32:32: Deleted Recycled: D:/02-學習/03-Obsidian/Hoonsor/_gsdata_/_saved_/001-Template/0-YAML.md
2022-08-17 23:32:32: Deleted Recycled: D:/02-學習/03-Obsidian/Hoonsor/_gsdata_/_saved_/001-Template/1-Article.md
2022-08-17 23:32:32: Deleted Recycled: D:/02-學習/03-Obsidian/Hoonsor/_gsdata_/_saved_/001-Template/2-Youtube.md
2022-08-17 23:32:32: Deleted Recycled: D:/02-學習/03-Obsidian/Hoonsor/_gsdata_/_saved_/001-Template/3-Idea.md
2022-08-17 23:32:32: Deleted Recycled: D:/02-學習/03-Obsidian/Hoonsor/_gsdata_/_saved_/001-Template/4-Podcast.md
2022-08-17 23:32:32: Deleted Recycled: D:/02-學習/03-Obsidian/Hoonsor/_gsdata_/_saved_/001-Template/5-Facebook,Instagram,Twitter,reddit.md
2022-08-17 23:32:32: Deleted Recycled: D:/02-學習/03-Obsidian/Hoonsor/_gsdata_/_saved_/001-Template/6-PDF.md
2022-08-17 23:32:32: Deleted Recycled: D:/02-學習/03-Obsidian/Hoonsor/_gsdata_/_saved_/001-Template/7-Chat.md
2022-08-17 23:32:32: Deleted Recycled: D:/02-學習/03-Obsidian/Hoonsor/_gsdata_/_saved_/001-Template/8-Book.md
2022-08-17 23:32:32: Deleted Recycled: D:/02-學習/03-Obsidian/Hoonsor/_gsdata_/_saved_/001-Template/9-Course.md
2022-08-17 23:32:32: Deleted Recycled: D:/02-學習/03-Obsidian/Hoonsor/_gsdata_/_saved_/001-Template/From -Template-Try.md
2022-08-17 23:32:32: Deleted Recycled: D:/02-學習/03-Obsidian/Hoonsor/_gsdata_/_saved_/001-Template/From-Template-Book.md
2022-08-17 23:32:32: Deleted Recycled: D:/02-學習/03-Obsidian/Hoonsor/_gsdata_/_saved_/002-Inbox/0628.md
2022-08-17 23:32:32: Deleted Recycled: D:/02-學習/03-Obsidian/Hoonsor/_gsdata_/_saved_/002-Inbox/1110628.md
2022-08-17 23:32:32: Deleted Recycled: D:/02-學習/03-Obsidian/Hoonsor/_gsdata_/_saved_/{{圖片}}.md
2022-08-17 23:32:32: == 同步完成. 歷時: 00:00:00, 速度: 0.00/s, 完成: 7, 錯誤: 0
