2022-08-15 16:06:26: -- 分析開始 User Command
2022-08-15 16:06:27: /001-Template/Template-Travel.md: 衝突: 新檔有變化
2022-08-15 16:06:27: /003-●專案管理/001-WordPress架設網站/CSS的概念及學習.md: L:TimeSize<>; 衝突：檔兩側都進行了改動
2022-08-15 16:06:27: /003-●專案管理/001-WordPress架設網站/WordPress學習及筆記.md: L:TimeSize<>; 衝突：檔兩側都進行了改動
2022-08-15 16:06:27: /003-●專案管理/001-WordPress架設網站/好用網站或外掛推薦.md: 衝突: 新檔有變化
2022-08-15 16:06:27: /003-●專案管理/004-AHK學習筆記/AHK-概述.md: L:TimeSize<>; 衝突：檔兩側都進行了改動
2022-08-15 16:06:27: /003-●專案管理/005-投資理財相關/1110813-Thinkorswim軟體介面大綱.md: 衝突: 新檔有變化
2022-08-15 16:06:27: /003-●專案管理/005-投資理財相關/1110814-Thinkorswim軟體學習心得.md: 衝突: 新檔有變化
2022-08-15 16:06:27: /004-●日常生活/001-購物清單/購物清單.md: 衝突: 新檔有變化
2022-08-15 16:06:27: /004-●日常生活/004-遊戲相關/XGPU雙人遊戲下載.md: L:TimeSize<>; 衝突：檔兩側都進行了改動
2022-08-15 16:06:27: /004-●日常生活/005-健康知識/1110716-甲狀腺失調調理及預防指南.md: L:TimeSize<>; 衝突：檔兩側都進行了改動
2022-08-15 16:06:27: /004-●日常生活/005-健康知識/1110716-腎上腺疲勞調理及預防指南.md: L:TimeSize<>; 衝突：檔兩側都進行了改動
2022-08-15 16:06:27: /004-●日常生活/005-健康知識/1110716-認識內分泌與激素.md: L:TimeSize<>; 衝突：檔兩側都進行了改動
2022-08-15 16:06:27: /004-●日常生活/005-健康知識/1110717-告別讓人困擾的失眠問題.md: L:TimeSize<>; 衝突：檔兩側都進行了改動
2022-08-15 16:06:27: /004-●日常生活/005-健康知識/1110717-能量運動指南.md: L:TimeSize<>; 衝突：檔兩側都進行了改動
2022-08-15 16:06:27: /005-工作相關/1110803-待辦.md: L:TimeSize<>; 衝突：檔兩側都進行了改動
2022-08-15 16:06:27: /005-工作相關/1110804-提醒新進短期臨工注意事項.md: L:TimeSize<>; 衝突：檔兩側都進行了改動
2022-08-15 16:06:27: /007-旅遊/1110813-九份行.md: 衝突: 新檔有變化
2022-08-15 16:06:27: /●專案管理.md: L:TimeSize<>; 衝突：檔兩側都進行了改動
2022-08-15 16:06:27: 變更：33， 衝突：0， 複製時間：0， 複製狀態：5， 錯誤： 0, All: 243
2022-08-15 16:06:27: Left to Right: Copy File: 19 
2022-08-15 16:06:27: Right to Left: Copy File: 14 
2022-08-15 16:06:27: == 同步開始由 User Command
2022-08-15 16:06:27: 覆蓋複製 'D:/Obsidian/Hoonsor/001-Template/Template-Travel.md' -> 'P:/Obsidian/Hoonsor/001-Template/Template-Travel.md' (344)
2022-08-15 16:06:27: 覆蓋複製 'P:/Obsidian/Hoonsor/001-Template/Template-Temporary Mission.md' -> 'D:/Obsidian/Hoonsor/001-Template/Template-Temporary Mission.md' (139)
2022-08-15 16:06:27: 覆蓋複製 'P:/Obsidian/Hoonsor/001-Template/Template-SubItem.md' -> 'D:/Obsidian/Hoonsor/001-Template/Template-SubItem.md' (62)
2022-08-15 16:06:27: 覆蓋複製 'P:/Obsidian/Hoonsor/001-Template/UniversalNote.md' -> 'D:/Obsidian/Hoonsor/001-Template/UniversalNote.md' (1,020)
2022-08-15 16:06:27: 覆蓋複製 'P:/Obsidian/Hoonsor/003-●專案管理/001-WordPress架設網站/1110721-MAMP教學（在電腦安裝離線版伺服器及WordPress））.md' -> 'D:/Obsidian/Hoonsor/003-●專案管理/001-WordPress架設網站/1110721-MAMP教學（在電腦安裝離線版伺服器及WordPress））.md' (10,435)
2022-08-15 16:06:27: 覆蓋複製 'D:/Obsidian/Hoonsor/003-●專案管理/001-WordPress架設網站/WordPress學習及筆記.md' -> 'P:/Obsidian/Hoonsor/003-●專案管理/001-WordPress架設網站/WordPress學習及筆記.md' (961)
2022-08-15 16:06:27: 覆蓋複製 'P:/Obsidian/Hoonsor/003-●專案管理/001-WordPress架設網站/WordPress是什麼 ？完整介紹評價＋教學範例（入門指南）.md' -> 'D:/Obsidian/Hoonsor/003-●專案管理/001-WordPress架設網站/WordPress是什麼 ？完整介紹評價＋教學範例（入門指南）.md' (45,157)
2022-08-15 16:06:27: 覆蓋複製 'D:/Obsidian/Hoonsor/003-●專案管理/001-WordPress架設網站/好用網站或外掛推薦.md' -> 'P:/Obsidian/Hoonsor/003-●專案管理/001-WordPress架設網站/好用網站或外掛推薦.md' (582)
2022-08-15 16:06:27: 覆蓋複製 'D:/Obsidian/Hoonsor/003-●專案管理/001-WordPress架設網站/CSS的概念及學習.md' -> 'P:/Obsidian/Hoonsor/003-●專案管理/001-WordPress架設網站/CSS的概念及學習.md' (5,923)
2022-08-15 16:06:27: 覆蓋複製 'P:/Obsidian/Hoonsor/003-●專案管理/001-WordPress架設網站/安裝Astra及有關插件.md' -> 'D:/Obsidian/Hoonsor/003-●專案管理/001-WordPress架設網站/安裝Astra及有關插件.md' (1,979)
2022-08-15 16:06:27: 覆蓋複製 'P:/Obsidian/Hoonsor/003-●專案管理/002-練習撰寫文章行銷課程/熟練行銷文章架構.md' -> 'D:/Obsidian/Hoonsor/003-●專案管理/002-練習撰寫文章行銷課程/熟練行銷文章架構.md' (264)
2022-08-15 16:06:27: 覆蓋複製 'P:/Obsidian/Hoonsor/003-●專案管理/003-Obsidian學習筆記/1110731-DataView插件筆記.md' -> 'D:/Obsidian/Hoonsor/003-●專案管理/003-Obsidian學習筆記/1110731-DataView插件筆記.md' (6,107)
2022-08-15 16:06:27: 覆蓋複製 'P:/Obsidian/Hoonsor/003-●專案管理/003-Obsidian學習筆記/1110806-Git及Obsidian同步至手機學習.md' -> 'D:/Obsidian/Hoonsor/003-●專案管理/003-Obsidian學習筆記/1110806-Git及Obsidian同步至手機學習.md' (14,800)
2022-08-15 16:06:27: 覆蓋複製 'P:/Obsidian/Hoonsor/003-●專案管理/003-Obsidian學習筆記/Obsidian概述.md' -> 'D:/Obsidian/Hoonsor/003-●專案管理/003-Obsidian學習筆記/Obsidian概述.md' (645)
2022-08-15 16:06:27: 覆蓋複製 'P:/Obsidian/Hoonsor/003-●專案管理/003-Obsidian學習筆記/Obsidian的任務管理技巧彙總.md' -> 'D:/Obsidian/Hoonsor/003-●專案管理/003-Obsidian學習筆記/Obsidian的任務管理技巧彙總.md' (2,363)
2022-08-15 16:06:27: 覆蓋複製 'P:/Obsidian/Hoonsor/003-●專案管理/004-AHK學習筆記/AHK-GUI控件相關.md' -> 'D:/Obsidian/Hoonsor/003-●專案管理/004-AHK學習筆記/AHK-GUI控件相關.md' (659)
2022-08-15 16:06:27: 覆蓋複製 'D:/Obsidian/Hoonsor/003-●專案管理/004-AHK學習筆記/AHK-概述.md' -> 'P:/Obsidian/Hoonsor/003-●專案管理/004-AHK學習筆記/AHK-概述.md' (1,344)
2022-08-15 16:06:27: 覆蓋複製 'P:/Obsidian/Hoonsor/004-●日常生活/001-購物清單/2022黑色星期五購物清單.md' -> 'D:/Obsidian/Hoonsor/004-●日常生活/001-購物清單/2022黑色星期五購物清單.md' (195)
2022-08-15 16:06:27: 覆蓋複製 'D:/Obsidian/Hoonsor/003-●專案管理/005-投資理財相關/1110814-Thinkorswim軟體學習心得.md' -> 'P:/Obsidian/Hoonsor/003-●專案管理/005-投資理財相關/1110814-Thinkorswim軟體學習心得.md' (3,611)
2022-08-15 16:06:27: 覆蓋複製 'D:/Obsidian/Hoonsor/003-●專案管理/005-投資理財相關/1110813-Thinkorswim軟體介面大綱.md' -> 'P:/Obsidian/Hoonsor/003-●專案管理/005-投資理財相關/1110813-Thinkorswim軟體介面大綱.md' (10,739)
2022-08-15 16:06:27: 覆蓋複製 'D:/Obsidian/Hoonsor/004-●日常生活/001-購物清單/購物清單.md' -> 'P:/Obsidian/Hoonsor/004-●日常生活/001-購物清單/購物清單.md' (326)
2022-08-15 16:06:27: 覆蓋複製 'D:/Obsidian/Hoonsor/004-●日常生活/004-遊戲相關/XGPU雙人遊戲下載.md' -> 'P:/Obsidian/Hoonsor/004-●日常生活/004-遊戲相關/XGPU雙人遊戲下載.md' (570)
2022-08-15 16:06:27: 覆蓋複製 'D:/Obsidian/Hoonsor/004-●日常生活/005-健康知識/1110716-腎上腺疲勞調理及預防指南.md' -> 'P:/Obsidian/Hoonsor/004-●日常生活/005-健康知識/1110716-腎上腺疲勞調理及預防指南.md' (2,547)
2022-08-15 16:06:27: 覆蓋複製 'D:/Obsidian/Hoonsor/004-●日常生活/005-健康知識/1110716-認識內分泌與激素.md' -> 'P:/Obsidian/Hoonsor/004-●日常生活/005-健康知識/1110716-認識內分泌與激素.md' (2,310)
2022-08-15 16:06:27: 覆蓋複製 'D:/Obsidian/Hoonsor/004-●日常生活/005-健康知識/1110716-甲狀腺失調調理及預防指南.md' -> 'P:/Obsidian/Hoonsor/004-●日常生活/005-健康知識/1110716-甲狀腺失調調理及預防指南.md' (3,908)
2022-08-15 16:06:27: 覆蓋複製 'D:/Obsidian/Hoonsor/005-工作相關/1110803-待辦.md' -> 'P:/Obsidian/Hoonsor/005-工作相關/1110803-待辦.md' (897)
2022-08-15 16:06:27: 覆蓋複製 'D:/Obsidian/Hoonsor/004-●日常生活/005-健康知識/1110717-能量運動指南.md' -> 'P:/Obsidian/Hoonsor/004-●日常生活/005-健康知識/1110717-能量運動指南.md' (23,449)
2022-08-15 16:06:27: 覆蓋複製 'D:/Obsidian/Hoonsor/004-●日常生活/005-健康知識/1110717-告別讓人困擾的失眠問題.md' -> 'P:/Obsidian/Hoonsor/004-●日常生活/005-健康知識/1110717-告別讓人困擾的失眠問題.md' (6,334)
2022-08-15 16:06:27: 覆蓋複製 'P:/Obsidian/Hoonsor/006-DailyNote/2022-06-07_Tue.md' -> 'D:/Obsidian/Hoonsor/006-DailyNote/2022-06-07_Tue.md' (459)
2022-08-15 16:06:27: 覆蓋複製 'D:/Obsidian/Hoonsor/005-工作相關/1110804-提醒新進短期臨工注意事項.md' -> 'P:/Obsidian/Hoonsor/005-工作相關/1110804-提醒新進短期臨工注意事項.md' (643)
2022-08-15 16:06:27: 覆蓋複製 'D:/Obsidian/Hoonsor/007-旅遊/1110813-九份行.md' -> 'P:/Obsidian/Hoonsor/007-旅遊/1110813-九份行.md' (4,310)
2022-08-15 16:06:27: 覆蓋複製 'D:/Obsidian/Hoonsor/●專案管理.md' -> 'P:/Obsidian/Hoonsor/●專案管理.md' (885)
2022-08-15 16:06:27: 覆蓋複製 'D:/Obsidian/Hoonsor/005-工作相關/1110810-新進教師研習.md' -> 'P:/Obsidian/Hoonsor/005-工作相關/1110810-新進教師研習.md' (5,210)
2022-08-15 16:06:28: == 同步完成. 歷時: 00:00:02, 速度: 0.00/s, 完成: 38, 錯誤: 0
