2022-08-09 08:58:59: -- 分析開始 User Command
2022-08-09 08:58:59: /002-Inbox/001-SubItem/AHK-GUI控件相關.md: L:TimeSize<>; 衝突：檔兩側都進行了改動
2022-08-09 08:58:59: /002-Inbox/001-SubItem/AHK-概述.md: L:TimeSize<>; 衝突：檔兩側都進行了改動
2022-08-09 08:58:59: /002-Inbox/001-SubItem/CSS的概念及學習.md: L:TimeSize<>; 衝突：檔兩側都進行了改動
2022-08-09 08:58:59: /002-Inbox/001-SubItem/HTML概念及學習.md: L:TimeSize<>; 衝突：檔兩側都進行了改動
2022-08-09 08:58:59: /002-Inbox/001-SubItem/Obsidian概述.md: L:TimeSize<>; 衝突：檔兩側都進行了改動
2022-08-09 08:58:59: /002-Inbox/001-SubItem/WordPress學習及筆記.md: L:TimeSize<>; 衝突：檔兩側都進行了改動
2022-08-09 08:58:59: /002-Inbox/001-SubItem/好用外掛推薦.md: L:TimeSize<>; 衝突：檔兩側都進行了改動
2022-08-09 08:58:59: /002-Inbox/001-SubItem/學會如何換電容.md: L:TimeSize<>; 衝突：檔兩側都進行了改動
2022-08-09 08:58:59: /002-Inbox/001-SubItem/安裝Astra及有關插件.md: L:TimeSize<>; 衝突：檔兩側都進行了改動
2022-08-09 08:58:59: /002-Inbox/001-SubItem/歌手.md: L:TimeSize<>; 衝突：檔兩側都進行了改動
2022-08-09 08:58:59: /002-Inbox/001-SubItem/熟練行銷文章架構.md: L:TimeSize<>; 衝突：檔兩側都進行了改動
2022-08-09 08:58:59: /002-Inbox/001-SubItem/獨立樂團.md: L:TimeSize<>; 衝突：檔兩側都進行了改動
2022-08-09 08:58:59: /002-Inbox/001-SubItem/現有症狀治療及緩解.md: L:TimeSize<>; 衝突：檔兩側都進行了改動
2022-08-09 08:58:59: /002-Inbox/001-SubItem/身體現況.md: L:TimeSize<>; 衝突：檔兩側都進行了改動
2022-08-09 08:58:59: /002-Inbox/001-SubItem/預防及保養.md: L:TimeSize<>; 衝突：檔兩側都進行了改動
2022-08-09 08:58:59: /002-Inbox/1110628-網站設計行銷相關.md: L:TimeSize<>; 衝突：檔兩側都進行了改動
2022-08-09 08:58:59: /002-Inbox/1110709-婚紗拍攝事前確認事項.md: L:TimeSize<>; 衝突：檔兩側都進行了改動
2022-08-09 08:58:59: /002-Inbox/1110716-甲狀腺失調調理及預防指南.md: L:TimeSize<>; 衝突：檔兩側都進行了改動
2022-08-09 08:58:59: /002-Inbox/1110716-腎上腺疲勞調理及預防指南.md: L:TimeSize<>; 衝突：檔兩側都進行了改動
2022-08-09 08:58:59: /002-Inbox/1110716-認識內分泌與激素.md: L:TimeSize<>; 衝突：檔兩側都進行了改動
2022-08-09 08:58:59: /002-Inbox/1110717-告別讓人困擾的失眠問題.md: L:TimeSize<>; 衝突：檔兩側都進行了改動
2022-08-09 08:58:59: /002-Inbox/1110717-能量運動指南.md: L:TimeSize<>; 衝突：檔兩側都進行了改動
2022-08-09 08:58:59: /002-Inbox/1110721-MAMP教學（在電腦安裝離線版伺服器及WordPress））.md: L:TimeSize<>; 衝突：檔兩側都進行了改動
2022-08-09 08:58:59: /002-Inbox/1110731-DataView插件筆記.md: L:TimeSize<>; 衝突：檔兩側都進行了改動
2022-08-09 08:58:59: /002-Inbox/1110806-Git及Obsidian同步至手機學習.md: L:TimeSize<>; 衝突：檔兩側都進行了改動
2022-08-09 08:58:59: /002-Inbox/Astra Pro Theme 教學：WP Portfolio 作品集功能.md: L:TimeSize<>; 衝突：檔兩側都進行了改動
2022-08-09 08:58:59: /002-Inbox/Obsidian的任務管理技巧彙總.md: L:TimeSize<>; 衝突：檔兩側都進行了改動
2022-08-09 08:58:59: /002-Inbox/Port（通訊埠）.md: L:TimeSize<>; 衝突：檔兩側都進行了改動
2022-08-09 08:58:59: /002-Inbox/Secure Shell（SSH）.md: L:TimeSize<>; 衝突：檔兩側都進行了改動
2022-08-09 08:58:59: /002-Inbox/WordPress是什麼 ？完整介紹評價＋教學範例（入門指南）.md: L:TimeSize<>; 衝突：檔兩側都進行了改動
2022-08-09 08:58:59: /002-Inbox/★測試各類功能.md: L:TimeSize<>; 衝突：檔兩側都進行了改動
2022-08-09 08:58:59: /003-Temporary Mission/建構程式語言快捷查詢方式.md: L:TimeSize<>; 衝突：檔兩側都進行了改動
2022-08-09 08:58:59: /004-電腦疑難雜症相關/VX3211-4k-mhd相關注意事項.md: L:TimeSize<>; 衝突：檔兩側都進行了改動
2022-08-09 08:58:59: /004-電腦疑難雜症相關/電腦疑難雜症.md: L:TimeSize<>; 衝突：檔兩側都進行了改動
2022-08-09 08:58:59: /006-遊戲相關/XGPU雙人遊戲下載.md: L:TimeSize<>; 衝突：檔兩側都進行了改動
2022-08-09 08:58:59: /007-日常生活相關/2022黑色星期五購物清單.md: L:TimeSize<>; 衝突：檔兩側都進行了改動
2022-08-09 08:58:59: /007-日常生活相關/88節購物清單.md: L:TimeSize<>; 衝突：檔兩側都進行了改動
2022-08-09 08:58:59: /007-日常生活相關/●日常生活.md: L:TimeSize<>; 衝突：檔兩側都進行了改動
2022-08-09 08:58:59: /Book.md: L:TimeSize<>; 衝突：檔兩側都進行了改動
2022-08-09 08:58:59: /Books/Book-1.md: L:TimeSize<>; 衝突：檔兩側都進行了改動
2022-08-09 08:58:59: /Books/Book-2.md: L:TimeSize<>; 衝突：檔兩側都進行了改動
2022-08-09 08:58:59: /daily/2022-05-22_Sun.md: L:TimeSize<>; 衝突：檔兩側都進行了改動
2022-08-09 08:58:59: /daily/2022-05-24_Tue.md: L:TimeSize<>; 衝突：檔兩側都進行了改動
2022-08-09 08:58:59: /daily/2022-05-25_Wed.md: L:TimeSize<>; 衝突：檔兩側都進行了改動
2022-08-09 08:58:59: /daily/2022-05-29_Sun.md: L:TimeSize<>; 衝突：檔兩側都進行了改動
2022-08-09 08:58:59: /daily/2022-05-30_Mon.md: L:TimeSize<>; 衝突：檔兩側都進行了改動
2022-08-09 08:58:59: /daily/2022-05-31_Tue.md: L:TimeSize<>; 衝突：檔兩側都進行了改動
2022-08-09 08:58:59: /daily/2022-06-06_Mon.md: L:TimeSize<>; 衝突：檔兩側都進行了改動
2022-08-09 08:58:59: /daily/2022-06-07_Tue.md: L:TimeSize<>; 衝突：檔兩側都進行了改動
2022-08-09 08:58:59: /daily/2022-06-14_Tue.md: L:TimeSize<>; 衝突：檔兩側都進行了改動
2022-08-09 08:58:59: /daily/2022-06-21_Tue.md: L:TimeSize<>; 衝突：檔兩側都進行了改動
2022-08-09 08:58:59: /daily/2022-07-19_Tue.md: L:TimeSize<>; 衝突：檔兩側都進行了改動
2022-08-09 08:58:59: /daily/2022-07-20_Wed.md: L:TimeSize<>; 衝突：檔兩側都進行了改動
2022-08-09 08:58:59: /daily/2022-07-21_Thu.md: L:TimeSize<>; 衝突：檔兩側都進行了改動
2022-08-09 08:58:59: /daily/2022-07-24_Sun.md: L:TimeSize<>; 衝突：檔兩側都進行了改動
2022-08-09 08:58:59: /daily/2022-07-25_Mon.md: L:TimeSize<>; 衝突：檔兩側都進行了改動
2022-08-09 08:58:59: /daily/template.md: L:TimeSize<>; 衝突：檔兩側都進行了改動
2022-08-09 08:58:59: /Untitled.md: L:TimeSize<>; 衝突：檔兩側都進行了改動
2022-08-09 08:58:59: /●專案管理.md: L:TimeSize<>; 衝突：檔兩側都進行了改動
2022-08-09 08:58:59: /按鈕範例.md: L:TimeSize<>; 衝突：檔兩側都進行了改動
2022-08-09 08:58:59: /電腦相關/正則表達式.md: L:TimeSize<>; 衝突：檔兩側都進行了改動
2022-08-09 08:58:59: /電腦相關/電腦知識.md: L:TimeSize<>; 衝突：檔兩側都進行了改動
2022-08-09 08:58:59: /002-Inbox/001-SubItem/AHK-GUI控件相關.md: Sync will delete Folder /002-Inbox/001-SubItem on Left because it is deleted on Right, File /002-Inbox/001-SubItem/AHK-GUI控件相關.md changed on Left (Vertical Conflict)
2022-08-09 08:58:59: /003-Temporary Mission/建構程式語言快捷查詢方式.md: Sync will delete Folder /003-Temporary Mission on Left because it is deleted on Right, File /003-Temporary Mission/建構程式語言快捷查詢方式.md changed on Left (Vertical Conflict)
2022-08-09 08:58:59: /004-電腦疑難雜症相關/VX3211-4k-mhd相關注意事項.md: Sync will delete Folder /004-電腦疑難雜症相關 on Left because it is deleted on Right, File /004-電腦疑難雜症相關/VX3211-4k-mhd相關注意事項.md changed on Left (Vertical Conflict)
2022-08-09 08:58:59: /006-遊戲相關/XGPU雙人遊戲下載.md: Sync will delete Folder /006-遊戲相關 on Left because it is deleted on Right, File /006-遊戲相關/XGPU雙人遊戲下載.md changed on Left (Vertical Conflict)
2022-08-09 08:58:59: /007-日常生活相關/2022黑色星期五購物清單.md: Sync will delete Folder /007-日常生活相關 on Left because it is deleted on Right, File /007-日常生活相關/2022黑色星期五購物清單.md changed on Left (Vertical Conflict)
2022-08-09 08:58:59: /Books/Book-1.md: Sync will delete Folder /Books on Left because it is deleted on Right, File /Books/Book-1.md changed on Left (Vertical Conflict)
2022-08-09 08:58:59: /daily/2022-05-22_Sun.md: Sync will delete Folder /daily on Left because it is deleted on Right, File /daily/2022-05-22_Sun.md changed on Left (Vertical Conflict)
2022-08-09 08:58:59: /電腦相關/正則表達式.md: Sync will delete Folder /電腦相關 on Left because it is deleted on Right, File /電腦相關/正則表達式.md changed on Left (Vertical Conflict)
2022-08-09 08:58:59: 分析完畢並發現衝突情況。請選擇正確的同步方向解決衝突，然後按一下同步
2022-08-09 08:58:59: 變更：143， 衝突：69， 複製時間：0， 複製狀態：3， 錯誤： 0, All: 233
2022-08-09 08:58:59: Left to Right: Copy File: 1 
2022-08-09 08:58:59: Right to Left: Copy File: 73 
2022-08-09 08:58:59: 84% (143 / 169) 個檔已更改，超過 50% 的限制。因此該任務將不再執行自動同步。
