2022-08-10 09:25:29: == 同步開始由 User Command
2022-08-10 09:25:30: 覆蓋複製 'P:/Obsidian/Hoonsor/000-index/!dict.md' -> 'D:/Obsidian/Hoonsor/000-index/!dict.md' (2,567) (User Action)
2022-08-10 09:25:30: 覆蓋複製 'P:/Obsidian/Hoonsor/001-Template/Template-SubItem.md' -> 'D:/Obsidian/Hoonsor/001-Template/Template-SubItem.md' (70)
2022-08-10 09:25:30: 覆蓋複製 'P:/Obsidian/Hoonsor/001-Template/Template-Temporary Mission.md' -> 'D:/Obsidian/Hoonsor/001-Template/Template-Temporary Mission.md' (154)
2022-08-10 09:25:30: 覆蓋複製 'P:/Obsidian/Hoonsor/001-Template/UniversalNote.md' -> 'D:/Obsidian/Hoonsor/001-Template/UniversalNote.md' (1,052)
2022-08-10 09:25:30: 覆蓋複製 'P:/Obsidian/Hoonsor/003-●專案管理/001-WordPress架設網站/Astra Pro Theme 教學：WP Portfolio 作品集功能.md' -> 'D:/Obsidian/Hoonsor/003-●專案管理/001-WordPress架設網站/Astra Pro Theme 教學：WP Portfolio 作品集功能.md' (8,752)
2022-08-10 09:25:30: 覆蓋複製 'P:/Obsidian/Hoonsor/003-●專案管理/001-WordPress架設網站/1110721-MAMP教學（在電腦安裝離線版伺服器及WordPress））.md' -> 'D:/Obsidian/Hoonsor/003-●專案管理/001-WordPress架設網站/1110721-MAMP教學（在電腦安裝離線版伺服器及WordPress））.md' (10,640)
2022-08-10 09:25:30: 覆蓋複製 'P:/Obsidian/Hoonsor/003-●專案管理/001-WordPress架設網站/CSS的概念及學習.md' -> 'D:/Obsidian/Hoonsor/003-●專案管理/001-WordPress架設網站/CSS的概念及學習.md' (5,923)
2022-08-10 09:25:31: 覆蓋複製 'P:/Obsidian/Hoonsor/003-●專案管理/001-WordPress架設網站/HTML概念及學習.md' -> 'D:/Obsidian/Hoonsor/003-●專案管理/001-WordPress架設網站/HTML概念及學習.md' (1,369)
2022-08-10 09:25:31: 覆蓋複製 'P:/Obsidian/Hoonsor/003-●專案管理/001-WordPress架設網站/WordPress學習及筆記.md' -> 'D:/Obsidian/Hoonsor/003-●專案管理/001-WordPress架設網站/WordPress學習及筆記.md' (348)
2022-08-10 09:25:31: 覆蓋複製 'P:/Obsidian/Hoonsor/003-●專案管理/001-WordPress架設網站/好用外掛推薦.md' -> 'D:/Obsidian/Hoonsor/003-●專案管理/001-WordPress架設網站/好用外掛推薦.md' (404)
2022-08-10 09:25:31: 覆蓋複製 'P:/Obsidian/Hoonsor/003-●專案管理/001-WordPress架設網站/安裝Astra及有關插件.md' -> 'D:/Obsidian/Hoonsor/003-●專案管理/001-WordPress架設網站/安裝Astra及有關插件.md' (2,035)
2022-08-10 09:25:31: 覆蓋複製 'P:/Obsidian/Hoonsor/003-●專案管理/001-WordPress架設網站/WordPress是什麼 ？完整介紹評價＋教學範例（入門指南）.md' -> 'D:/Obsidian/Hoonsor/003-●專案管理/001-WordPress架設網站/WordPress是什麼 ？完整介紹評價＋教學範例（入門指南）.md' (45,525)
2022-08-10 09:25:31: 覆蓋複製 'P:/Obsidian/Hoonsor/003-●專案管理/002-練習撰寫文章行銷課程/1110628-網站設計行銷相關.md' -> 'D:/Obsidian/Hoonsor/003-●專案管理/002-練習撰寫文章行銷課程/1110628-網站設計行銷相關.md' (3,164)
2022-08-10 09:25:31: 覆蓋複製 'P:/Obsidian/Hoonsor/003-●專案管理/002-練習撰寫文章行銷課程/熟練行銷文章架構.md' -> 'D:/Obsidian/Hoonsor/003-●專案管理/002-練習撰寫文章行銷課程/熟練行銷文章架構.md' (274)
2022-08-10 09:25:31: 覆蓋複製 'P:/Obsidian/Hoonsor/003-●專案管理/003-Obsidian學習筆記/1110731-DataView插件筆記.md' -> 'D:/Obsidian/Hoonsor/003-●專案管理/003-Obsidian學習筆記/1110731-DataView插件筆記.md' (6,238)
2022-08-10 09:25:32: 覆蓋複製 'P:/Obsidian/Hoonsor/003-●專案管理/003-Obsidian學習筆記/1110806-Git及Obsidian同步至手機學習.md' -> 'D:/Obsidian/Hoonsor/003-●專案管理/003-Obsidian學習筆記/1110806-Git及Obsidian同步至手機學習.md' (15,067)
2022-08-10 09:25:32: 覆蓋複製 'P:/Obsidian/Hoonsor/003-●專案管理/003-Obsidian學習筆記/Obsidian概述.md' -> 'D:/Obsidian/Hoonsor/003-●專案管理/003-Obsidian學習筆記/Obsidian概述.md' (673)
2022-08-10 09:25:32: 覆蓋複製 'P:/Obsidian/Hoonsor/003-●專案管理/003-Obsidian學習筆記/Obsidian的任務管理技巧彙總.md' -> 'D:/Obsidian/Hoonsor/003-●專案管理/003-Obsidian學習筆記/Obsidian的任務管理技巧彙總.md' (2,431)
2022-08-10 09:25:32: 覆蓋複製 'P:/Obsidian/Hoonsor/003-●專案管理/004-AHK學習筆記/AHK-概述.md' -> 'D:/Obsidian/Hoonsor/003-●專案管理/004-AHK學習筆記/AHK-概述.md' (1,246) (User Action)
2022-08-10 09:25:32: 覆蓋複製 'P:/Obsidian/Hoonsor/004-●日常生活/001-購物清單/2022黑色星期五購物清單.md' -> 'D:/Obsidian/Hoonsor/004-●日常生活/001-購物清單/2022黑色星期五購物清單.md' (203)
2022-08-10 09:25:32: 覆蓋複製 'P:/Obsidian/Hoonsor/003-●專案管理/004-AHK學習筆記/AHK-GUI控件相關.md' -> 'D:/Obsidian/Hoonsor/003-●專案管理/004-AHK學習筆記/AHK-GUI控件相關.md' (683)
2022-08-10 09:25:32: 覆蓋複製 'P:/Obsidian/Hoonsor/004-●日常生活/001-購物清單/88節購物清單.md' -> 'D:/Obsidian/Hoonsor/004-●日常生活/001-購物清單/88節購物清單.md' (294)
2022-08-10 09:25:32: 覆蓋複製 'P:/Obsidian/Hoonsor/004-●日常生活/002-隨手不錯的音樂紀錄/歌手.md' -> 'D:/Obsidian/Hoonsor/004-●日常生活/002-隨手不錯的音樂紀錄/歌手.md' (283)
2022-08-10 09:25:32: 覆蓋複製 'P:/Obsidian/Hoonsor/004-●日常生活/002-隨手不錯的音樂紀錄/獨立樂團.md' -> 'D:/Obsidian/Hoonsor/004-●日常生活/002-隨手不錯的音樂紀錄/獨立樂團.md' (566)
2022-08-10 09:25:33: 覆蓋複製 'P:/Obsidian/Hoonsor/004-●日常生活/003-電腦知識/Port（通訊埠）.md' -> 'D:/Obsidian/Hoonsor/004-●日常生活/003-電腦知識/Port（通訊埠）.md' (6,096)
2022-08-10 09:25:33: 覆蓋複製 'P:/Obsidian/Hoonsor/004-●日常生活/003-電腦知識/VX3211-4k-mhd相關注意事項.md' -> 'D:/Obsidian/Hoonsor/004-●日常生活/003-電腦知識/VX3211-4k-mhd相關注意事項.md' (1,181)
2022-08-10 09:25:33: 覆蓋複製 'P:/Obsidian/Hoonsor/004-●日常生活/003-電腦知識/Secure Shell（SSH）.md' -> 'D:/Obsidian/Hoonsor/004-●日常生活/003-電腦知識/Secure Shell（SSH）.md' (16,602)
2022-08-10 09:25:33: 覆蓋複製 'P:/Obsidian/Hoonsor/004-●日常生活/003-電腦知識/建構程式語言快捷查詢方式.md' -> 'D:/Obsidian/Hoonsor/004-●日常生活/003-電腦知識/建構程式語言快捷查詢方式.md' (874)
2022-08-10 09:25:33: 覆蓋複製 'P:/Obsidian/Hoonsor/004-●日常生活/003-電腦知識/正則表達式.md' -> 'D:/Obsidian/Hoonsor/004-●日常生活/003-電腦知識/正則表達式.md' (256)
2022-08-10 09:25:33: 覆蓋複製 'P:/Obsidian/Hoonsor/004-●日常生活/003-電腦知識/電腦疑難雜症.md' -> 'D:/Obsidian/Hoonsor/004-●日常生活/003-電腦知識/電腦疑難雜症.md' (332)
2022-08-10 09:25:33: 覆蓋複製 'P:/Obsidian/Hoonsor/004-●日常生活/003-電腦知識/電腦知識.md' -> 'D:/Obsidian/Hoonsor/004-●日常生活/003-電腦知識/電腦知識.md' (507)
2022-08-10 09:25:33: 覆蓋複製 'P:/Obsidian/Hoonsor/004-●日常生活/004-遊戲相關/XGPU雙人遊戲下載.md' -> 'D:/Obsidian/Hoonsor/004-●日常生活/004-遊戲相關/XGPU雙人遊戲下載.md' (354)
2022-08-10 09:25:33: 覆蓋複製 'P:/Obsidian/Hoonsor/004-●日常生活/005-健康知識/1110716-甲狀腺失調調理及預防指南.md' -> 'D:/Obsidian/Hoonsor/004-●日常生活/005-健康知識/1110716-甲狀腺失調調理及預防指南.md' (3,165)
2022-08-10 09:25:33: 覆蓋複製 'P:/Obsidian/Hoonsor/004-●日常生活/005-健康知識/1110716-腎上腺疲勞調理及預防指南.md' -> 'D:/Obsidian/Hoonsor/004-●日常生活/005-健康知識/1110716-腎上腺疲勞調理及預防指南.md' (2,165)
2022-08-10 09:25:33: 覆蓋複製 'P:/Obsidian/Hoonsor/004-●日常生活/005-健康知識/1110716-認識內分泌與激素.md' -> 'D:/Obsidian/Hoonsor/004-●日常生活/005-健康知識/1110716-認識內分泌與激素.md' (2,002)
2022-08-10 09:25:34: 覆蓋複製 'P:/Obsidian/Hoonsor/004-●日常生活/005-健康知識/1110717-告別讓人困擾的失眠問題.md' -> 'D:/Obsidian/Hoonsor/004-●日常生活/005-健康知識/1110717-告別讓人困擾的失眠問題.md' (6,304)
2022-08-10 09:25:34: 覆蓋複製 'P:/Obsidian/Hoonsor/004-●日常生活/005-健康知識/1110717-能量運動指南.md' -> 'D:/Obsidian/Hoonsor/004-●日常生活/005-健康知識/1110717-能量運動指南.md' (23,415)
2022-08-10 09:25:34: 覆蓋複製 'P:/Obsidian/Hoonsor/004-●日常生活/005-健康知識/現有症狀治療及緩解.md' -> 'D:/Obsidian/Hoonsor/004-●日常生活/005-健康知識/現有症狀治療及緩解.md' (2,202)
2022-08-10 09:25:34: 覆蓋複製 'P:/Obsidian/Hoonsor/004-●日常生活/005-健康知識/身體現況.md' -> 'D:/Obsidian/Hoonsor/004-●日常生活/005-健康知識/身體現況.md' (2,674)
2022-08-10 09:25:34: 覆蓋複製 'P:/Obsidian/Hoonsor/004-●日常生活/006-婚紗相關/1110709-婚紗拍攝事前確認事項.md' -> 'D:/Obsidian/Hoonsor/004-●日常生活/006-婚紗相關/1110709-婚紗拍攝事前確認事項.md' (290)
2022-08-10 09:25:34: 覆蓋複製 'P:/Obsidian/Hoonsor/004-●日常生活/007-修繕、工具知識/學會如何換電容.md' -> 'D:/Obsidian/Hoonsor/004-●日常生活/007-修繕、工具知識/學會如何換電容.md' (346)
2022-08-10 09:25:34: 覆蓋複製 'P:/Obsidian/Hoonsor/004-●日常生活/005-健康知識/預防及保養.md' -> 'D:/Obsidian/Hoonsor/004-●日常生活/005-健康知識/預防及保養.md' (254)
2022-08-10 09:25:34: 覆蓋複製 'P:/Obsidian/Hoonsor/005-工作相關/1110803-待辦.md' -> 'D:/Obsidian/Hoonsor/005-工作相關/1110803-待辦.md' (883)
2022-08-10 09:25:34: 覆蓋複製 'P:/Obsidian/Hoonsor/005-工作相關/1110804-提醒新進短期臨工注意事項.md' -> 'D:/Obsidian/Hoonsor/005-工作相關/1110804-提醒新進短期臨工注意事項.md' (668)
2022-08-10 09:25:35: 覆蓋複製 'P:/Obsidian/Hoonsor/005-工作相關/●已完成/校長遴選座談會及後續工作.md' -> 'D:/Obsidian/Hoonsor/005-工作相關/●已完成/校長遴選座談會及後續工作.md' (8,803)
2022-08-10 09:25:35: 覆蓋複製 'P:/Obsidian/Hoonsor/006-DailyNote/2022-05-22_Sun.md' -> 'D:/Obsidian/Hoonsor/006-DailyNote/2022-05-22_Sun.md' (287)
2022-08-10 09:25:35: 覆蓋複製 'P:/Obsidian/Hoonsor/006-DailyNote/2022-05-24_Tue.md' -> 'D:/Obsidian/Hoonsor/006-DailyNote/2022-05-24_Tue.md' (604)
2022-08-10 09:25:35: 覆蓋複製 'P:/Obsidian/Hoonsor/006-DailyNote/2022-05-25_Wed.md' -> 'D:/Obsidian/Hoonsor/006-DailyNote/2022-05-25_Wed.md' (409)
2022-08-10 09:25:35: 覆蓋複製 'P:/Obsidian/Hoonsor/006-DailyNote/2022-05-29_Sun.md' -> 'D:/Obsidian/Hoonsor/006-DailyNote/2022-05-29_Sun.md' (532)
2022-08-10 09:25:35: 覆蓋複製 'P:/Obsidian/Hoonsor/006-DailyNote/2022-05-30_Mon.md' -> 'D:/Obsidian/Hoonsor/006-DailyNote/2022-05-30_Mon.md' (499)
2022-08-10 09:25:35: 覆蓋複製 'P:/Obsidian/Hoonsor/006-DailyNote/2022-06-07_Tue.md' -> 'D:/Obsidian/Hoonsor/006-DailyNote/2022-06-07_Tue.md' (481)
2022-08-10 09:25:36: 覆蓋複製 'P:/Obsidian/Hoonsor/006-DailyNote/2022-05-31_Tue.md' -> 'D:/Obsidian/Hoonsor/006-DailyNote/2022-05-31_Tue.md' (370)
2022-08-10 09:25:36: 覆蓋複製 'P:/Obsidian/Hoonsor/006-DailyNote/2022-06-14_Tue.md' -> 'D:/Obsidian/Hoonsor/006-DailyNote/2022-06-14_Tue.md' (436)
2022-08-10 09:25:36: 覆蓋複製 'P:/Obsidian/Hoonsor/006-DailyNote/2022-06-06_Mon.md' -> 'D:/Obsidian/Hoonsor/006-DailyNote/2022-06-06_Mon.md' (512)
2022-08-10 09:25:36: 覆蓋複製 'P:/Obsidian/Hoonsor/006-DailyNote/2022-06-21_Tue.md' -> 'D:/Obsidian/Hoonsor/006-DailyNote/2022-06-21_Tue.md' (427)
2022-08-10 09:25:36: 覆蓋複製 'P:/Obsidian/Hoonsor/006-DailyNote/2022-07-20_Wed.md' -> 'D:/Obsidian/Hoonsor/006-DailyNote/2022-07-20_Wed.md' (597)
2022-08-10 09:25:36: 覆蓋複製 'P:/Obsidian/Hoonsor/006-DailyNote/2022-07-19_Tue.md' -> 'D:/Obsidian/Hoonsor/006-DailyNote/2022-07-19_Tue.md' (497)
2022-08-10 09:25:36: 覆蓋複製 'P:/Obsidian/Hoonsor/006-DailyNote/2022-07-21_Thu.md' -> 'D:/Obsidian/Hoonsor/006-DailyNote/2022-07-21_Thu.md' (672)
2022-08-10 09:25:36: 覆蓋複製 'P:/Obsidian/Hoonsor/006-DailyNote/2022-07-24_Sun.md' -> 'D:/Obsidian/Hoonsor/006-DailyNote/2022-07-24_Sun.md' (626)
2022-08-10 09:25:36: 覆蓋複製 'P:/Obsidian/Hoonsor/006-DailyNote/2022-07-25_Mon.md' -> 'D:/Obsidian/Hoonsor/006-DailyNote/2022-07-25_Mon.md' (611)
2022-08-10 09:25:36: 覆蓋複製 'P:/Obsidian/Hoonsor/JavaScripts腳本/advanced_uri.js' -> 'D:/Obsidian/Hoonsor/JavaScripts腳本/advanced_uri.js' (983)
2022-08-10 09:25:36: 覆蓋複製 'P:/Obsidian/Hoonsor/README.md' -> 'D:/Obsidian/Hoonsor/README.md' (0)
2022-08-10 09:25:36: 覆蓋複製 'P:/Obsidian/Hoonsor/●圖片庫/CSS-%定義.png' -> 'D:/Obsidian/Hoonsor/●圖片庫/CSS-%定義.png' (148,497)
2022-08-10 09:25:36: 覆蓋複製 'P:/Obsidian/Hoonsor/●圖片庫/CSS-em定義.png' -> 'D:/Obsidian/Hoonsor/●圖片庫/CSS-em定義.png' (114,985)
2022-08-10 09:25:36: 覆蓋複製 'P:/Obsidian/Hoonsor/●圖片庫/CSS-rem定義.png' -> 'D:/Obsidian/Hoonsor/●圖片庫/CSS-rem定義.png' (72,534)
2022-08-10 09:25:36: 覆蓋複製 'P:/Obsidian/Hoonsor/●圖片庫/CSS-vw及vh定義.png' -> 'D:/Obsidian/Hoonsor/●圖片庫/CSS-vw及vh定義.png' (324,124)
2022-08-10 09:25:36: 覆蓋複製 'P:/Obsidian/Hoonsor/006-DailyNote/template.md' -> 'D:/Obsidian/Hoonsor/006-DailyNote/template.md' (437)
2022-08-10 09:25:37: 覆蓋複製 'P:/Obsidian/Hoonsor/DashBoard CSS-自行測試.md' -> 'D:/Obsidian/Hoonsor/DashBoard CSS-自行測試.md' (859) (User Action)
2022-08-10 09:25:37: 覆蓋複製 'P:/Obsidian/Hoonsor/●子彈筆記.md' -> 'D:/Obsidian/Hoonsor/●子彈筆記.md' (480)
2022-08-10 09:25:37: 覆蓋複製 'P:/Obsidian/Hoonsor/●首頁.md' -> 'D:/Obsidian/Hoonsor/●首頁.md' (1,242)
2022-08-10 09:25:37: 覆蓋複製 'P:/Obsidian/Hoonsor/★按鈕範例.md' -> 'D:/Obsidian/Hoonsor/★按鈕範例.md' (5,797)
2022-08-10 09:25:37: 覆蓋複製 'P:/Obsidian/Hoonsor/●專案管理.md' -> 'D:/Obsidian/Hoonsor/●專案管理.md' (876)
2022-08-10 09:25:37: 覆蓋複製 'P:/Obsidian/Hoonsor/★測試各類功能.md' -> 'D:/Obsidian/Hoonsor/★測試各類功能.md' (3,291) (User Action)
2022-08-10 09:25:37: 覆蓋複製 'P:/Obsidian/Hoonsor/●日常生活.md' -> 'D:/Obsidian/Hoonsor/●日常生活.md' (606)
2022-08-10 09:25:37: == 同步完成. 歷時: 00:00:08, 速度: 533.43 KB/s, 完成: 74, 錯誤: 0
