2022-09-06 23:13:20: -- 分析開始 User Command
2022-09-06 23:13:20: 左側: State file does not exist: D:/02-學習/03-Obsidian/Hoonsor/_gsdata_/_file_state_v4._gs
2022-09-06 23:13:20: /000-index/!dict.md: 衝突: 新檔有變化
2022-09-06 23:13:20: /001-Template/Template-Travel.md: 衝突: 新檔有變化
2022-09-06 23:13:20: /003-●專案管理/003-Obsidian學習筆記/1110731-DataView插件筆記.md: 衝突: 新檔有變化
2022-09-06 23:13:20: /003-●專案管理/003-Obsidian學習筆記/Obsidian概述.md: 衝突: 新檔有變化
2022-09-06 23:13:20: /003-●專案管理/003-Obsidian學習筆記/Obsidian的任務管理技巧彙總.md: 衝突: 新檔有變化
2022-09-06 23:13:20: /003-●專案管理/004-AHK學習筆記/AHK-GUI控件相關.md: 衝突: 新檔有變化
2022-09-06 23:13:20: /003-●專案管理/004-AHK學習筆記/AHK-概述.md: 衝突: 新檔有變化
2022-09-06 23:13:20: /003-●專案管理/005-投資理財相關/1110813-Thinkorswim軟體介面大綱.md: 衝突: 新檔有變化
2022-09-06 23:13:20: /003-●專案管理/005-投資理財相關/1110814-Thinkorswim軟體學習心得.md: 衝突: 新檔有變化
2022-09-06 23:13:20: /003-●專案管理/005-投資理財相關/●投資理財及創業待辦事項.md: 衝突: 新檔有變化
2022-09-06 23:13:20: /004-●日常生活/001-多媒體知識/001-攝影、錄影/1110821-手機錄影技巧.md: 衝突: 新檔有變化
2022-09-06 23:13:20: /004-●日常生活/001-多媒體知識/001-攝影、錄影/1110825-Disco Diffusion-AI運算繪圖工具.md: 衝突: 新檔有變化
2022-09-06 23:13:20: /004-●日常生活/002-隨手不錯的音樂紀錄/歌手.md: R:TimeSize<>; 衝突: 新檔有變化
2022-09-06 23:13:20: /004-●日常生活/003-電腦知識/Port（通訊埠）.md: 衝突: 新檔有變化
2022-09-06 23:13:20: /004-●日常生活/003-電腦知識/Secure Shell（SSH）.md: 衝突: 新檔有變化
2022-09-06 23:13:20: /004-●日常生活/003-電腦知識/VX3211-4k-mhd相關注意事項.md: 衝突: 新檔有變化
2022-09-06 23:13:20: /004-●日常生活/003-電腦知識/建構程式語言快捷查詢方式.md: 衝突: 新檔有變化
2022-09-06 23:13:20: /004-●日常生活/003-電腦知識/電腦疑難雜症.md: 衝突: 新檔有變化
2022-09-06 23:13:20: /004-●日常生活/003-電腦知識/電腦知識.md: 衝突: 新檔有變化
2022-09-06 23:13:20: /004-●日常生活/005-健康知識/1110716-甲狀腺失調調理及預防指南.md: 衝突: 新檔有變化
2022-09-06 23:13:20: /004-●日常生活/005-健康知識/1110716-腎上腺疲勞調理及預防指南.md: 衝突: 新檔有變化
2022-09-06 23:13:20: /004-●日常生活/005-健康知識/1110717-告別讓人困擾的失眠問題.md: 衝突: 新檔有變化
2022-09-06 23:13:20: /004-●日常生活/005-健康知識/1110717-能量運動指南.md: 衝突: 新檔有變化
2022-09-06 23:13:20: /004-●日常生活/005-健康知識/身體現況.md: 衝突: 新檔有變化
2022-09-06 23:13:20: /004-●日常生活/005-健康知識/預防及保養.md: 衝突: 新檔有變化
2022-09-06 23:13:20: /004-●日常生活/007-修繕、工具知識/學會如何換電容.md: 衝突: 新檔有變化
2022-09-06 23:13:20: /004-●日常生活/●日常生活待辦事項.md: 衝突: 新檔有變化
2022-09-06 23:13:20: /004-●日常生活/●激勵影片.md: R:TimeSize<>; 衝突: 新檔有變化
2022-09-06 23:13:20: /005-工作相關/1110804-提醒新進短期臨工注意事項.md: 衝突: 新檔有變化
2022-09-06 23:13:20: /005-工作相關/●工作待辦事項.md: 衝突: 新檔有變化
2022-09-06 23:13:20: /006-DailyNote/2022-05-30_Mon.md: 衝突: 新檔有變化
2022-09-06 23:13:20: /006-DailyNote/2022-05-31_Tue.md: 衝突: 新檔有變化
2022-09-06 23:13:20: /006-DailyNote/2022-06-14_Tue.md: 衝突: 新檔有變化
2022-09-06 23:13:20: /006-DailyNote/2022-07-19_Tue.md: 衝突: 新檔有變化
2022-09-06 23:13:20: /006-DailyNote/2022-08-30_Tue.md: 衝突: 新檔有變化
2022-09-06 23:13:20: /007-旅遊/1110813-九份行.md: 衝突: 新檔有變化
2022-09-06 23:13:20: /JavaScripts腳本/advanced_uri.js: 衝突: 新檔有變化
2022-09-06 23:13:20: /●首頁.md: R:TimeSize<>; 衝突: 新檔有變化
2022-09-06 23:13:20: /★測試各類功能.md: 衝突: 新檔有變化
2022-09-06 23:13:20: 變更：54， 衝突：0， 複製時間：0， 複製狀態：215， 錯誤： 0, All: 529
2022-09-06 23:13:20: Left to Right: Copy File: 49 
2022-09-06 23:13:20: Right to Left: Copy File: 5 
2022-09-06 23:13:20: == 同步開始由 User Command
2022-09-06 23:13:20: 創建資料夾 P:/Obsidian/Hoonsor/003-●專案管理/006-Excel學習相關
2022-09-06 23:13:20: 創建資料夾 P:/Obsidian/Hoonsor/003-●專案管理/006-Excel學習相關/●練習範例檔
2022-09-06 23:13:20: 新建複製 'D:/02-學習/03-Obsidian/Hoonsor/001-Template/Daily Note Tasks.md' -> 'P:/Obsidian/Hoonsor/001-Template/Daily Note Tasks.md' (1,002)
2022-09-06 23:13:20: 新建複製 'D:/02-學習/03-Obsidian/Hoonsor/001-Template/Daily Note Template.md' -> 'P:/Obsidian/Hoonsor/001-Template/Daily Note Template.md' (2,668)
2022-09-06 23:13:20: 覆蓋複製 'D:/02-學習/03-Obsidian/Hoonsor/000-index/!dict.md' -> 'P:/Obsidian/Hoonsor/000-index/!dict.md' (3,289)
2022-09-06 23:13:20: 新建複製 'D:/02-學習/03-Obsidian/Hoonsor/001-Template/Template-Excel.md' -> 'P:/Obsidian/Hoonsor/001-Template/Template-Excel.md' (71)
2022-09-06 23:13:20: 覆蓋複製 'D:/02-學習/03-Obsidian/Hoonsor/001-Template/Template-Travel.md' -> 'P:/Obsidian/Hoonsor/001-Template/Template-Travel.md' (326)
2022-09-06 23:13:20: 新建複製 'D:/02-學習/03-Obsidian/Hoonsor/003-●專案管理/003-Obsidian學習筆記/1110906-Obsidian快捷鍵.md' -> 'P:/Obsidian/Hoonsor/003-●專案管理/003-Obsidian學習筆記/1110906-Obsidian快捷鍵.md' (1,167)
2022-09-06 23:13:20: 覆蓋複製 'D:/02-學習/03-Obsidian/Hoonsor/003-●專案管理/003-Obsidian學習筆記/1110731-DataView插件筆記.md' -> 'P:/Obsidian/Hoonsor/003-●專案管理/003-Obsidian學習筆記/1110731-DataView插件筆記.md' (7,886)
2022-09-06 23:13:20: 覆蓋複製 'D:/02-學習/03-Obsidian/Hoonsor/003-●專案管理/003-Obsidian學習筆記/Obsidian概述.md' -> 'P:/Obsidian/Hoonsor/003-●專案管理/003-Obsidian學習筆記/Obsidian概述.md' (837)
2022-09-06 23:13:20: 覆蓋複製 'D:/02-學習/03-Obsidian/Hoonsor/003-●專案管理/003-Obsidian學習筆記/Obsidian的任務管理技巧彙總.md' -> 'P:/Obsidian/Hoonsor/003-●專案管理/003-Obsidian學習筆記/Obsidian的任務管理技巧彙總.md' (3,597)
2022-09-06 23:13:20: 覆蓋複製 'D:/02-學習/03-Obsidian/Hoonsor/003-●專案管理/004-AHK學習筆記/AHK-GUI控件相關.md' -> 'P:/Obsidian/Hoonsor/003-●專案管理/004-AHK學習筆記/AHK-GUI控件相關.md' (685)
2022-09-06 23:13:20: 覆蓋複製 'D:/02-學習/03-Obsidian/Hoonsor/003-●專案管理/004-AHK學習筆記/AHK-概述.md' -> 'P:/Obsidian/Hoonsor/003-●專案管理/004-AHK學習筆記/AHK-概述.md' (1,299)
2022-09-06 23:13:20: 覆蓋複製 'D:/02-學習/03-Obsidian/Hoonsor/003-●專案管理/005-投資理財相關/1110813-Thinkorswim軟體介面大綱.md' -> 'P:/Obsidian/Hoonsor/003-●專案管理/005-投資理財相關/1110813-Thinkorswim軟體介面大綱.md' (10,465)
2022-09-06 23:13:20: 覆蓋複製 'D:/02-學習/03-Obsidian/Hoonsor/003-●專案管理/005-投資理財相關/1110814-Thinkorswim軟體學習心得.md' -> 'P:/Obsidian/Hoonsor/003-●專案管理/005-投資理財相關/1110814-Thinkorswim軟體學習心得.md' (3,851)
2022-09-06 23:13:20: 覆蓋複製 'D:/02-學習/03-Obsidian/Hoonsor/003-●專案管理/005-投資理財相關/●投資理財及創業待辦事項.md' -> 'P:/Obsidian/Hoonsor/003-●專案管理/005-投資理財相關/●投資理財及創業待辦事項.md' (2,964)
2022-09-06 23:13:20: 新建複製 'D:/02-學習/03-Obsidian/Hoonsor/003-●專案管理/006-Excel學習相關/1110904-Excel比對找尋資料.md' -> 'P:/Obsidian/Hoonsor/003-●專案管理/006-Excel學習相關/1110904-Excel比對找尋資料.md' (3,268)
2022-09-06 23:13:20: 覆蓋複製 'D:/02-學習/03-Obsidian/Hoonsor/004-●日常生活/001-多媒體知識/001-攝影、錄影/1110821-手機錄影技巧.md' -> 'P:/Obsidian/Hoonsor/004-●日常生活/001-多媒體知識/001-攝影、錄影/1110821-手機錄影技巧.md' (2,796)
2022-09-06 23:13:20: 覆蓋複製 'D:/02-學習/03-Obsidian/Hoonsor/004-●日常生活/001-多媒體知識/001-攝影、錄影/1110825-Disco Diffusion-AI運算繪圖工具.md' -> 'P:/Obsidian/Hoonsor/004-●日常生活/001-多媒體知識/001-攝影、錄影/1110825-Disco Diffusion-AI運算繪圖工具.md' (12,737)
2022-09-06 23:13:20: P:/Obsidian/Hoonsor/004-●日常生活/002-隨手不錯的音樂紀錄/歌手.md: Source file has changed between Analyze and Sync from '[file] size=500 accu-time=2022-08-18 08:27:59 attr= cktype=0' to 'size=483 time=2022-08-17 21:06:58', noted in source file state
2022-09-06 23:13:20: 覆蓋複製 'P:/Obsidian/Hoonsor/004-●日常生活/002-隨手不錯的音樂紀錄/歌手.md' -> 'D:/02-學習/03-Obsidian/Hoonsor/004-●日常生活/002-隨手不錯的音樂紀錄/歌手.md' (500)
2022-09-06 23:13:20: 新建複製 'D:/02-學習/03-Obsidian/Hoonsor/003-●專案管理/006-Excel學習相關/●練習範例檔/Excel 51.xlsx' -> 'P:/Obsidian/Hoonsor/003-●專案管理/006-Excel學習相關/●練習範例檔/Excel 51.xlsx' (15,148)
2022-09-06 23:13:20: 覆蓋複製 'D:/02-學習/03-Obsidian/Hoonsor/004-●日常生活/003-電腦知識/Port（通訊埠）.md' -> 'P:/Obsidian/Hoonsor/004-●日常生活/003-電腦知識/Port（通訊埠）.md' (6,047)
2022-09-06 23:13:20: 覆蓋複製 'D:/02-學習/03-Obsidian/Hoonsor/004-●日常生活/003-電腦知識/Secure Shell（SSH）.md' -> 'P:/Obsidian/Hoonsor/004-●日常生活/003-電腦知識/Secure Shell（SSH）.md' (16,505)
2022-09-06 23:13:20: 覆蓋複製 'D:/02-學習/03-Obsidian/Hoonsor/004-●日常生活/003-電腦知識/VX3211-4k-mhd相關注意事項.md' -> 'P:/Obsidian/Hoonsor/004-●日常生活/003-電腦知識/VX3211-4k-mhd相關注意事項.md' (1,152)
2022-09-06 23:13:20: 覆蓋複製 'D:/02-學習/03-Obsidian/Hoonsor/004-●日常生活/003-電腦知識/建構程式語言快捷查詢方式.md' -> 'P:/Obsidian/Hoonsor/004-●日常生活/003-電腦知識/建構程式語言快捷查詢方式.md' (844)
2022-09-06 23:13:20: 覆蓋複製 'D:/02-學習/03-Obsidian/Hoonsor/004-●日常生活/003-電腦知識/電腦疑難雜症.md' -> 'P:/Obsidian/Hoonsor/004-●日常生活/003-電腦知識/電腦疑難雜症.md' (330)
2022-09-06 23:13:20: 覆蓋複製 'D:/02-學習/03-Obsidian/Hoonsor/004-●日常生活/003-電腦知識/電腦知識.md' -> 'P:/Obsidian/Hoonsor/004-●日常生活/003-電腦知識/電腦知識.md' (649)
2022-09-06 23:13:20: 覆蓋複製 'D:/02-學習/03-Obsidian/Hoonsor/004-●日常生活/005-健康知識/1110716-甲狀腺失調調理及預防指南.md' -> 'P:/Obsidian/Hoonsor/004-●日常生活/005-健康知識/1110716-甲狀腺失調調理及預防指南.md' (3,854)
2022-09-06 23:13:20: 覆蓋複製 'D:/02-學習/03-Obsidian/Hoonsor/004-●日常生活/005-健康知識/1110716-腎上腺疲勞調理及預防指南.md' -> 'P:/Obsidian/Hoonsor/004-●日常生活/005-健康知識/1110716-腎上腺疲勞調理及預防指南.md' (2,470)
2022-09-06 23:13:20: 新建複製 'D:/02-學習/03-Obsidian/Hoonsor/004-●日常生活/005-健康知識/1110903-青花椰苗種植及購買.md' -> 'P:/Obsidian/Hoonsor/004-●日常生活/005-健康知識/1110903-青花椰苗種植及購買.md' (521)
2022-09-06 23:13:20: 覆蓋複製 'D:/02-學習/03-Obsidian/Hoonsor/004-●日常生活/005-健康知識/1110717-告別讓人困擾的失眠問題.md' -> 'P:/Obsidian/Hoonsor/004-●日常生活/005-健康知識/1110717-告別讓人困擾的失眠問題.md' (6,242)
2022-09-06 23:13:20: 覆蓋複製 'D:/02-學習/03-Obsidian/Hoonsor/004-●日常生活/005-健康知識/1110717-能量運動指南.md' -> 'P:/Obsidian/Hoonsor/004-●日常生活/005-健康知識/1110717-能量運動指南.md' (23,064)
2022-09-06 23:13:20: 新建複製 'P:/Obsidian/Hoonsor/004-●日常生活/005-健康知識/現有症狀治療及緩解.md' -> 'D:/02-學習/03-Obsidian/Hoonsor/004-●日常生活/005-健康知識/現有症狀治療及緩解.md' (2,202)
2022-09-06 23:13:20: 覆蓋複製 'D:/02-學習/03-Obsidian/Hoonsor/004-●日常生活/005-健康知識/身體現況.md' -> 'P:/Obsidian/Hoonsor/004-●日常生活/005-健康知識/身體現況.md' (2,572)
2022-09-06 23:13:20: 覆蓋複製 'D:/02-學習/03-Obsidian/Hoonsor/004-●日常生活/005-健康知識/預防及保養.md' -> 'P:/Obsidian/Hoonsor/004-●日常生活/005-健康知識/預防及保養.md' (239)
2022-09-06 23:13:20: 覆蓋複製 'D:/02-學習/03-Obsidian/Hoonsor/004-●日常生活/007-修繕、工具知識/學會如何換電容.md' -> 'P:/Obsidian/Hoonsor/004-●日常生活/007-修繕、工具知識/學會如何換電容.md' (328)
2022-09-06 23:13:20: P:/Obsidian/Hoonsor/004-●日常生活/●激勵影片.md: Source file has changed between Analyze and Sync from '[file] size=614 accu-time=2022-08-25 12:43:30 attr= cktype=0' to 'size=614 time=2022-08-17 20:15:14', noted in source file state
2022-09-06 23:13:20: 覆蓋複製 'P:/Obsidian/Hoonsor/004-●日常生活/●激勵影片.md' -> 'D:/02-學習/03-Obsidian/Hoonsor/004-●日常生活/●激勵影片.md' (614)
2022-09-06 23:13:20: 覆蓋複製 'D:/02-學習/03-Obsidian/Hoonsor/004-●日常生活/●日常生活待辦事項.md' -> 'P:/Obsidian/Hoonsor/004-●日常生活/●日常生活待辦事項.md' (535)
2022-09-06 23:13:20: 覆蓋複製 'D:/02-學習/03-Obsidian/Hoonsor/005-工作相關/1110804-提醒新進短期臨工注意事項.md' -> 'P:/Obsidian/Hoonsor/005-工作相關/1110804-提醒新進短期臨工注意事項.md' (813)
2022-09-06 23:13:20: 覆蓋複製 'D:/02-學習/03-Obsidian/Hoonsor/005-工作相關/●工作待辦事項.md' -> 'P:/Obsidian/Hoonsor/005-工作相關/●工作待辦事項.md' (7,487)
2022-09-06 23:13:20: 覆蓋複製 'D:/02-學習/03-Obsidian/Hoonsor/006-DailyNote/2022-05-30_Mon.md' -> 'P:/Obsidian/Hoonsor/006-DailyNote/2022-05-30_Mon.md' (475)
2022-09-06 23:13:20: 覆蓋複製 'D:/02-學習/03-Obsidian/Hoonsor/006-DailyNote/2022-05-31_Tue.md' -> 'P:/Obsidian/Hoonsor/006-DailyNote/2022-05-31_Tue.md' (348)
2022-09-06 23:13:20: 覆蓋複製 'D:/02-學習/03-Obsidian/Hoonsor/006-DailyNote/2022-06-14_Tue.md' -> 'P:/Obsidian/Hoonsor/006-DailyNote/2022-06-14_Tue.md' (413)
2022-09-06 23:13:20: 覆蓋複製 'D:/02-學習/03-Obsidian/Hoonsor/006-DailyNote/2022-07-19_Tue.md' -> 'P:/Obsidian/Hoonsor/006-DailyNote/2022-07-19_Tue.md' (471)
2022-09-06 23:13:20: 新建複製 'D:/02-學習/03-Obsidian/Hoonsor/006-DailyNote/2022-09-01_Thu.md' -> 'P:/Obsidian/Hoonsor/006-DailyNote/2022-09-01_Thu.md' (413)
2022-09-06 23:13:20: 覆蓋複製 'D:/02-學習/03-Obsidian/Hoonsor/006-DailyNote/2022-08-30_Tue.md' -> 'P:/Obsidian/Hoonsor/006-DailyNote/2022-08-30_Tue.md' (413)
2022-09-06 23:13:20: 新建複製 'D:/02-學習/03-Obsidian/Hoonsor/006-DailyNote/2022-09-04_Sun.md' -> 'P:/Obsidian/Hoonsor/006-DailyNote/2022-09-04_Sun.md' (2,109)
2022-09-06 23:13:20: 新建複製 'D:/02-學習/03-Obsidian/Hoonsor/006-DailyNote/2022-09-05_Mon.md' -> 'P:/Obsidian/Hoonsor/006-DailyNote/2022-09-05_Mon.md' (2,238)
2022-09-06 23:13:20: 新建複製 'D:/02-學習/03-Obsidian/Hoonsor/006-DailyNote/2022-09-06_Tue.md' -> 'P:/Obsidian/Hoonsor/006-DailyNote/2022-09-06_Tue.md' (2,216)
2022-09-06 23:13:20: 新建複製 'P:/Obsidian/Hoonsor/006-DailyNote/template.md' -> 'D:/02-學習/03-Obsidian/Hoonsor/006-DailyNote/template.md' (412)
2022-09-06 23:13:20: P:/Obsidian/Hoonsor/●首頁.md: Source file has changed between Analyze and Sync from '[file] size=3,021 accu-time=2022-08-29 08:57:18 attr= cktype=0' to 'size=3,021 time=2022-08-23 23:08:41', noted in source file state
2022-09-06 23:13:20: 覆蓋複製 'P:/Obsidian/Hoonsor/●首頁.md' -> 'D:/02-學習/03-Obsidian/Hoonsor/●首頁.md' (3,021)
2022-09-06 23:13:20: 覆蓋複製 'D:/02-學習/03-Obsidian/Hoonsor/007-旅遊/1110813-九份行.md' -> 'P:/Obsidian/Hoonsor/007-旅遊/1110813-九份行.md' (4,249)
2022-09-06 23:13:20: 覆蓋複製 'D:/02-學習/03-Obsidian/Hoonsor/★測試各類功能.md' -> 'P:/Obsidian/Hoonsor/★測試各類功能.md' (3,976)
2022-09-06 23:13:20: 覆蓋複製 'D:/02-學習/03-Obsidian/Hoonsor/JavaScripts腳本/advanced_uri.js' -> 'P:/Obsidian/Hoonsor/JavaScripts腳本/advanced_uri.js' (1,113)
2022-09-06 23:13:20: == 同步完成. 歷時: 00:00:00, 速度: 0.00/s, 完成: 269, 錯誤: 0
