2022-08-31 17:13:17: -- 分析開始 User Command
2022-08-31 17:13:18: /000-index/!dict.md: L:TimeSize<>; 警告：較舊的檔將替換較新的檔
2022-08-31 17:13:18: /001-Template/Template-SubItem.md: L:TimeSize<>; 警告：較舊的檔將替換較新的檔
2022-08-31 17:13:18: /001-Template/Template-Temporary Mission.md: L:TimeSize<>; 警告：較舊的檔將替換較新的檔
2022-08-31 17:13:18: /001-Template/Template-Travel.md: L:TimeSize<>; 警告：較舊的檔將替換較新的檔
2022-08-31 17:13:18: /001-Template/UniversalNote.md: L:TimeSize<>; 警告：較舊的檔將替換較新的檔
2022-08-31 17:13:18: /003-●專案管理/001-WordPress架設網站/1110721-MAMP教學（在電腦安裝離線版伺服器及WordPress））.md: L:TimeSize<>; 警告：較舊的檔將替換較新的檔
2022-08-31 17:13:18: /003-●專案管理/001-WordPress架設網站/Astra Pro Theme 教學：WP Portfolio 作品集功能.md: L:TimeSize<>; 警告：較舊的檔將替換較新的檔
2022-08-31 17:13:18: /003-●專案管理/001-WordPress架設網站/CSS的概念及學習.md: L:TimeSize<>; 警告：較舊的檔將替換較新的檔
2022-08-31 17:13:18: /003-●專案管理/001-WordPress架設網站/HTML概念及學習.md: L:TimeSize<>; 警告：較舊的檔將替換較新的檔
2022-08-31 17:13:18: /003-●專案管理/001-WordPress架設網站/WordPress學習及筆記.md: L:TimeSize<>; 警告：較舊的檔將替換較新的檔
2022-08-31 17:13:18: /003-●專案管理/001-WordPress架設網站/WordPress是什麼 ？完整介紹評價＋教學範例（入門指南）.md: L:TimeSize<>; 警告：較舊的檔將替換較新的檔
2022-08-31 17:13:18: /003-●專案管理/001-WordPress架設網站/安裝Astra及有關插件.md: L:TimeSize<>; 警告：較舊的檔將替換較新的檔
2022-08-31 17:13:18: /003-●專案管理/002-練習撰寫文章行銷課程/1110628-網站設計行銷相關.md: L:TimeSize<>; 警告：較舊的檔將替換較新的檔
2022-08-31 17:13:18: /003-●專案管理/002-練習撰寫文章行銷課程/熟練行銷文章架構.md: L:TimeSize<>; 警告：較舊的檔將替換較新的檔
2022-08-31 17:13:18: /003-●專案管理/003-Obsidian學習筆記/1110731-DataView插件筆記.md: L:TimeSize<>; 警告：較舊的檔將替換較新的檔
2022-08-31 17:13:18: /003-●專案管理/003-Obsidian學習筆記/1110806-Git及Obsidian同步至手機學習.md: L:TimeSize<>; 警告：較舊的檔將替換較新的檔
2022-08-31 17:13:18: /003-●專案管理/003-Obsidian學習筆記/Obsidian概述.md: L:TimeSize<>; 警告：較舊的檔將替換較新的檔
2022-08-31 17:13:18: /003-●專案管理/003-Obsidian學習筆記/Obsidian的任務管理技巧彙總.md: L:TimeSize<>; 警告：較舊的檔將替換較新的檔
2022-08-31 17:13:18: /003-●專案管理/004-AHK學習筆記/AHK-GUI控件相關.md: L:TimeSize<>; 警告：較舊的檔將替換較新的檔
2022-08-31 17:13:18: /003-●專案管理/004-AHK學習筆記/AHK-概述.md: L:TimeSize<>; 警告：較舊的檔將替換較新的檔
2022-08-31 17:13:18: /003-●專案管理/005-投資理財相關/1110813-Thinkorswim軟體介面大綱.md: L:TimeSize<>; 警告：較舊的檔將替換較新的檔
2022-08-31 17:13:18: /003-●專案管理/005-投資理財相關/1110814-Thinkorswim軟體學習心得.md: L:TimeSize<>; 警告：較舊的檔將替換較新的檔
2022-08-31 17:13:18: /004-●日常生活/001-多媒體知識/001-攝影、錄影/1110821-手機錄影技巧.md: L:TimeSize<>; 警告：較舊的檔將替換較新的檔
2022-08-31 17:13:18: /004-●日常生活/001-多媒體知識/001-攝影、錄影/1110825-Disco Diffusion-AI運算繪圖工具.md: L:TimeSize<>; 警告：較舊的檔將替換較新的檔
2022-08-31 17:13:18: /004-●日常生活/002-隨手不錯的音樂紀錄/歌手.md: L:TimeSize<>; 警告：較舊的檔將替換較新的檔
2022-08-31 17:13:18: /004-●日常生活/002-隨手不錯的音樂紀錄/獨立樂團.md: L:TimeSize<>; 警告：較舊的檔將替換較新的檔
2022-08-31 17:13:18: /004-●日常生活/003-電腦知識/Port（通訊埠）.md: L:TimeSize<>; 警告：較舊的檔將替換較新的檔
2022-08-31 17:13:18: /004-●日常生活/003-電腦知識/Secure Shell（SSH）.md: L:TimeSize<>; 警告：較舊的檔將替換較新的檔
2022-08-31 17:13:18: /004-●日常生活/003-電腦知識/VX3211-4k-mhd相關注意事項.md: L:TimeSize<>; 警告：較舊的檔將替換較新的檔
2022-08-31 17:13:18: /004-●日常生活/003-電腦知識/建構程式語言快捷查詢方式.md: L:TimeSize<>; 警告：較舊的檔將替換較新的檔
2022-08-31 17:13:18: /004-●日常生活/003-電腦知識/正則表達式.md: L:TimeSize<>; 警告：較舊的檔將替換較新的檔
2022-08-31 17:13:18: /004-●日常生活/003-電腦知識/電腦疑難雜症.md: L:TimeSize<>; 警告：較舊的檔將替換較新的檔
2022-08-31 17:13:18: /004-●日常生活/003-電腦知識/電腦知識.md: L:TimeSize<>; 警告：較舊的檔將替換較新的檔
2022-08-31 17:13:18: /004-●日常生活/004-遊戲相關/XGPU雙人遊戲下載.md: L:TimeSize<>; 警告：較舊的檔將替換較新的檔
2022-08-31 17:13:18: /004-●日常生活/005-健康知識/1110716-甲狀腺失調調理及預防指南.md: L:TimeSize<>; 警告：較舊的檔將替換較新的檔
2022-08-31 17:13:18: /004-●日常生活/005-健康知識/1110716-腎上腺疲勞調理及預防指南.md: L:TimeSize<>; 警告：較舊的檔將替換較新的檔
2022-08-31 17:13:18: /004-●日常生活/005-健康知識/1110716-認識內分泌與激素.md: L:TimeSize<>; 警告：較舊的檔將替換較新的檔
2022-08-31 17:13:18: /004-●日常生活/005-健康知識/1110717-告別讓人困擾的失眠問題.md: L:TimeSize<>; 警告：較舊的檔將替換較新的檔
2022-08-31 17:13:18: /004-●日常生活/005-健康知識/1110717-能量運動指南.md: L:TimeSize<>; 警告：較舊的檔將替換較新的檔
2022-08-31 17:13:18: /004-●日常生活/005-健康知識/現有症狀治療及緩解.md: L:TimeSize<>; 警告：較舊的檔將替換較新的檔
2022-08-31 17:13:18: /004-●日常生活/005-健康知識/身體現況.md: L:TimeSize<>; 警告：較舊的檔將替換較新的檔
2022-08-31 17:13:18: /004-●日常生活/005-健康知識/預防及保養.md: L:TimeSize<>; 警告：較舊的檔將替換較新的檔
2022-08-31 17:13:18: /004-●日常生活/006-婚紗相關/1110709-婚紗拍攝事前確認事項.md: L:TimeSize<>; 警告：較舊的檔將替換較新的檔
2022-08-31 17:13:18: /004-●日常生活/007-修繕、工具知識/學會如何換電容.md: L:TimeSize<>; 警告：較舊的檔將替換較新的檔
2022-08-31 17:13:18: /004-●日常生活/●激勵影片.md: L:TimeSize<>; 警告：較舊的檔將替換較新的檔
2022-08-31 17:13:18: /005-工作相關/1110803-待辦.md: L:TimeSize<>; 警告：較舊的檔將替換較新的檔
2022-08-31 17:13:18: /005-工作相關/1110804-提醒新進短期臨工注意事項.md: L:TimeSize<>; 警告：較舊的檔將替換較新的檔
2022-08-31 17:13:18: /005-工作相關/1110810-新進教師研習.md: L:TimeSize<>; 警告：較舊的檔將替換較新的檔
2022-08-31 17:13:18: /005-工作相關/●已完成/校長遴選座談會及後續工作.md: L:TimeSize<>; 警告：較舊的檔將替換較新的檔
2022-08-31 17:13:18: /005-工作相關/法規紀錄測試.md: L:TimeSize<>; 警告：較舊的檔將替換較新的檔
2022-08-31 17:13:18: /006-DailyNote/2022-05-22_Sun.md: L:TimeSize<>; 警告：較舊的檔將替換較新的檔
2022-08-31 17:13:18: /006-DailyNote/2022-05-24_Tue.md: L:TimeSize<>; 警告：較舊的檔將替換較新的檔
2022-08-31 17:13:18: /006-DailyNote/2022-05-25_Wed.md: L:TimeSize<>; 警告：較舊的檔將替換較新的檔
2022-08-31 17:13:18: /006-DailyNote/2022-05-29_Sun.md: L:TimeSize<>; 警告：較舊的檔將替換較新的檔
2022-08-31 17:13:18: /006-DailyNote/2022-05-30_Mon.md: L:TimeSize<>; 警告：較舊的檔將替換較新的檔
2022-08-31 17:13:18: /006-DailyNote/2022-05-31_Tue.md: L:TimeSize<>; 警告：較舊的檔將替換較新的檔
2022-08-31 17:13:18: /006-DailyNote/2022-06-06_Mon.md: L:TimeSize<>; 警告：較舊的檔將替換較新的檔
2022-08-31 17:13:18: /006-DailyNote/2022-06-07_Tue.md: L:TimeSize<>; 警告：較舊的檔將替換較新的檔
2022-08-31 17:13:18: /006-DailyNote/2022-06-14_Tue.md: L:TimeSize<>; 警告：較舊的檔將替換較新的檔
2022-08-31 17:13:18: /006-DailyNote/2022-06-21_Tue.md: L:TimeSize<>; 警告：較舊的檔將替換較新的檔
2022-08-31 17:13:18: /006-DailyNote/2022-07-19_Tue.md: L:TimeSize<>; 警告：較舊的檔將替換較新的檔
2022-08-31 17:13:18: /006-DailyNote/2022-07-20_Wed.md: L:TimeSize<>; 警告：較舊的檔將替換較新的檔
2022-08-31 17:13:18: /006-DailyNote/2022-07-21_Thu.md: L:TimeSize<>; 警告：較舊的檔將替換較新的檔
2022-08-31 17:13:18: /006-DailyNote/2022-07-24_Sun.md: L:TimeSize<>; 警告：較舊的檔將替換較新的檔
2022-08-31 17:13:18: /006-DailyNote/2022-07-25_Mon.md: L:TimeSize<>; 警告：較舊的檔將替換較新的檔
2022-08-31 17:13:18: /006-DailyNote/template.md: L:TimeSize<>; 警告：較舊的檔將替換較新的檔
2022-08-31 17:13:18: /007-旅遊/1110813-九份行.md: L:TimeSize<>; 警告：較舊的檔將替換較新的檔
2022-08-31 17:13:18: /DashBoard CSS-自行測試.md: L:TimeSize<>; 警告：較舊的檔將替換較新的檔
2022-08-31 17:13:18: /JavaScripts腳本/advanced_uri.js: L:TimeSize<>; 警告：較舊的檔將替換較新的檔
2022-08-31 17:13:18: /README.md: L:TimeSize<>; 警告：較舊的檔將替換較新的檔
2022-08-31 17:13:18: /●圖片庫/CSS-%定義.png: L:TimeSize<>; 警告：較舊的檔將替換較新的檔
2022-08-31 17:13:18: /●圖片庫/CSS-em定義.png: L:TimeSize<>; 警告：較舊的檔將替換較新的檔
2022-08-31 17:13:18: /●圖片庫/CSS-rem定義.png: L:TimeSize<>; 警告：較舊的檔將替換較新的檔
2022-08-31 17:13:18: /●圖片庫/CSS-vw及vh定義.png: L:TimeSize<>; 警告：較舊的檔將替換較新的檔
2022-08-31 17:13:18: /●子彈筆記.md: L:TimeSize<>; 警告：較舊的檔將替換較新的檔
2022-08-31 17:13:18: /●專案管理.md: L:TimeSize<>; 警告：較舊的檔將替換較新的檔
2022-08-31 17:13:18: /●日常生活.md: L:TimeSize<>; 警告：較舊的檔將替換較新的檔
2022-08-31 17:13:18: /★按鈕範例.md: L:TimeSize<>; 警告：較舊的檔將替換較新的檔
2022-08-31 17:13:18: /★測試各類功能.md: L:TimeSize<>; 警告：較舊的檔將替換較新的檔
2022-08-31 17:13:18: 變更：91， 衝突：0， 複製時間：0， 複製狀態：0， 錯誤： 0, All: 506
2022-08-31 17:13:18: Left to Right: Copy File: 91 
2022-08-31 17:13:18: 75% (91 / 120) 個檔已更改，超過 50% 的限制。因此該任務將不再執行自動同步。
