2022-08-09 23:20:18: -- 分析開始 User Command
2022-08-09 23:20:18: 變更：319， 衝突：0， 複製時間：0， 複製狀態：0， 錯誤： 0, All: 477
2022-08-09 23:20:18: Left to Right: Copy File: 319 
2022-08-09 23:20:18: == 同步開始由 User Command
2022-08-09 23:20:18: 創建資料夾 P:/Obsidian/Hoonsor/.obsidian
2022-08-09 23:20:18: 創建資料夾 P:/Obsidian/Hoonsor/.obsidian/plugins
2022-08-09 23:20:18: 創建資料夾 P:/Obsidian/Hoonsor/.obsidian/plugins/breadcrumbs
2022-08-09 23:20:18: 創建資料夾 P:/Obsidian/Hoonsor/.obsidian/plugins/buttons
2022-08-09 23:20:18: 創建資料夾 P:/Obsidian/Hoonsor/.obsidian/plugins/calendar
2022-08-09 23:20:18: 創建資料夾 P:/Obsidian/Hoonsor/.obsidian/plugins/cm-editor-syntax-highlight-obsidian
2022-08-09 23:20:18: 創建資料夾 P:/Obsidian/Hoonsor/.obsidian/plugins/cmenu-plugin
2022-08-09 23:20:18: 創建資料夾 P:/Obsidian/Hoonsor/.obsidian/plugins/creases
2022-08-09 23:20:18: 創建資料夾 P:/Obsidian/Hoonsor/.obsidian/plugins/customizable-page-header-buttons
2022-08-09 23:20:18: 創建資料夾 P:/Obsidian/Hoonsor/.obsidian/plugins/customizable-sidebar
2022-08-09 23:20:18: 創建資料夾 P:/Obsidian/Hoonsor/.obsidian/plugins/dataview
2022-08-09 23:20:18: 創建資料夾 P:/Obsidian/Hoonsor/.obsidian/plugins/drawio-obsidian
2022-08-09 23:20:18: 創建資料夾 P:/Obsidian/Hoonsor/.obsidian/plugins/format-hotkeys-obsidian
2022-08-09 23:20:18: 創建資料夾 P:/Obsidian/Hoonsor/.obsidian/plugins/lapel
2022-08-09 23:20:18: 創建資料夾 P:/Obsidian/Hoonsor/.obsidian/plugins/markdown-table-editor
2022-08-09 23:20:18: 創建資料夾 P:/Obsidian/Hoonsor/.obsidian/plugins/notion-like-tables
2022-08-09 23:20:18: 創建資料夾 P:/Obsidian/Hoonsor/.obsidian/plugins/number-headings-obsidian
2022-08-09 23:20:18: 創建資料夾 P:/Obsidian/Hoonsor/.obsidian/plugins/obsidian-advanced-uri
2022-08-09 23:20:18: 創建資料夾 P:/Obsidian/Hoonsor/.obsidian/plugins/obsidian-attachment-name-formatting
2022-08-09 23:20:18: 創建資料夾 P:/Obsidian/Hoonsor/.obsidian/plugins/obsidian-banners
2022-08-09 23:20:18: 創建資料夾 P:/Obsidian/Hoonsor/.obsidian/plugins/obsidian-columns
2022-08-09 23:20:18: 創建資料夾 P:/Obsidian/Hoonsor/.obsidian/plugins/obsidian-command-alias-plugin
2022-08-09 23:20:18: 創建資料夾 P:/Obsidian/Hoonsor/.obsidian/plugins/obsidian-editor-shortcuts
2022-08-09 23:20:18: 創建資料夾 P:/Obsidian/Hoonsor/.obsidian/plugins/obsidian-emoji-toolbar
2022-08-09 23:20:18: 創建資料夾 P:/Obsidian/Hoonsor/.obsidian/plugins/obsidian-excel-to-markdown-table
2022-08-09 23:20:18: 創建資料夾 P:/Obsidian/Hoonsor/.obsidian/plugins/obsidian-find-and-replace-in-selection
2022-08-09 23:20:18: 創建資料夾 P:/Obsidian/Hoonsor/.obsidian/plugins/obsidian-git
2022-08-09 23:20:18: 創建資料夾 P:/Obsidian/Hoonsor/.obsidian/plugins/obsidian-hover-editor
2022-08-09 23:20:18: 創建資料夾 P:/Obsidian/Hoonsor/.obsidian/plugins/obsidian-image-auto-upload-plugin
2022-08-09 23:20:18: 創建資料夾 P:/Obsidian/Hoonsor/.obsidian/plugins/obsidian-image-toolkit
2022-08-09 23:20:18: 創建資料夾 P:/Obsidian/Hoonsor/.obsidian/plugins/obsidian-kanban
2022-08-09 23:20:18: 創建資料夾 P:/Obsidian/Hoonsor/.obsidian/plugins/obsidian-linter
2022-08-09 23:20:18: 創建資料夾 P:/Obsidian/Hoonsor/.obsidian/plugins/obsidian-local-images
2022-08-09 23:20:18: 創建資料夾 P:/Obsidian/Hoonsor/.obsidian/plugins/obsidian-mind-map
2022-08-09 23:20:18: 創建資料夾 P:/Obsidian/Hoonsor/.obsidian/plugins/obsidian-minimal-settings
2022-08-09 23:20:18: 創建資料夾 P:/Obsidian/Hoonsor/.obsidian/plugins/obsidian-notes-from-template
2022-08-09 23:20:18: 創建資料夾 P:/Obsidian/Hoonsor/.obsidian/plugins/obsidian-outliner
2022-08-09 23:20:18: 創建資料夾 P:/Obsidian/Hoonsor/.obsidian/plugins/obsidian-reminder-plugin
2022-08-09 23:20:18: 創建資料夾 P:/Obsidian/Hoonsor/.obsidian/plugins/obsidian-shellcommands
2022-08-09 23:20:18: 創建資料夾 P:/Obsidian/Hoonsor/.obsidian/plugins/obsidian-show-file-path
2022-08-09 23:20:18: 創建資料夾 P:/Obsidian/Hoonsor/.obsidian/plugins/obsidian-style-settings
2022-08-09 23:20:18: 創建資料夾 P:/Obsidian/Hoonsor/.obsidian/plugins/obsidian-tasks-plugin
2022-08-09 23:20:18: 創建資料夾 P:/Obsidian/Hoonsor/.obsidian/plugins/obsidian-view-mode-by-frontmatter
2022-08-09 23:20:18: 創建資料夾 P:/Obsidian/Hoonsor/.obsidian/plugins/oz-clear-unused-images
2022-08-09 23:20:18: 創建資料夾 P:/Obsidian/Hoonsor/.obsidian/plugins/pane-relief
2022-08-09 23:20:18: 創建資料夾 P:/Obsidian/Hoonsor/.obsidian/plugins/quick-explorer
2022-08-09 23:20:18: 創建資料夾 P:/Obsidian/Hoonsor/.obsidian/plugins/quickadd
2022-08-09 23:20:18: 創建資料夾 P:/Obsidian/Hoonsor/.obsidian/plugins/recent-files-obsidian
2022-08-09 23:20:18: 創建資料夾 P:/Obsidian/Hoonsor/.obsidian/plugins/reveal-active-file-button
2022-08-09 23:20:18: 創建資料夾 P:/Obsidian/Hoonsor/.obsidian/plugins/sliding-panes-obsidian
2022-08-09 23:20:18: 創建資料夾 P:/Obsidian/Hoonsor/.obsidian/plugins/table-editor-obsidian
2022-08-09 23:20:18: 創建資料夾 P:/Obsidian/Hoonsor/.obsidian/plugins/templater-obsidian
2022-08-09 23:20:18: 創建資料夾 P:/Obsidian/Hoonsor/.obsidian/plugins/various-complements
2022-08-09 23:20:18: 創建資料夾 P:/Obsidian/Hoonsor/.obsidian/snippets
2022-08-09 23:20:18: 創建資料夾 P:/Obsidian/Hoonsor/.obsidian/themes
2022-08-09 23:20:18: 創建資料夾 P:/Obsidian/Hoonsor/.trash
2022-08-09 23:20:18: 新建複製 'D:/02-學習/03-Obsidian/Hoonsor/.obsidian/app.json' -> 'P:/Obsidian/Hoonsor/.obsidian/app.json' (327)
2022-08-09 23:20:18: 新建複製 'D:/02-學習/03-Obsidian/Hoonsor/.obsidian/appearance.json' -> 'P:/Obsidian/Hoonsor/.obsidian/appearance.json' (193)
2022-08-09 23:20:18: 新建複製 'D:/02-學習/03-Obsidian/Hoonsor/.obsidian/1110805-MinimalTheme-style-settings' -> 'P:/Obsidian/Hoonsor/.obsidian/1110805-MinimalTheme-style-settings' (2,420)
2022-08-09 23:20:18: 新建複製 'D:/02-學習/03-Obsidian/Hoonsor/.obsidian/community-plugins.json' -> 'P:/Obsidian/Hoonsor/.obsidian/community-plugins.json' (1,076)
2022-08-09 23:20:18: 新建複製 'D:/02-學習/03-Obsidian/Hoonsor/.obsidian/core-plugins.json' -> 'P:/Obsidian/Hoonsor/.obsidian/core-plugins.json' (340)
2022-08-09 23:20:18: 新建複製 'D:/02-學習/03-Obsidian/Hoonsor/.obsidian/daily-notes.json' -> 'P:/Obsidian/Hoonsor/.obsidian/daily-notes.json' (105)
2022-08-09 23:20:18: 新建複製 'D:/02-學習/03-Obsidian/Hoonsor/.obsidian/global-search.json' -> 'P:/Obsidian/Hoonsor/.obsidian/global-search.json' (77)
2022-08-09 23:20:18: 新建複製 'D:/02-學習/03-Obsidian/Hoonsor/.obsidian/graph.json' -> 'P:/Obsidian/Hoonsor/.obsidian/graph.json' (515)
2022-08-09 23:20:18: 新建複製 'D:/02-學習/03-Obsidian/Hoonsor/.obsidian/hotkeys.json' -> 'P:/Obsidian/Hoonsor/.obsidian/hotkeys.json' (6,041)
2022-08-09 23:20:18: 新建複製 'D:/02-學習/03-Obsidian/Hoonsor/.obsidian/plugins/breadcrumbs/data.json' -> 'P:/Obsidian/Hoonsor/.obsidian/plugins/breadcrumbs/data.json' (3,234)
2022-08-09 23:20:18: 新建複製 'D:/02-學習/03-Obsidian/Hoonsor/.obsidian/plugins/breadcrumbs/main.js' -> 'P:/Obsidian/Hoonsor/.obsidian/plugins/breadcrumbs/main.js' (2,117,208)
2022-08-09 23:20:18: 新建複製 'D:/02-學習/03-Obsidian/Hoonsor/.obsidian/plugins/breadcrumbs/manifest.json' -> 'P:/Obsidian/Hoonsor/.obsidian/plugins/breadcrumbs/manifest.json' (294)
2022-08-09 23:20:19: 新建複製 'D:/02-學習/03-Obsidian/Hoonsor/.obsidian/plugins/breadcrumbs/styles.css' -> 'P:/Obsidian/Hoonsor/.obsidian/plugins/breadcrumbs/styles.css' (2,411)
2022-08-09 23:20:19: 新建複製 'D:/02-學習/03-Obsidian/Hoonsor/.obsidian/plugins/buttons/main.js' -> 'P:/Obsidian/Hoonsor/.obsidian/plugins/buttons/main.js' (581,569)
2022-08-09 23:20:19: 新建複製 'D:/02-學習/03-Obsidian/Hoonsor/.obsidian/plugins/buttons/manifest.json' -> 'P:/Obsidian/Hoonsor/.obsidian/plugins/buttons/manifest.json' (298)
2022-08-09 23:20:19: 新建複製 'D:/02-學習/03-Obsidian/Hoonsor/.obsidian/plugins/buttons/styles.css' -> 'P:/Obsidian/Hoonsor/.obsidian/plugins/buttons/styles.css' (2,992)
2022-08-09 23:20:19: 新建複製 'D:/02-學習/03-Obsidian/Hoonsor/.obsidian/plugins/calendar/data.json' -> 'P:/Obsidian/Hoonsor/.obsidian/plugins/calendar/data.json' (231)
2022-08-09 23:20:19: 新建複製 'D:/02-學習/03-Obsidian/Hoonsor/.obsidian/plugins/calendar/main.js' -> 'P:/Obsidian/Hoonsor/.obsidian/plugins/calendar/main.js' (145,955)
2022-08-09 23:20:19: 新建複製 'D:/02-學習/03-Obsidian/Hoonsor/.obsidian/plugins/calendar/manifest.json' -> 'P:/Obsidian/Hoonsor/.obsidian/plugins/calendar/manifest.json' (259)
2022-08-09 23:20:19: 新建複製 'D:/02-學習/03-Obsidian/Hoonsor/.obsidian/plugins/cm-editor-syntax-highlight-obsidian/manifest.json' -> 'P:/Obsidian/Hoonsor/.obsidian/plugins/cm-editor-syntax-highlight-obsidian/manifest.json' (311)
2022-08-09 23:20:19: 新建複製 'D:/02-學習/03-Obsidian/Hoonsor/.obsidian/plugins/cm-editor-syntax-highlight-obsidian/styles.css' -> 'P:/Obsidian/Hoonsor/.obsidian/plugins/cm-editor-syntax-highlight-obsidian/styles.css' (6,739)
2022-08-09 23:20:19: 新建複製 'D:/02-學習/03-Obsidian/Hoonsor/.obsidian/plugins/cm-editor-syntax-highlight-obsidian/main.js' -> 'P:/Obsidian/Hoonsor/.obsidian/plugins/cm-editor-syntax-highlight-obsidian/main.js' (4,331,183)
2022-08-09 23:20:19: 新建複製 'D:/02-學習/03-Obsidian/Hoonsor/.obsidian/plugins/cmenu-plugin/data.json' -> 'P:/Obsidian/Hoonsor/.obsidian/plugins/cmenu-plugin/data.json' (2,286)
2022-08-09 23:20:19: 新建複製 'D:/02-學習/03-Obsidian/Hoonsor/.obsidian/plugins/cmenu-plugin/manifest.json' -> 'P:/Obsidian/Hoonsor/.obsidian/plugins/cmenu-plugin/manifest.json' (338)
2022-08-09 23:20:19: 新建複製 'D:/02-學習/03-Obsidian/Hoonsor/.obsidian/plugins/cmenu-plugin/styles.css' -> 'P:/Obsidian/Hoonsor/.obsidian/plugins/cmenu-plugin/styles.css' (5,610)
2022-08-09 23:20:19: 新建複製 'D:/02-學習/03-Obsidian/Hoonsor/.obsidian/plugins/cmenu-plugin/main.js' -> 'P:/Obsidian/Hoonsor/.obsidian/plugins/cmenu-plugin/main.js' (5,832,916)
2022-08-09 23:20:19: 新建複製 'D:/02-學習/03-Obsidian/Hoonsor/.obsidian/plugins/creases/main.js' -> 'P:/Obsidian/Hoonsor/.obsidian/plugins/creases/main.js' (42,681)
2022-08-09 23:20:19: 新建複製 'D:/02-學習/03-Obsidian/Hoonsor/.obsidian/plugins/creases/manifest.json' -> 'P:/Obsidian/Hoonsor/.obsidian/plugins/creases/manifest.json' (282)
2022-08-09 23:20:19: 新建複製 'D:/02-學習/03-Obsidian/Hoonsor/.obsidian/plugins/creases/styles.css' -> 'P:/Obsidian/Hoonsor/.obsidian/plugins/creases/styles.css' (138)
2022-08-09 23:20:19: 新建複製 'D:/02-學習/03-Obsidian/Hoonsor/.obsidian/plugins/customizable-page-header-buttons/data.json' -> 'P:/Obsidian/Hoonsor/.obsidian/plugins/customizable-page-header-buttons/data.json' (278)
2022-08-09 23:20:19: 新建複製 'D:/02-學習/03-Obsidian/Hoonsor/.obsidian/plugins/customizable-page-header-buttons/main.js' -> 'P:/Obsidian/Hoonsor/.obsidian/plugins/customizable-page-header-buttons/main.js' (35,583)
2022-08-09 23:20:19: 新建複製 'D:/02-學習/03-Obsidian/Hoonsor/.obsidian/plugins/customizable-page-header-buttons/manifest.json' -> 'P:/Obsidian/Hoonsor/.obsidian/plugins/customizable-page-header-buttons/manifest.json' (392)
2022-08-09 23:20:19: 新建複製 'D:/02-學習/03-Obsidian/Hoonsor/.obsidian/plugins/customizable-page-header-buttons/styles.css' -> 'P:/Obsidian/Hoonsor/.obsidian/plugins/customizable-page-header-buttons/styles.css' (2,813)
2022-08-09 23:20:19: 新建複製 'D:/02-學習/03-Obsidian/Hoonsor/.obsidian/plugins/customizable-sidebar/data.json' -> 'P:/Obsidian/Hoonsor/.obsidian/plugins/customizable-sidebar/data.json' (1,179)
2022-08-09 23:20:19: 新建複製 'D:/02-學習/03-Obsidian/Hoonsor/.obsidian/plugins/customizable-sidebar/main.js' -> 'P:/Obsidian/Hoonsor/.obsidian/plugins/customizable-sidebar/main.js' (316,933)
2022-08-09 23:20:19: 新建複製 'D:/02-學習/03-Obsidian/Hoonsor/.obsidian/plugins/customizable-sidebar/manifest.json' -> 'P:/Obsidian/Hoonsor/.obsidian/plugins/customizable-sidebar/manifest.json' (304)
2022-08-09 23:20:19: 新建複製 'D:/02-學習/03-Obsidian/Hoonsor/.obsidian/plugins/customizable-sidebar/styles.css' -> 'P:/Obsidian/Hoonsor/.obsidian/plugins/customizable-sidebar/styles.css' (1,209)
2022-08-09 23:20:19: 新建複製 'D:/02-學習/03-Obsidian/Hoonsor/.obsidian/plugins/dataview/manifest.json' -> 'P:/Obsidian/Hoonsor/.obsidian/plugins/dataview/manifest.json' (301)
2022-08-09 23:20:19: 新建複製 'D:/02-學習/03-Obsidian/Hoonsor/.obsidian/plugins/dataview/main.js' -> 'P:/Obsidian/Hoonsor/.obsidian/plugins/dataview/main.js' (2,362,239)
2022-08-09 23:20:19: 新建複製 'D:/02-學習/03-Obsidian/Hoonsor/.obsidian/plugins/dataview/styles.css' -> 'P:/Obsidian/Hoonsor/.obsidian/plugins/dataview/styles.css' (3,237)
2022-08-09 23:20:19: 新建複製 'D:/02-學習/03-Obsidian/Hoonsor/.obsidian/plugins/drawio-obsidian/data.json' -> 'P:/Obsidian/Hoonsor/.obsidian/plugins/drawio-obsidian/data.json' (136)
2022-08-09 23:20:19: 新建複製 'D:/02-學習/03-Obsidian/Hoonsor/.obsidian/plugins/drawio-obsidian/manifest.json' -> 'P:/Obsidian/Hoonsor/.obsidian/plugins/drawio-obsidian/manifest.json' (447)
2022-08-09 23:20:19: 新建複製 'D:/02-學習/03-Obsidian/Hoonsor/.obsidian/plugins/drawio-obsidian/styles.css' -> 'P:/Obsidian/Hoonsor/.obsidian/plugins/drawio-obsidian/styles.css' (561)
2022-08-09 23:20:19: 新建複製 'D:/02-學習/03-Obsidian/Hoonsor/.obsidian/plugins/drawio-obsidian/main.js' -> 'P:/Obsidian/Hoonsor/.obsidian/plugins/drawio-obsidian/main.js' (6,634,558)
2022-08-09 23:20:19: 新建複製 'D:/02-學習/03-Obsidian/Hoonsor/.obsidian/plugins/format-hotkeys-obsidian/main.js' -> 'P:/Obsidian/Hoonsor/.obsidian/plugins/format-hotkeys-obsidian/main.js' (7,281)
2022-08-09 23:20:19: 新建複製 'D:/02-學習/03-Obsidian/Hoonsor/.obsidian/plugins/format-hotkeys-obsidian/manifest.json' -> 'P:/Obsidian/Hoonsor/.obsidian/plugins/format-hotkeys-obsidian/manifest.json' (362)
2022-08-09 23:20:19: 新建複製 'D:/02-學習/03-Obsidian/Hoonsor/.obsidian/plugins/lapel/main.js' -> 'P:/Obsidian/Hoonsor/.obsidian/plugins/lapel/main.js' (3,334)
2022-08-09 23:20:19: 新建複製 'D:/02-學習/03-Obsidian/Hoonsor/.obsidian/plugins/lapel/manifest.json' -> 'P:/Obsidian/Hoonsor/.obsidian/plugins/lapel/manifest.json' (293)
2022-08-09 23:20:19: 新建複製 'D:/02-學習/03-Obsidian/Hoonsor/.obsidian/plugins/lapel/styles.css' -> 'P:/Obsidian/Hoonsor/.obsidian/plugins/lapel/styles.css' (815)
2022-08-09 23:20:19: 新建複製 'D:/02-學習/03-Obsidian/Hoonsor/.obsidian/plugins/markdown-table-editor/manifest.json' -> 'P:/Obsidian/Hoonsor/.obsidian/plugins/markdown-table-editor/manifest.json' (434)
2022-08-09 23:20:19: 新建複製 'D:/02-學習/03-Obsidian/Hoonsor/.obsidian/plugins/markdown-table-editor/main.js' -> 'P:/Obsidian/Hoonsor/.obsidian/plugins/markdown-table-editor/main.js' (1,022,299)
2022-08-09 23:20:19: 新建複製 'D:/02-學習/03-Obsidian/Hoonsor/.obsidian/plugins/markdown-table-editor/styles.css' -> 'P:/Obsidian/Hoonsor/.obsidian/plugins/markdown-table-editor/styles.css' (1,187)
2022-08-09 23:20:19: 新建複製 'D:/02-學習/03-Obsidian/Hoonsor/.obsidian/plugins/notion-like-tables/manifest.json' -> 'P:/Obsidian/Hoonsor/.obsidian/plugins/notion-like-tables/manifest.json' (318)
2022-08-09 23:20:19: 新建複製 'D:/02-學習/03-Obsidian/Hoonsor/.obsidian/plugins/notion-like-tables/main.js' -> 'P:/Obsidian/Hoonsor/.obsidian/plugins/notion-like-tables/main.js' (2,564,994)
2022-08-09 23:20:19: 新建複製 'D:/02-學習/03-Obsidian/Hoonsor/.obsidian/plugins/notion-like-tables/styles.css' -> 'P:/Obsidian/Hoonsor/.obsidian/plugins/notion-like-tables/styles.css' (33,500)
2022-08-09 23:20:19: 新建複製 'D:/02-學習/03-Obsidian/Hoonsor/.obsidian/plugins/number-headings-obsidian/data.json' -> 'P:/Obsidian/Hoonsor/.obsidian/plugins/number-headings-obsidian/data.json' (177)
2022-08-09 23:20:19: 新建複製 'D:/02-學習/03-Obsidian/Hoonsor/.obsidian/plugins/number-headings-obsidian/manifest.json' -> 'P:/Obsidian/Hoonsor/.obsidian/plugins/number-headings-obsidian/manifest.json' (332)
2022-08-09 23:20:19: 新建複製 'D:/02-學習/03-Obsidian/Hoonsor/.obsidian/plugins/number-headings-obsidian/main.js' -> 'P:/Obsidian/Hoonsor/.obsidian/plugins/number-headings-obsidian/main.js' (145,056)
2022-08-09 23:20:19: 新建複製 'D:/02-學習/03-Obsidian/Hoonsor/.obsidian/plugins/number-headings-obsidian/styles.css' -> 'P:/Obsidian/Hoonsor/.obsidian/plugins/number-headings-obsidian/styles.css' (157)
2022-08-09 23:20:19: 新建複製 'D:/02-學習/03-Obsidian/Hoonsor/.obsidian/plugins/obsidian-advanced-uri/manifest.json' -> 'P:/Obsidian/Hoonsor/.obsidian/plugins/obsidian-advanced-uri/manifest.json' (278)
2022-08-09 23:20:19: 新建複製 'D:/02-學習/03-Obsidian/Hoonsor/.obsidian/plugins/obsidian-advanced-uri/main.js' -> 'P:/Obsidian/Hoonsor/.obsidian/plugins/obsidian-advanced-uri/main.js' (865,156)
2022-08-09 23:20:19: 新建複製 'D:/02-學習/03-Obsidian/Hoonsor/.obsidian/plugins/obsidian-attachment-name-formatting/main.js' -> 'P:/Obsidian/Hoonsor/.obsidian/plugins/obsidian-attachment-name-formatting/main.js' (281,589)
2022-08-09 23:20:19: 新建複製 'D:/02-學習/03-Obsidian/Hoonsor/.obsidian/plugins/obsidian-attachment-name-formatting/manifest.json' -> 'P:/Obsidian/Hoonsor/.obsidian/plugins/obsidian-attachment-name-formatting/manifest.json' (381)
2022-08-09 23:20:19: 新建複製 'D:/02-學習/03-Obsidian/Hoonsor/.obsidian/plugins/obsidian-banners/main.js' -> 'P:/Obsidian/Hoonsor/.obsidian/plugins/obsidian-banners/main.js' (150,611)
2022-08-09 23:20:19: 新建複製 'D:/02-學習/03-Obsidian/Hoonsor/.obsidian/plugins/obsidian-banners/manifest.json' -> 'P:/Obsidian/Hoonsor/.obsidian/plugins/obsidian-banners/manifest.json' (261)
2022-08-09 23:20:19: 新建複製 'D:/02-學習/03-Obsidian/Hoonsor/.obsidian/plugins/obsidian-banners/styles.css' -> 'P:/Obsidian/Hoonsor/.obsidian/plugins/obsidian-banners/styles.css' (6,379)
2022-08-09 23:20:19: 新建複製 'D:/02-學習/03-Obsidian/Hoonsor/.obsidian/plugins/obsidian-columns/main.js' -> 'P:/Obsidian/Hoonsor/.obsidian/plugins/obsidian-columns/main.js' (12,701)
2022-08-09 23:20:19: 新建複製 'D:/02-學習/03-Obsidian/Hoonsor/.obsidian/plugins/obsidian-columns/manifest.json' -> 'P:/Obsidian/Hoonsor/.obsidian/plugins/obsidian-columns/manifest.json' (304)
2022-08-09 23:20:19: 新建複製 'D:/02-學習/03-Obsidian/Hoonsor/.obsidian/plugins/obsidian-columns/styles.css' -> 'P:/Obsidian/Hoonsor/.obsidian/plugins/obsidian-columns/styles.css' (306)
2022-08-09 23:20:19: 新建複製 'D:/02-學習/03-Obsidian/Hoonsor/.obsidian/plugins/obsidian-command-alias-plugin/main.js' -> 'P:/Obsidian/Hoonsor/.obsidian/plugins/obsidian-command-alias-plugin/main.js' (10,774)
2022-08-09 23:20:19: 新建複製 'D:/02-學習/03-Obsidian/Hoonsor/.obsidian/plugins/obsidian-command-alias-plugin/manifest.json' -> 'P:/Obsidian/Hoonsor/.obsidian/plugins/obsidian-command-alias-plugin/manifest.json' (349)
2022-08-09 23:20:19: 新建複製 'D:/02-學習/03-Obsidian/Hoonsor/.obsidian/plugins/obsidian-editor-shortcuts/main.js' -> 'P:/Obsidian/Hoonsor/.obsidian/plugins/obsidian-editor-shortcuts/main.js' (29,264)
2022-08-09 23:20:19: 新建複製 'D:/02-學習/03-Obsidian/Hoonsor/.obsidian/plugins/obsidian-editor-shortcuts/manifest.json' -> 'P:/Obsidian/Hoonsor/.obsidian/plugins/obsidian-editor-shortcuts/manifest.json' (365)
2022-08-09 23:20:19: 新建複製 'D:/02-學習/03-Obsidian/Hoonsor/.obsidian/plugins/obsidian-emoji-toolbar/manifest.json' -> 'P:/Obsidian/Hoonsor/.obsidian/plugins/obsidian-emoji-toolbar/manifest.json' (288)
2022-08-09 23:20:19: 新建複製 'D:/02-學習/03-Obsidian/Hoonsor/.obsidian/plugins/obsidian-emoji-toolbar/styles.css' -> 'P:/Obsidian/Hoonsor/.obsidian/plugins/obsidian-emoji-toolbar/styles.css' (10,691)
2022-08-09 23:20:19: 新建複製 'D:/02-學習/03-Obsidian/Hoonsor/.obsidian/plugins/obsidian-emoji-toolbar/main.js' -> 'P:/Obsidian/Hoonsor/.obsidian/plugins/obsidian-emoji-toolbar/main.js' (2,624,393)
2022-08-09 23:20:19: 新建複製 'D:/02-學習/03-Obsidian/Hoonsor/.obsidian/plugins/obsidian-excel-to-markdown-table/main.js' -> 'P:/Obsidian/Hoonsor/.obsidian/plugins/obsidian-excel-to-markdown-table/main.js' (7,885)
2022-08-09 23:20:19: 新建複製 'D:/02-學習/03-Obsidian/Hoonsor/.obsidian/plugins/obsidian-excel-to-markdown-table/manifest.json' -> 'P:/Obsidian/Hoonsor/.obsidian/plugins/obsidian-excel-to-markdown-table/manifest.json' (428)
2022-08-09 23:20:19: 新建複製 'D:/02-學習/03-Obsidian/Hoonsor/.obsidian/plugins/obsidian-excel-to-markdown-table/styles.css' -> 'P:/Obsidian/Hoonsor/.obsidian/plugins/obsidian-excel-to-markdown-table/styles.css' (2)
2022-08-09 23:20:19: 新建複製 'D:/02-學習/03-Obsidian/Hoonsor/.obsidian/plugins/obsidian-find-and-replace-in-selection/main.js' -> 'P:/Obsidian/Hoonsor/.obsidian/plugins/obsidian-find-and-replace-in-selection/main.js' (11,415)
2022-08-09 23:20:19: 新建複製 'D:/02-學習/03-Obsidian/Hoonsor/.obsidian/plugins/obsidian-find-and-replace-in-selection/styles.css' -> 'P:/Obsidian/Hoonsor/.obsidian/plugins/obsidian-find-and-replace-in-selection/styles.css' (639)
2022-08-09 23:20:19: 新建複製 'D:/02-學習/03-Obsidian/Hoonsor/.obsidian/plugins/obsidian-find-and-replace-in-selection/manifest.json' -> 'P:/Obsidian/Hoonsor/.obsidian/plugins/obsidian-find-and-replace-in-selection/manifest.json' (307)
2022-08-09 23:20:19: 新建複製 'D:/02-學習/03-Obsidian/Hoonsor/.obsidian/plugins/obsidian-git/data.json' -> 'P:/Obsidian/Hoonsor/.obsidian/plugins/obsidian-git/data.json' (687)
2022-08-09 23:20:19: 新建複製 'D:/02-學習/03-Obsidian/Hoonsor/.obsidian/plugins/obsidian-git/manifest.json' -> 'P:/Obsidian/Hoonsor/.obsidian/plugins/obsidian-git/manifest.json' (188)
2022-08-09 23:20:19: 新建複製 'D:/02-學習/03-Obsidian/Hoonsor/.obsidian/plugins/obsidian-git/main.js' -> 'P:/Obsidian/Hoonsor/.obsidian/plugins/obsidian-git/main.js' (617,733)
2022-08-09 23:20:19: 新建複製 'D:/02-學習/03-Obsidian/Hoonsor/.obsidian/plugins/obsidian-git/styles.css' -> 'P:/Obsidian/Hoonsor/.obsidian/plugins/obsidian-git/styles.css' (11,809)
2022-08-09 23:20:19: 新建複製 'D:/02-學習/03-Obsidian/Hoonsor/.obsidian/plugins/obsidian-hover-editor/data.json' -> 'P:/Obsidian/Hoonsor/.obsidian/plugins/obsidian-hover-editor/data.json' (302)
2022-08-09 23:20:19: 新建複製 'D:/02-學習/03-Obsidian/Hoonsor/.obsidian/plugins/obsidian-hover-editor/main.js' -> 'P:/Obsidian/Hoonsor/.obsidian/plugins/obsidian-hover-editor/main.js' (174,822)
2022-08-09 23:20:19: 新建複製 'D:/02-學習/03-Obsidian/Hoonsor/.obsidian/plugins/obsidian-hover-editor/manifest.json' -> 'P:/Obsidian/Hoonsor/.obsidian/plugins/obsidian-hover-editor/manifest.json' (328)
2022-08-09 23:20:19: 新建複製 'D:/02-學習/03-Obsidian/Hoonsor/.obsidian/plugins/obsidian-hover-editor/styles.css' -> 'P:/Obsidian/Hoonsor/.obsidian/plugins/obsidian-hover-editor/styles.css' (15,491)
2022-08-09 23:20:19: 新建複製 'D:/02-學習/03-Obsidian/Hoonsor/.obsidian/plugins/obsidian-image-auto-upload-plugin/main.js' -> 'P:/Obsidian/Hoonsor/.obsidian/plugins/obsidian-image-auto-upload-plugin/main.js' (303,263)
2022-08-09 23:20:19: 新建複製 'D:/02-學習/03-Obsidian/Hoonsor/.obsidian/plugins/obsidian-image-auto-upload-plugin/manifest.json' -> 'P:/Obsidian/Hoonsor/.obsidian/plugins/obsidian-image-auto-upload-plugin/manifest.json' (349)
2022-08-09 23:20:19: 新建複製 'D:/02-學習/03-Obsidian/Hoonsor/.obsidian/plugins/obsidian-image-toolkit/main.js' -> 'P:/Obsidian/Hoonsor/.obsidian/plugins/obsidian-image-toolkit/main.js' (380,851)
2022-08-09 23:20:19: 新建複製 'D:/02-學習/03-Obsidian/Hoonsor/.obsidian/plugins/obsidian-image-toolkit/manifest.json' -> 'P:/Obsidian/Hoonsor/.obsidian/plugins/obsidian-image-toolkit/manifest.json' (280)
2022-08-09 23:20:19: 新建複製 'D:/02-學習/03-Obsidian/Hoonsor/.obsidian/plugins/obsidian-image-toolkit/styles.css' -> 'P:/Obsidian/Hoonsor/.obsidian/plugins/obsidian-image-toolkit/styles.css' (23,234)
2022-08-09 23:20:19: 新建複製 'D:/02-學習/03-Obsidian/Hoonsor/.obsidian/plugins/obsidian-kanban/data.json' -> 'P:/Obsidian/Hoonsor/.obsidian/plugins/obsidian-kanban/data.json' (25)
2022-08-09 23:20:19: 新建複製 'D:/02-學習/03-Obsidian/Hoonsor/.obsidian/plugins/obsidian-kanban/main.js' -> 'P:/Obsidian/Hoonsor/.obsidian/plugins/obsidian-kanban/main.js' (693,028)
2022-08-09 23:20:19: 新建複製 'D:/02-學習/03-Obsidian/Hoonsor/.obsidian/plugins/obsidian-kanban/manifest.json' -> 'P:/Obsidian/Hoonsor/.obsidian/plugins/obsidian-kanban/manifest.json' (294)
2022-08-09 23:20:19: 新建複製 'D:/02-學習/03-Obsidian/Hoonsor/.obsidian/plugins/obsidian-kanban/styles.css' -> 'P:/Obsidian/Hoonsor/.obsidian/plugins/obsidian-kanban/styles.css' (51,104)
2022-08-09 23:20:19: 新建複製 'D:/02-學習/03-Obsidian/Hoonsor/.obsidian/plugins/obsidian-linter/data.json' -> 'P:/Obsidian/Hoonsor/.obsidian/plugins/obsidian-linter/data.json' (6,850)
2022-08-09 23:20:19: 新建複製 'D:/02-學習/03-Obsidian/Hoonsor/.obsidian/plugins/obsidian-linter/manifest.json' -> 'P:/Obsidian/Hoonsor/.obsidian/plugins/obsidian-linter/manifest.json' (266)
2022-08-09 23:20:19: 新建複製 'D:/02-學習/03-Obsidian/Hoonsor/.obsidian/plugins/obsidian-linter/main.js' -> 'P:/Obsidian/Hoonsor/.obsidian/plugins/obsidian-linter/main.js' (764,400)
2022-08-09 23:20:19: 新建複製 'D:/02-學習/03-Obsidian/Hoonsor/.obsidian/plugins/obsidian-local-images/main.js' -> 'P:/Obsidian/Hoonsor/.obsidian/plugins/obsidian-local-images/main.js' (1,618,468)
2022-08-09 23:20:19: 新建複製 'D:/02-學習/03-Obsidian/Hoonsor/.obsidian/plugins/obsidian-local-images/styles.css' -> 'P:/Obsidian/Hoonsor/.obsidian/plugins/obsidian-local-images/styles.css' (74)
2022-08-09 23:20:19: 新建複製 'D:/02-學習/03-Obsidian/Hoonsor/.obsidian/plugins/obsidian-local-images/manifest.json' -> 'P:/Obsidian/Hoonsor/.obsidian/plugins/obsidian-local-images/manifest.json' (383)
2022-08-09 23:20:19: 新建複製 'D:/02-學習/03-Obsidian/Hoonsor/.obsidian/plugins/obsidian-mind-map/data.json' -> 'P:/Obsidian/Hoonsor/.obsidian/plugins/obsidian-mind-map/data.json' (158)
2022-08-09 23:20:19: 新建複製 'D:/02-學習/03-Obsidian/Hoonsor/.obsidian/plugins/obsidian-mind-map/manifest.json' -> 'P:/Obsidian/Hoonsor/.obsidian/plugins/obsidian-mind-map/manifest.json' (194)
2022-08-09 23:20:19: 新建複製 'D:/02-學習/03-Obsidian/Hoonsor/.obsidian/plugins/obsidian-minimal-settings/data.json' -> 'P:/Obsidian/Hoonsor/.obsidian/plugins/obsidian-minimal-settings/data.json' (1,093)
2022-08-09 23:20:19: 新建複製 'D:/02-學習/03-Obsidian/Hoonsor/.obsidian/plugins/obsidian-mind-map/main.js' -> 'P:/Obsidian/Hoonsor/.obsidian/plugins/obsidian-mind-map/main.js' (4,036,254)
2022-08-09 23:20:19: 新建複製 'D:/02-學習/03-Obsidian/Hoonsor/.obsidian/plugins/obsidian-minimal-settings/main.js' -> 'P:/Obsidian/Hoonsor/.obsidian/plugins/obsidian-minimal-settings/main.js' (229,833)
2022-08-09 23:20:19: 新建複製 'D:/02-學習/03-Obsidian/Hoonsor/.obsidian/plugins/obsidian-minimal-settings/manifest.json' -> 'P:/Obsidian/Hoonsor/.obsidian/plugins/obsidian-minimal-settings/manifest.json' (302)
2022-08-09 23:20:19: 新建複製 'D:/02-學習/03-Obsidian/Hoonsor/.obsidian/plugins/obsidian-minimal-settings/styles.css' -> 'P:/Obsidian/Hoonsor/.obsidian/plugins/obsidian-minimal-settings/styles.css' (11)
2022-08-09 23:20:19: 新建複製 'D:/02-學習/03-Obsidian/Hoonsor/.obsidian/plugins/obsidian-notes-from-template/data.json' -> 'P:/Obsidian/Hoonsor/.obsidian/plugins/obsidian-notes-from-template/data.json' (301)
2022-08-09 23:20:19: 新建複製 'D:/02-學習/03-Obsidian/Hoonsor/.obsidian/plugins/obsidian-notes-from-template/main.js' -> 'P:/Obsidian/Hoonsor/.obsidian/plugins/obsidian-notes-from-template/main.js' (952,063)
2022-08-09 23:20:19: 新建複製 'D:/02-學習/03-Obsidian/Hoonsor/.obsidian/plugins/obsidian-notes-from-template/manifest.json' -> 'P:/Obsidian/Hoonsor/.obsidian/plugins/obsidian-notes-from-template/manifest.json' (388)
2022-08-09 23:20:19: 新建複製 'D:/02-學習/03-Obsidian/Hoonsor/.obsidian/plugins/obsidian-notes-from-template/styles.css' -> 'P:/Obsidian/Hoonsor/.obsidian/plugins/obsidian-notes-from-template/styles.css' (1,457)
2022-08-09 23:20:19: 新建複製 'D:/02-學習/03-Obsidian/Hoonsor/.obsidian/plugins/obsidian-outliner/main.js' -> 'P:/Obsidian/Hoonsor/.obsidian/plugins/obsidian-outliner/main.js' (358,480)
2022-08-09 23:20:19: 新建複製 'D:/02-學習/03-Obsidian/Hoonsor/.obsidian/plugins/obsidian-outliner/manifest.json' -> 'P:/Obsidian/Hoonsor/.obsidian/plugins/obsidian-outliner/manifest.json' (294)
2022-08-09 23:20:19: 新建複製 'D:/02-學習/03-Obsidian/Hoonsor/.obsidian/plugins/obsidian-outliner/styles.css' -> 'P:/Obsidian/Hoonsor/.obsidian/plugins/obsidian-outliner/styles.css' (1,923)
2022-08-09 23:20:19: 新建複製 'D:/02-學習/03-Obsidian/Hoonsor/.obsidian/plugins/obsidian-reminder-plugin/data.json' -> 'P:/Obsidian/Hoonsor/.obsidian/plugins/obsidian-reminder-plugin/data.json' (761)
2022-08-09 23:20:19: 新建複製 'D:/02-學習/03-Obsidian/Hoonsor/.obsidian/plugins/obsidian-reminder-plugin/main.js' -> 'P:/Obsidian/Hoonsor/.obsidian/plugins/obsidian-reminder-plugin/main.js' (1,494,233)
2022-08-09 23:20:19: 新建複製 'D:/02-學習/03-Obsidian/Hoonsor/.obsidian/plugins/obsidian-reminder-plugin/manifest.json' -> 'P:/Obsidian/Hoonsor/.obsidian/plugins/obsidian-reminder-plugin/manifest.json' (312)
2022-08-09 23:20:19: 新建複製 'D:/02-學習/03-Obsidian/Hoonsor/.obsidian/plugins/obsidian-reminder-plugin/styles.css' -> 'P:/Obsidian/Hoonsor/.obsidian/plugins/obsidian-reminder-plugin/styles.css' (16)
2022-08-09 23:20:19: 新建複製 'D:/02-學習/03-Obsidian/Hoonsor/.obsidian/plugins/obsidian-shellcommands/data-backup-version-0.12.0-before-upgrading-to-0.13.0.json' -> 'P:/Obsidian/Hoonsor/.obsidian/plugins/obsidian-shellcommands/data-backup-version-0.12.0-before-upgrading-to-0.13.0.json' (1,598)
2022-08-09 23:20:19: 新建複製 'D:/02-學習/03-Obsidian/Hoonsor/.obsidian/plugins/obsidian-shellcommands/data-backup-version-0.13.0-before-upgrading-to-0.14.0.json' -> 'P:/Obsidian/Hoonsor/.obsidian/plugins/obsidian-shellcommands/data-backup-version-0.13.0-before-upgrading-to-0.14.0.json' (4,562)
2022-08-09 23:20:19: 新建複製 'D:/02-學習/03-Obsidian/Hoonsor/.obsidian/plugins/obsidian-shellcommands/data.json' -> 'P:/Obsidian/Hoonsor/.obsidian/plugins/obsidian-shellcommands/data.json' (4,709)
2022-08-09 23:20:19: 新建複製 'D:/02-學習/03-Obsidian/Hoonsor/.obsidian/plugins/obsidian-shellcommands/main.js' -> 'P:/Obsidian/Hoonsor/.obsidian/plugins/obsidian-shellcommands/main.js' (1,753,876)
2022-08-09 23:20:19: 新建複製 'D:/02-學習/03-Obsidian/Hoonsor/.obsidian/plugins/obsidian-shellcommands/manifest.json' -> 'P:/Obsidian/Hoonsor/.obsidian/plugins/obsidian-shellcommands/manifest.json' (421)
2022-08-09 23:20:19: 新建複製 'D:/02-學習/03-Obsidian/Hoonsor/.obsidian/plugins/obsidian-shellcommands/styles.css' -> 'P:/Obsidian/Hoonsor/.obsidian/plugins/obsidian-shellcommands/styles.css' (7,068)
2022-08-09 23:20:19: 新建複製 'D:/02-學習/03-Obsidian/Hoonsor/.obsidian/plugins/obsidian-show-file-path/data.json' -> 'P:/Obsidian/Hoonsor/.obsidian/plugins/obsidian-show-file-path/data.json' (79)
2022-08-09 23:20:19: 新建複製 'D:/02-學習/03-Obsidian/Hoonsor/.obsidian/plugins/obsidian-show-file-path/main.js' -> 'P:/Obsidian/Hoonsor/.obsidian/plugins/obsidian-show-file-path/main.js' (40,881)
2022-08-09 23:20:19: 新建複製 'D:/02-學習/03-Obsidian/Hoonsor/.obsidian/plugins/obsidian-show-file-path/manifest.json' -> 'P:/Obsidian/Hoonsor/.obsidian/plugins/obsidian-show-file-path/manifest.json' (306)
2022-08-09 23:20:19: 新建複製 'D:/02-學習/03-Obsidian/Hoonsor/.obsidian/plugins/obsidian-style-settings/data.json' -> 'P:/Obsidian/Hoonsor/.obsidian/plugins/obsidian-style-settings/data.json' (2,465)
2022-08-09 23:20:19: 新建複製 'D:/02-學習/03-Obsidian/Hoonsor/.obsidian/plugins/obsidian-style-settings/main.js' -> 'P:/Obsidian/Hoonsor/.obsidian/plugins/obsidian-style-settings/main.js' (302,685)
2022-08-09 23:20:19: 新建複製 'D:/02-學習/03-Obsidian/Hoonsor/.obsidian/plugins/obsidian-style-settings/manifest.json' -> 'P:/Obsidian/Hoonsor/.obsidian/plugins/obsidian-style-settings/manifest.json' (340)
2022-08-09 23:20:19: 新建複製 'D:/02-學習/03-Obsidian/Hoonsor/.obsidian/plugins/obsidian-style-settings/styles.css' -> 'P:/Obsidian/Hoonsor/.obsidian/plugins/obsidian-style-settings/styles.css' (13,384)
2022-08-09 23:20:19: 新建複製 'D:/02-學習/03-Obsidian/Hoonsor/.obsidian/plugins/obsidian-tasks-plugin/data.json' -> 'P:/Obsidian/Hoonsor/.obsidian/plugins/obsidian-tasks-plugin/data.json' (173)
2022-08-09 23:20:19: 新建複製 'D:/02-學習/03-Obsidian/Hoonsor/.obsidian/plugins/obsidian-tasks-plugin/main.js' -> 'P:/Obsidian/Hoonsor/.obsidian/plugins/obsidian-tasks-plugin/main.js' (304,007)
2022-08-09 23:20:19: 新建複製 'D:/02-學習/03-Obsidian/Hoonsor/.obsidian/plugins/obsidian-tasks-plugin/manifest.json' -> 'P:/Obsidian/Hoonsor/.obsidian/plugins/obsidian-tasks-plugin/manifest.json' (297)
2022-08-09 23:20:19: 新建複製 'D:/02-學習/03-Obsidian/Hoonsor/.obsidian/plugins/obsidian-tasks-plugin/styles.css' -> 'P:/Obsidian/Hoonsor/.obsidian/plugins/obsidian-tasks-plugin/styles.css' (2,539)
2022-08-09 23:20:19: 新建複製 'D:/02-學習/03-Obsidian/Hoonsor/.obsidian/plugins/obsidian-view-mode-by-frontmatter/main.js' -> 'P:/Obsidian/Hoonsor/.obsidian/plugins/obsidian-view-mode-by-frontmatter/main.js' (17,237)
2022-08-09 23:20:19: 新建複製 'D:/02-學習/03-Obsidian/Hoonsor/.obsidian/plugins/obsidian-view-mode-by-frontmatter/manifest.json' -> 'P:/Obsidian/Hoonsor/.obsidian/plugins/obsidian-view-mode-by-frontmatter/manifest.json' (338)
2022-08-09 23:20:19: 新建複製 'D:/02-學習/03-Obsidian/Hoonsor/.obsidian/plugins/oz-clear-unused-images/main.js' -> 'P:/Obsidian/Hoonsor/.obsidian/plugins/oz-clear-unused-images/main.js' (17,203)
2022-08-09 23:20:19: 新建複製 'D:/02-學習/03-Obsidian/Hoonsor/.obsidian/plugins/oz-clear-unused-images/manifest.json' -> 'P:/Obsidian/Hoonsor/.obsidian/plugins/oz-clear-unused-images/manifest.json' (338)
2022-08-09 23:20:19: 新建複製 'D:/02-學習/03-Obsidian/Hoonsor/.obsidian/plugins/oz-clear-unused-images/styles.css' -> 'P:/Obsidian/Hoonsor/.obsidian/plugins/oz-clear-unused-images/styles.css' (188)
2022-08-09 23:20:19: 新建複製 'D:/02-學習/03-Obsidian/Hoonsor/.obsidian/plugins/pane-relief/main.js' -> 'P:/Obsidian/Hoonsor/.obsidian/plugins/pane-relief/main.js' (30,706)
2022-08-09 23:20:19: 新建複製 'D:/02-學習/03-Obsidian/Hoonsor/.obsidian/plugins/pane-relief/manifest.json' -> 'P:/Obsidian/Hoonsor/.obsidian/plugins/pane-relief/manifest.json' (279)
2022-08-09 23:20:19: 新建複製 'D:/02-學習/03-Obsidian/Hoonsor/.obsidian/plugins/pane-relief/styles.css' -> 'P:/Obsidian/Hoonsor/.obsidian/plugins/pane-relief/styles.css' (2,572)
2022-08-09 23:20:19: 新建複製 'D:/02-學習/03-Obsidian/Hoonsor/.obsidian/plugins/quick-explorer/main.js' -> 'P:/Obsidian/Hoonsor/.obsidian/plugins/quick-explorer/main.js' (34,073)
2022-08-09 23:20:19: 新建複製 'D:/02-學習/03-Obsidian/Hoonsor/.obsidian/plugins/quick-explorer/manifest.json' -> 'P:/Obsidian/Hoonsor/.obsidian/plugins/quick-explorer/manifest.json' (276)
2022-08-09 23:20:19: 新建複製 'D:/02-學習/03-Obsidian/Hoonsor/.obsidian/plugins/quick-explorer/styles.css' -> 'P:/Obsidian/Hoonsor/.obsidian/plugins/quick-explorer/styles.css' (2,668)
2022-08-09 23:20:19: 新建複製 'D:/02-學習/03-Obsidian/Hoonsor/.obsidian/plugins/quickadd/data.json' -> 'P:/Obsidian/Hoonsor/.obsidian/plugins/quickadd/data.json' (5,542)
2022-08-09 23:20:19: 新建複製 'D:/02-學習/03-Obsidian/Hoonsor/.obsidian/plugins/quickadd/manifest.json' -> 'P:/Obsidian/Hoonsor/.obsidian/plugins/quickadd/manifest.json' (272)
2022-08-09 23:20:19: 新建複製 'D:/02-學習/03-Obsidian/Hoonsor/.obsidian/plugins/quickadd/main.js' -> 'P:/Obsidian/Hoonsor/.obsidian/plugins/quickadd/main.js' (523,450)
2022-08-09 23:20:19: 新建複製 'D:/02-學習/03-Obsidian/Hoonsor/.obsidian/plugins/quickadd/styles.css' -> 'P:/Obsidian/Hoonsor/.obsidian/plugins/quickadd/styles.css' (3,971)
2022-08-09 23:20:19: 新建複製 'D:/02-學習/03-Obsidian/Hoonsor/.obsidian/plugins/recent-files-obsidian/data.json' -> 'P:/Obsidian/Hoonsor/.obsidian/plugins/recent-files-obsidian/data.json' (3,067)
2022-08-09 23:20:19: 新建複製 'D:/02-學習/03-Obsidian/Hoonsor/.obsidian/plugins/recent-files-obsidian/main.js' -> 'P:/Obsidian/Hoonsor/.obsidian/plugins/recent-files-obsidian/main.js' (146,331)
2022-08-09 23:20:19: 新建複製 'D:/02-學習/03-Obsidian/Hoonsor/.obsidian/plugins/recent-files-obsidian/manifest.json' -> 'P:/Obsidian/Hoonsor/.obsidian/plugins/recent-files-obsidian/manifest.json' (274)
2022-08-09 23:20:19: 新建複製 'D:/02-學習/03-Obsidian/Hoonsor/.obsidian/plugins/reveal-active-file-button/main.js' -> 'P:/Obsidian/Hoonsor/.obsidian/plugins/reveal-active-file-button/main.js' (30,506)
2022-08-09 23:20:19: 新建複製 'D:/02-學習/03-Obsidian/Hoonsor/.obsidian/plugins/recent-files-obsidian/styles.css' -> 'P:/Obsidian/Hoonsor/.obsidian/plugins/recent-files-obsidian/styles.css' (139)
2022-08-09 23:20:19: 新建複製 'D:/02-學習/03-Obsidian/Hoonsor/.obsidian/plugins/reveal-active-file-button/manifest.json' -> 'P:/Obsidian/Hoonsor/.obsidian/plugins/reveal-active-file-button/manifest.json' (332)
2022-08-09 23:20:19: 新建複製 'D:/02-學習/03-Obsidian/Hoonsor/.obsidian/plugins/sliding-panes-obsidian/data.json' -> 'P:/Obsidian/Hoonsor/.obsidian/plugins/sliding-panes-obsidian/data.json' (259)
2022-08-09 23:20:19: 新建複製 'D:/02-學習/03-Obsidian/Hoonsor/.obsidian/plugins/sliding-panes-obsidian/main.js' -> 'P:/Obsidian/Hoonsor/.obsidian/plugins/sliding-panes-obsidian/main.js' (127,655)
2022-08-09 23:20:19: 新建複製 'D:/02-學習/03-Obsidian/Hoonsor/.obsidian/plugins/sliding-panes-obsidian/manifest.json' -> 'P:/Obsidian/Hoonsor/.obsidian/plugins/sliding-panes-obsidian/manifest.json' (348)
2022-08-09 23:20:19: 新建複製 'D:/02-學習/03-Obsidian/Hoonsor/.obsidian/plugins/sliding-panes-obsidian/styles.css' -> 'P:/Obsidian/Hoonsor/.obsidian/plugins/sliding-panes-obsidian/styles.css' (7,757)
2022-08-09 23:20:19: 新建複製 'D:/02-學習/03-Obsidian/Hoonsor/.obsidian/plugins/table-editor-obsidian/data.json' -> 'P:/Obsidian/Hoonsor/.obsidian/plugins/table-editor-obsidian/data.json' (99)
2022-08-09 23:20:19: 新建複製 'D:/02-學習/03-Obsidian/Hoonsor/.obsidian/plugins/table-editor-obsidian/main.js' -> 'P:/Obsidian/Hoonsor/.obsidian/plugins/table-editor-obsidian/main.js' (2,794,705)
2022-08-09 23:20:19: 新建複製 'D:/02-學習/03-Obsidian/Hoonsor/.obsidian/plugins/table-editor-obsidian/manifest.json' -> 'P:/Obsidian/Hoonsor/.obsidian/plugins/table-editor-obsidian/manifest.json' (329)
2022-08-09 23:20:19: 新建複製 'D:/02-學習/03-Obsidian/Hoonsor/.obsidian/plugins/table-editor-obsidian/styles.css' -> 'P:/Obsidian/Hoonsor/.obsidian/plugins/table-editor-obsidian/styles.css' (429)
2022-08-09 23:20:19: 新建複製 'D:/02-學習/03-Obsidian/Hoonsor/.obsidian/plugins/templater-obsidian/data.json' -> 'P:/Obsidian/Hoonsor/.obsidian/plugins/templater-obsidian/data.json' (534)
2022-08-09 23:20:19: 新建複製 'D:/02-學習/03-Obsidian/Hoonsor/.obsidian/plugins/templater-obsidian/main.js' -> 'P:/Obsidian/Hoonsor/.obsidian/plugins/templater-obsidian/main.js' (227,540)
2022-08-09 23:20:19: 新建複製 'D:/02-學習/03-Obsidian/Hoonsor/.obsidian/plugins/templater-obsidian/manifest.json' -> 'P:/Obsidian/Hoonsor/.obsidian/plugins/templater-obsidian/manifest.json' (282)
2022-08-09 23:20:19: 新建複製 'D:/02-學習/03-Obsidian/Hoonsor/.obsidian/plugins/templater-obsidian/styles.css' -> 'P:/Obsidian/Hoonsor/.obsidian/plugins/templater-obsidian/styles.css' (5,632)
2022-08-09 23:20:19: 新建複製 'D:/02-學習/03-Obsidian/Hoonsor/.obsidian/plugins/various-complements/data.json' -> 'P:/Obsidian/Hoonsor/.obsidian/plugins/various-complements/data.json' (5,906)
2022-08-09 23:20:19: 新建複製 'D:/02-學習/03-Obsidian/Hoonsor/.obsidian/plugins/various-complements/main.js' -> 'P:/Obsidian/Hoonsor/.obsidian/plugins/various-complements/main.js' (833,627)
2022-08-09 23:20:19: 新建複製 'D:/02-學習/03-Obsidian/Hoonsor/.obsidian/plugins/various-complements/manifest.json' -> 'P:/Obsidian/Hoonsor/.obsidian/plugins/various-complements/manifest.json' (330)
2022-08-09 23:20:19: 新建複製 'D:/02-學習/03-Obsidian/Hoonsor/.obsidian/plugins/various-complements/styles.css' -> 'P:/Obsidian/Hoonsor/.obsidian/plugins/various-complements/styles.css' (33,139)
2022-08-09 23:20:19: 新建複製 'D:/02-學習/03-Obsidian/Hoonsor/.obsidian/snippets/dashboard-ReadLineLength.css' -> 'P:/Obsidian/Hoonsor/.obsidian/snippets/dashboard-ReadLineLength.css' (260)
2022-08-09 23:20:19: 新建複製 'D:/02-學習/03-Obsidian/Hoonsor/.obsidian/snippets/dashboard.css' -> 'P:/Obsidian/Hoonsor/.obsidian/snippets/dashboard.css' (1,884)
2022-08-09 23:20:19: 新建複製 'D:/02-學習/03-Obsidian/Hoonsor/.obsidian/snippets/highlight.css' -> 'P:/Obsidian/Hoonsor/.obsidian/snippets/highlight.css' (11,219)
2022-08-09 23:20:19: 新建複製 'D:/02-學習/03-Obsidian/Hoonsor/.obsidian/starred.json' -> 'P:/Obsidian/Hoonsor/.obsidian/starred.json' (1,034)
2022-08-09 23:20:19: 新建複製 'D:/02-學習/03-Obsidian/Hoonsor/.obsidian/templates.json' -> 'P:/Obsidian/Hoonsor/.obsidian/templates.json' (32)
2022-08-09 23:20:19: 新建複製 'D:/02-學習/03-Obsidian/Hoonsor/.obsidian/themes/Blue Topaz.css' -> 'P:/Obsidian/Hoonsor/.obsidian/themes/Blue Topaz.css' (3,109,605)
2022-08-09 23:20:19: 新建複製 'D:/02-學習/03-Obsidian/Hoonsor/.obsidian/themes/Minimal-Custom.css' -> 'P:/Obsidian/Hoonsor/.obsidian/themes/Minimal-Custom.css' (425,319)
2022-08-09 23:20:19: 新建複製 'D:/02-學習/03-Obsidian/Hoonsor/.obsidian/themes/Minimal.css' -> 'P:/Obsidian/Hoonsor/.obsidian/themes/Minimal.css' (424,454)
2022-08-09 23:20:19: 新建複製 'D:/02-學習/03-Obsidian/Hoonsor/.obsidian/workspace' -> 'P:/Obsidian/Hoonsor/.obsidian/workspace' (14,116)
2022-08-09 23:20:19: 新建複製 'D:/02-學習/03-Obsidian/Hoonsor/.obsidian/workspaces.json' -> 'P:/Obsidian/Hoonsor/.obsidian/workspaces.json' (5,642)
2022-08-09 23:20:19: 新建複製 'D:/02-學習/03-Obsidian/Hoonsor/.trash/未命名 2.md' -> 'P:/Obsidian/Hoonsor/.trash/未命名 2.md' (0)
2022-08-09 23:20:19: 新建複製 'D:/02-學習/03-Obsidian/Hoonsor/.trash/未命名.md' -> 'P:/Obsidian/Hoonsor/.trash/未命名.md' (0)
2022-08-09 23:20:19: 覆蓋複製 'D:/02-學習/03-Obsidian/Hoonsor/001-Template/Template-SubItem.md' -> 'P:/Obsidian/Hoonsor/001-Template/Template-SubItem.md' (70)
2022-08-09 23:20:19: 覆蓋複製 'D:/02-學習/03-Obsidian/Hoonsor/000-index/!dict.md' -> 'P:/Obsidian/Hoonsor/000-index/!dict.md' (2,567)
2022-08-09 23:20:19: 覆蓋複製 'D:/02-學習/03-Obsidian/Hoonsor/001-Template/Template-Temporary Mission.md' -> 'P:/Obsidian/Hoonsor/001-Template/Template-Temporary Mission.md' (154)
2022-08-09 23:20:19: 覆蓋複製 'D:/02-學習/03-Obsidian/Hoonsor/001-Template/UniversalNote.md' -> 'P:/Obsidian/Hoonsor/001-Template/UniversalNote.md' (1,052)
2022-08-09 23:20:19: 覆蓋複製 'D:/02-學習/03-Obsidian/Hoonsor/003-●專案管理/001-WordPress架設網站/1110721-MAMP教學（在電腦安裝離線版伺服器及WordPress））.md' -> 'P:/Obsidian/Hoonsor/003-●專案管理/001-WordPress架設網站/1110721-MAMP教學（在電腦安裝離線版伺服器及WordPress））.md' (10,640)
2022-08-09 23:20:19: 覆蓋複製 'D:/02-學習/03-Obsidian/Hoonsor/003-●專案管理/001-WordPress架設網站/Astra Pro Theme 教學：WP Portfolio 作品集功能.md' -> 'P:/Obsidian/Hoonsor/003-●專案管理/001-WordPress架設網站/Astra Pro Theme 教學：WP Portfolio 作品集功能.md' (8,752)
2022-08-09 23:20:19: 覆蓋複製 'D:/02-學習/03-Obsidian/Hoonsor/003-●專案管理/001-WordPress架設網站/CSS的概念及學習.md' -> 'P:/Obsidian/Hoonsor/003-●專案管理/001-WordPress架設網站/CSS的概念及學習.md' (5,923)
2022-08-09 23:20:19: 覆蓋複製 'D:/02-學習/03-Obsidian/Hoonsor/003-●專案管理/001-WordPress架設網站/HTML概念及學習.md' -> 'P:/Obsidian/Hoonsor/003-●專案管理/001-WordPress架設網站/HTML概念及學習.md' (1,369)
2022-08-09 23:20:19: 覆蓋複製 'D:/02-學習/03-Obsidian/Hoonsor/003-●專案管理/001-WordPress架設網站/WordPress學習及筆記.md' -> 'P:/Obsidian/Hoonsor/003-●專案管理/001-WordPress架設網站/WordPress學習及筆記.md' (348)
2022-08-09 23:20:19: 覆蓋複製 'D:/02-學習/03-Obsidian/Hoonsor/003-●專案管理/001-WordPress架設網站/WordPress是什麼 ？完整介紹評價＋教學範例（入門指南）.md' -> 'P:/Obsidian/Hoonsor/003-●專案管理/001-WordPress架設網站/WordPress是什麼 ？完整介紹評價＋教學範例（入門指南）.md' (45,525)
2022-08-09 23:20:19: 覆蓋複製 'D:/02-學習/03-Obsidian/Hoonsor/003-●專案管理/001-WordPress架設網站/好用外掛推薦.md' -> 'P:/Obsidian/Hoonsor/003-●專案管理/001-WordPress架設網站/好用外掛推薦.md' (404)
2022-08-09 23:20:19: 覆蓋複製 'D:/02-學習/03-Obsidian/Hoonsor/003-●專案管理/001-WordPress架設網站/安裝Astra及有關插件.md' -> 'P:/Obsidian/Hoonsor/003-●專案管理/001-WordPress架設網站/安裝Astra及有關插件.md' (2,035)
2022-08-09 23:20:19: 覆蓋複製 'D:/02-學習/03-Obsidian/Hoonsor/003-●專案管理/002-練習撰寫文章行銷課程/1110628-網站設計行銷相關.md' -> 'P:/Obsidian/Hoonsor/003-●專案管理/002-練習撰寫文章行銷課程/1110628-網站設計行銷相關.md' (3,164)
2022-08-09 23:20:19: 覆蓋複製 'D:/02-學習/03-Obsidian/Hoonsor/003-●專案管理/002-練習撰寫文章行銷課程/熟練行銷文章架構.md' -> 'P:/Obsidian/Hoonsor/003-●專案管理/002-練習撰寫文章行銷課程/熟練行銷文章架構.md' (274)
2022-08-09 23:20:19: 覆蓋複製 'D:/02-學習/03-Obsidian/Hoonsor/003-●專案管理/003-Obsidian學習筆記/1110731-DataView插件筆記.md' -> 'P:/Obsidian/Hoonsor/003-●專案管理/003-Obsidian學習筆記/1110731-DataView插件筆記.md' (6,238)
2022-08-09 23:20:19: 覆蓋複製 'D:/02-學習/03-Obsidian/Hoonsor/003-●專案管理/003-Obsidian學習筆記/1110806-Git及Obsidian同步至手機學習.md' -> 'P:/Obsidian/Hoonsor/003-●專案管理/003-Obsidian學習筆記/1110806-Git及Obsidian同步至手機學習.md' (15,067)
2022-08-09 23:20:19: 覆蓋複製 'D:/02-學習/03-Obsidian/Hoonsor/003-●專案管理/003-Obsidian學習筆記/Obsidian概述.md' -> 'P:/Obsidian/Hoonsor/003-●專案管理/003-Obsidian學習筆記/Obsidian概述.md' (673)
2022-08-09 23:20:19: 覆蓋複製 'D:/02-學習/03-Obsidian/Hoonsor/003-●專案管理/003-Obsidian學習筆記/Obsidian的任務管理技巧彙總.md' -> 'P:/Obsidian/Hoonsor/003-●專案管理/003-Obsidian學習筆記/Obsidian的任務管理技巧彙總.md' (2,431)
2022-08-09 23:20:19: 覆蓋複製 'D:/02-學習/03-Obsidian/Hoonsor/003-●專案管理/004-AHK學習筆記/AHK-GUI控件相關.md' -> 'P:/Obsidian/Hoonsor/003-●專案管理/004-AHK學習筆記/AHK-GUI控件相關.md' (683)
2022-08-09 23:20:19: 覆蓋複製 'D:/02-學習/03-Obsidian/Hoonsor/003-●專案管理/004-AHK學習筆記/AHK-概述.md' -> 'P:/Obsidian/Hoonsor/003-●專案管理/004-AHK學習筆記/AHK-概述.md' (1,246)
2022-08-09 23:20:19: 覆蓋複製 'D:/02-學習/03-Obsidian/Hoonsor/004-●日常生活/001-購物清單/88節購物清單.md' -> 'P:/Obsidian/Hoonsor/004-●日常生活/001-購物清單/88節購物清單.md' (294)
2022-08-09 23:20:19: 覆蓋複製 'D:/02-學習/03-Obsidian/Hoonsor/004-●日常生活/001-購物清單/2022黑色星期五購物清單.md' -> 'P:/Obsidian/Hoonsor/004-●日常生活/001-購物清單/2022黑色星期五購物清單.md' (203)
2022-08-09 23:20:19: 覆蓋複製 'D:/02-學習/03-Obsidian/Hoonsor/004-●日常生活/002-隨手不錯的音樂紀錄/歌手.md' -> 'P:/Obsidian/Hoonsor/004-●日常生活/002-隨手不錯的音樂紀錄/歌手.md' (283)
2022-08-09 23:20:19: 覆蓋複製 'D:/02-學習/03-Obsidian/Hoonsor/004-●日常生活/002-隨手不錯的音樂紀錄/獨立樂團.md' -> 'P:/Obsidian/Hoonsor/004-●日常生活/002-隨手不錯的音樂紀錄/獨立樂團.md' (566)
2022-08-09 23:20:19: 覆蓋複製 'D:/02-學習/03-Obsidian/Hoonsor/004-●日常生活/003-電腦知識/Secure Shell（SSH）.md' -> 'P:/Obsidian/Hoonsor/004-●日常生活/003-電腦知識/Secure Shell（SSH）.md' (16,602)
2022-08-09 23:20:19: 覆蓋複製 'D:/02-學習/03-Obsidian/Hoonsor/004-●日常生活/003-電腦知識/Port（通訊埠）.md' -> 'P:/Obsidian/Hoonsor/004-●日常生活/003-電腦知識/Port（通訊埠）.md' (6,096)
2022-08-09 23:20:19: 覆蓋複製 'D:/02-學習/03-Obsidian/Hoonsor/004-●日常生活/003-電腦知識/VX3211-4k-mhd相關注意事項.md' -> 'P:/Obsidian/Hoonsor/004-●日常生活/003-電腦知識/VX3211-4k-mhd相關注意事項.md' (1,181)
2022-08-09 23:20:19: 覆蓋複製 'D:/02-學習/03-Obsidian/Hoonsor/004-●日常生活/003-電腦知識/建構程式語言快捷查詢方式.md' -> 'P:/Obsidian/Hoonsor/004-●日常生活/003-電腦知識/建構程式語言快捷查詢方式.md' (874)
2022-08-09 23:20:19: 覆蓋複製 'D:/02-學習/03-Obsidian/Hoonsor/004-●日常生活/003-電腦知識/正則表達式.md' -> 'P:/Obsidian/Hoonsor/004-●日常生活/003-電腦知識/正則表達式.md' (256)
2022-08-09 23:20:19: 覆蓋複製 'D:/02-學習/03-Obsidian/Hoonsor/004-●日常生活/003-電腦知識/電腦疑難雜症.md' -> 'P:/Obsidian/Hoonsor/004-●日常生活/003-電腦知識/電腦疑難雜症.md' (332)
2022-08-09 23:20:19: 覆蓋複製 'D:/02-學習/03-Obsidian/Hoonsor/004-●日常生活/003-電腦知識/電腦知識.md' -> 'P:/Obsidian/Hoonsor/004-●日常生活/003-電腦知識/電腦知識.md' (507)
2022-08-09 23:20:19: 覆蓋複製 'D:/02-學習/03-Obsidian/Hoonsor/004-●日常生活/004-遊戲相關/XGPU雙人遊戲下載.md' -> 'P:/Obsidian/Hoonsor/004-●日常生活/004-遊戲相關/XGPU雙人遊戲下載.md' (354)
2022-08-09 23:20:19: 覆蓋複製 'D:/02-學習/03-Obsidian/Hoonsor/004-●日常生活/005-健康知識/1110716-甲狀腺失調調理及預防指南.md' -> 'P:/Obsidian/Hoonsor/004-●日常生活/005-健康知識/1110716-甲狀腺失調調理及預防指南.md' (3,165)
2022-08-09 23:20:19: 覆蓋複製 'D:/02-學習/03-Obsidian/Hoonsor/004-●日常生活/005-健康知識/1110716-腎上腺疲勞調理及預防指南.md' -> 'P:/Obsidian/Hoonsor/004-●日常生活/005-健康知識/1110716-腎上腺疲勞調理及預防指南.md' (2,165)
2022-08-09 23:20:19: 覆蓋複製 'D:/02-學習/03-Obsidian/Hoonsor/004-●日常生活/005-健康知識/1110716-認識內分泌與激素.md' -> 'P:/Obsidian/Hoonsor/004-●日常生活/005-健康知識/1110716-認識內分泌與激素.md' (2,002)
2022-08-09 23:20:19: 覆蓋複製 'D:/02-學習/03-Obsidian/Hoonsor/004-●日常生活/005-健康知識/1110717-告別讓人困擾的失眠問題.md' -> 'P:/Obsidian/Hoonsor/004-●日常生活/005-健康知識/1110717-告別讓人困擾的失眠問題.md' (6,304)
2022-08-09 23:20:19: 覆蓋複製 'D:/02-學習/03-Obsidian/Hoonsor/004-●日常生活/005-健康知識/1110717-能量運動指南.md' -> 'P:/Obsidian/Hoonsor/004-●日常生活/005-健康知識/1110717-能量運動指南.md' (23,415)
2022-08-09 23:20:19: 覆蓋複製 'D:/02-學習/03-Obsidian/Hoonsor/004-●日常生活/005-健康知識/現有症狀治療及緩解.md' -> 'P:/Obsidian/Hoonsor/004-●日常生活/005-健康知識/現有症狀治療及緩解.md' (2,202)
2022-08-09 23:20:19: 覆蓋複製 'D:/02-學習/03-Obsidian/Hoonsor/004-●日常生活/005-健康知識/身體現況.md' -> 'P:/Obsidian/Hoonsor/004-●日常生活/005-健康知識/身體現況.md' (2,674)
2022-08-09 23:20:19: 覆蓋複製 'D:/02-學習/03-Obsidian/Hoonsor/004-●日常生活/005-健康知識/預防及保養.md' -> 'P:/Obsidian/Hoonsor/004-●日常生活/005-健康知識/預防及保養.md' (254)
2022-08-09 23:20:19: 覆蓋複製 'D:/02-學習/03-Obsidian/Hoonsor/004-●日常生活/006-婚紗相關/1110709-婚紗拍攝事前確認事項.md' -> 'P:/Obsidian/Hoonsor/004-●日常生活/006-婚紗相關/1110709-婚紗拍攝事前確認事項.md' (290)
2022-08-09 23:20:19: 覆蓋複製 'D:/02-學習/03-Obsidian/Hoonsor/004-●日常生活/007-修繕、工具知識/學會如何換電容.md' -> 'P:/Obsidian/Hoonsor/004-●日常生活/007-修繕、工具知識/學會如何換電容.md' (346)
2022-08-09 23:20:19: 覆蓋複製 'D:/02-學習/03-Obsidian/Hoonsor/005-工作相關/1110803-待辦.md' -> 'P:/Obsidian/Hoonsor/005-工作相關/1110803-待辦.md' (883)
2022-08-09 23:20:19: 覆蓋複製 'D:/02-學習/03-Obsidian/Hoonsor/005-工作相關/1110804-提醒新進短期臨工注意事項.md' -> 'P:/Obsidian/Hoonsor/005-工作相關/1110804-提醒新進短期臨工注意事項.md' (668)
2022-08-09 23:20:19: 覆蓋複製 'D:/02-學習/03-Obsidian/Hoonsor/005-工作相關/●已完成/校長遴選座談會及後續工作.md' -> 'P:/Obsidian/Hoonsor/005-工作相關/●已完成/校長遴選座談會及後續工作.md' (8,803)
2022-08-09 23:20:19: 覆蓋複製 'D:/02-學習/03-Obsidian/Hoonsor/006-DailyNote/2022-05-22_Sun.md' -> 'P:/Obsidian/Hoonsor/006-DailyNote/2022-05-22_Sun.md' (287)
2022-08-09 23:20:19: 覆蓋複製 'D:/02-學習/03-Obsidian/Hoonsor/006-DailyNote/2022-05-24_Tue.md' -> 'P:/Obsidian/Hoonsor/006-DailyNote/2022-05-24_Tue.md' (604)
2022-08-09 23:20:19: 覆蓋複製 'D:/02-學習/03-Obsidian/Hoonsor/006-DailyNote/2022-05-25_Wed.md' -> 'P:/Obsidian/Hoonsor/006-DailyNote/2022-05-25_Wed.md' (409)
2022-08-09 23:20:19: 覆蓋複製 'D:/02-學習/03-Obsidian/Hoonsor/006-DailyNote/2022-05-29_Sun.md' -> 'P:/Obsidian/Hoonsor/006-DailyNote/2022-05-29_Sun.md' (532)
2022-08-09 23:20:19: 覆蓋複製 'D:/02-學習/03-Obsidian/Hoonsor/006-DailyNote/2022-05-30_Mon.md' -> 'P:/Obsidian/Hoonsor/006-DailyNote/2022-05-30_Mon.md' (499)
2022-08-09 23:20:19: 覆蓋複製 'D:/02-學習/03-Obsidian/Hoonsor/006-DailyNote/2022-05-31_Tue.md' -> 'P:/Obsidian/Hoonsor/006-DailyNote/2022-05-31_Tue.md' (370)
2022-08-09 23:20:19: 覆蓋複製 'D:/02-學習/03-Obsidian/Hoonsor/006-DailyNote/2022-06-06_Mon.md' -> 'P:/Obsidian/Hoonsor/006-DailyNote/2022-06-06_Mon.md' (512)
2022-08-09 23:20:19: 覆蓋複製 'D:/02-學習/03-Obsidian/Hoonsor/006-DailyNote/2022-06-07_Tue.md' -> 'P:/Obsidian/Hoonsor/006-DailyNote/2022-06-07_Tue.md' (481)
2022-08-09 23:20:19: 覆蓋複製 'D:/02-學習/03-Obsidian/Hoonsor/006-DailyNote/2022-06-14_Tue.md' -> 'P:/Obsidian/Hoonsor/006-DailyNote/2022-06-14_Tue.md' (436)
2022-08-09 23:20:19: 覆蓋複製 'D:/02-學習/03-Obsidian/Hoonsor/006-DailyNote/2022-06-21_Tue.md' -> 'P:/Obsidian/Hoonsor/006-DailyNote/2022-06-21_Tue.md' (427)
2022-08-09 23:20:19: 覆蓋複製 'D:/02-學習/03-Obsidian/Hoonsor/006-DailyNote/2022-07-19_Tue.md' -> 'P:/Obsidian/Hoonsor/006-DailyNote/2022-07-19_Tue.md' (497)
2022-08-09 23:20:19: 覆蓋複製 'D:/02-學習/03-Obsidian/Hoonsor/006-DailyNote/2022-07-20_Wed.md' -> 'P:/Obsidian/Hoonsor/006-DailyNote/2022-07-20_Wed.md' (597)
2022-08-09 23:20:19: 覆蓋複製 'D:/02-學習/03-Obsidian/Hoonsor/006-DailyNote/2022-07-21_Thu.md' -> 'P:/Obsidian/Hoonsor/006-DailyNote/2022-07-21_Thu.md' (672)
2022-08-09 23:20:19: 覆蓋複製 'D:/02-學習/03-Obsidian/Hoonsor/006-DailyNote/2022-07-24_Sun.md' -> 'P:/Obsidian/Hoonsor/006-DailyNote/2022-07-24_Sun.md' (626)
2022-08-09 23:20:19: 覆蓋複製 'D:/02-學習/03-Obsidian/Hoonsor/006-DailyNote/2022-07-25_Mon.md' -> 'P:/Obsidian/Hoonsor/006-DailyNote/2022-07-25_Mon.md' (611)
2022-08-09 23:20:19: 覆蓋複製 'D:/02-學習/03-Obsidian/Hoonsor/006-DailyNote/template.md' -> 'P:/Obsidian/Hoonsor/006-DailyNote/template.md' (437)
2022-08-09 23:20:19: 覆蓋複製 'D:/02-學習/03-Obsidian/Hoonsor/DashBoard CSS-自行測試.md' -> 'P:/Obsidian/Hoonsor/DashBoard CSS-自行測試.md' (859)
2022-08-09 23:20:19: 覆蓋複製 'D:/02-學習/03-Obsidian/Hoonsor/JavaScripts腳本/advanced_uri.js' -> 'P:/Obsidian/Hoonsor/JavaScripts腳本/advanced_uri.js' (983)
2022-08-09 23:20:19: 覆蓋複製 'D:/02-學習/03-Obsidian/Hoonsor/README.md' -> 'P:/Obsidian/Hoonsor/README.md' (0)
2022-08-09 23:20:19: 覆蓋複製 'D:/02-學習/03-Obsidian/Hoonsor/●圖片庫/CSS-%定義.png' -> 'P:/Obsidian/Hoonsor/●圖片庫/CSS-%定義.png' (148,497)
2022-08-09 23:20:19: 覆蓋複製 'D:/02-學習/03-Obsidian/Hoonsor/●圖片庫/CSS-em定義.png' -> 'P:/Obsidian/Hoonsor/●圖片庫/CSS-em定義.png' (114,985)
2022-08-09 23:20:19: 覆蓋複製 'D:/02-學習/03-Obsidian/Hoonsor/●圖片庫/CSS-rem定義.png' -> 'P:/Obsidian/Hoonsor/●圖片庫/CSS-rem定義.png' (72,534)
2022-08-09 23:20:19: 覆蓋複製 'D:/02-學習/03-Obsidian/Hoonsor/●圖片庫/CSS-vw及vh定義.png' -> 'P:/Obsidian/Hoonsor/●圖片庫/CSS-vw及vh定義.png' (324,124)
2022-08-09 23:20:19: 覆蓋複製 'D:/02-學習/03-Obsidian/Hoonsor/●子彈筆記.md' -> 'P:/Obsidian/Hoonsor/●子彈筆記.md' (480)
2022-08-09 23:20:19: 覆蓋複製 'D:/02-學習/03-Obsidian/Hoonsor/●專案管理.md' -> 'P:/Obsidian/Hoonsor/●專案管理.md' (876)
2022-08-09 23:20:19: 覆蓋複製 'D:/02-學習/03-Obsidian/Hoonsor/●日常生活.md' -> 'P:/Obsidian/Hoonsor/●日常生活.md' (606)
2022-08-09 23:20:19: 覆蓋複製 'D:/02-學習/03-Obsidian/Hoonsor/●首頁.md' -> 'P:/Obsidian/Hoonsor/●首頁.md' (1,242)
2022-08-09 23:20:19: 覆蓋複製 'D:/02-學習/03-Obsidian/Hoonsor/★按鈕範例.md' -> 'P:/Obsidian/Hoonsor/★按鈕範例.md' (5,797)
2022-08-09 23:20:19: 覆蓋複製 'D:/02-學習/03-Obsidian/Hoonsor/★測試各類功能.md' -> 'P:/Obsidian/Hoonsor/★測試各類功能.md' (3,291)
2022-08-09 23:20:19: == 同步完成. 歷時: 00:00:01, 速度: 0.00/s, 完成: 319, 錯誤: 0
