2022-07-14 22:50:03: == 同步開始由 User Command
2022-07-14 22:50:03: 創建資料夾 P:/Obsidian/家裡桌電插件及設定檔/plugins
2022-07-14 22:50:03: 創建資料夾 P:/Obsidian/家裡桌電插件及設定檔/plugins/buttons
2022-07-14 22:50:03: 創建資料夾 P:/Obsidian/家裡桌電插件及設定檔/plugins/calendar
2022-07-14 22:50:03: 創建資料夾 P:/Obsidian/家裡桌電插件及設定檔/plugins/cmenu-plugin
2022-07-14 22:50:03: 創建資料夾 P:/Obsidian/家裡桌電插件及設定檔/plugins/creases
2022-07-14 22:50:03: 創建資料夾 P:/Obsidian/家裡桌電插件及設定檔/plugins/customizable-page-header-buttons
2022-07-14 22:50:03: 創建資料夾 P:/Obsidian/家裡桌電插件及設定檔/plugins/customizable-sidebar
2022-07-14 22:50:03: 創建資料夾 P:/Obsidian/家裡桌電插件及設定檔/plugins/dataview
2022-07-14 22:50:03: 創建資料夾 P:/Obsidian/家裡桌電插件及設定檔/plugins/drawio-obsidian
2022-07-14 22:50:03: 創建資料夾 P:/Obsidian/家裡桌電插件及設定檔/plugins/format-hotkeys-obsidian
2022-07-14 22:50:03: 創建資料夾 P:/Obsidian/家裡桌電插件及設定檔/plugins/lapel
2022-07-14 22:50:03: 創建資料夾 P:/Obsidian/家裡桌電插件及設定檔/plugins/markdown-table-editor
2022-07-14 22:50:03: 創建資料夾 P:/Obsidian/家裡桌電插件及設定檔/plugins/notion-like-tables
2022-07-14 22:50:03: 創建資料夾 P:/Obsidian/家裡桌電插件及設定檔/plugins/number-headings-obsidian
2022-07-14 22:50:03: 創建資料夾 P:/Obsidian/家裡桌電插件及設定檔/plugins/obsidian-advanced-uri
2022-07-14 22:50:03: 創建資料夾 P:/Obsidian/家裡桌電插件及設定檔/plugins/obsidian-attachment-name-formatting
2022-07-14 22:50:03: 創建資料夾 P:/Obsidian/家裡桌電插件及設定檔/plugins/obsidian-command-alias-plugin
2022-07-14 22:50:03: 創建資料夾 P:/Obsidian/家裡桌電插件及設定檔/plugins/obsidian-editor-shortcuts
2022-07-14 22:50:03: 創建資料夾 P:/Obsidian/家裡桌電插件及設定檔/plugins/obsidian-emoji-toolbar
2022-07-14 22:50:03: 創建資料夾 P:/Obsidian/家裡桌電插件及設定檔/plugins/obsidian-excel-to-markdown-table
2022-07-14 22:50:03: 創建資料夾 P:/Obsidian/家裡桌電插件及設定檔/plugins/obsidian-find-and-replace-in-selection
2022-07-14 22:50:03: 創建資料夾 P:/Obsidian/家裡桌電插件及設定檔/plugins/obsidian-hover-editor
2022-07-14 22:50:03: 創建資料夾 P:/Obsidian/家裡桌電插件及設定檔/plugins/obsidian-image-auto-upload-plugin
2022-07-14 22:50:03: 創建資料夾 P:/Obsidian/家裡桌電插件及設定檔/plugins/obsidian-image-toolkit
2022-07-14 22:50:03: 創建資料夾 P:/Obsidian/家裡桌電插件及設定檔/plugins/obsidian-linter
2022-07-14 22:50:03: 創建資料夾 P:/Obsidian/家裡桌電插件及設定檔/plugins/obsidian-local-images
2022-07-14 22:50:03: 創建資料夾 P:/Obsidian/家裡桌電插件及設定檔/plugins/obsidian-mind-map
2022-07-14 22:50:03: 創建資料夾 P:/Obsidian/家裡桌電插件及設定檔/plugins/obsidian-notes-from-template
2022-07-14 22:50:03: 創建資料夾 P:/Obsidian/家裡桌電插件及設定檔/plugins/obsidian-outliner
2022-07-14 22:50:03: 創建資料夾 P:/Obsidian/家裡桌電插件及設定檔/plugins/obsidian-shellcommands
2022-07-14 22:50:03: 創建資料夾 P:/Obsidian/家裡桌電插件及設定檔/plugins/obsidian-show-file-path
2022-07-14 22:50:03: 創建資料夾 P:/Obsidian/家裡桌電插件及設定檔/plugins/obsidian-style-settings
2022-07-14 22:50:03: 創建資料夾 P:/Obsidian/家裡桌電插件及設定檔/plugins/pane-relief
2022-07-14 22:50:03: 創建資料夾 P:/Obsidian/家裡桌電插件及設定檔/plugins/quickadd
2022-07-14 22:50:03: 創建資料夾 P:/Obsidian/家裡桌電插件及設定檔/plugins/recent-files-obsidian
2022-07-14 22:50:03: 創建資料夾 P:/Obsidian/家裡桌電插件及設定檔/plugins/sliding-panes-obsidian
2022-07-14 22:50:03: 創建資料夾 P:/Obsidian/家裡桌電插件及設定檔/plugins/table-editor-obsidian
2022-07-14 22:50:03: 創建資料夾 P:/Obsidian/家裡桌電插件及設定檔/plugins/templater-obsidian
2022-07-14 22:50:03: 創建資料夾 P:/Obsidian/家裡桌電插件及設定檔/plugins/various-complements
2022-07-14 22:50:03: 創建資料夾 P:/Obsidian/家裡桌電插件及設定檔/snippets
2022-07-14 22:50:03: 創建資料夾 P:/Obsidian/家裡桌電插件及設定檔/themes
2022-07-14 22:50:03: 新建複製 'D:/02-學習/03-Obsidian/Hoonsor/.obsidian/appearance.json' -> 'P:/Obsidian/家裡桌電插件及設定檔/appearance.json' (96)
2022-07-14 22:50:03: 新建複製 'D:/02-學習/03-Obsidian/Hoonsor/.obsidian/app.json' -> 'P:/Obsidian/家裡桌電插件及設定檔/app.json' (204)
2022-07-14 22:50:03: 新建複製 'D:/02-學習/03-Obsidian/Hoonsor/.obsidian/community-plugins.json' -> 'P:/Obsidian/家裡桌電插件及設定檔/community-plugins.json' (784)
2022-07-14 22:50:03: 新建複製 'D:/02-學習/03-Obsidian/Hoonsor/.obsidian/core-plugins.json' -> 'P:/Obsidian/家裡桌電插件及設定檔/core-plugins.json' (367)
2022-07-14 22:50:03: 新建複製 'D:/02-學習/03-Obsidian/Hoonsor/.obsidian/daily-notes.json' -> 'P:/Obsidian/家裡桌電插件及設定檔/daily-notes.json' (88)
2022-07-14 22:50:03: 新建複製 'D:/02-學習/03-Obsidian/Hoonsor/.obsidian/graph.json' -> 'P:/Obsidian/家裡桌電插件及設定檔/graph.json' (494)
2022-07-14 22:50:03: 新建複製 'D:/02-學習/03-Obsidian/Hoonsor/.obsidian/hotkeys.json' -> 'P:/Obsidian/家裡桌電插件及設定檔/hotkeys.json' (4,689)
2022-07-14 22:50:03: 新建複製 'D:/02-學習/03-Obsidian/Hoonsor/.obsidian/plugins/buttons/manifest.json' -> 'P:/Obsidian/家裡桌電插件及設定檔/plugins/buttons/manifest.json' (288)
2022-07-14 22:50:03: 新建複製 'D:/02-學習/03-Obsidian/Hoonsor/.obsidian/plugins/buttons/main.js' -> 'P:/Obsidian/家裡桌電插件及設定檔/plugins/buttons/main.js' (578,148)
2022-07-14 22:50:03: 新建複製 'D:/02-學習/03-Obsidian/Hoonsor/.obsidian/plugins/buttons/styles.css' -> 'P:/Obsidian/家裡桌電插件及設定檔/plugins/buttons/styles.css' (2,850)
2022-07-14 22:50:03: 新建複製 'D:/02-學習/03-Obsidian/Hoonsor/.obsidian/plugins/calendar/data.json' -> 'P:/Obsidian/家裡桌電插件及設定檔/plugins/calendar/data.json' (231)
2022-07-14 22:50:03: 新建複製 'D:/02-學習/03-Obsidian/Hoonsor/.obsidian/plugins/calendar/main.js' -> 'P:/Obsidian/家裡桌電插件及設定檔/plugins/calendar/main.js' (141,498)
2022-07-14 22:50:03: 新建複製 'D:/02-學習/03-Obsidian/Hoonsor/.obsidian/plugins/calendar/manifest.json' -> 'P:/Obsidian/家裡桌電插件及設定檔/plugins/calendar/manifest.json' (249)
2022-07-14 22:50:03: 新建複製 'D:/02-學習/03-Obsidian/Hoonsor/.obsidian/plugins/cmenu-plugin/data.json' -> 'P:/Obsidian/家裡桌電插件及設定檔/plugins/cmenu-plugin/data.json' (2,286)
2022-07-14 22:50:03: 新建複製 'D:/02-學習/03-Obsidian/Hoonsor/.obsidian/plugins/cmenu-plugin/manifest.json' -> 'P:/Obsidian/家裡桌電插件及設定檔/plugins/cmenu-plugin/manifest.json' (338)
2022-07-14 22:50:03: 新建複製 'D:/02-學習/03-Obsidian/Hoonsor/.obsidian/plugins/cmenu-plugin/styles.css' -> 'P:/Obsidian/家裡桌電插件及設定檔/plugins/cmenu-plugin/styles.css' (5,610)
2022-07-14 22:50:03: 新建複製 'D:/02-學習/03-Obsidian/Hoonsor/.obsidian/plugins/cmenu-plugin/main.js' -> 'P:/Obsidian/家裡桌電插件及設定檔/plugins/cmenu-plugin/main.js' (5,813,138)
2022-07-14 22:50:03: 新建複製 'D:/02-學習/03-Obsidian/Hoonsor/.obsidian/plugins/creases/main.js' -> 'P:/Obsidian/家裡桌電插件及設定檔/plugins/creases/main.js' (42,349)
2022-07-14 22:50:03: 新建複製 'D:/02-學習/03-Obsidian/Hoonsor/.obsidian/plugins/creases/manifest.json' -> 'P:/Obsidian/家裡桌電插件及設定檔/plugins/creases/manifest.json' (272)
2022-07-14 22:50:03: 新建複製 'D:/02-學習/03-Obsidian/Hoonsor/.obsidian/plugins/creases/styles.css' -> 'P:/Obsidian/家裡桌電插件及設定檔/plugins/creases/styles.css' (137)
2022-07-14 22:50:03: 新建複製 'D:/02-學習/03-Obsidian/Hoonsor/.obsidian/plugins/customizable-page-header-buttons/data.json' -> 'P:/Obsidian/家裡桌電插件及設定檔/plugins/customizable-page-header-buttons/data.json' (264)
2022-07-14 22:50:03: 新建複製 'D:/02-學習/03-Obsidian/Hoonsor/.obsidian/plugins/customizable-page-header-buttons/main.js' -> 'P:/Obsidian/家裡桌電插件及設定檔/plugins/customizable-page-header-buttons/main.js' (31,945)
2022-07-14 22:50:03: 新建複製 'D:/02-學習/03-Obsidian/Hoonsor/.obsidian/plugins/customizable-page-header-buttons/manifest.json' -> 'P:/Obsidian/家裡桌電插件及設定檔/plugins/customizable-page-header-buttons/manifest.json' (393)
2022-07-14 22:50:03: 新建複製 'D:/02-學習/03-Obsidian/Hoonsor/.obsidian/plugins/customizable-page-header-buttons/styles.css' -> 'P:/Obsidian/家裡桌電插件及設定檔/plugins/customizable-page-header-buttons/styles.css' (2,637)
2022-07-14 22:50:03: 新建複製 'D:/02-學習/03-Obsidian/Hoonsor/.obsidian/plugins/customizable-sidebar/data.json' -> 'P:/Obsidian/家裡桌電插件及設定檔/plugins/customizable-sidebar/data.json' (1,138)
2022-07-14 22:50:03: 新建複製 'D:/02-學習/03-Obsidian/Hoonsor/.obsidian/plugins/customizable-sidebar/manifest.json' -> 'P:/Obsidian/家裡桌電插件及設定檔/plugins/customizable-sidebar/manifest.json' (304)
2022-07-14 22:50:03: 新建複製 'D:/02-學習/03-Obsidian/Hoonsor/.obsidian/plugins/customizable-sidebar/main.js' -> 'P:/Obsidian/家裡桌電插件及設定檔/plugins/customizable-sidebar/main.js' (314,081)
2022-07-14 22:50:03: 新建複製 'D:/02-學習/03-Obsidian/Hoonsor/.obsidian/plugins/customizable-sidebar/styles.css' -> 'P:/Obsidian/家裡桌電插件及設定檔/plugins/customizable-sidebar/styles.css' (1,152)
2022-07-14 22:50:03: 新建複製 'D:/02-學習/03-Obsidian/Hoonsor/.obsidian/plugins/dataview/manifest.json' -> 'P:/Obsidian/家裡桌電插件及設定檔/plugins/dataview/manifest.json' (291)
2022-07-14 22:50:03: 新建複製 'D:/02-學習/03-Obsidian/Hoonsor/.obsidian/plugins/dataview/styles.css' -> 'P:/Obsidian/家裡桌電插件及設定檔/plugins/dataview/styles.css' (3,273)
2022-07-14 22:50:03: 新建複製 'D:/02-學習/03-Obsidian/Hoonsor/.obsidian/plugins/dataview/main.js' -> 'P:/Obsidian/家裡桌電插件及設定檔/plugins/dataview/main.js' (2,331,747)
2022-07-14 22:50:03: 新建複製 'D:/02-學習/03-Obsidian/Hoonsor/.obsidian/plugins/drawio-obsidian/data.json' -> 'P:/Obsidian/家裡桌電插件及設定檔/plugins/drawio-obsidian/data.json' (127)
2022-07-14 22:50:03: 新建複製 'D:/02-學習/03-Obsidian/Hoonsor/.obsidian/plugins/drawio-obsidian/manifest.json' -> 'P:/Obsidian/家裡桌電插件及設定檔/plugins/drawio-obsidian/manifest.json' (447)
2022-07-14 22:50:03: 新建複製 'D:/02-學習/03-Obsidian/Hoonsor/.obsidian/plugins/drawio-obsidian/styles.css' -> 'P:/Obsidian/家裡桌電插件及設定檔/plugins/drawio-obsidian/styles.css' (561)
2022-07-14 22:50:03: 新建複製 'D:/02-學習/03-Obsidian/Hoonsor/.obsidian/plugins/drawio-obsidian/main.js' -> 'P:/Obsidian/家裡桌電插件及設定檔/plugins/drawio-obsidian/main.js' (6,634,543)
2022-07-14 22:50:03: 新建複製 'D:/02-學習/03-Obsidian/Hoonsor/.obsidian/plugins/format-hotkeys-obsidian/manifest.json' -> 'P:/Obsidian/家裡桌電插件及設定檔/plugins/format-hotkeys-obsidian/manifest.json' (352)
2022-07-14 22:50:03: 新建複製 'D:/02-學習/03-Obsidian/Hoonsor/.obsidian/plugins/format-hotkeys-obsidian/main.js' -> 'P:/Obsidian/家裡桌電插件及設定檔/plugins/format-hotkeys-obsidian/main.js' (7,266)
2022-07-14 22:50:03: 新建複製 'D:/02-學習/03-Obsidian/Hoonsor/.obsidian/plugins/lapel/main.js' -> 'P:/Obsidian/家裡桌電插件及設定檔/plugins/lapel/main.js' (3,909)
2022-07-14 22:50:03: 新建複製 'D:/02-學習/03-Obsidian/Hoonsor/.obsidian/plugins/lapel/manifest.json' -> 'P:/Obsidian/家裡桌電插件及設定檔/plugins/lapel/manifest.json' (283)
2022-07-14 22:50:03: 新建複製 'D:/02-學習/03-Obsidian/Hoonsor/.obsidian/plugins/lapel/styles.css' -> 'P:/Obsidian/家裡桌電插件及設定檔/plugins/lapel/styles.css' (771)
2022-07-14 22:50:03: 新建複製 'D:/02-學習/03-Obsidian/Hoonsor/.obsidian/plugins/markdown-table-editor/manifest.json' -> 'P:/Obsidian/家裡桌電插件及設定檔/plugins/markdown-table-editor/manifest.json' (425)
2022-07-14 22:50:03: 新建複製 'D:/02-學習/03-Obsidian/Hoonsor/.obsidian/plugins/markdown-table-editor/styles.css' -> 'P:/Obsidian/家裡桌電插件及設定檔/plugins/markdown-table-editor/styles.css' (1,187)
2022-07-14 22:50:03: 新建複製 'D:/02-學習/03-Obsidian/Hoonsor/.obsidian/plugins/notion-like-tables/manifest.json' -> 'P:/Obsidian/家裡桌電插件及設定檔/plugins/notion-like-tables/manifest.json' (307)
2022-07-14 22:50:03: 新建複製 'D:/02-學習/03-Obsidian/Hoonsor/.obsidian/plugins/markdown-table-editor/main.js' -> 'P:/Obsidian/家裡桌電插件及設定檔/plugins/markdown-table-editor/main.js' (999,329)
2022-07-14 22:50:03: 新建複製 'D:/02-學習/03-Obsidian/Hoonsor/.obsidian/plugins/number-headings-obsidian/data.json' -> 'P:/Obsidian/家裡桌電插件及設定檔/plugins/number-headings-obsidian/data.json' (167)
2022-07-14 22:50:03: 新建複製 'D:/02-學習/03-Obsidian/Hoonsor/.obsidian/plugins/number-headings-obsidian/main.js' -> 'P:/Obsidian/家裡桌電插件及設定檔/plugins/number-headings-obsidian/main.js' (144,219)
2022-07-14 22:50:03: 新建複製 'D:/02-學習/03-Obsidian/Hoonsor/.obsidian/plugins/number-headings-obsidian/manifest.json' -> 'P:/Obsidian/家裡桌電插件及設定檔/plugins/number-headings-obsidian/manifest.json' (332)
2022-07-14 22:50:03: 新建複製 'D:/02-學習/03-Obsidian/Hoonsor/.obsidian/plugins/number-headings-obsidian/styles.css' -> 'P:/Obsidian/家裡桌電插件及設定檔/plugins/number-headings-obsidian/styles.css' (150)
2022-07-14 22:50:03: 新建複製 'D:/02-學習/03-Obsidian/Hoonsor/.obsidian/plugins/notion-like-tables/main.js' -> 'P:/Obsidian/家裡桌電插件及設定檔/plugins/notion-like-tables/main.js' (2,145,063)
2022-07-14 22:50:03: 新建複製 'D:/02-學習/03-Obsidian/Hoonsor/.obsidian/plugins/obsidian-advanced-uri/main.js' -> 'P:/Obsidian/家裡桌電插件及設定檔/plugins/obsidian-advanced-uri/main.js' (854,606)
2022-07-14 22:50:03: 新建複製 'D:/02-學習/03-Obsidian/Hoonsor/.obsidian/plugins/obsidian-advanced-uri/manifest.json' -> 'P:/Obsidian/家裡桌電插件及設定檔/plugins/obsidian-advanced-uri/manifest.json' (268)
2022-07-14 22:50:03: 新建複製 'D:/02-學習/03-Obsidian/Hoonsor/.obsidian/plugins/obsidian-attachment-name-formatting/main.js' -> 'P:/Obsidian/家裡桌電插件及設定檔/plugins/obsidian-attachment-name-formatting/main.js' (274,029)
2022-07-14 22:50:03: 新建複製 'D:/02-學習/03-Obsidian/Hoonsor/.obsidian/plugins/obsidian-attachment-name-formatting/manifest.json' -> 'P:/Obsidian/家裡桌電插件及設定檔/plugins/obsidian-attachment-name-formatting/manifest.json' (381)
2022-07-14 22:50:03: 新建複製 'D:/02-學習/03-Obsidian/Hoonsor/.obsidian/plugins/obsidian-command-alias-plugin/main.js' -> 'P:/Obsidian/家裡桌電插件及設定檔/plugins/obsidian-command-alias-plugin/main.js' (10,470)
2022-07-14 22:50:03: 新建複製 'D:/02-學習/03-Obsidian/Hoonsor/.obsidian/plugins/obsidian-command-alias-plugin/manifest.json' -> 'P:/Obsidian/家裡桌電插件及設定檔/plugins/obsidian-command-alias-plugin/manifest.json' (339)
2022-07-14 22:50:03: 新建複製 'D:/02-學習/03-Obsidian/Hoonsor/.obsidian/plugins/obsidian-editor-shortcuts/main.js' -> 'P:/Obsidian/家裡桌電插件及設定檔/plugins/obsidian-editor-shortcuts/main.js' (26,140)
2022-07-14 22:50:03: 新建複製 'D:/02-學習/03-Obsidian/Hoonsor/.obsidian/plugins/obsidian-editor-shortcuts/manifest.json' -> 'P:/Obsidian/家裡桌電插件及設定檔/plugins/obsidian-editor-shortcuts/manifest.json' (355)
2022-07-14 22:50:03: 新建複製 'D:/02-學習/03-Obsidian/Hoonsor/.obsidian/plugins/obsidian-emoji-toolbar/main.js' -> 'P:/Obsidian/家裡桌電插件及設定檔/plugins/obsidian-emoji-toolbar/main.js' (2,520,112)
2022-07-14 22:50:03: 新建複製 'D:/02-學習/03-Obsidian/Hoonsor/.obsidian/plugins/obsidian-emoji-toolbar/manifest.json' -> 'P:/Obsidian/家裡桌電插件及設定檔/plugins/obsidian-emoji-toolbar/manifest.json' (279)
2022-07-14 22:50:03: 新建複製 'D:/02-學習/03-Obsidian/Hoonsor/.obsidian/plugins/obsidian-emoji-toolbar/styles.css' -> 'P:/Obsidian/家裡桌電插件及設定檔/plugins/obsidian-emoji-toolbar/styles.css' (10,187)
2022-07-14 22:50:03: 新建複製 'D:/02-學習/03-Obsidian/Hoonsor/.obsidian/plugins/notion-like-tables/styles.css' -> 'P:/Obsidian/家裡桌電插件及設定檔/plugins/notion-like-tables/styles.css' (5,268)
2022-07-14 22:50:03: 新建複製 'D:/02-學習/03-Obsidian/Hoonsor/.obsidian/plugins/obsidian-excel-to-markdown-table/manifest.json' -> 'P:/Obsidian/家裡桌電插件及設定檔/plugins/obsidian-excel-to-markdown-table/manifest.json' (419)
2022-07-14 22:50:03: 新建複製 'D:/02-學習/03-Obsidian/Hoonsor/.obsidian/plugins/obsidian-excel-to-markdown-table/main.js' -> 'P:/Obsidian/家裡桌電插件及設定檔/plugins/obsidian-excel-to-markdown-table/main.js' (7,614)
2022-07-14 22:50:03: 新建複製 'D:/02-學習/03-Obsidian/Hoonsor/.obsidian/plugins/obsidian-excel-to-markdown-table/styles.css' -> 'P:/Obsidian/家裡桌電插件及設定檔/plugins/obsidian-excel-to-markdown-table/styles.css' (2)
2022-07-14 22:50:03: 新建複製 'D:/02-學習/03-Obsidian/Hoonsor/.obsidian/plugins/obsidian-find-and-replace-in-selection/main.js' -> 'P:/Obsidian/家裡桌電插件及設定檔/plugins/obsidian-find-and-replace-in-selection/main.js' (11,312)
2022-07-14 22:50:03: 新建複製 'D:/02-學習/03-Obsidian/Hoonsor/.obsidian/plugins/obsidian-find-and-replace-in-selection/manifest.json' -> 'P:/Obsidian/家裡桌電插件及設定檔/plugins/obsidian-find-and-replace-in-selection/manifest.json' (297)
2022-07-14 22:50:03: 新建複製 'D:/02-學習/03-Obsidian/Hoonsor/.obsidian/plugins/obsidian-find-and-replace-in-selection/styles.css' -> 'P:/Obsidian/家裡桌電插件及設定檔/plugins/obsidian-find-and-replace-in-selection/styles.css' (609)
2022-07-14 22:50:03: 新建複製 'D:/02-學習/03-Obsidian/Hoonsor/.obsidian/plugins/obsidian-hover-editor/data.json' -> 'P:/Obsidian/家裡桌電插件及設定檔/plugins/obsidian-hover-editor/data.json' (289)
2022-07-14 22:50:03: 新建複製 'D:/02-學習/03-Obsidian/Hoonsor/.obsidian/plugins/obsidian-hover-editor/main.js' -> 'P:/Obsidian/家裡桌電插件及設定檔/plugins/obsidian-hover-editor/main.js' (170,906)
2022-07-14 22:50:03: 新建複製 'D:/02-學習/03-Obsidian/Hoonsor/.obsidian/plugins/obsidian-hover-editor/manifest.json' -> 'P:/Obsidian/家裡桌電插件及設定檔/plugins/obsidian-hover-editor/manifest.json' (327)
2022-07-14 22:50:03: 新建複製 'D:/02-學習/03-Obsidian/Hoonsor/.obsidian/plugins/obsidian-hover-editor/styles.css' -> 'P:/Obsidian/家裡桌電插件及設定檔/plugins/obsidian-hover-editor/styles.css' (14,950)
2022-07-14 22:50:03: 新建複製 'D:/02-學習/03-Obsidian/Hoonsor/.obsidian/plugins/obsidian-image-auto-upload-plugin/manifest.json' -> 'P:/Obsidian/家裡桌電插件及設定檔/plugins/obsidian-image-auto-upload-plugin/manifest.json' (349)
2022-07-14 22:50:03: 新建複製 'D:/02-學習/03-Obsidian/Hoonsor/.obsidian/plugins/obsidian-image-toolkit/manifest.json' -> 'P:/Obsidian/家裡桌電插件及設定檔/plugins/obsidian-image-toolkit/manifest.json' (285)
2022-07-14 22:50:03: 新建複製 'D:/02-學習/03-Obsidian/Hoonsor/.obsidian/plugins/obsidian-image-toolkit/main.js' -> 'P:/Obsidian/家裡桌電插件及設定檔/plugins/obsidian-image-toolkit/main.js' (320,750)
2022-07-14 22:50:03: 新建複製 'D:/02-學習/03-Obsidian/Hoonsor/.obsidian/plugins/obsidian-linter/data.json' -> 'P:/Obsidian/家裡桌電插件及設定檔/plugins/obsidian-linter/data.json' (4,083)
2022-07-14 22:50:03: 新建複製 'D:/02-學習/03-Obsidian/Hoonsor/.obsidian/plugins/obsidian-linter/main.js' -> 'P:/Obsidian/家裡桌電插件及設定檔/plugins/obsidian-linter/main.js' (1,810,295)
2022-07-14 22:50:03: 新建複製 'D:/02-學習/03-Obsidian/Hoonsor/.obsidian/plugins/obsidian-linter/manifest.json' -> 'P:/Obsidian/家裡桌電插件及設定檔/plugins/obsidian-linter/manifest.json' (265)
2022-07-14 22:50:03: 新建複製 'D:/02-學習/03-Obsidian/Hoonsor/.obsidian/plugins/obsidian-image-auto-upload-plugin/main.js' -> 'P:/Obsidian/家裡桌電插件及設定檔/plugins/obsidian-image-auto-upload-plugin/main.js' (295,557)
2022-07-14 22:50:03: 新建複製 'D:/02-學習/03-Obsidian/Hoonsor/.obsidian/plugins/obsidian-local-images/manifest.json' -> 'P:/Obsidian/家裡桌電插件及設定檔/plugins/obsidian-local-images/manifest.json' (373)
2022-07-14 22:50:04: 新建複製 'D:/02-學習/03-Obsidian/Hoonsor/.obsidian/plugins/obsidian-local-images/styles.css' -> 'P:/Obsidian/家裡桌電插件及設定檔/plugins/obsidian-local-images/styles.css' (74)
2022-07-14 22:50:04: 新建複製 'D:/02-學習/03-Obsidian/Hoonsor/.obsidian/plugins/obsidian-mind-map/data.json' -> 'P:/Obsidian/家裡桌電插件及設定檔/plugins/obsidian-mind-map/data.json' (151)
2022-07-14 22:50:04: 新建複製 'D:/02-學習/03-Obsidian/Hoonsor/.obsidian/plugins/obsidian-image-toolkit/styles.css' -> 'P:/Obsidian/家裡桌電插件及設定檔/plugins/obsidian-image-toolkit/styles.css' (22,069)
2022-07-14 22:50:04: 新建複製 'D:/02-學習/03-Obsidian/Hoonsor/.obsidian/plugins/obsidian-mind-map/main.js' -> 'P:/Obsidian/家裡桌電插件及設定檔/plugins/obsidian-mind-map/main.js' (4,003,690)
2022-07-14 22:50:04: 新建複製 'D:/02-學習/03-Obsidian/Hoonsor/.obsidian/plugins/obsidian-mind-map/manifest.json' -> 'P:/Obsidian/家裡桌電插件及設定檔/plugins/obsidian-mind-map/manifest.json' (194)
2022-07-14 22:50:04: 新建複製 'D:/02-學習/03-Obsidian/Hoonsor/.obsidian/plugins/obsidian-notes-from-template/data.json' -> 'P:/Obsidian/家裡桌電插件及設定檔/plugins/obsidian-notes-from-template/data.json' (291)
2022-07-14 22:50:04: 新建複製 'D:/02-學習/03-Obsidian/Hoonsor/.obsidian/plugins/obsidian-notes-from-template/manifest.json' -> 'P:/Obsidian/家裡桌電插件及設定檔/plugins/obsidian-notes-from-template/manifest.json' (388)
2022-07-14 22:50:04: 新建複製 'D:/02-學習/03-Obsidian/Hoonsor/.obsidian/plugins/obsidian-notes-from-template/main.js' -> 'P:/Obsidian/家裡桌電插件及設定檔/plugins/obsidian-notes-from-template/main.js' (938,136)
2022-07-14 22:50:04: 新建複製 'D:/02-學習/03-Obsidian/Hoonsor/.obsidian/plugins/obsidian-notes-from-template/styles.css' -> 'P:/Obsidian/家裡桌電插件及設定檔/plugins/obsidian-notes-from-template/styles.css' (1,457)
2022-07-14 22:50:04: 新建複製 'D:/02-學習/03-Obsidian/Hoonsor/.obsidian/plugins/obsidian-outliner/main.js' -> 'P:/Obsidian/家裡桌電插件及設定檔/plugins/obsidian-outliner/main.js' (356,014)
2022-07-14 22:50:04: 新建複製 'D:/02-學習/03-Obsidian/Hoonsor/.obsidian/plugins/obsidian-outliner/manifest.json' -> 'P:/Obsidian/家裡桌電插件及設定檔/plugins/obsidian-outliner/manifest.json' (295)
2022-07-14 22:50:04: 新建複製 'D:/02-學習/03-Obsidian/Hoonsor/.obsidian/plugins/obsidian-outliner/styles.css' -> 'P:/Obsidian/家裡桌電插件及設定檔/plugins/obsidian-outliner/styles.css' (1,832)
2022-07-14 22:50:04: 新建複製 'D:/02-學習/03-Obsidian/Hoonsor/.obsidian/plugins/obsidian-shellcommands/data.json' -> 'P:/Obsidian/家裡桌電插件及設定檔/plugins/obsidian-shellcommands/data.json' (3,886)
2022-07-14 22:50:04: 新建複製 'D:/02-學習/03-Obsidian/Hoonsor/.obsidian/plugins/obsidian-shellcommands/main.js' -> 'P:/Obsidian/家裡桌電插件及設定檔/plugins/obsidian-shellcommands/main.js' (1,642,564)
2022-07-14 22:50:04: 新建複製 'D:/02-學習/03-Obsidian/Hoonsor/.obsidian/plugins/obsidian-shellcommands/manifest.json' -> 'P:/Obsidian/家裡桌電插件及設定檔/plugins/obsidian-shellcommands/manifest.json' (422)
2022-07-14 22:50:04: 新建複製 'D:/02-學習/03-Obsidian/Hoonsor/.obsidian/plugins/obsidian-shellcommands/styles.css' -> 'P:/Obsidian/家裡桌電插件及設定檔/plugins/obsidian-shellcommands/styles.css' (7,068)
2022-07-14 22:50:04: 新建複製 'D:/02-學習/03-Obsidian/Hoonsor/.obsidian/plugins/obsidian-show-file-path/data.json' -> 'P:/Obsidian/家裡桌電插件及設定檔/plugins/obsidian-show-file-path/data.json' (75)
2022-07-14 22:50:04: 新建複製 'D:/02-學習/03-Obsidian/Hoonsor/.obsidian/plugins/obsidian-show-file-path/main.js' -> 'P:/Obsidian/家裡桌電插件及設定檔/plugins/obsidian-show-file-path/main.js' (40,695)
2022-07-14 22:50:04: 新建複製 'D:/02-學習/03-Obsidian/Hoonsor/.obsidian/plugins/obsidian-show-file-path/manifest.json' -> 'P:/Obsidian/家裡桌電插件及設定檔/plugins/obsidian-show-file-path/manifest.json' (306)
2022-07-14 22:50:04: 新建複製 'D:/02-學習/03-Obsidian/Hoonsor/.obsidian/plugins/obsidian-style-settings/main.js' -> 'P:/Obsidian/家裡桌電插件及設定檔/plugins/obsidian-style-settings/main.js' (293,883)
2022-07-14 22:50:04: 新建複製 'D:/02-學習/03-Obsidian/Hoonsor/.obsidian/plugins/obsidian-style-settings/manifest.json' -> 'P:/Obsidian/家裡桌電插件及設定檔/plugins/obsidian-style-settings/manifest.json' (340)
2022-07-14 22:50:04: 新建複製 'D:/02-學習/03-Obsidian/Hoonsor/.obsidian/plugins/obsidian-style-settings/styles.css' -> 'P:/Obsidian/家裡桌電插件及設定檔/plugins/obsidian-style-settings/styles.css' (13,170)
2022-07-14 22:50:04: 新建複製 'D:/02-學習/03-Obsidian/Hoonsor/.obsidian/plugins/pane-relief/main.js' -> 'P:/Obsidian/家裡桌電插件及設定檔/plugins/pane-relief/main.js' (109,956)
2022-07-14 22:50:04: 新建複製 'D:/02-學習/03-Obsidian/Hoonsor/.obsidian/plugins/pane-relief/manifest.json' -> 'P:/Obsidian/家裡桌電插件及設定檔/plugins/pane-relief/manifest.json' (272)
2022-07-14 22:50:04: 新建複製 'D:/02-學習/03-Obsidian/Hoonsor/.obsidian/plugins/pane-relief/styles.css' -> 'P:/Obsidian/家裡桌電插件及設定檔/plugins/pane-relief/styles.css' (500)
2022-07-14 22:50:04: 新建複製 'D:/02-學習/03-Obsidian/Hoonsor/.obsidian/plugins/quickadd/data.json' -> 'P:/Obsidian/家裡桌電插件及設定檔/plugins/quickadd/data.json' (1,127)
2022-07-14 22:50:04: 新建複製 'D:/02-學習/03-Obsidian/Hoonsor/.obsidian/plugins/quickadd/main.js' -> 'P:/Obsidian/家裡桌電插件及設定檔/plugins/quickadd/main.js' (507,241)
2022-07-14 22:50:04: 新建複製 'D:/02-學習/03-Obsidian/Hoonsor/.obsidian/plugins/quickadd/manifest.json' -> 'P:/Obsidian/家裡桌電插件及設定檔/plugins/quickadd/manifest.json' (272)
2022-07-14 22:50:04: 新建複製 'D:/02-學習/03-Obsidian/Hoonsor/.obsidian/plugins/quickadd/styles.css' -> 'P:/Obsidian/家裡桌電插件及設定檔/plugins/quickadd/styles.css' (3,762)
2022-07-14 22:50:04: 新建複製 'D:/02-學習/03-Obsidian/Hoonsor/.obsidian/plugins/recent-files-obsidian/data.json' -> 'P:/Obsidian/家裡桌電插件及設定檔/plugins/recent-files-obsidian/data.json' (2,807)
2022-07-14 22:50:04: 新建複製 'D:/02-學習/03-Obsidian/Hoonsor/.obsidian/plugins/recent-files-obsidian/main.js' -> 'P:/Obsidian/家裡桌電插件及設定檔/plugins/recent-files-obsidian/main.js' (181,423)
2022-07-14 22:50:04: 新建複製 'D:/02-學習/03-Obsidian/Hoonsor/.obsidian/plugins/recent-files-obsidian/manifest.json' -> 'P:/Obsidian/家裡桌電插件及設定檔/plugins/recent-files-obsidian/manifest.json' (264)
2022-07-14 22:50:04: 新建複製 'D:/02-學習/03-Obsidian/Hoonsor/.obsidian/plugins/recent-files-obsidian/styles.css' -> 'P:/Obsidian/家裡桌電插件及設定檔/plugins/recent-files-obsidian/styles.css' (130)
2022-07-14 22:50:04: 新建複製 'D:/02-學習/03-Obsidian/Hoonsor/.obsidian/plugins/sliding-panes-obsidian/main.js' -> 'P:/Obsidian/家裡桌電插件及設定檔/plugins/sliding-panes-obsidian/main.js' (104,200)
2022-07-14 22:50:04: 新建複製 'D:/02-學習/03-Obsidian/Hoonsor/.obsidian/plugins/sliding-panes-obsidian/manifest.json' -> 'P:/Obsidian/家裡桌電插件及設定檔/plugins/sliding-panes-obsidian/manifest.json' (339)
2022-07-14 22:50:04: 新建複製 'D:/02-學習/03-Obsidian/Hoonsor/.obsidian/plugins/obsidian-shellcommands/data-backup-version-0.12.0-before-upgrading-to-0.13.0.json' -> 'P:/Obsidian/家裡桌電插件及設定檔/plugins/obsidian-shellcommands/data-backup-version-0.12.0-before-upgrading-to-0.13.0.json' (1,546)
2022-07-14 22:50:04: 新建複製 'D:/02-學習/03-Obsidian/Hoonsor/.obsidian/plugins/sliding-panes-obsidian/styles.css' -> 'P:/Obsidian/家裡桌電插件及設定檔/plugins/sliding-panes-obsidian/styles.css' (5,321)
2022-07-14 22:50:04: 新建複製 'D:/02-學習/03-Obsidian/Hoonsor/.obsidian/plugins/table-editor-obsidian/data.json' -> 'P:/Obsidian/家裡桌電插件及設定檔/plugins/table-editor-obsidian/data.json' (94)
2022-07-14 22:50:04: 新建複製 'D:/02-學習/03-Obsidian/Hoonsor/.obsidian/plugins/table-editor-obsidian/manifest.json' -> 'P:/Obsidian/家裡桌電插件及設定檔/plugins/table-editor-obsidian/manifest.json' (318)
2022-07-14 22:50:04: 新建複製 'D:/02-學習/03-Obsidian/Hoonsor/.obsidian/plugins/table-editor-obsidian/styles.css' -> 'P:/Obsidian/家裡桌電插件及設定檔/plugins/table-editor-obsidian/styles.css' (401)
2022-07-14 22:50:04: 新建複製 'D:/02-學習/03-Obsidian/Hoonsor/.obsidian/plugins/obsidian-local-images/main.js' -> 'P:/Obsidian/家裡桌電插件及設定檔/plugins/obsidian-local-images/main.js' (1,597,305)
2022-07-14 22:50:04: 新建複製 'D:/02-學習/03-Obsidian/Hoonsor/.obsidian/plugins/templater-obsidian/data.json' -> 'P:/Obsidian/家裡桌電插件及設定檔/plugins/templater-obsidian/data.json' (506)
2022-07-14 22:50:04: 新建複製 'D:/02-學習/03-Obsidian/Hoonsor/.obsidian/plugins/templater-obsidian/main.js' -> 'P:/Obsidian/家裡桌電插件及設定檔/plugins/templater-obsidian/main.js' (221,826)
2022-07-14 22:50:04: 新建複製 'D:/02-學習/03-Obsidian/Hoonsor/.obsidian/plugins/templater-obsidian/manifest.json' -> 'P:/Obsidian/家裡桌電插件及設定檔/plugins/templater-obsidian/manifest.json' (272)
2022-07-14 22:50:04: 新建複製 'D:/02-學習/03-Obsidian/Hoonsor/.obsidian/plugins/templater-obsidian/styles.css' -> 'P:/Obsidian/家裡桌電插件及設定檔/plugins/templater-obsidian/styles.css' (5,366)
2022-07-14 22:50:04: 新建複製 'D:/02-學習/03-Obsidian/Hoonsor/.obsidian/plugins/various-complements/data.json' -> 'P:/Obsidian/家裡桌電插件及設定檔/plugins/various-complements/data.json' (6,095)
2022-07-14 22:50:04: 新建複製 'D:/02-學習/03-Obsidian/Hoonsor/.obsidian/plugins/various-complements/main.js' -> 'P:/Obsidian/家裡桌電插件及設定檔/plugins/various-complements/main.js' (823,600)
2022-07-14 22:50:04: 新建複製 'D:/02-學習/03-Obsidian/Hoonsor/.obsidian/plugins/various-complements/manifest.json' -> 'P:/Obsidian/家裡桌電插件及設定檔/plugins/various-complements/manifest.json' (320)
2022-07-14 22:50:04: 新建複製 'D:/02-學習/03-Obsidian/Hoonsor/.obsidian/plugins/various-complements/styles.css' -> 'P:/Obsidian/家裡桌電插件及設定檔/plugins/various-complements/styles.css' (32,875)
2022-07-14 22:50:04: 新建複製 'D:/02-學習/03-Obsidian/Hoonsor/.obsidian/snippets/highlight.css' -> 'P:/Obsidian/家裡桌電插件及設定檔/snippets/highlight.css' (11,219)
2022-07-14 22:50:04: 新建複製 'D:/02-學習/03-Obsidian/Hoonsor/.obsidian/starred.json' -> 'P:/Obsidian/家裡桌電插件及設定檔/starred.json' (127)
2022-07-14 22:50:04: 新建複製 'D:/02-學習/03-Obsidian/Hoonsor/.obsidian/templates.json' -> 'P:/Obsidian/家裡桌電插件及設定檔/templates.json' (30)
2022-07-14 22:50:04: 新建複製 'D:/02-學習/03-Obsidian/Hoonsor/.obsidian/plugins/table-editor-obsidian/main.js' -> 'P:/Obsidian/家裡桌電插件及設定檔/plugins/table-editor-obsidian/main.js' (2,771,439)
2022-07-14 22:50:04: 新建複製 'D:/02-學習/03-Obsidian/Hoonsor/.obsidian/workspace' -> 'P:/Obsidian/家裡桌電插件及設定檔/workspace' (13,589)
2022-07-14 22:50:04: 新建複製 'D:/02-學習/03-Obsidian/Hoonsor/.obsidian/workspaces.json' -> 'P:/Obsidian/家裡桌電插件及設定檔/workspaces.json' (5,455)
2022-07-14 22:50:04: 新建複製 'D:/02-學習/03-Obsidian/Hoonsor/.obsidian/themes/Minimal-Custom.css' -> 'P:/Obsidian/家裡桌電插件及設定檔/themes/Minimal-Custom.css' (423,940)
2022-07-14 22:50:04: 新建複製 'D:/02-學習/03-Obsidian/Hoonsor/.obsidian/themes/Minimal.css' -> 'P:/Obsidian/家裡桌電插件及設定檔/themes/Minimal.css' (423,106)
2022-07-14 22:50:04: == 同步完成. 歷時: 00:00:01, 速度: 0.00/s, 完成: 177, 錯誤: 0
